Log file open, 07/27/18 13:38:00
LogWindows: Failed to load 'aqProf.dll' (GetLastError=126)
LogWindows: File 'aqProf.dll' does not exist
LogWindows: Failed to load 'VtuneApi.dll' (GetLastError=126)
LogWindows: File 'VtuneApi.dll' does not exist
LogWindows: Failed to load 'VtuneApi32e.dll' (GetLastError=126)
LogWindows: File 'VtuneApi32e.dll' does not exist
LogInit: Display: Running engine for game: VDDUNRL_DJMM
LogPlatformFile: Not using cached read wrapper
LogInit: Display: RandInit(1460735652) SRandInit(1460735652).
LogInit: Read version file with build ID '3944462'
LogInit: Overriding engine version to CL 4033788, compatible CL 3944462
LogInit: Registered custom module enumerator with build ID '3944462'
LogTaskGraph: Started task graph with 5 named threads and 23 total threads with 3 sets of task threads.
LogStats: Stats thread started at 0.277645
LogD3D11RHI: Aftermath initialized
LogICUInternationalization: Display: ICU TimeZone Detection - Raw Offset: -5:00, Platform Override: ''
LogModuleManager: Display: Found up-to-date module file ../../../Engine/Plugins/2D/Paper2D/Binaries/Win64/UE4Editor-Paper2D.dll (API version 3944462).
LogModuleManager: Display: Found up-to-date module file ../../../Engine/Plugins/2D/Paper2D/Binaries/Win64/UE4Editor-Paper2DEditor.dll (API version 3944462).
LogModuleManager: Display: Found up-to-date module file ../../../Engine/Plugins/2D/Paper2D/Binaries/Win64/UE4Editor-PaperSpriteSheetImporter.dll (API version 3944462).
LogModuleManager: Display: Found up-to-date module file ../../../Engine/Plugins/2D/Paper2D/Binaries/Win64/UE4Editor-PaperTiledImporter.dll (API version 3944462).
LogModuleManager: Display: Found up-to-date module file ../../../Engine/Plugins/2D/Paper2D/Binaries/Win64/UE4Editor-SmartSnapping.dll (API version 3944462).
LogModuleManager: Display: Found up-to-date module file ../../../Engine/Plugins/Blendables/LightPropagationVolume/Binaries/Win64/UE4Editor-LightPropagationVolumeRuntime.dll (API version 3944462).
LogModuleManager: Display: Found up-to-date module file ../../../Engine/Plugins/Blendables/LightPropagationVolume/Binaries/Win64/UE4Editor-LightPropagationVolumeEditor.dll (API version 3944462).
LogModuleManager: Display: Found up-to-date module file ../../../Engine/Plugins/Developer/CLionSourceCodeAccess/Binaries/Win64/UE4Editor-CLionSourceCodeAccess.dll (API version 3944462).
LogModuleManager: Display: Found up-to-date module file ../../../Engine/Plugins/Developer/GitSourceControl/Binaries/Win64/UE4Editor-GitSourceControl.dll (API version 3944462).
LogModuleManager: Display: Found up-to-date module file ../../../Engine/Plugins/Developer/PerforceSourceControl/Binaries/Win64/UE4Editor-PerforceSourceControl.dll (API version 3944462).
LogModuleManager: Display: Found up-to-date module file ../../../Engine/Plugins/Developer/SubversionSourceControl/Binaries/Win64/UE4Editor-SubversionSourceControl.dll (API version 3944462).
LogModuleManager: Display: Found up-to-date module file ../../../Engine/Plugins/Developer/UObjectPlugin/Binaries/Win64/UE4Editor-UObjectPlugin.dll (API version 3944462).
LogModuleManager: Display: Found up-to-date module file ../../../Engine/Plugins/Developer/VisualStudioCodeSourceCodeAccess/Binaries/Win64/UE4Editor-VisualStudioCodeSourceCodeAccess.dll (API version 3944462).
LogModuleManager: Display: Found up-to-date module file ../../../Engine/Plugins/Developer/VisualStudioSourceCodeAccess/Binaries/Win64/UE4Editor-VisualStudioSourceCodeAccess.dll (API version 3944462).
LogModuleManager: Display: Found up-to-date module file ../../../Engine/Plugins/Editor/AssetManagerEditor/Binaries/Win64/UE4Editor-AssetManagerEditor.dll (API version 3944462).
LogModuleManager: Display: Found up-to-date module file ../../../Engine/Plugins/Editor/CryptoKeys/Binaries/Win64/UE4Editor-CryptoKeys.dll (API version 3944462).
LogModuleManager: Display: Found up-to-date module file ../../../Engine/Plugins/Editor/CryptoKeys/Binaries/Win64/UE4Editor-CryptoKeysOpenSSL.dll (API version 3944462).
LogModuleManager: Display: Found up-to-date module file ../../../Engine/Plugins/Editor/DataValidation/Binaries/Win64/UE4Editor-DataValidation.dll (API version 3944462).
LogModuleManager: Display: Found up-to-date module file ../../../Engine/Plugins/Editor/FacialAnimation/Binaries/Win64/UE4Editor-FacialAnimation.dll (API version 3944462).
LogModuleManager: Display: Found up-to-date module file ../../../Engine/Plugins/Editor/FacialAnimation/Binaries/Win64/UE4Editor-FacialAnimationEditor.dll (API version 3944462).
LogModuleManager: Display: Found up-to-date module file ../../../Engine/Plugins/Editor/GameplayTagsEditor/Binaries/Win64/UE4Editor-GameplayTagsEditor.dll (API version 3944462).
LogModuleManager: Display: Found up-to-date module file ../../../Engine/Plugins/Editor/MobileLauncherProfileWizard/Binaries/Win64/UE4Editor-MobileLauncherProfileWizard.dll (API version 3944462).
LogModuleManager: Display: Found up-to-date module file ../../../Engine/Plugins/Editor/PluginBrowser/Binaries/Win64/UE4Editor-PluginBrowser.dll (API version 3944462).
LogModuleManager: Display: Found up-to-date module file ../../../Engine/Plugins/Editor/SpeedTreeImporter/Binaries/Win64/UE4Editor-SpeedTreeImporter.dll (API version 3944462).
LogModuleManager: Display: Found up-to-date module file ../../../Engine/Plugins/Enterprise/DatasmithContent/Binaries/Win64/UE4Editor-DatasmithContent.dll (API version 3944462).
LogModuleManager: Display: Found up-to-date module file ../../../Engine/Plugins/Experimental/AlembicImporter/Binaries/Win64/UE4Editor-AlembicImporter.dll (API version 3944462).
LogModuleManager: Display: Found up-to-date module file ../../../Engine/Plugins/Experimental/AlembicImporter/Binaries/Win64/UE4Editor-AlembicLibrary.dll (API version 3944462).
LogModuleManager: Display: Found up-to-date module file ../../../Engine/Plugins/Experimental/CharacterAI/Binaries/Win64/UE4Editor-CharacterAI.dll (API version 3944462).
LogModuleManager: Display: Found up-to-date module file ../../../Engine/Plugins/Experimental/HTML5Networking/Binaries/Win64/UE4Editor-HTML5Networking.dll (API version 3944462).
LogModuleManager: Display: Found up-to-date module file ../../../Engine/Plugins/Media/AndroidMedia/Binaries/Win64/UE4Editor-AndroidMediaEditor.dll (API version 3944462).
LogModuleManager: Display: Found up-to-date module file ../../../Engine/Plugins/Media/AndroidMedia/Binaries/Win64/UE4Editor-AndroidMediaFactory.dll (API version 3944462).
LogModuleManager: Display: Found up-to-date module file ../../../Engine/Plugins/Media/AvfMedia/Binaries/Win64/UE4Editor-AvfMediaEditor.dll (API version 3944462).
LogModuleManager: Display: Found up-to-date module file ../../../Engine/Plugins/Media/AvfMedia/Binaries/Win64/UE4Editor-AvfMediaFactory.dll (API version 3944462).
LogModuleManager: Display: Found up-to-date module file ../../../Engine/Plugins/Media/AvfMedia/Binaries/Win64/UE4Editor-AvfMediaFactory.dll (API version 3944462).
LogModuleManager: Display: Found up-to-date module file ../../../Engine/Plugins/Media/ImgMedia/Binaries/Win64/UE4Editor-ImgMedia.dll (API version 3944462).
LogModuleManager: Display: Found up-to-date module file ../../../Engine/Plugins/Media/ImgMedia/Binaries/Win64/UE4Editor-ImgMediaEditor.dll (API version 3944462).
LogModuleManager: Display: Found up-to-date module file ../../../Engine/Plugins/Media/ImgMedia/Binaries/Win64/UE4Editor-ImgMediaFactory.dll (API version 3944462).
LogModuleManager: Display: Found up-to-date module file ../../../Engine/Plugins/Media/ImgMedia/Binaries/Win64/UE4Editor-ImgMediaFactory.dll (API version 3944462).
LogModuleManager: Display: Found up-to-date module file ../../../Engine/Plugins/Media/ImgMedia/Binaries/Win64/UE4Editor-OpenExrWrapper.dll (API version 3944462).
LogModuleManager: Display: Found up-to-date module file ../../../Engine/Plugins/Media/LinearTimecode/Binaries/Win64/UE4Editor-LinearTimecode.dll (API version 3944462).
LogModuleManager: Display: Found up-to-date module file ../../../Engine/Plugins/Media/MediaCompositing/Binaries/Win64/UE4Editor-MediaCompositing.dll (API version 3944462).
LogModuleManager: Display: Found up-to-date module file ../../../Engine/Plugins/Media/MediaCompositing/Binaries/Win64/UE4Editor-MediaCompositingEditor.dll (API version 3944462).
LogModuleManager: Display: Found up-to-date module file ../../../Engine/Plugins/Media/MediaPlayerEditor/Binaries/Win64/UE4Editor-MediaPlayerEditor.dll (API version 3944462).
LogModuleManager: Display: Found up-to-date module file ../../../Engine/Plugins/Media/WmfMedia/Binaries/Win64/UE4Editor-WmfMedia.dll (API version 3944462).
LogModuleManager: Display: Found up-to-date module file ../../../Engine/Plugins/Media/WmfMedia/Binaries/Win64/UE4Editor-WmfMediaEditor.dll (API version 3944462).
LogModuleManager: Display: Found up-to-date module file ../../../Engine/Plugins/Media/WmfMedia/Binaries/Win64/UE4Editor-WmfMediaFactory.dll (API version 3944462).
LogModuleManager: Display: Found up-to-date module file ../../../Engine/Plugins/Media/WmfMedia/Binaries/Win64/UE4Editor-WmfMediaFactory.dll (API version 3944462).
LogModuleManager: Display: Found up-to-date module file ../../../Engine/Plugins/Messaging/TcpMessaging/Binaries/Win64/UE4Editor-TcpMessaging.dll (API version 3944462).
LogModuleManager: Display: Found up-to-date module file ../../../Engine/Plugins/Messaging/UdpMessaging/Binaries/Win64/UE4Editor-UdpMessaging.dll (API version 3944462).
LogModuleManager: Display: Found up-to-date module file ../../../Engine/Plugins/MovieScene/ActorSequence/Binaries/Win64/UE4Editor-ActorSequence.dll (API version 3944462).
LogModuleManager: Display: Found up-to-date module file ../../../Engine/Plugins/MovieScene/LevelSequenceEditor/Binaries/Win64/UE4Editor-LevelSequenceEditor.dll (API version 3944462).
LogModuleManager: Display: Found up-to-date module file ../../../Engine/Plugins/MovieScene/MatineeToLevelSequence/Binaries/Win64/UE4Editor-MatineeToLevelSequence.dll (API version 3944462).
LogModuleManager: Display: Found up-to-date module file ../../../Engine/Plugins/NetcodeUnitTest/NetcodeUnitTest/Binaries/Win64/UE4Editor-NetcodeUnitTest.dll (API version 3944462).
LogModuleManager: Display: Found up-to-date module file ../../../Engine/Plugins/NetcodeUnitTest/NUTUnrealEngine4/Binaries/Win64/UE4Editor-NUTUnrealEngine4.dll (API version 3944462).
LogModuleManager: Display: Found up-to-date module file ../../../Engine/Plugins/Online/OnlineSubsystem/Binaries/Win64/UE4Editor-OnlineSubsystem.dll (API version 3944462).
LogModuleManager: Display: Found up-to-date module file ../../../Engine/Plugins/Runtime/AndroidPermission/Binaries/Win64/UE4Editor-AndroidPermission.dll (API version 3944462).
LogModuleManager: Display: Found up-to-date module file ../../../Engine/Plugins/Online/OnlineSubsystemNull/Binaries/Win64/UE4Editor-OnlineSubsystemNull.dll (API version 3944462).
LogModuleManager: Display: Found up-to-date module file ../../../Engine/Plugins/Online/OnlineSubsystemUtils/Binaries/Win64/UE4Editor-OnlineSubsystemUtils.dll (API version 3944462).
LogModuleManager: Display: Found up-to-date module file ../../../Engine/Plugins/Online/OnlineSubsystemUtils/Binaries/Win64/UE4Editor-OnlineBlueprintSupport.dll (API version 3944462).
LogModuleManager: Display: Found up-to-date module file ../../../Engine/Plugins/Runtime/AndroidDeviceProfileSelector/Binaries/Win64/UE4Editor-AndroidDeviceProfileSelector.dll (API version 3944462).
LogModuleManager: Display: Found up-to-date module file ../../../Engine/Plugins/Runtime/AppleARKit/Binaries/Win64/UE4Editor-AppleARKit.dll (API version 3944462).
LogModuleManager: Display: Found up-to-date module file ../../../Engine/Plugins/Runtime/ProceduralMeshComponent/Binaries/Win64/UE4Editor-ProceduralMeshComponent.dll (API version 3944462).
LogModuleManager: Display: Found up-to-date module file ../../../Engine/Plugins/Runtime/ProceduralMeshComponent/Binaries/Win64/UE4Editor-ProceduralMeshComponentEditor.dll (API version 3944462).
LogModuleManager: Display: Found up-to-date module file ../../../Engine/Plugins/Animation/LiveLink/Binaries/Win64/UE4Editor-LiveLink.dll (API version 3944462).
LogModuleManager: Display: Found up-to-date module file ../../../Engine/Plugins/Animation/LiveLink/Binaries/Win64/UE4Editor-LiveLinkEditor.dll (API version 3944462).
LogModuleManager: Display: Found up-to-date module file ../../../Engine/Plugins/Runtime/ArchVisCharacter/Binaries/Win64/UE4Editor-ArchVisCharacter.dll (API version 3944462).
LogModuleManager: Display: Found up-to-date module file ../../../Engine/Plugins/Runtime/AudioCapture/Binaries/Win64/UE4Editor-AudioCapture.dll (API version 3944462).
LogModuleManager: Display: Found up-to-date module file ../../../Engine/Plugins/Runtime/AudioCapture/Binaries/Win64/UE4Editor-AudioCaptureEditor.dll (API version 3944462).
LogModuleManager: Display: Found up-to-date module file ../../../Engine/Plugins/Runtime/CableComponent/Binaries/Win64/UE4Editor-CableComponent.dll (API version 3944462).
LogModuleManager: Display: Found up-to-date module file ../../../Engine/Plugins/Runtime/CustomMeshComponent/Binaries/Win64/UE4Editor-CustomMeshComponent.dll (API version 3944462).
LogModuleManager: Display: Found up-to-date module file ../../../Engine/Plugins/Runtime/ExampleDeviceProfileSelector/Binaries/Win64/UE4Editor-ExampleDeviceProfileSelector.dll (API version 3944462).
LogModuleManager: Display: Found up-to-date module file ../../../Engine/Plugins/Runtime/ImmediatePhysics/Binaries/Win64/UE4Editor-ImmediatePhysics.dll (API version 3944462).
LogModuleManager: Display: Found up-to-date module file ../../../Engine/Plugins/Runtime/ImmediatePhysics/Binaries/Win64/UE4Editor-ImmediatePhysicsEditor.dll (API version 3944462).
LogModuleManager: Display: Found up-to-date module file ../../../Engine/Plugins/Runtime/LocationServicesBPLibrary/Binaries/Win64/UE4Editor-LocationServicesBPLibrary.dll (API version 3944462).
LogModuleManager: Display: Found up-to-date module file ../../../Engine/Plugins/Runtime/MobilePatchingUtils/Binaries/Win64/UE4Editor-MobilePatchingUtils.dll (API version 3944462).
LogModuleManager: Display: Found up-to-date module file ../../../Engine/Plugins/Runtime/Oculus/OculusVR/Binaries/Win64/UE4Editor-OculusHMD.dll (API version 3944462).
LogModuleManager: Display: Found up-to-date module file ../../../Engine/Plugins/Runtime/Oculus/OculusVR/Binaries/Win64/UE4Editor-OculusInput.dll (API version 3944462).
LogModuleManager: Display: Found up-to-date module file ../../../Engine/Plugins/Runtime/Oculus/OculusVR/Binaries/Win64/UE4Editor-OculusEditor.dll (API version 3944462).
LogModuleManager: Display: Found up-to-date module file ../../../Engine/Plugins/Runtime/PhysXVehicles/Binaries/Win64/UE4Editor-PhysXVehicles.dll (API version 3944462).
LogModuleManager: Display: Found up-to-date module file ../../../Engine/Plugins/Runtime/PhysXVehicles/Binaries/Win64/UE4Editor-PhysXVehiclesEditor.dll (API version 3944462).
LogModuleManager: Display: Found up-to-date module file ../../../Engine/Plugins/Runtime/RuntimePhysXCooking/Binaries/Win64/UE4Editor-RuntimePhysXCooking.dll (API version 3944462).
LogModuleManager: Display: Found up-to-date module file ../../../Engine/Plugins/Runtime/Steam/SteamVR/Binaries/Win64/UE4Editor-SteamVR.dll (API version 3944462).
LogModuleManager: Display: Found up-to-date module file ../../../Engine/Plugins/Runtime/Steam/SteamVR/Binaries/Win64/UE4Editor-SteamVRController.dll (API version 3944462).
LogModuleManager: Display: Found up-to-date module file ../../../Engine/Plugins/Runtime/WindowsMoviePlayer/Binaries/Win64/UE4Editor-WindowsMoviePlayer.dll (API version 3944462).
LogPluginManager: Mounting plugin Paper2D
LogPluginManager: Mounting plugin LiveLink
LogPluginManager: Mounting plugin LightPropagationVolume
LogPluginManager: Mounting plugin CLionSourceCodeAccess
LogPluginManager: Mounting plugin CodeLiteSourceCodeAccess
LogPluginManager: Mounting plugin GitSourceControl
LogPluginManager: Mounting plugin KDevelopSourceCodeAccess
LogPluginManager: Mounting plugin NullSourceCodeAccess
LogPluginManager: Mounting plugin PerforceSourceControl
LogPluginManager: Mounting plugin SubversionSourceControl
LogPluginManager: Mounting plugin UObjectPlugin
LogPluginManager: Mounting plugin VisualStudioCodeSourceCodeAccess
LogPluginManager: Mounting plugin VisualStudioSourceCodeAccess
LogPluginManager: Mounting plugin XCodeSourceCodeAccess
LogPluginManager: Mounting plugin AssetManagerEditor
LogPluginManager: Mounting plugin CryptoKeys
LogPluginManager: Mounting plugin DataValidation
LogPluginManager: Mounting plugin FacialAnimation
LogPluginManager: Mounting plugin GameplayTagsEditor
LogPluginManager: Mounting plugin MobileLauncherProfileWizard
LogPluginManager: Mounting plugin PluginBrowser
LogPluginManager: Mounting plugin SpeedTreeImporter
LogPluginManager: Mounting plugin DatasmithContent
LogPluginManager: Mounting plugin AlembicImporter
LogPluginManager: Mounting plugin CharacterAI
LogPluginManager: Mounting plugin HTML5Networking
LogPluginManager: Mounting plugin AndroidMedia
LogPluginManager: Mounting plugin AvfMedia
LogPluginManager: Mounting plugin ImgMedia
LogPluginManager: Mounting plugin LinearTimecode
LogPluginManager: Mounting plugin MediaCompositing
LogPluginManager: Mounting plugin MediaPlayerEditor
LogPluginManager: Mounting plugin WmfMedia
LogPluginManager: Mounting plugin TcpMessaging
LogPluginManager: Mounting plugin UdpMessaging
LogPluginManager: Mounting plugin ActorSequence
LogPluginManager: Mounting plugin LevelSequenceEditor
LogPluginManager: Mounting plugin MatineeToLevelSequence
LogPluginManager: Mounting plugin NetcodeUnitTest
LogPluginManager: Mounting plugin NUTUnrealEngine4
LogPluginManager: Mounting plugin OnlineSubsystemGooglePlay
LogPluginManager: Mounting plugin OnlineSubsystemIOS
LogPluginManager: Mounting plugin OnlineSubsystem
LogPluginManager: Mounting plugin OnlineSubsystemNull
LogPluginManager: Mounting plugin OnlineSubsystemUtils
LogPluginManager: Mounting plugin AndroidDeviceProfileSelector
LogPluginManager: Mounting plugin AndroidMoviePlayer
LogPluginManager: Mounting plugin AndroidPermission
LogPluginManager: Mounting plugin AppleARKit
LogPluginManager: Mounting plugin AppleMoviePlayer
LogPluginManager: Mounting plugin ArchVisCharacter
LogPluginManager: Mounting plugin AudioCapture
LogPluginManager: Mounting plugin CableComponent
LogPluginManager: Mounting plugin CustomMeshComponent
LogPluginManager: Mounting plugin ExampleDeviceProfileSelector
LogPluginManager: Mounting plugin GoogleCloudMessaging
LogPluginManager: Mounting plugin ImmediatePhysics
LogPluginManager: Mounting plugin IOSDeviceProfileSelector
LogPluginManager: Mounting plugin LinuxDeviceProfileSelector
LogPluginManager: Mounting plugin LocationServicesBPLibrary
LogPluginManager: Mounting plugin MobilePatchingUtils
LogPluginManager: Mounting plugin OculusVR
LogPluginManager: Plugin shader directory ../../../Engine/Plugins/Runtime/Oculus/OculusVR/Shaders found
LogPluginManager: Mapping shader source directory ../../../Engine/Plugins/Runtime/Oculus/OculusVR/Shaders to virtual directory /Plugin/OculusVR
LogPluginManager: Mounting plugin PhysXVehicles
LogPluginManager: Mounting plugin ProceduralMeshComponent
LogPluginManager: Mounting plugin RuntimePhysXCooking
LogPluginManager: Mounting plugin SteamVR
LogPluginManager: Mounting plugin WindowsMoviePlayer
LogStreaming: Display: Took  0.637s to configure plugins.
LogInit: Using libcurl 7.47.1
LogInit:  - built for x86_64-pc-win32
LogInit:  - supports SSL with OpenSSL/1.0.2g
LogInit:  - supports HTTP deflate (compression) using libz 1.2.8
LogInit:  - other features:
LogInit:      CURL_VERSION_SSL
LogInit:      CURL_VERSION_LIBZ
LogInit:      CURL_VERSION_IPV6
LogInit:      CURL_VERSION_ASYNCHDNS
LogInit:      CURL_VERSION_LARGEFILE
LogInit:      CURL_VERSION_IDN
LogInit:  CurlRequestOptions (configurable via config and command line):
LogInit:  - bVerifyPeer = false  - Libcurl will NOT verify peer certificate
LogInit:  - bUseHttpProxy = false  - Libcurl will NOT use HTTP proxy
LogInit:  - bDontReuseConnections = false  - Libcurl will reuse connections
LogInit:  - CertBundlePath = nullptr  - Libcurl will use whatever was configured at build time.
LogInit:  - MaxHostConnections = 16  - Libcurl will limit the number of connections to a host
LogInit:  - LocalHostAddr = Default
LogInit: WinSock: version 1.1 (2.2), MaxSocks=32767, MaxUdp=65467
LogInit: WinSock: I am DESKTOP-71H849T (10.4.107.21:0)
LogInit: Build: ++UE4+Release-4.19-CL-4033788
LogInit: Engine Version: 4.19.2-4033788+++UE4+Release-4.19
LogInit: Compatible Engine Version: 4.19.0-3944462+++UE4+Release-4.19
LogInit: Net CL: 3944462
LogDevObjectVersion: Number of dev versions registered: 18
LogDevObjectVersion:   Dev-Blueprints (B0D832E4-1F89-4F0D-ACCF-7EB736FD4AA2): 10
LogDevObjectVersion:   Dev-Build (E1C64328-A22C-4D53-A36C-8E866417BD8C): 0
LogDevObjectVersion:   Dev-Core (375EC13C-06E4-48FB-B500-84F0262A717E): 2
LogDevObjectVersion:   Dev-Editor (E4B068ED-F494-42E9-A231-DA0B2E46BB41): 23
LogDevObjectVersion:   Dev-Framework (CFFC743F-43B0-4480-9391-14DF171D2073): 33
LogDevObjectVersion:   Dev-Mobile (B02B49B5-BB20-44E9-A304-32B752E40360): 2
LogDevObjectVersion:   Dev-Networking (A4E4105C-59A1-49B5-A7C5-40C4547EDFEE): 0
LogDevObjectVersion:   Dev-Online (39C831C9-5AE6-47DC-9A44-9C173E1C8E7C): 0
LogDevObjectVersion:   Dev-Physics (78F01B33-EBEA-4F98-B9B4-84EACCB95AA2): 0
LogDevObjectVersion:   Dev-Platform (6631380F-2D4D-43E0-8009-CF276956A95A): 0
LogDevObjectVersion:   Dev-Rendering (12F88B9F-8875-4AFC-A67C-D90C383ABD29): 25
LogDevObjectVersion:   Dev-Sequencer (7B5AE74C-D270-4C10-A958-57980B212A5A): 6
LogDevObjectVersion:   Dev-VR (D7296918-1DD6-4BDD-9DE2-64A83CC13884): 1
LogDevObjectVersion:   Dev-LoadTimes (C2A15278-BFE7-4AFE-6C17-90FF531DF755): 1
LogDevObjectVersion:   Private-Geometry (6EACA3D4-40EC-4CC1-B786-8BED09428FC5): 2
LogDevObjectVersion:   Dev-AnimPhys (29E575DD-E0A3-4627-9D10-D276232CDCEA): 16
LogDevObjectVersion:   Dev-ReflectionCapture (6B266CEC-1EC7-4B8F-A30B-E4D90942FC07): 1
LogDevObjectVersion:   Dev-Automation (0DF73D61-A23F-47EA-B727-89E90C41499A): 1
LogInit: Compiled (64-bit): Apr 27 2018 02:06:57
LogInit: Compiled with Visual C++: 19.00.24215.01
LogInit: Build Configuration: Development
LogInit: Branch Name: ++UE4+Release-4.19
LogInit: Command Line:  
LogInit: Base Directory: D:/Epic Games/UE_4.19/Engine/Binaries/Win64/
LogInit: Installed Engine Build: 1
LogStreaming: Display: Took  0.001s to delete old logs.
LogInit: Presizing for max 8388607 objects, including 0 objects not considered by GC, pre-allocating 0 bytes for permanent pool.
LogInit: Object subsystem initialized
[2018.07.27-17.38.01:802][  0]LogInit: Selected Device Profile: [Windows]
[2018.07.27-17.38.01:802][  0]LogInit: Applying CVar settings loaded from the selected device profile: [Windows]
[2018.07.27-17.38.01:835][  0]LogInit: Computer: DESKTOP-71H849T
[2018.07.27-17.38.01:835][  0]LogInit: User: Josh
[2018.07.27-17.38.01:835][  0]LogInit: CPU Page size=4096, Cores=4
[2018.07.27-17.38.01:835][  0]LogInit: High frequency timer resolution =2.742190 MHz
[2018.07.27-17.38.01:836][  0]LogMemory: Memory total: Physical=15.9GB (16GB approx)
[2018.07.27-17.38.01:836][  0]LogMemory: Platform Memory Stats for Windows
[2018.07.27-17.38.01:836][  0]LogMemory: Process Physical Memory: 274.78 MB used, 274.78 MB peak
[2018.07.27-17.38.01:836][  0]LogMemory: Process Virtual Memory: 264.84 MB used, 264.84 MB peak
[2018.07.27-17.38.01:836][  0]LogMemory: Physical Memory: 7077.75 MB used,  9179.27 MB free, 16257.03 MB total
[2018.07.27-17.38.01:836][  0]LogMemory: Virtual Memory: 4794.19 MB used,  9179.27 MB free, 134217728.00 MB total
[2018.07.27-17.38.02:093][  0]LogInit: Using OS detected language (en-US).
[2018.07.27-17.38.02:093][  0]LogInit: Using OS detected locale (en-US).
[2018.07.27-17.38.02:095][  0]LogTextLocalizationManager: No specific localization for 'en-US' exists, so the 'en' localization will be used.
[2018.07.27-17.38.02:520][  0]LogStreaming: Display: Took  0.427s to EndInitTextLocalization.
[2018.07.27-17.38.02:520][  0]LogInit: Setting process to per monitor DPI aware
[2018.07.27-17.38.02:560][  0]LogSlate: New Slate User Created.  User Index 0, Is Virtual User: 0
[2018.07.27-17.38.02:561][  0]LogSlate: Slate User Registered.  User Index 0, Is Virtual User: 0
[2018.07.27-17.38.02:736][  0]LogD3D11RHI: D3D11 adapters:
[2018.07.27-17.38.02:809][  0]LogD3D11RHI:    0. 'NVIDIA GeForce GTX 1070' (Feature Level 11_0)
[2018.07.27-17.38.02:809][  0]LogD3D11RHI:       8081/0/8128 MB DedicatedVideo/DedicatedSystem/SharedSystem, Outputs:1, VendorId:0x10de
[2018.07.27-17.38.02:831][  0]LogD3D11RHI:    1. 'Intel(R) HD Graphics 630' (Feature Level 11_0)
[2018.07.27-17.38.02:831][  0]LogD3D11RHI:       128/0/8128 MB DedicatedVideo/DedicatedSystem/SharedSystem, Outputs:0, VendorId:0x8086
[2018.07.27-17.38.02:833][  0]LogD3D11RHI:    2. 'Microsoft Basic Render Driver' (Feature Level 11_0)
[2018.07.27-17.38.02:833][  0]LogD3D11RHI:       0/0/8128 MB DedicatedVideo/DedicatedSystem/SharedSystem, Outputs:0, VendorId:0x1414
[2018.07.27-17.38.02:833][  0]LogD3D11RHI: Chosen D3D11 Adapter: 0
[2018.07.27-17.38.02:843][  0]LogD3D11RHI: Creating new Direct3DDevice
[2018.07.27-17.38.02:843][  0]LogD3D11RHI:     GPU DeviceId: 0x1be1 (for the marketing name, search the web for "GPU Device Id")
[2018.07.27-17.38.02:843][  0]LogWindows: EnumDisplayDevices:
[2018.07.27-17.38.02:843][  0]LogWindows:    0. 'NVIDIA GeForce GTX 1070' (P:1 D:1)
[2018.07.27-17.38.02:844][  0]LogWindows:    1. 'NVIDIA GeForce GTX 1070' (P:0 D:0)
[2018.07.27-17.38.02:844][  0]LogWindows:    2. 'NVIDIA GeForce GTX 1070' (P:0 D:0)
[2018.07.27-17.38.02:844][  0]LogWindows:    3. 'NVIDIA GeForce GTX 1070' (P:0 D:0)
[2018.07.27-17.38.02:844][  0]LogWindows:    4. 'Intel(R) HD Graphics 630' (P:0 D:0)
[2018.07.27-17.38.02:844][  0]LogWindows:    5. 'Intel(R) HD Graphics 630' (P:0 D:0)
[2018.07.27-17.38.02:844][  0]LogWindows:    6. 'Intel(R) HD Graphics 630' (P:0 D:0)
[2018.07.27-17.38.02:844][  0]LogWindows: DebugString: GetVideoDriverDetailsInvalid PrimaryIsNotTheChoosenAdapter GetVideoDriverDetailsInvalid PrimaryIsNotTheChoosenAdapter GetVideoDriverDetailsInvalid PrimaryIsNotTheChoosenAdapter GetVideoDriverDetailsInvalid PrimaryIsNotTheChoosenAdapter GetVideoDriverDetailsInvalid PrimaryIsNotTheChoosenAdapter GetVideoDriverDetailsInvalid PrimaryIsNotTheChoosenAdapter GetVideoDriverDetailsInvalid PrimaryIsNotTheChoosenAdapter FoundDriverCount:0 
[2018.07.27-17.38.02:844][  0]LogD3D11RHI:     Adapter Name: NVIDIA GeForce GTX 1070
[2018.07.27-17.38.02:844][  0]LogD3D11RHI:   Driver Version: Unknown (internal:Unknown, unified:Unknown)
[2018.07.27-17.38.02:844][  0]LogD3D11RHI:      Driver Date: Unknown
[2018.07.27-17.38.02:844][  0]LogRHI: Texture pool is 5656 MB (70% of 8081 MB)
[2018.07.27-17.38.02:885][  0]LogD3D11RHI: [Aftermath] Aftermath enabled and primed
[2018.07.27-17.38.02:885][  0]LogD3D11RHI: [Aftermath] Aftermath enabled and primed
[2018.07.27-17.38.02:885][  0]LogD3D11RHI: Async texture creation enabled
[2018.07.27-17.38.02:922][  0]LogD3D11RHI: GPU Timing Frequency: 1000.000000 (Debug: 2 2)
[2018.07.27-17.38.02:968][  0]LogShaderCompilers: Guid format shader working directory is -12 characters bigger than the processId version (../../../../../SchoolProjects/VDDUNRL_TEAM2/VDDUNRL_DJMM/Intermediate/Shaders/WorkingDirectory/17540/).
[2018.07.27-17.38.02:968][  0]LogShaderCompilers: Cleaned the shader compiler working directory 'C:/Users/Josh/AppData/Local/Temp/UnrealShaderWorkingDir/39B55E224C4B8FF0516ADB9C2DF8EB8B/'.
[2018.07.27-17.38.03:186][  0]LogTemp: Display: Loaded TP AllDesktopTargetPlatform
[2018.07.27-17.38.03:199][  0]LogTemp: Display: Loaded TP MacClientTargetPlatform
[2018.07.27-17.38.03:213][  0]LogTemp: Display: Loaded TP MacNoEditorTargetPlatform
[2018.07.27-17.38.03:226][  0]LogTemp: Display: Loaded TP MacServerTargetPlatform
[2018.07.27-17.38.03:240][  0]LogTemp: Display: Loaded TP MacTargetPlatform
[2018.07.27-17.38.03:253][  0]LogTemp: Display: Loaded TP WindowsClientTargetPlatform
[2018.07.27-17.38.03:266][  0]LogTemp: Display: Loaded TP WindowsNoEditorTargetPlatform
[2018.07.27-17.38.03:280][  0]LogTemp: Display: Loaded TP WindowsServerTargetPlatform
[2018.07.27-17.38.03:284][  0]LogTemp: Display: Loaded TP WindowsTargetPlatform
[2018.07.27-17.38.03:300][  0]LogTemp: Display: Loaded TP Android_ASTCTargetPlatform
[2018.07.27-17.38.03:322][  0]LogTemp: Display: Loaded TP Android_ATCTargetPlatform
[2018.07.27-17.38.03:335][  0]LogTemp: Display: Loaded TP Android_DXTTargetPlatform
[2018.07.27-17.38.03:347][  0]LogTemp: Display: Loaded TP Android_ETC1aTargetPlatform
[2018.07.27-17.38.03:358][  0]LogTemp: Display: Loaded TP Android_ETC1TargetPlatform
[2018.07.27-17.38.03:372][  0]LogTemp: Display: Loaded TP Android_ETC2TargetPlatform
[2018.07.27-17.38.03:396][  0]LogTemp: Display: Loaded TP Android_MultiTargetPlatform
[2018.07.27-17.38.03:396][  0]LogTemp: Display: Loaded TP Android_PVRTCTargetPlatform
[2018.07.27-17.38.03:409][  0]LogTemp: Display: Loaded TP AndroidTargetPlatform
[2018.07.27-17.38.03:410][  0]LogTemp: Display: Loaded TP HTML5TargetPlatform
[2018.07.27-17.38.03:446][  0]LogTemp: Display: Loaded TP IOSTargetPlatform
[2018.07.27-17.38.03:469][  0]LogTemp: Display: Loaded TP TVOSTargetPlatform
[2018.07.27-17.38.03:484][  0]LogTemp: Display: Loaded TP LinuxClientTargetPlatform
[2018.07.27-17.38.03:496][  0]LogTemp: Display: Loaded TP LinuxNoEditorTargetPlatform
[2018.07.27-17.38.03:511][  0]LogTemp: Display: Loaded TP LinuxServerTargetPlatform
[2018.07.27-17.38.03:523][  0]LogTemp: Display: Loaded TP LinuxTargetPlatform
[2018.07.27-17.38.03:524][  0]LogTargetPlatformManager: Display: Building Assets For Windows
[2018.07.27-17.38.03:607][  0]LogXGEController: Cleaning working directory: C:/Users/Josh/AppData/Local/Temp/UnrealXGEWorkingDir/
[2018.07.27-17.38.03:607][  0]LogXGEController: Cannot use XGE Controller as Incredibuild is not installed on this machine.
[2018.07.27-17.38.03:607][  0]LogShaderCompilers: Cannot use XGE Shader Compiler as Incredibuild is not installed on this machine.
[2018.07.27-17.38.03:607][  0]LogShaderCompilers: Display: Using Local Shader Compiler.
[2018.07.27-17.38.04:301][  0]LogDerivedDataCache: Display: Max Cache Size: 512 MB
[2018.07.27-17.38.04:364][  0]LogDerivedDataCache: Loaded boot cache 0.06s 74MB C:/Users/Josh/AppData/Local/UnrealEngine/4.19/DerivedDataCache/Boot.ddc.
[2018.07.27-17.38.04:364][  0]LogDerivedDataCache: Display: Loaded Boot cache: C:/Users/Josh/AppData/Local/UnrealEngine/4.19/DerivedDataCache/Boot.ddc
[2018.07.27-17.38.04:364][  0]LogDerivedDataCache: FDerivedDataBackendGraph:  Pak pak cache file ../../../../../SchoolProjects/VDDUNRL_TEAM2/VDDUNRL_DJMM/DerivedDataCache/DDC.ddp not found, will not use a pak cache.
[2018.07.27-17.38.04:364][  0]LogDerivedDataCache: Unable to find inner node Pak for hierarchical cache Hierarchy.
[2018.07.27-17.38.04:365][  0]LogDerivedDataCache: FDerivedDataBackendGraph:  CompressedPak pak cache file ../../../../../SchoolProjects/VDDUNRL_TEAM2/VDDUNRL_DJMM/DerivedDataCache/Compressed.ddp not found, will not use a pak cache.
[2018.07.27-17.38.04:365][  0]LogDerivedDataCache: Unable to find inner node CompressedPak for hierarchical cache Hierarchy.
[2018.07.27-17.38.04:381][  0]LogDerivedDataCache: Display: Pak cache opened for reading ../../../Engine/DerivedDataCache/Compressed.ddp.
[2018.07.27-17.38.04:393][  0]LogDerivedDataCache: Using Local data cache path C:/Users/Josh/AppData/Local/UnrealEngine/Common/DerivedDataCache: Writable
[2018.07.27-17.38.04:393][  0]LogDerivedDataCache: Shared data cache path not found in *engine.ini, will not use an Shared cache.
[2018.07.27-17.38.04:393][  0]LogDerivedDataCache: Unable to find inner node Shared for hierarchical cache Hierarchy.
[2018.07.27-17.38.04:405][  0]LogMaterial: Verifying Global Shaders for PCD3D_SM5
[2018.07.27-17.38.04:405][  0]LogSlate: Using Freetype 2.6.0
[2018.07.27-17.38.04:406][  0]LogSlate: SlateFontCache - WITH_FREETYPE: 1, WITH_HARFBUZZ: 1
[2018.07.27-17.38.04:406][  0]LogSlate: SlateFontCache - WITH_FREETYPE: 1, WITH_HARFBUZZ: 1
[2018.07.27-17.38.04:506][  0]LogAssetRegistry: FAssetRegistry took 0.0265 seconds to start up
[2018.07.27-17.38.04:830][  0]LogInit: Selected Device Profile: [Windows]
[2018.07.27-17.38.04:895][  0]LogSimplygon: Simplygon DLL not present - disabling.
[2018.07.27-17.38.04:898][  0]LogMeshReduction: Using SimplygonSwarm for distributed automatic mesh merging
[2018.07.27-17.38.04:898][  0]LogMeshReduction: Using QuadricMeshReduction for automatic static mesh reduction
[2018.07.27-17.38.04:898][  0]LogMeshReduction: No automatic skeletal mesh reduction module available
[2018.07.27-17.38.04:898][  0]LogMeshReduction: No automatic mesh merging module available
[2018.07.27-17.38.04:898][  0]LogMeshMerging: No automatic mesh merging module available
[2018.07.27-17.38.05:034][  0]LogNetVersion: VDDUNRL_DJMM , NetCL: 3944462, EngineNetVer: 2, GameNetVer: 0 (Checksum: 2093243182)
[2018.07.27-17.38.05:522][  0]LogPackageLocalizationCache: Processed 9 localized package path(s) for 2 prioritized culture(s) in 0.084959 seconds
[2018.07.27-17.38.05:528][  0]LogUObjectArray: 36728 objects as part of root set at end of initial load.
[2018.07.27-17.38.05:528][  0]LogUObjectAllocator: 7314304 out of 0 bytes used by permanent object pool.
[2018.07.27-17.38.05:528][  0]LogUObjectArray: CloseDisregardForGC: 0/0 objects in disregard for GC pool
[2018.07.27-17.38.07:187][  0]LogTcpMessaging: Initializing TcpMessaging bridge
[2018.07.27-17.38.07:213][  0]LogUdpMessaging: Initializing bridge on interface 0.0.0.0:0 to multicast group 230.0.0.1:6666.
[2018.07.27-17.38.07:520][  0]SourceControl: Source control is disabled
[2018.07.27-17.38.07:520][  0]LogWindows: Warning: CreateProc failed: The system cannot find the file specified. (0x00000002)
[2018.07.27-17.38.07:520][  0]LogWindows: Warning: URL: C:/Program Files/Git/bin/git.exe version
[2018.07.27-17.38.07:520][  0]LogWindows: Warning: CreateProc failed: The system cannot find the file specified. (0x00000002)
[2018.07.27-17.38.07:520][  0]LogWindows: Warning: URL: C:/Program Files (x86)/Git/bin/git.exe version
[2018.07.27-17.38.07:521][  0]LogWindows: Warning: CreateProc failed: The system cannot find the file specified. (0x00000002)
[2018.07.27-17.38.07:521][  0]LogWindows: Warning: URL: C:\Users\Josh\AppData\Local/Programs/Git/cmd/git.exe version
[2018.07.27-17.38.07:521][  0]LogWindows: Warning: CreateProc failed: The system cannot find the file specified. (0x00000002)
[2018.07.27-17.38.07:521][  0]LogWindows: Warning: URL: C:/Program Files (x86)/SmartGit/git/bin/git.exe version
[2018.07.27-17.38.07:521][  0]LogWindows: Warning: CreateProc failed: The system cannot find the file specified. (0x00000002)
[2018.07.27-17.38.07:521][  0]LogWindows: Warning: URL: C:/Program Files (x86)/SmartGit/bin/git.exe version
[2018.07.27-17.38.07:521][  0]LogWindows: Warning: CreateProc failed: The system cannot find the file specified. (0x00000002)
[2018.07.27-17.38.07:521][  0]LogWindows: Warning: URL: C:\Users\Josh\AppData\Local/Atlassian/SourceTree/git_local/bin/git.exe version
[2018.07.27-17.38.07:521][  0]LogWindows: Warning: CreateProc failed: The system cannot find the file specified. (0x00000002)
[2018.07.27-17.38.07:522][  0]LogWindows: Warning: URL: C:/Program Files (x86)/fournova/Tower/vendor/Git/bin/git.exe version
[2018.07.27-17.38.07:537][  0]LogWindows: Warning: CreateProc failed: The system cannot find the file specified. (0x00000002)
[2018.07.27-17.38.07:537][  0]LogWindows: Warning: URL: C:/Program Files/Git/bin/git.exe version
[2018.07.27-17.38.07:537][  0]LogWindows: Warning: CreateProc failed: The system cannot find the file specified. (0x00000002)
[2018.07.27-17.38.07:537][  0]LogWindows: Warning: URL: C:/Program Files (x86)/Git/bin/git.exe version
[2018.07.27-17.38.07:537][  0]LogWindows: Warning: CreateProc failed: The system cannot find the file specified. (0x00000002)
[2018.07.27-17.38.07:537][  0]LogWindows: Warning: URL: C:\Users\Josh\AppData\Local/Programs/Git/cmd/git.exe version
[2018.07.27-17.38.07:538][  0]LogWindows: Warning: CreateProc failed: The system cannot find the file specified. (0x00000002)
[2018.07.27-17.38.07:538][  0]LogWindows: Warning: URL: C:/Program Files (x86)/SmartGit/git/bin/git.exe version
[2018.07.27-17.38.07:538][  0]LogWindows: Warning: CreateProc failed: The system cannot find the file specified. (0x00000002)
[2018.07.27-17.38.07:538][  0]LogWindows: Warning: URL: C:/Program Files (x86)/SmartGit/bin/git.exe version
[2018.07.27-17.38.07:538][  0]LogWindows: Warning: CreateProc failed: The system cannot find the file specified. (0x00000002)
[2018.07.27-17.38.07:538][  0]LogWindows: Warning: URL: C:\Users\Josh\AppData\Local/Atlassian/SourceTree/git_local/bin/git.exe version
[2018.07.27-17.38.07:539][  0]LogWindows: Warning: CreateProc failed: The system cannot find the file specified. (0x00000002)
[2018.07.27-17.38.07:539][  0]LogWindows: Warning: URL: C:/Program Files (x86)/fournova/Tower/vendor/Git/bin/git.exe version
[2018.07.27-17.38.07:551][  0]LogWindows: Warning: CreateProc failed: The system cannot find the file specified. (0x00000002)
[2018.07.27-17.38.07:551][  0]LogWindows: Warning: URL: C:/Program Files/Git/bin/git.exe version
[2018.07.27-17.38.07:551][  0]LogWindows: Warning: CreateProc failed: The system cannot find the file specified. (0x00000002)
[2018.07.27-17.38.07:551][  0]LogWindows: Warning: URL: C:/Program Files (x86)/Git/bin/git.exe version
[2018.07.27-17.38.07:551][  0]LogWindows: Warning: CreateProc failed: The system cannot find the file specified. (0x00000002)
[2018.07.27-17.38.07:551][  0]LogWindows: Warning: URL: C:\Users\Josh\AppData\Local/Programs/Git/cmd/git.exe version
[2018.07.27-17.38.07:551][  0]LogWindows: Warning: CreateProc failed: The system cannot find the file specified. (0x00000002)
[2018.07.27-17.38.07:551][  0]LogWindows: Warning: URL: C:/Program Files (x86)/SmartGit/git/bin/git.exe version
[2018.07.27-17.38.07:552][  0]LogWindows: Warning: CreateProc failed: The system cannot find the file specified. (0x00000002)
[2018.07.27-17.38.07:552][  0]LogWindows: Warning: URL: C:/Program Files (x86)/SmartGit/bin/git.exe version
[2018.07.27-17.38.07:552][  0]LogWindows: Warning: CreateProc failed: The system cannot find the file specified. (0x00000002)
[2018.07.27-17.38.07:552][  0]LogWindows: Warning: URL: C:\Users\Josh\AppData\Local/Atlassian/SourceTree/git_local/bin/git.exe version
[2018.07.27-17.38.07:552][  0]LogWindows: Warning: CreateProc failed: The system cannot find the file specified. (0x00000002)
[2018.07.27-17.38.07:552][  0]LogWindows: Warning: URL: C:/Program Files (x86)/fournova/Tower/vendor/Git/bin/git.exe version
[2018.07.27-17.38.07:949][  0]LogAndroidPermission: UAndroidPermissionCallbackProxy::GetInstance
[2018.07.27-17.38.08:079][  0]LogOcInput: OculusInput pre-init called
[2018.07.27-17.38.08:181][  0]LogEngine: Initializing Engine...
[2018.07.27-17.38.08:183][  0]LogHMD: Failed to initialize OpenVR with code 110
[2018.07.27-17.38.08:186][  0]LogStats: UGameplayTagsManager::ConstructGameplayTagTree: Construct from data asset -  0.000 s
[2018.07.27-17.38.08:186][  0]LogStats: UGameplayTagsManager::ConstructGameplayTagTree: GameplayTagTreeChangedEvent.Broadcast -  0.000 s
[2018.07.27-17.38.08:427][  0]LogAIModule: Creating AISystem for world Untitled
[2018.07.27-17.38.08:446][  0]LogInit: XAudio2 using 'Speakers / Headphones (Realtek Audio)' : 6 channels at 48 kHz using 32 bits per sample (channel mask 0x3f)
[2018.07.27-17.38.08:743][  0]LogInit: FAudioDevice initialized.
[2018.07.27-17.38.08:831][  0]LogDerivedDataCache: Saved boot cache 0.09s 74MB C:/Users/Josh/AppData/Local/UnrealEngine/4.19/DerivedDataCache/Boot.ddc.
[2018.07.27-17.38.08:849][  0]LogInit: Texture streaming: Enabled
[2018.07.27-17.38.08:861][  0]LogEngineSessionManager: EngineSessionManager initialized
[2018.07.27-17.38.08:876][  0]LogInit: Transaction tracking system initialized
[2018.07.27-17.38.08:897][  0]BlueprintLog: New page: Editor Load
[2018.07.27-17.38.08:954][  0]LocalizationService: Localization service is disabled
[2018.07.27-17.38.09:070][  0]LogConsoleResponse: Display: 
[2018.07.27-17.38.09:215][  0]LogCook: Display: Max memory allowance for cook 16384mb min free memory 0mb
[2018.07.27-17.38.09:215][  0]LogCook: Display: Mobile HDR setting 1
[2018.07.27-17.38.09:215][  0]LogGameplayTags: Display: UGameplayTagsManager::DoneAddingNativeTags. DelegateIsBound: 0
[2018.07.27-17.38.09:215][  0]LogStats: UGameplayTagsManager::ConstructGameplayTagTree: Construct from data asset -  0.000 s
[2018.07.27-17.38.09:215][  0]LogStats: UGameplayTagsManager::ConstructGameplayTagTree: GameplayTagTreeChangedEvent.Broadcast -  0.000 s
[2018.07.27-17.38.09:510][  0]LogFileCache: Scanning file cache for directory 'D:/SchoolProjects/VDDUNRL_TEAM2/VDDUNRL_DJMM/Content/' took 0.01s
[2018.07.27-17.38.09:510][  0]LogWindows: Warning: CreateProc failed: The system cannot find the file specified. (0x00000002)
[2018.07.27-17.38.09:510][  0]LogWindows: Warning: URL: C:/Program Files/Git/bin/git.exe version
[2018.07.27-17.38.09:510][  0]LogWindows: Warning: CreateProc failed: The system cannot find the file specified. (0x00000002)
[2018.07.27-17.38.09:510][  0]LogWindows: Warning: URL: C:/Program Files (x86)/Git/bin/git.exe version
[2018.07.27-17.38.09:510][  0]LogWindows: Warning: CreateProc failed: The system cannot find the file specified. (0x00000002)
[2018.07.27-17.38.09:510][  0]LogWindows: Warning: URL: C:\Users\Josh\AppData\Local/Programs/Git/cmd/git.exe version
[2018.07.27-17.38.09:510][  0]LogWindows: Warning: CreateProc failed: The system cannot find the file specified. (0x00000002)
[2018.07.27-17.38.09:510][  0]LogWindows: Warning: URL: C:/Program Files (x86)/SmartGit/git/bin/git.exe version
[2018.07.27-17.38.09:511][  0]LogWindows: Warning: CreateProc failed: The system cannot find the file specified. (0x00000002)
[2018.07.27-17.38.09:511][  0]LogWindows: Warning: URL: C:/Program Files (x86)/SmartGit/bin/git.exe version
[2018.07.27-17.38.09:511][  0]LogWindows: Warning: CreateProc failed: The system cannot find the file specified. (0x00000002)
[2018.07.27-17.38.09:511][  0]LogWindows: Warning: URL: C:\Users\Josh\AppData\Local/Atlassian/SourceTree/git_local/bin/git.exe version
[2018.07.27-17.38.09:511][  0]LogWindows: Warning: CreateProc failed: The system cannot find the file specified. (0x00000002)
[2018.07.27-17.38.09:511][  0]LogWindows: Warning: URL: C:/Program Files (x86)/fournova/Tower/vendor/Git/bin/git.exe version
[2018.07.27-17.38.09:511][  0]Cmd: MAP LOAD FILE="../../../../../SchoolProjects/VDDUNRL_TEAM2/VDDUNRL_DJMM/Content/2DSideScrollerBP/Maps/2DSideScrollerExampleMap.umap" TEMPLATE=0 SHOWPROGRESS=1 FEATURELEVEL=3
[2018.07.27-17.38.09:511][  0]LogEditorServer: Warning: Can't find file '../../../../../SchoolProjects/VDDUNRL_TEAM2/VDDUNRL_DJMM/Content/2DSideScrollerBP/Maps/2DSideScrollerExampleMap.umap'
[2018.07.27-17.38.09:511][  0]Cmd: MAP CHECKDEP NOCLEARLOG
[2018.07.27-17.38.09:562][  0]MapCheck: Map check complete: 0 Error(s), 0 Warning(s), took 50.723ms to complete.
[2018.07.27-17.38.09:563][  0]LogFileHelpers: Loading map '2DSideScrollerExampleMap' took 0.051
[2018.07.27-17.38.09:711][  0]LogCollectionManager: Loaded 0 collections in 0.000856 seconds
[2018.07.27-17.38.09:756][  0]LogFileCache: Scanning file cache for directory 'D:/SchoolProjects/VDDUNRL_TEAM2/VDDUNRL_DJMM/Saved/Collections/' took 0.01s
[2018.07.27-17.38.09:756][  0]LogFileCache: Scanning file cache for directory 'D:/SchoolProjects/VDDUNRL_TEAM2/VDDUNRL_DJMM/Content/Developers/Josh/Collections/' took 0.01s
[2018.07.27-17.38.09:756][  0]LogFileCache: Scanning file cache for directory 'D:/SchoolProjects/VDDUNRL_TEAM2/VDDUNRL_DJMM/Content/Collections/' took 0.01s
[2018.07.27-17.38.09:756][  0]LogCollectionManager: Rebuilt the GUID cache for 0 collections in 0.000001 seconds
[2018.07.27-17.38.09:766][  0]LogContentBrowser: Native class hierarchy populated in 0.0105 seconds. Added 2452 classes and 558 folders.
[2018.07.27-17.38.09:772][  0]LogContentBrowser: Native class hierarchy updated for 'WidgetCarousel' in 0.0002 seconds. Added 0 classes and 0 folders.
[2018.07.27-17.38.09:811][  0]LogContentBrowser: Native class hierarchy updated for 'AddContentDialog' in 0.0002 seconds. Added 0 classes and 0 folders.
[2018.07.27-17.38.09:815][  0]LogContentBrowser: Native class hierarchy updated for 'SceneOutliner' in 0.0002 seconds. Added 1 classes and 2 folders.
[2018.07.27-17.38.09:885][  0]LogSlate: Took 0.000222 seconds to synchronously load lazily loaded font '../../../Engine/Content/Slate/Fonts/Roboto-Regular.ttf' (155K)
[2018.07.27-17.38.09:888][  0]LogSlate: Took 0.000243 seconds to synchronously load lazily loaded font '../../../Engine/Content/Slate/Fonts/Roboto-Bold.ttf' (160K)
[2018.07.27-17.38.09:896][  0]LogSlate: Took 0.000134 seconds to synchronously load lazily loaded font '../../../Engine/Content/Editor/Slate/Fonts/FontAwesome.ttf' (139K)
[2018.07.27-17.38.10:003][  0]LogRenderer: Reallocating scene render targets to support 1236x732 Format 10 NumSamples 1 (Frame:1).
[2018.07.27-17.38.10:116][  0]LogContentBrowser: Native class hierarchy updated for 'HierarchicalLODOutliner' in 0.0002 seconds. Added 0 classes and 0 folders.
[2018.07.27-17.38.10:116][  0]LogLoad: (Engine Initialization) Total time: 10.12 seconds
[2018.07.27-17.38.10:116][  0]LogLoad: (Engine Initialization) Total Blueprint compile time: 0.00 seconds
[2018.07.27-17.38.10:135][  0]LogWindowsTextInputMethodSystem: Display: IME system now deactivated.
[2018.07.27-17.38.10:166][  0]LogContentStreaming: Texture pool size now 1000 MB
[2018.07.27-17.38.10:211][  1]LogFileCache: Retrieving MD5 hashes for directory 'D:/SchoolProjects/VDDUNRL_TEAM2/VDDUNRL_DJMM/Content/' took 0.06s
[2018.07.27-17.38.10:227][  1]LogAssetRegistry: Asset discovery search completed in 5.7435 seconds
[2018.07.27-17.38.10:229][  1]LogCollectionManager: Rebuilt the object cache for 0 collections in 0.000000 seconds (found 0 objects)
[2018.07.27-17.38.10:229][  1]LogCollectionManager: Fixed up redirectors for 0 collections in 0.000044 seconds (updated 0 objects)
[2018.07.27-17.38.58:262][222]LogEditorViewport: Clicking Background
[2018.07.27-17.39.01:280][376]LogSlate: FSceneViewport::OnFocusLost() reason 0
[2018.07.27-17.39.05:452][553]LogSlate: Took 0.000160 seconds to synchronously load lazily loaded font '../../../Engine/Content/Slate/Fonts/Roboto-Light.ttf' (167K)
[2018.07.27-17.39.05:662][553]LogSlate: Took 0.000164 seconds to synchronously load lazily loaded font '../../../Engine/Content/Slate/Fonts/Roboto-BoldCondensed.ttf' (158K)
[2018.07.27-17.39.05:786][553]LogRenderer: Reallocating scene render targets to support 2036x1240 Format 10 NumSamples 1 (Frame:1).
[2018.07.27-17.39.05:786][553]LogSlate: Took 0.000137 seconds to synchronously load lazily loaded font '../../../Engine/Content/Slate/Fonts/Roboto-Light.ttf' (167K)
[2018.07.27-17.39.32:920][550]LogUObjectGlobals: Created PersistentFrame Addr=0x000001facb2e6980, Size=288, Default__2DSideScrollerCharacter_C Function /Game/2DSideScrollerBP/Blueprints/2DSideScrollerCharacter.2DSideScrollerCharacter_C:ExecuteUbergraph_2DSideScrollerCharacter
[2018.07.27-17.39.32:933][550]LogUObjectGlobals: Destroyed PersistentFrame Addr=0x000001facb2e6980, Size=288
[2018.07.27-17.39.32:934][550]LogUObjectGlobals: Created PersistentFrame Addr=0x000001facb2e6980, Size=288, Default__2DSideScrollerCharacter_C Function /Engine/Transient.REINST_2DSideScrollerCharacter_C_3:ExecuteUbergraph_2DSideScrollerCharacter
[2018.07.27-17.39.32:947][550]LogUObjectGlobals: Created PersistentFrame Addr=0x000001fabd1e3380, Size=288, Default__2DSideScrollerCharacter_C Function /Game/2DSideScrollerBP/Blueprints/2DSideScrollerCharacter.2DSideScrollerCharacter_C:ExecuteUbergraph_2DSideScrollerCharacter
[2018.07.27-17.39.32:964][550]LogUObjectGlobals: Created PersistentFrame Addr=0x000001fa95decb80, Size=12, Default__2DSideScrollerGameMode_C Function /Game/2DSideScrollerBP/Blueprints/2DSideScrollerGameMode.2DSideScrollerGameMode_C:ExecuteUbergraph_2DSideScrollerGameMode
[2018.07.27-17.39.32:965][550]LogUObjectGlobals: Created PersistentFrame Addr=0x000001fa95def2d0, Size=16, Default__GameHUD_C Function /Game/2DSideScrollerBP/Blueprints/GameHUD.GameHUD_C:ExecuteUbergraph_GameHUD
[2018.07.27-17.39.32:968][550]LogUObjectGlobals: Created PersistentFrame Addr=0x000001fabd78cfc0, Size=64, Default__UI_InGame_C Function /Game/2DSideScrollerBP/Blueprints/UI_InGame.UI_InGame_C:ExecuteUbergraph_UI_InGame
[2018.07.27-17.39.33:003][550]LogUObjectGlobals: Destroyed PersistentFrame Addr=0x000001fa95def2d0, Size=16
[2018.07.27-17.39.33:003][550]LogUObjectGlobals: Created PersistentFrame Addr=0x000001fa95def2d0, Size=16, Default__GameHUD_C Function /Engine/Transient.REINST_GameHUD_C_5:ExecuteUbergraph_GameHUD
[2018.07.27-17.39.33:004][550]LogUObjectGlobals: Destroyed PersistentFrame Addr=0x000001fa95decb80, Size=12
[2018.07.27-17.39.33:004][550]LogUObjectGlobals: Created PersistentFrame Addr=0x000001fa95decb80, Size=12, Default__2DSideScrollerGameMode_C Function /Engine/Transient.REINST_2DSideScrollerGameMode_C_6:ExecuteUbergraph_2DSideScrollerGameMode
[2018.07.27-17.39.33:004][550]LogUObjectGlobals: Destroyed PersistentFrame Addr=0x000001fabd78cfc0, Size=64
[2018.07.27-17.39.33:004][550]LogUObjectGlobals: Created PersistentFrame Addr=0x000001facb778a40, Size=64, Default__UI_InGame_C Function /Engine/Transient.REINST_UI_InGame_C_0:ExecuteUbergraph_UI_InGame
[2018.07.27-17.39.33:017][550]LogUObjectGlobals: Created PersistentFrame Addr=0x000001fab0f777d0, Size=16, Default__GameHUD_C Function /Game/2DSideScrollerBP/Blueprints/GameHUD.GameHUD_C:ExecuteUbergraph_GameHUD
[2018.07.27-17.39.33:020][550]LogUObjectGlobals: Created PersistentFrame Addr=0x000001fab0f77690, Size=12, Default__2DSideScrollerGameMode_C Function /Game/2DSideScrollerBP/Blueprints/2DSideScrollerGameMode.2DSideScrollerGameMode_C:ExecuteUbergraph_2DSideScrollerGameMode
[2018.07.27-17.39.33:022][550]LogUObjectGlobals: Created PersistentFrame Addr=0x000001fab8372b40, Size=64, Default__UI_InGame_C Function /Game/2DSideScrollerBP/Blueprints/UI_InGame.UI_InGame_C:ExecuteUbergraph_UI_InGame
[2018.07.27-17.39.33:040][550]LogUObjectGlobals: Created PersistentFrame Addr=0x000001fab0f53b80, Size=164, Default__BP_Platform_Move_Diagonal_C Function /Game/2DSideScrollerBP/Blueprints/BP_Platform_Move_Diagonal.BP_Platform_Move_Diagonal_C:ExecuteUbergraph_BP_Platform_Move_Diagonal
[2018.07.27-17.39.33:045][550]LogUObjectGlobals: Destroyed PersistentFrame Addr=0x000001fab0f53b80, Size=164
[2018.07.27-17.39.33:046][550]LogUObjectGlobals: Created PersistentFrame Addr=0x000001fab0f53b80, Size=164, Default__BP_Platform_Move_Diagonal_C Function /Engine/Transient.REINST_BP_Platform_Move_Diagonal_C_11:ExecuteUbergraph_BP_Platform_Move_Diagonal
[2018.07.27-17.39.33:050][550]LogUObjectGlobals: Created PersistentFrame Addr=0x000001fab0f531c0, Size=164, Default__BP_Platform_Move_Diagonal_C Function /Game/2DSideScrollerBP/Blueprints/BP_Platform_Move_Diagonal.BP_Platform_Move_Diagonal_C:ExecuteUbergraph_BP_Platform_Move_Diagonal
[2018.07.27-17.39.33:056][550]LogUObjectGlobals: Created PersistentFrame Addr=0x000001fab0f52980, Size=164, Default__BP_Platform_Move_Horizontal_C Function /Game/2DSideScrollerBP/Blueprints/BP_Platform_Move_Horizontal.BP_Platform_Move_Horizontal_C:ExecuteUbergraph_BP_Platform_Move_Horizontal
[2018.07.27-17.39.33:059][550]LogUObjectGlobals: Destroyed PersistentFrame Addr=0x000001fab0f52980, Size=164
[2018.07.27-17.39.33:059][550]LogUObjectGlobals: Created PersistentFrame Addr=0x000001fab0f52980, Size=164, Default__BP_Platform_Move_Horizontal_C Function /Engine/Transient.REINST_BP_Platform_Move_Horizontal_C_13:ExecuteUbergraph_BP_Platform_Move_Horizontal
[2018.07.27-17.39.33:062][550]LogUObjectGlobals: Created PersistentFrame Addr=0x000001fab0f53700, Size=164, Default__BP_Platform_Move_Horizontal_C Function /Game/2DSideScrollerBP/Blueprints/BP_Platform_Move_Horizontal.BP_Platform_Move_Horizontal_C:ExecuteUbergraph_BP_Platform_Move_Horizontal
[2018.07.27-17.39.33:066][550]LogUObjectGlobals: Created PersistentFrame Addr=0x000001fab0f52080, Size=164, Default__BP_Platform_Move_Vertical_C Function /Game/2DSideScrollerBP/Blueprints/BP_Platform_Move_Vertical.BP_Platform_Move_Vertical_C:ExecuteUbergraph_BP_Platform_Move_Vertical
[2018.07.27-17.39.33:069][550]LogUObjectGlobals: Destroyed PersistentFrame Addr=0x000001fab0f52080, Size=164
[2018.07.27-17.39.33:070][550]LogUObjectGlobals: Created PersistentFrame Addr=0x000001fab0f52080, Size=164, Default__BP_Platform_Move_Vertical_C Function /Engine/Transient.REINST_BP_Platform_Move_Vertical_C_15:ExecuteUbergraph_BP_Platform_Move_Vertical
[2018.07.27-17.39.33:072][550]LogUObjectGlobals: Created PersistentFrame Addr=0x000001fab0f53280, Size=164, Default__BP_Platform_Move_Vertical_C Function /Game/2DSideScrollerBP/Blueprints/BP_Platform_Move_Vertical.BP_Platform_Move_Vertical_C:ExecuteUbergraph_BP_Platform_Move_Vertical
[2018.07.27-17.39.33:077][550]LogUObjectGlobals: Created PersistentFrame Addr=0x000001fab0f516c0, Size=164, Default__BP_Platform_Rotate_C Function /Game/2DSideScrollerBP/Blueprints/BP_Platform_Rotate.BP_Platform_Rotate_C:ExecuteUbergraph_BP_Platform_Rotate
[2018.07.27-17.39.33:079][550]LogUObjectGlobals: Destroyed PersistentFrame Addr=0x000001fab0f516c0, Size=164
[2018.07.27-17.39.33:079][550]LogUObjectGlobals: Created PersistentFrame Addr=0x000001fab0f516c0, Size=164, Default__BP_Platform_Rotate_C Function /Engine/Transient.REINST_BP_Platform_Rotate_C_17:ExecuteUbergraph_BP_Platform_Rotate
[2018.07.27-17.39.33:080][550]LogUObjectGlobals: Created PersistentFrame Addr=0x000001fab0f51180, Size=164, Default__BP_Platform_Rotate_C Function /Game/2DSideScrollerBP/Blueprints/BP_Platform_Rotate.BP_Platform_Rotate_C:ExecuteUbergraph_BP_Platform_Rotate
[2018.07.27-17.39.33:093][550]LogUObjectGlobals: Created PersistentFrame Addr=0x000001fab0f06b00, Size=32, Default__BP_Teleporter_Particle_C Function /Game/2DSideScrollerBP/Blueprints/BP_Teleporter_Particle.BP_Teleporter_Particle_C:ExecuteUbergraph_BP_Teleporter_Particle
[2018.07.27-17.39.33:096][550]LogUObjectGlobals: Destroyed PersistentFrame Addr=0x000001fab0f06b00, Size=32
[2018.07.27-17.39.33:096][550]LogUObjectGlobals: Created PersistentFrame Addr=0x000001fab0f06b00, Size=32, Default__BP_Teleporter_Particle_C Function /Engine/Transient.REINST_BP_Teleporter_Particle_C_19:ExecuteUbergraph_BP_Teleporter_Particle
[2018.07.27-17.39.33:097][550]LogUObjectGlobals: Created PersistentFrame Addr=0x000001fab0f06700, Size=32, Default__BP_Teleporter_Particle_C Function /Game/2DSideScrollerBP/Blueprints/BP_Teleporter_Particle.BP_Teleporter_Particle_C:ExecuteUbergraph_BP_Teleporter_Particle
[2018.07.27-17.39.33:107][550]LogUObjectGlobals: Created PersistentFrame Addr=0x000001facb2a8598, Size=56, Default__Collectible_C Function /Game/2DSideScrollerBP/Blueprints/Collectible.Collectible_C:ExecuteUbergraph_Collectible
[2018.07.27-17.39.33:110][550]LogUObjectGlobals: Destroyed PersistentFrame Addr=0x000001facb2a8598, Size=56
[2018.07.27-17.39.33:110][550]LogUObjectGlobals: Created PersistentFrame Addr=0x000001facb2a8598, Size=56, Default__Collectible_C Function /Engine/Transient.REINST_Collectible_C_21:ExecuteUbergraph_Collectible
[2018.07.27-17.39.33:112][550]LogUObjectGlobals: Created PersistentFrame Addr=0x000001facb2a80c8, Size=56, Default__Collectible_C Function /Game/2DSideScrollerBP/Blueprints/Collectible.Collectible_C:ExecuteUbergraph_Collectible
[2018.07.27-17.39.33:123][550]LogUObjectGlobals: Created PersistentFrame Addr=0x000001fab3e432e0, Size=136, Default__Level_00_C Function /Game/2DSideScrollerBP/Maps/Level_00.Level_00_C:ExecuteUbergraph_Level_00
[2018.07.27-17.39.33:128][550]LogUObjectGlobals: Destroyed PersistentFrame Addr=0x000001fab3e432e0, Size=136
[2018.07.27-17.39.33:128][550]LogUObjectGlobals: Created PersistentFrame Addr=0x000001fab3e13ce0, Size=136, Default__Level_00_C Function /Engine/Transient.REINST_Level_00_C_23:ExecuteUbergraph_Level_00
[2018.07.27-17.39.33:131][550]LogUObjectGlobals: Created PersistentFrame Addr=0x000001fab3e113a0, Size=136, Default__Level_00_C Function /Game/2DSideScrollerBP/Maps/Level_00.Level_00_C:ExecuteUbergraph_Level_00
[2018.07.27-17.39.33:258][550]LogAIModule: Creating AISystem for world Level_00
[2018.07.27-17.39.33:325][550]LogUObjectGlobals: Destroyed PersistentFrame Addr=0x000001fa95decb80, Size=12
[2018.07.27-17.39.33:325][550]LogUObjectGlobals: Destroyed PersistentFrame Addr=0x000001fa95def2d0, Size=16
[2018.07.27-17.39.33:325][550]LogUObjectGlobals: Destroyed PersistentFrame Addr=0x000001facb778a40, Size=64
[2018.07.27-17.39.33:325][550]LogUObjectGlobals: Destroyed PersistentFrame Addr=0x000001fab0f53b80, Size=164
[2018.07.27-17.39.33:325][550]LogUObjectGlobals: Destroyed PersistentFrame Addr=0x000001fab0f52980, Size=164
[2018.07.27-17.39.33:325][550]LogUObjectGlobals: Destroyed PersistentFrame Addr=0x000001fab0f52080, Size=164
[2018.07.27-17.39.33:325][550]LogUObjectGlobals: Destroyed PersistentFrame Addr=0x000001fab0f516c0, Size=164
[2018.07.27-17.39.33:325][550]LogUObjectGlobals: Destroyed PersistentFrame Addr=0x000001fab0f06b00, Size=32
[2018.07.27-17.39.33:325][550]LogUObjectGlobals: Destroyed PersistentFrame Addr=0x000001facb2a8598, Size=56
[2018.07.27-17.39.33:325][550]LogUObjectGlobals: Destroyed PersistentFrame Addr=0x000001fab3e13ce0, Size=136
[2018.07.27-17.39.33:354][550]LogUObjectGlobals: Destroyed PersistentFrame Addr=0x000001facb2e6980, Size=288
[2018.07.27-17.39.33:356][550]Cmd: MAP LOAD FILE="../../../../../SchoolProjects/VDDUNRL_TEAM2/VDDUNRL_DJMM/Content/2DSideScrollerBP/Maps/Level_00.umap" TEMPLATE=0 SHOWPROGRESS=1 FEATURELEVEL=3
[2018.07.27-17.39.33:357][550]LightingResults: New page: Lighting Build
[2018.07.27-17.39.33:358][550]LogContentBrowser: Native class hierarchy updated for 'StatsViewer' in 0.0002 seconds. Added 5 classes and 0 folders.
[2018.07.27-17.39.33:359][550]LoadErrors: New page: Loading map: Level_00.umap
[2018.07.27-17.39.33:359][550]MapCheck: New page: Map Check
[2018.07.27-17.39.33:359][550]LightingResults: New page: Lighting Build
[2018.07.27-17.39.33:443][550]LogEditorServer: Finished looking for orphan Actors (0.000 secs)
[2018.07.27-17.39.33:484][550]Cmd: MAP CHECKDEP NOCLEARLOG
[2018.07.27-17.39.33:525][550]MapCheck: Map check complete: 0 Error(s), 0 Warning(s), took 41.659ms to complete.
[2018.07.27-17.39.33:525][550]LogFileHelpers: Loading map 'Level_00' took 0.170
[2018.07.27-17.40.21:158][ 75]LogSlate: FSceneViewport::OnFocusLost() reason 0
[2018.07.27-17.40.32:373][362]LogContentBrowser: Native class hierarchy updated for 'TextureEditor' in 0.0003 seconds. Added 1 classes and 2 folders.
[2018.07.27-17.40.46:904][675]LogSlate: FSceneViewport::OnFocusLost() reason 0
[2018.07.27-17.41.10:763][251]LogSlate: FSceneViewport::OnFocusLost() reason 0
[2018.07.27-17.42.02:150][867]LogSlate: FSceneViewport::OnFocusLost() reason 2
[2018.07.27-17.42.04:433][931]LogSlate: FSceneViewport::OnFocusLost() reason 2
[2018.07.27-17.42.09:499][ 40]LogSlate: Window 'Editor Preferences' being destroyed
[2018.07.27-17.42.09:522][ 40]LogSlate: Window 'Editor Preferences' being destroyed
[2018.07.27-17.42.27:952][322]LogSlate: FSceneViewport::OnFocusLost() reason 0
[2018.07.27-17.42.44:763][884]LogSlate: Window 'NewCanvasRenderTarget2D*' being destroyed
[2018.07.27-17.42.44:782][884]LogSlate: Window 'NewCanvasRenderTarget2D*' being destroyed
[2018.07.27-17.42.59:599][282]LogTexture: Display: Building textures: NewCanvasRenderTarget2D_Tex (RGBA16F, 256X256)
[2018.07.27-17.43.18:047][891]LogEditorFactories: Performing atomic reimport of [C:/Users/Josh/Pictures/platform.png]
[2018.07.27-17.43.18:048][891]LogFactory: FactoryCreateFile: Texture2D with ReimportTextureFactory (0 0 C:/Users/Josh/Pictures/platform.png)
[2018.07.27-17.43.18:072][891]LogTexture: Display: Building textures: NewCanvasRenderTarget2D_Tex (BGRA8, 576X300)
[2018.07.27-17.43.18:080][891]LogEditorFactories: -- imported successfully
[2018.07.27-17.43.36:623][415]LogSlate: FSceneViewport::OnFocusLost() reason 0
[2018.07.27-17.43.37:700][447]LogTexture: Display: Building textures: NewCanvasRenderTarget2D_Tex (BGRA8, 576X300)
[2018.07.27-17.43.55:500][ 51]LogSlate: FSceneViewport::OnFocusLost() reason 0
[2018.07.27-17.43.59:722][158]LogSlate: Window 'NewCanvasRenderTarget2D*' being destroyed
[2018.07.27-17.43.59:738][158]LogSlate: Window 'NewCanvasRenderTarget2D*' being destroyed
[2018.07.27-17.44.06:816][399]LogTexture: Display: Building textures: NewCanvasRenderTarget2D_Tex (RGBA16F, 576X300)
[2018.07.27-17.44.12:038][545]LogEditorFactories: Performing atomic reimport of [C:/Users/Josh/Pictures/platform.png]
[2018.07.27-17.44.12:038][545]LogFactory: FactoryCreateFile: Texture2D with ReimportTextureFactory (0 0 C:/Users/Josh/Pictures/platform.png)
[2018.07.27-17.44.12:060][545]LogTexture: Display: Building textures: NewCanvasRenderTarget2D_Tex (BGRA8, 576X300)
[2018.07.27-17.44.12:069][545]LogEditorFactories: -- imported successfully
[2018.07.27-17.44.12:451][552]LogEditorFactories: Performing atomic reimport of [C:/Users/Josh/Pictures/platform.png]
[2018.07.27-17.44.12:451][552]LogFactory: FactoryCreateFile: Texture2D with ReimportTextureFactory (0 0 C:/Users/Josh/Pictures/platform.png)
[2018.07.27-17.44.12:541][552]LogTexture: Display: Building textures: NewCanvasRenderTarget2D_Tex (BGRA8, 576X300)
[2018.07.27-17.44.12:548][552]LogEditorFactories: -- imported successfully
[2018.07.27-17.44.16:292][623]LogSlate: Window 'NewCanvasRenderTarget2D_Tex*' being destroyed
[2018.07.27-17.44.16:330][623]LogSlate: Window 'NewCanvasRenderTarget2D_Tex*' being destroyed
[2018.07.27-17.44.20:442][692]LogSlate: Window 'Delete Assets' being destroyed
[2018.07.27-17.44.23:678][722]LogSlate: Window 'Delete Assets' being destroyed
[2018.07.27-17.44.29:594][766]LogSlate: Window 'Delete Assets' being destroyed
