Log file open, 07/27/18 13:34:43
LogWindows: Failed to load 'aqProf.dll' (GetLastError=126)
LogWindows: File 'aqProf.dll' does not exist
LogWindows: Failed to load 'VtuneApi.dll' (GetLastError=126)
LogWindows: File 'VtuneApi.dll' does not exist
LogWindows: Failed to load 'VtuneApi32e.dll' (GetLastError=126)
LogWindows: File 'VtuneApi32e.dll' does not exist
LogInit: Display: Running engine for game: VDDUNRL_DJMM
LogPlatformFile: Not using cached read wrapper
LogInit: Display: RandInit(918633283) SRandInit(918633283).
LogInit: Read version file with build ID '3944462'
LogInit: Overriding engine version to CL 4033788, compatible CL 3944462
LogInit: Registered custom module enumerator with build ID '3944462'
LogTaskGraph: Started task graph with 5 named threads and 23 total threads with 3 sets of task threads.
LogStats: Stats thread started at 0.271102
LogD3D11RHI: Aftermath initialized
LogICUInternationalization: Display: ICU TimeZone Detection - Raw Offset: -5:00, Platform Override: ''
LogModuleManager: Display: Found up-to-date module file ../../../Engine/Plugins/2D/Paper2D/Binaries/Win64/UE4Editor-Paper2D.dll (API version 3944462).
LogModuleManager: Display: Found up-to-date module file ../../../Engine/Plugins/2D/Paper2D/Binaries/Win64/UE4Editor-Paper2DEditor.dll (API version 3944462).
LogModuleManager: Display: Found up-to-date module file ../../../Engine/Plugins/2D/Paper2D/Binaries/Win64/UE4Editor-PaperSpriteSheetImporter.dll (API version 3944462).
LogModuleManager: Display: Found up-to-date module file ../../../Engine/Plugins/2D/Paper2D/Binaries/Win64/UE4Editor-PaperTiledImporter.dll (API version 3944462).
LogModuleManager: Display: Found up-to-date module file ../../../Engine/Plugins/2D/Paper2D/Binaries/Win64/UE4Editor-SmartSnapping.dll (API version 3944462).
LogModuleManager: Display: Found up-to-date module file ../../../Engine/Plugins/Blendables/LightPropagationVolume/Binaries/Win64/UE4Editor-LightPropagationVolumeRuntime.dll (API version 3944462).
LogModuleManager: Display: Found up-to-date module file ../../../Engine/Plugins/Blendables/LightPropagationVolume/Binaries/Win64/UE4Editor-LightPropagationVolumeEditor.dll (API version 3944462).
LogModuleManager: Display: Found up-to-date module file ../../../Engine/Plugins/Developer/CLionSourceCodeAccess/Binaries/Win64/UE4Editor-CLionSourceCodeAccess.dll (API version 3944462).
LogModuleManager: Display: Found up-to-date module file ../../../Engine/Plugins/Developer/GitSourceControl/Binaries/Win64/UE4Editor-GitSourceControl.dll (API version 3944462).
LogModuleManager: Display: Found up-to-date module file ../../../Engine/Plugins/Developer/PerforceSourceControl/Binaries/Win64/UE4Editor-PerforceSourceControl.dll (API version 3944462).
LogModuleManager: Display: Found up-to-date module file ../../../Engine/Plugins/Developer/SubversionSourceControl/Binaries/Win64/UE4Editor-SubversionSourceControl.dll (API version 3944462).
LogModuleManager: Display: Found up-to-date module file ../../../Engine/Plugins/Developer/UObjectPlugin/Binaries/Win64/UE4Editor-UObjectPlugin.dll (API version 3944462).
LogModuleManager: Display: Found up-to-date module file ../../../Engine/Plugins/Developer/VisualStudioCodeSourceCodeAccess/Binaries/Win64/UE4Editor-VisualStudioCodeSourceCodeAccess.dll (API version 3944462).
LogModuleManager: Display: Found up-to-date module file ../../../Engine/Plugins/Developer/VisualStudioSourceCodeAccess/Binaries/Win64/UE4Editor-VisualStudioSourceCodeAccess.dll (API version 3944462).
LogModuleManager: Display: Found up-to-date module file ../../../Engine/Plugins/Editor/AssetManagerEditor/Binaries/Win64/UE4Editor-AssetManagerEditor.dll (API version 3944462).
LogModuleManager: Display: Found up-to-date module file ../../../Engine/Plugins/Editor/CryptoKeys/Binaries/Win64/UE4Editor-CryptoKeys.dll (API version 3944462).
LogModuleManager: Display: Found up-to-date module file ../../../Engine/Plugins/Editor/CryptoKeys/Binaries/Win64/UE4Editor-CryptoKeysOpenSSL.dll (API version 3944462).
LogModuleManager: Display: Found up-to-date module file ../../../Engine/Plugins/Editor/DataValidation/Binaries/Win64/UE4Editor-DataValidation.dll (API version 3944462).
LogModuleManager: Display: Found up-to-date module file ../../../Engine/Plugins/Editor/FacialAnimation/Binaries/Win64/UE4Editor-FacialAnimation.dll (API version 3944462).
LogModuleManager: Display: Found up-to-date module file ../../../Engine/Plugins/Editor/FacialAnimation/Binaries/Win64/UE4Editor-FacialAnimationEditor.dll (API version 3944462).
LogModuleManager: Display: Found up-to-date module file ../../../Engine/Plugins/Editor/GameplayTagsEditor/Binaries/Win64/UE4Editor-GameplayTagsEditor.dll (API version 3944462).
LogModuleManager: Display: Found up-to-date module file ../../../Engine/Plugins/Editor/MobileLauncherProfileWizard/Binaries/Win64/UE4Editor-MobileLauncherProfileWizard.dll (API version 3944462).
LogModuleManager: Display: Found up-to-date module file ../../../Engine/Plugins/Editor/PluginBrowser/Binaries/Win64/UE4Editor-PluginBrowser.dll (API version 3944462).
LogModuleManager: Display: Found up-to-date module file ../../../Engine/Plugins/Editor/SpeedTreeImporter/Binaries/Win64/UE4Editor-SpeedTreeImporter.dll (API version 3944462).
LogModuleManager: Display: Found up-to-date module file ../../../Engine/Plugins/Enterprise/DatasmithContent/Binaries/Win64/UE4Editor-DatasmithContent.dll (API version 3944462).
LogModuleManager: Display: Found up-to-date module file ../../../Engine/Plugins/Experimental/AlembicImporter/Binaries/Win64/UE4Editor-AlembicImporter.dll (API version 3944462).
LogModuleManager: Display: Found up-to-date module file ../../../Engine/Plugins/Experimental/AlembicImporter/Binaries/Win64/UE4Editor-AlembicLibrary.dll (API version 3944462).
LogModuleManager: Display: Found up-to-date module file ../../../Engine/Plugins/Experimental/CharacterAI/Binaries/Win64/UE4Editor-CharacterAI.dll (API version 3944462).
LogModuleManager: Display: Found up-to-date module file ../../../Engine/Plugins/Experimental/HTML5Networking/Binaries/Win64/UE4Editor-HTML5Networking.dll (API version 3944462).
LogModuleManager: Display: Found up-to-date module file ../../../Engine/Plugins/Media/AndroidMedia/Binaries/Win64/UE4Editor-AndroidMediaEditor.dll (API version 3944462).
LogModuleManager: Display: Found up-to-date module file ../../../Engine/Plugins/Media/AndroidMedia/Binaries/Win64/UE4Editor-AndroidMediaFactory.dll (API version 3944462).
LogModuleManager: Display: Found up-to-date module file ../../../Engine/Plugins/Media/AvfMedia/Binaries/Win64/UE4Editor-AvfMediaEditor.dll (API version 3944462).
LogModuleManager: Display: Found up-to-date module file ../../../Engine/Plugins/Media/AvfMedia/Binaries/Win64/UE4Editor-AvfMediaFactory.dll (API version 3944462).
LogModuleManager: Display: Found up-to-date module file ../../../Engine/Plugins/Media/AvfMedia/Binaries/Win64/UE4Editor-AvfMediaFactory.dll (API version 3944462).
LogModuleManager: Display: Found up-to-date module file ../../../Engine/Plugins/Media/ImgMedia/Binaries/Win64/UE4Editor-ImgMedia.dll (API version 3944462).
LogModuleManager: Display: Found up-to-date module file ../../../Engine/Plugins/Media/ImgMedia/Binaries/Win64/UE4Editor-ImgMediaEditor.dll (API version 3944462).
LogModuleManager: Display: Found up-to-date module file ../../../Engine/Plugins/Media/ImgMedia/Binaries/Win64/UE4Editor-ImgMediaFactory.dll (API version 3944462).
LogModuleManager: Display: Found up-to-date module file ../../../Engine/Plugins/Media/ImgMedia/Binaries/Win64/UE4Editor-ImgMediaFactory.dll (API version 3944462).
LogModuleManager: Display: Found up-to-date module file ../../../Engine/Plugins/Media/ImgMedia/Binaries/Win64/UE4Editor-OpenExrWrapper.dll (API version 3944462).
LogModuleManager: Display: Found up-to-date module file ../../../Engine/Plugins/Media/LinearTimecode/Binaries/Win64/UE4Editor-LinearTimecode.dll (API version 3944462).
LogModuleManager: Display: Found up-to-date module file ../../../Engine/Plugins/Media/MediaCompositing/Binaries/Win64/UE4Editor-MediaCompositing.dll (API version 3944462).
LogModuleManager: Display: Found up-to-date module file ../../../Engine/Plugins/Media/MediaCompositing/Binaries/Win64/UE4Editor-MediaCompositingEditor.dll (API version 3944462).
LogModuleManager: Display: Found up-to-date module file ../../../Engine/Plugins/Media/MediaPlayerEditor/Binaries/Win64/UE4Editor-MediaPlayerEditor.dll (API version 3944462).
LogModuleManager: Display: Found up-to-date module file ../../../Engine/Plugins/Media/WmfMedia/Binaries/Win64/UE4Editor-WmfMedia.dll (API version 3944462).
LogModuleManager: Display: Found up-to-date module file ../../../Engine/Plugins/Media/WmfMedia/Binaries/Win64/UE4Editor-WmfMediaEditor.dll (API version 3944462).
LogModuleManager: Display: Found up-to-date module file ../../../Engine/Plugins/Media/WmfMedia/Binaries/Win64/UE4Editor-WmfMediaFactory.dll (API version 3944462).
LogModuleManager: Display: Found up-to-date module file ../../../Engine/Plugins/Media/WmfMedia/Binaries/Win64/UE4Editor-WmfMediaFactory.dll (API version 3944462).
LogModuleManager: Display: Found up-to-date module file ../../../Engine/Plugins/Messaging/TcpMessaging/Binaries/Win64/UE4Editor-TcpMessaging.dll (API version 3944462).
LogModuleManager: Display: Found up-to-date module file ../../../Engine/Plugins/Messaging/UdpMessaging/Binaries/Win64/UE4Editor-UdpMessaging.dll (API version 3944462).
LogModuleManager: Display: Found up-to-date module file ../../../Engine/Plugins/MovieScene/ActorSequence/Binaries/Win64/UE4Editor-ActorSequence.dll (API version 3944462).
LogModuleManager: Display: Found up-to-date module file ../../../Engine/Plugins/MovieScene/LevelSequenceEditor/Binaries/Win64/UE4Editor-LevelSequenceEditor.dll (API version 3944462).
LogModuleManager: Display: Found up-to-date module file ../../../Engine/Plugins/MovieScene/MatineeToLevelSequence/Binaries/Win64/UE4Editor-MatineeToLevelSequence.dll (API version 3944462).
LogModuleManager: Display: Found up-to-date module file ../../../Engine/Plugins/NetcodeUnitTest/NetcodeUnitTest/Binaries/Win64/UE4Editor-NetcodeUnitTest.dll (API version 3944462).
LogModuleManager: Display: Found up-to-date module file ../../../Engine/Plugins/NetcodeUnitTest/NUTUnrealEngine4/Binaries/Win64/UE4Editor-NUTUnrealEngine4.dll (API version 3944462).
LogModuleManager: Display: Found up-to-date module file ../../../Engine/Plugins/Online/OnlineSubsystem/Binaries/Win64/UE4Editor-OnlineSubsystem.dll (API version 3944462).
LogModuleManager: Display: Found up-to-date module file ../../../Engine/Plugins/Runtime/AndroidPermission/Binaries/Win64/UE4Editor-AndroidPermission.dll (API version 3944462).
LogModuleManager: Display: Found up-to-date module file ../../../Engine/Plugins/Online/OnlineSubsystemNull/Binaries/Win64/UE4Editor-OnlineSubsystemNull.dll (API version 3944462).
LogModuleManager: Display: Found up-to-date module file ../../../Engine/Plugins/Online/OnlineSubsystemUtils/Binaries/Win64/UE4Editor-OnlineSubsystemUtils.dll (API version 3944462).
LogModuleManager: Display: Found up-to-date module file ../../../Engine/Plugins/Online/OnlineSubsystemUtils/Binaries/Win64/UE4Editor-OnlineBlueprintSupport.dll (API version 3944462).
LogModuleManager: Display: Found up-to-date module file ../../../Engine/Plugins/Runtime/AndroidDeviceProfileSelector/Binaries/Win64/UE4Editor-AndroidDeviceProfileSelector.dll (API version 3944462).
LogModuleManager: Display: Found up-to-date module file ../../../Engine/Plugins/Runtime/AppleARKit/Binaries/Win64/UE4Editor-AppleARKit.dll (API version 3944462).
LogModuleManager: Display: Found up-to-date module file ../../../Engine/Plugins/Runtime/ProceduralMeshComponent/Binaries/Win64/UE4Editor-ProceduralMeshComponent.dll (API version 3944462).
LogModuleManager: Display: Found up-to-date module file ../../../Engine/Plugins/Runtime/ProceduralMeshComponent/Binaries/Win64/UE4Editor-ProceduralMeshComponentEditor.dll (API version 3944462).
LogModuleManager: Display: Found up-to-date module file ../../../Engine/Plugins/Animation/LiveLink/Binaries/Win64/UE4Editor-LiveLink.dll (API version 3944462).
LogModuleManager: Display: Found up-to-date module file ../../../Engine/Plugins/Animation/LiveLink/Binaries/Win64/UE4Editor-LiveLinkEditor.dll (API version 3944462).
LogModuleManager: Display: Found up-to-date module file ../../../Engine/Plugins/Runtime/ArchVisCharacter/Binaries/Win64/UE4Editor-ArchVisCharacter.dll (API version 3944462).
LogModuleManager: Display: Found up-to-date module file ../../../Engine/Plugins/Runtime/AudioCapture/Binaries/Win64/UE4Editor-AudioCapture.dll (API version 3944462).
LogModuleManager: Display: Found up-to-date module file ../../../Engine/Plugins/Runtime/AudioCapture/Binaries/Win64/UE4Editor-AudioCaptureEditor.dll (API version 3944462).
LogModuleManager: Display: Found up-to-date module file ../../../Engine/Plugins/Runtime/CableComponent/Binaries/Win64/UE4Editor-CableComponent.dll (API version 3944462).
LogModuleManager: Display: Found up-to-date module file ../../../Engine/Plugins/Runtime/CustomMeshComponent/Binaries/Win64/UE4Editor-CustomMeshComponent.dll (API version 3944462).
LogModuleManager: Display: Found up-to-date module file ../../../Engine/Plugins/Runtime/ExampleDeviceProfileSelector/Binaries/Win64/UE4Editor-ExampleDeviceProfileSelector.dll (API version 3944462).
LogModuleManager: Display: Found up-to-date module file ../../../Engine/Plugins/Runtime/ImmediatePhysics/Binaries/Win64/UE4Editor-ImmediatePhysics.dll (API version 3944462).
LogModuleManager: Display: Found up-to-date module file ../../../Engine/Plugins/Runtime/ImmediatePhysics/Binaries/Win64/UE4Editor-ImmediatePhysicsEditor.dll (API version 3944462).
LogModuleManager: Display: Found up-to-date module file ../../../Engine/Plugins/Runtime/LocationServicesBPLibrary/Binaries/Win64/UE4Editor-LocationServicesBPLibrary.dll (API version 3944462).
LogModuleManager: Display: Found up-to-date module file ../../../Engine/Plugins/Runtime/MobilePatchingUtils/Binaries/Win64/UE4Editor-MobilePatchingUtils.dll (API version 3944462).
LogModuleManager: Display: Found up-to-date module file ../../../Engine/Plugins/Runtime/Oculus/OculusVR/Binaries/Win64/UE4Editor-OculusHMD.dll (API version 3944462).
LogModuleManager: Display: Found up-to-date module file ../../../Engine/Plugins/Runtime/Oculus/OculusVR/Binaries/Win64/UE4Editor-OculusInput.dll (API version 3944462).
LogModuleManager: Display: Found up-to-date module file ../../../Engine/Plugins/Runtime/Oculus/OculusVR/Binaries/Win64/UE4Editor-OculusEditor.dll (API version 3944462).
LogModuleManager: Display: Found up-to-date module file ../../../Engine/Plugins/Runtime/PhysXVehicles/Binaries/Win64/UE4Editor-PhysXVehicles.dll (API version 3944462).
LogModuleManager: Display: Found up-to-date module file ../../../Engine/Plugins/Runtime/PhysXVehicles/Binaries/Win64/UE4Editor-PhysXVehiclesEditor.dll (API version 3944462).
LogModuleManager: Display: Found up-to-date module file ../../../Engine/Plugins/Runtime/RuntimePhysXCooking/Binaries/Win64/UE4Editor-RuntimePhysXCooking.dll (API version 3944462).
LogModuleManager: Display: Found up-to-date module file ../../../Engine/Plugins/Runtime/Steam/SteamVR/Binaries/Win64/UE4Editor-SteamVR.dll (API version 3944462).
LogModuleManager: Display: Found up-to-date module file ../../../Engine/Plugins/Runtime/Steam/SteamVR/Binaries/Win64/UE4Editor-SteamVRController.dll (API version 3944462).
LogModuleManager: Display: Found up-to-date module file ../../../Engine/Plugins/Runtime/WindowsMoviePlayer/Binaries/Win64/UE4Editor-WindowsMoviePlayer.dll (API version 3944462).
LogPluginManager: Mounting plugin Paper2D
LogPluginManager: Mounting plugin LiveLink
LogPluginManager: Mounting plugin LightPropagationVolume
LogPluginManager: Mounting plugin CLionSourceCodeAccess
LogPluginManager: Mounting plugin CodeLiteSourceCodeAccess
LogPluginManager: Mounting plugin GitSourceControl
LogPluginManager: Mounting plugin KDevelopSourceCodeAccess
LogPluginManager: Mounting plugin NullSourceCodeAccess
LogPluginManager: Mounting plugin PerforceSourceControl
LogPluginManager: Mounting plugin SubversionSourceControl
LogPluginManager: Mounting plugin UObjectPlugin
LogPluginManager: Mounting plugin VisualStudioCodeSourceCodeAccess
LogPluginManager: Mounting plugin VisualStudioSourceCodeAccess
LogPluginManager: Mounting plugin XCodeSourceCodeAccess
LogPluginManager: Mounting plugin AssetManagerEditor
LogPluginManager: Mounting plugin CryptoKeys
LogPluginManager: Mounting plugin DataValidation
LogPluginManager: Mounting plugin FacialAnimation
LogPluginManager: Mounting plugin GameplayTagsEditor
LogPluginManager: Mounting plugin MobileLauncherProfileWizard
LogPluginManager: Mounting plugin PluginBrowser
LogPluginManager: Mounting plugin SpeedTreeImporter
LogPluginManager: Mounting plugin DatasmithContent
LogPluginManager: Mounting plugin AlembicImporter
LogPluginManager: Mounting plugin CharacterAI
LogPluginManager: Mounting plugin HTML5Networking
LogPluginManager: Mounting plugin AndroidMedia
LogPluginManager: Mounting plugin AvfMedia
LogPluginManager: Mounting plugin ImgMedia
LogPluginManager: Mounting plugin LinearTimecode
LogPluginManager: Mounting plugin MediaCompositing
LogPluginManager: Mounting plugin MediaPlayerEditor
LogPluginManager: Mounting plugin WmfMedia
LogPluginManager: Mounting plugin TcpMessaging
LogPluginManager: Mounting plugin UdpMessaging
LogPluginManager: Mounting plugin ActorSequence
LogPluginManager: Mounting plugin LevelSequenceEditor
LogPluginManager: Mounting plugin MatineeToLevelSequence
LogPluginManager: Mounting plugin NetcodeUnitTest
LogPluginManager: Mounting plugin NUTUnrealEngine4
LogPluginManager: Mounting plugin OnlineSubsystemGooglePlay
LogPluginManager: Mounting plugin OnlineSubsystemIOS
LogPluginManager: Mounting plugin OnlineSubsystem
LogPluginManager: Mounting plugin OnlineSubsystemNull
LogPluginManager: Mounting plugin OnlineSubsystemUtils
LogPluginManager: Mounting plugin AndroidDeviceProfileSelector
LogPluginManager: Mounting plugin AndroidMoviePlayer
LogPluginManager: Mounting plugin AndroidPermission
LogPluginManager: Mounting plugin AppleARKit
LogPluginManager: Mounting plugin AppleMoviePlayer
LogPluginManager: Mounting plugin ArchVisCharacter
LogPluginManager: Mounting plugin AudioCapture
LogPluginManager: Mounting plugin CableComponent
LogPluginManager: Mounting plugin CustomMeshComponent
LogPluginManager: Mounting plugin ExampleDeviceProfileSelector
LogPluginManager: Mounting plugin GoogleCloudMessaging
LogPluginManager: Mounting plugin ImmediatePhysics
LogPluginManager: Mounting plugin IOSDeviceProfileSelector
LogPluginManager: Mounting plugin LinuxDeviceProfileSelector
LogPluginManager: Mounting plugin LocationServicesBPLibrary
LogPluginManager: Mounting plugin MobilePatchingUtils
LogPluginManager: Mounting plugin OculusVR
LogPluginManager: Plugin shader directory ../../../Engine/Plugins/Runtime/Oculus/OculusVR/Shaders found
LogPluginManager: Mapping shader source directory ../../../Engine/Plugins/Runtime/Oculus/OculusVR/Shaders to virtual directory /Plugin/OculusVR
LogPluginManager: Mounting plugin PhysXVehicles
LogPluginManager: Mounting plugin ProceduralMeshComponent
LogPluginManager: Mounting plugin RuntimePhysXCooking
LogPluginManager: Mounting plugin SteamVR
LogPluginManager: Mounting plugin WindowsMoviePlayer
LogStreaming: Display: Took  0.729s to configure plugins.
LogInit: Using libcurl 7.47.1
LogInit:  - built for x86_64-pc-win32
LogInit:  - supports SSL with OpenSSL/1.0.2g
LogInit:  - supports HTTP deflate (compression) using libz 1.2.8
LogInit:  - other features:
LogInit:      CURL_VERSION_SSL
LogInit:      CURL_VERSION_LIBZ
LogInit:      CURL_VERSION_IPV6
LogInit:      CURL_VERSION_ASYNCHDNS
LogInit:      CURL_VERSION_LARGEFILE
LogInit:      CURL_VERSION_IDN
LogInit:  CurlRequestOptions (configurable via config and command line):
LogInit:  - bVerifyPeer = false  - Libcurl will NOT verify peer certificate
LogInit:  - bUseHttpProxy = false  - Libcurl will NOT use HTTP proxy
LogInit:  - bDontReuseConnections = false  - Libcurl will reuse connections
LogInit:  - CertBundlePath = nullptr  - Libcurl will use whatever was configured at build time.
LogInit:  - MaxHostConnections = 16  - Libcurl will limit the number of connections to a host
LogInit:  - LocalHostAddr = Default
LogInit: WinSock: version 1.1 (2.2), MaxSocks=32767, MaxUdp=65467
LogInit: WinSock: I am DESKTOP-71H849T (10.4.107.21:0)
LogInit: Build: ++UE4+Release-4.19-CL-4033788
LogInit: Engine Version: 4.19.2-4033788+++UE4+Release-4.19
LogInit: Compatible Engine Version: 4.19.0-3944462+++UE4+Release-4.19
LogInit: Net CL: 3944462
LogDevObjectVersion: Number of dev versions registered: 18
LogDevObjectVersion:   Dev-Blueprints (B0D832E4-1F89-4F0D-ACCF-7EB736FD4AA2): 10
LogDevObjectVersion:   Dev-Build (E1C64328-A22C-4D53-A36C-8E866417BD8C): 0
LogDevObjectVersion:   Dev-Core (375EC13C-06E4-48FB-B500-84F0262A717E): 2
LogDevObjectVersion:   Dev-Editor (E4B068ED-F494-42E9-A231-DA0B2E46BB41): 23
LogDevObjectVersion:   Dev-Framework (CFFC743F-43B0-4480-9391-14DF171D2073): 33
LogDevObjectVersion:   Dev-Mobile (B02B49B5-BB20-44E9-A304-32B752E40360): 2
LogDevObjectVersion:   Dev-Networking (A4E4105C-59A1-49B5-A7C5-40C4547EDFEE): 0
LogDevObjectVersion:   Dev-Online (39C831C9-5AE6-47DC-9A44-9C173E1C8E7C): 0
LogDevObjectVersion:   Dev-Physics (78F01B33-EBEA-4F98-B9B4-84EACCB95AA2): 0
LogDevObjectVersion:   Dev-Platform (6631380F-2D4D-43E0-8009-CF276956A95A): 0
LogDevObjectVersion:   Dev-Rendering (12F88B9F-8875-4AFC-A67C-D90C383ABD29): 25
LogDevObjectVersion:   Dev-Sequencer (7B5AE74C-D270-4C10-A958-57980B212A5A): 6
LogDevObjectVersion:   Dev-VR (D7296918-1DD6-4BDD-9DE2-64A83CC13884): 1
LogDevObjectVersion:   Dev-LoadTimes (C2A15278-BFE7-4AFE-6C17-90FF531DF755): 1
LogDevObjectVersion:   Private-Geometry (6EACA3D4-40EC-4CC1-B786-8BED09428FC5): 2
LogDevObjectVersion:   Dev-AnimPhys (29E575DD-E0A3-4627-9D10-D276232CDCEA): 16
LogDevObjectVersion:   Dev-ReflectionCapture (6B266CEC-1EC7-4B8F-A30B-E4D90942FC07): 1
LogDevObjectVersion:   Dev-Automation (0DF73D61-A23F-47EA-B727-89E90C41499A): 1
LogInit: Compiled (64-bit): Apr 27 2018 02:06:57
LogInit: Compiled with Visual C++: 19.00.24215.01
LogInit: Build Configuration: Development
LogInit: Branch Name: ++UE4+Release-4.19
LogInit: Command Line: -EpicPortal 
LogInit: Base Directory: D:/Epic Games/UE_4.19/Engine/Binaries/Win64/
LogInit: Installed Engine Build: 1
LogStreaming: Display: Took  0.002s to delete old logs.
LogInit: Presizing for max 8388607 objects, including 0 objects not considered by GC, pre-allocating 0 bytes for permanent pool.
LogInit: Object subsystem initialized
[2018.07.27-17.34.44:229][  0]LogInit: Selected Device Profile: [Windows]
[2018.07.27-17.34.44:229][  0]LogInit: Applying CVar settings loaded from the selected device profile: [Windows]
[2018.07.27-17.34.44:242][  0]LogInit: Computer: DESKTOP-71H849T
[2018.07.27-17.34.44:242][  0]LogInit: User: Josh
[2018.07.27-17.34.44:242][  0]LogInit: CPU Page size=4096, Cores=4
[2018.07.27-17.34.44:242][  0]LogInit: High frequency timer resolution =2.742190 MHz
[2018.07.27-17.34.44:243][  0]LogMemory: Memory total: Physical=15.9GB (16GB approx)
[2018.07.27-17.34.44:243][  0]LogMemory: Platform Memory Stats for Windows
[2018.07.27-17.34.44:243][  0]LogMemory: Process Physical Memory: 275.18 MB used, 275.18 MB peak
[2018.07.27-17.34.44:243][  0]LogMemory: Process Virtual Memory: 264.78 MB used, 264.78 MB peak
[2018.07.27-17.34.44:243][  0]LogMemory: Physical Memory: 8535.63 MB used,  7721.40 MB free, 16257.03 MB total
[2018.07.27-17.34.44:243][  0]LogMemory: Virtual Memory: 4794.19 MB used,  7721.40 MB free, 134217728.00 MB total
[2018.07.27-17.34.44:476][  0]LogInit: Using OS detected language (en-US).
[2018.07.27-17.34.44:476][  0]LogInit: Using OS detected locale (en-US).
[2018.07.27-17.34.44:480][  0]LogTextLocalizationManager: No specific localization for 'en-US' exists, so the 'en' localization will be used.
[2018.07.27-17.34.44:952][  0]LogStreaming: Display: Took  0.476s to EndInitTextLocalization.
[2018.07.27-17.34.44:952][  0]LogInit: Setting process to per monitor DPI aware
[2018.07.27-17.34.44:977][  0]LogSlate: New Slate User Created.  User Index 0, Is Virtual User: 0
[2018.07.27-17.34.44:977][  0]LogSlate: Slate User Registered.  User Index 0, Is Virtual User: 0
[2018.07.27-17.34.45:161][  0]LogD3D11RHI: D3D11 adapters:
[2018.07.27-17.34.45:229][  0]LogD3D11RHI:    0. 'NVIDIA GeForce GTX 1070' (Feature Level 11_0)
[2018.07.27-17.34.45:229][  0]LogD3D11RHI:       8081/0/8128 MB DedicatedVideo/DedicatedSystem/SharedSystem, Outputs:1, VendorId:0x10de
[2018.07.27-17.34.45:250][  0]LogD3D11RHI:    1. 'Intel(R) HD Graphics 630' (Feature Level 11_0)
[2018.07.27-17.34.45:250][  0]LogD3D11RHI:       128/0/8128 MB DedicatedVideo/DedicatedSystem/SharedSystem, Outputs:0, VendorId:0x8086
[2018.07.27-17.34.45:252][  0]LogD3D11RHI:    2. 'Microsoft Basic Render Driver' (Feature Level 11_0)
[2018.07.27-17.34.45:252][  0]LogD3D11RHI:       0/0/8128 MB DedicatedVideo/DedicatedSystem/SharedSystem, Outputs:0, VendorId:0x1414
[2018.07.27-17.34.45:252][  0]LogD3D11RHI: Chosen D3D11 Adapter: 0
[2018.07.27-17.34.45:259][  0]LogD3D11RHI: Creating new Direct3DDevice
[2018.07.27-17.34.45:259][  0]LogD3D11RHI:     GPU DeviceId: 0x1be1 (for the marketing name, search the web for "GPU Device Id")
[2018.07.27-17.34.45:259][  0]LogWindows: EnumDisplayDevices:
[2018.07.27-17.34.45:260][  0]LogWindows:    0. 'NVIDIA GeForce GTX 1070' (P:1 D:1)
[2018.07.27-17.34.45:260][  0]LogWindows:    1. 'NVIDIA GeForce GTX 1070' (P:0 D:0)
[2018.07.27-17.34.45:260][  0]LogWindows:    2. 'NVIDIA GeForce GTX 1070' (P:0 D:0)
[2018.07.27-17.34.45:260][  0]LogWindows:    3. 'NVIDIA GeForce GTX 1070' (P:0 D:0)
[2018.07.27-17.34.45:260][  0]LogWindows:    4. 'Intel(R) HD Graphics 630' (P:0 D:0)
[2018.07.27-17.34.45:260][  0]LogWindows:    5. 'Intel(R) HD Graphics 630' (P:0 D:0)
[2018.07.27-17.34.45:260][  0]LogWindows:    6. 'Intel(R) HD Graphics 630' (P:0 D:0)
[2018.07.27-17.34.45:261][  0]LogWindows: DebugString: GetVideoDriverDetailsInvalid PrimaryIsNotTheChoosenAdapter GetVideoDriverDetailsInvalid PrimaryIsNotTheChoosenAdapter GetVideoDriverDetailsInvalid PrimaryIsNotTheChoosenAdapter GetVideoDriverDetailsInvalid PrimaryIsNotTheChoosenAdapter GetVideoDriverDetailsInvalid PrimaryIsNotTheChoosenAdapter GetVideoDriverDetailsInvalid PrimaryIsNotTheChoosenAdapter GetVideoDriverDetailsInvalid PrimaryIsNotTheChoosenAdapter FoundDriverCount:0 
[2018.07.27-17.34.45:261][  0]LogD3D11RHI:     Adapter Name: NVIDIA GeForce GTX 1070
[2018.07.27-17.34.45:261][  0]LogD3D11RHI:   Driver Version: Unknown (internal:Unknown, unified:Unknown)
[2018.07.27-17.34.45:261][  0]LogD3D11RHI:      Driver Date: Unknown
[2018.07.27-17.34.45:261][  0]LogRHI: Texture pool is 5656 MB (70% of 8081 MB)
[2018.07.27-17.34.45:302][  0]LogD3D11RHI: [Aftermath] Aftermath enabled and primed
[2018.07.27-17.34.45:303][  0]LogD3D11RHI: [Aftermath] Aftermath enabled and primed
[2018.07.27-17.34.45:303][  0]LogD3D11RHI: Async texture creation enabled
[2018.07.27-17.34.45:340][  0]LogD3D11RHI: GPU Timing Frequency: 1000.000000 (Debug: 2 2)
[2018.07.27-17.34.45:387][  0]LogShaderCompilers: Guid format shader working directory is -12 characters bigger than the processId version (../../../../../SchoolProjects/VDDUNRL_TEAM2/VDDUNRL_DJMM/Intermediate/Shaders/WorkingDirectory/11692/).
[2018.07.27-17.34.45:387][  0]LogShaderCompilers: Cleaned the shader compiler working directory 'C:/Users/Josh/AppData/Local/Temp/UnrealShaderWorkingDir/750E6A6C4C516CA18DAAC58F47AD35A8/'.
[2018.07.27-17.34.45:604][  0]LogTemp: Display: Loaded TP AllDesktopTargetPlatform
[2018.07.27-17.34.45:616][  0]LogTemp: Display: Loaded TP MacClientTargetPlatform
[2018.07.27-17.34.45:629][  0]LogTemp: Display: Loaded TP MacNoEditorTargetPlatform
[2018.07.27-17.34.45:643][  0]LogTemp: Display: Loaded TP MacServerTargetPlatform
[2018.07.27-17.34.45:657][  0]LogTemp: Display: Loaded TP MacTargetPlatform
[2018.07.27-17.34.45:670][  0]LogTemp: Display: Loaded TP WindowsClientTargetPlatform
[2018.07.27-17.34.45:683][  0]LogTemp: Display: Loaded TP WindowsNoEditorTargetPlatform
[2018.07.27-17.34.45:698][  0]LogTemp: Display: Loaded TP WindowsServerTargetPlatform
[2018.07.27-17.34.45:703][  0]LogTemp: Display: Loaded TP WindowsTargetPlatform
[2018.07.27-17.34.45:716][  0]LogTemp: Display: Loaded TP Android_ASTCTargetPlatform
[2018.07.27-17.34.45:728][  0]LogTemp: Display: Loaded TP Android_ATCTargetPlatform
[2018.07.27-17.34.45:741][  0]LogTemp: Display: Loaded TP Android_DXTTargetPlatform
[2018.07.27-17.34.45:753][  0]LogTemp: Display: Loaded TP Android_ETC1aTargetPlatform
[2018.07.27-17.34.45:765][  0]LogTemp: Display: Loaded TP Android_ETC1TargetPlatform
[2018.07.27-17.34.45:778][  0]LogTemp: Display: Loaded TP Android_ETC2TargetPlatform
[2018.07.27-17.34.45:814][  0]LogTemp: Display: Loaded TP Android_MultiTargetPlatform
[2018.07.27-17.34.45:814][  0]LogTemp: Display: Loaded TP Android_PVRTCTargetPlatform
[2018.07.27-17.34.45:833][  0]LogTemp: Display: Loaded TP AndroidTargetPlatform
[2018.07.27-17.34.45:834][  0]LogTemp: Display: Loaded TP HTML5TargetPlatform
[2018.07.27-17.34.45:874][  0]LogTemp: Display: Loaded TP IOSTargetPlatform
[2018.07.27-17.34.45:886][  0]LogTemp: Display: Loaded TP TVOSTargetPlatform
[2018.07.27-17.34.45:897][  0]LogTemp: Display: Loaded TP LinuxClientTargetPlatform
[2018.07.27-17.34.45:910][  0]LogTemp: Display: Loaded TP LinuxNoEditorTargetPlatform
[2018.07.27-17.34.45:922][  0]LogTemp: Display: Loaded TP LinuxServerTargetPlatform
[2018.07.27-17.34.45:935][  0]LogTemp: Display: Loaded TP LinuxTargetPlatform
[2018.07.27-17.34.45:935][  0]LogTargetPlatformManager: Display: Building Assets For Windows
[2018.07.27-17.34.46:009][  0]LogXGEController: Cannot use XGE Controller as Incredibuild is not installed on this machine.
[2018.07.27-17.34.46:009][  0]LogShaderCompilers: Cannot use XGE Shader Compiler as Incredibuild is not installed on this machine.
[2018.07.27-17.34.46:009][  0]LogShaderCompilers: Display: Using Local Shader Compiler.
[2018.07.27-17.34.46:685][  0]LogDerivedDataCache: Display: Max Cache Size: 512 MB
[2018.07.27-17.34.46:743][  0]LogDerivedDataCache: Loaded boot cache 0.06s 74MB C:/Users/Josh/AppData/Local/UnrealEngine/4.19/DerivedDataCache/Boot.ddc.
[2018.07.27-17.34.46:743][  0]LogDerivedDataCache: Display: Loaded Boot cache: C:/Users/Josh/AppData/Local/UnrealEngine/4.19/DerivedDataCache/Boot.ddc
[2018.07.27-17.34.46:743][  0]LogDerivedDataCache: FDerivedDataBackendGraph:  Pak pak cache file ../../../../../SchoolProjects/VDDUNRL_TEAM2/VDDUNRL_DJMM/DerivedDataCache/DDC.ddp not found, will not use a pak cache.
[2018.07.27-17.34.46:743][  0]LogDerivedDataCache: Unable to find inner node Pak for hierarchical cache Hierarchy.
[2018.07.27-17.34.46:743][  0]LogDerivedDataCache: FDerivedDataBackendGraph:  CompressedPak pak cache file ../../../../../SchoolProjects/VDDUNRL_TEAM2/VDDUNRL_DJMM/DerivedDataCache/Compressed.ddp not found, will not use a pak cache.
[2018.07.27-17.34.46:743][  0]LogDerivedDataCache: Unable to find inner node CompressedPak for hierarchical cache Hierarchy.
[2018.07.27-17.34.46:761][  0]LogDerivedDataCache: Display: Pak cache opened for reading ../../../Engine/DerivedDataCache/Compressed.ddp.
[2018.07.27-17.34.46:773][  0]LogDerivedDataCache: Using Local data cache path C:/Users/Josh/AppData/Local/UnrealEngine/Common/DerivedDataCache: Writable
[2018.07.27-17.34.46:773][  0]LogDerivedDataCache: Shared data cache path not found in *engine.ini, will not use an Shared cache.
[2018.07.27-17.34.46:773][  0]LogDerivedDataCache: Unable to find inner node Shared for hierarchical cache Hierarchy.
[2018.07.27-17.34.46:784][  0]LogMaterial: Verifying Global Shaders for PCD3D_SM5
[2018.07.27-17.34.46:785][  0]LogSlate: Using Freetype 2.6.0
[2018.07.27-17.34.46:785][  0]LogSlate: SlateFontCache - WITH_FREETYPE: 1, WITH_HARFBUZZ: 1
[2018.07.27-17.34.46:785][  0]LogSlate: SlateFontCache - WITH_FREETYPE: 1, WITH_HARFBUZZ: 1
[2018.07.27-17.34.46:887][  0]LogAssetRegistry: FAssetRegistry took 0.0260 seconds to start up
[2018.07.27-17.34.47:237][  0]LogInit: Selected Device Profile: [Windows]
[2018.07.27-17.34.47:379][  0]LogSimplygon: Simplygon DLL not present - disabling.
[2018.07.27-17.34.47:380][  0]LogMeshReduction: Using SimplygonSwarm for distributed automatic mesh merging
[2018.07.27-17.34.47:380][  0]LogMeshReduction: Using QuadricMeshReduction for automatic static mesh reduction
[2018.07.27-17.34.47:380][  0]LogMeshReduction: No automatic skeletal mesh reduction module available
[2018.07.27-17.34.47:380][  0]LogMeshReduction: No automatic mesh merging module available
[2018.07.27-17.34.47:380][  0]LogMeshMerging: No automatic mesh merging module available
[2018.07.27-17.34.47:408][  0]LogNetVersion: VDDUNRL_DJMM , NetCL: 3944462, EngineNetVer: 2, GameNetVer: 0 (Checksum: 2093243182)
[2018.07.27-17.34.47:865][  0]LogPackageLocalizationCache: Processed 9 localized package path(s) for 2 prioritized culture(s) in 0.078520 seconds
[2018.07.27-17.34.47:871][  0]LogUObjectArray: 36728 objects as part of root set at end of initial load.
[2018.07.27-17.34.47:871][  0]LogUObjectAllocator: 7314304 out of 0 bytes used by permanent object pool.
[2018.07.27-17.34.47:871][  0]LogUObjectArray: CloseDisregardForGC: 0/0 objects in disregard for GC pool
[2018.07.27-17.34.49:484][  0]LogTcpMessaging: Initializing TcpMessaging bridge
[2018.07.27-17.34.49:508][  0]LogUdpMessaging: Initializing bridge on interface 0.0.0.0:0 to multicast group 230.0.0.1:6666.
[2018.07.27-17.34.49:805][  0]SourceControl: Source control is disabled
[2018.07.27-17.34.49:806][  0]LogWindows: Warning: CreateProc failed: The system cannot find the file specified. (0x00000002)
[2018.07.27-17.34.49:806][  0]LogWindows: Warning: URL: C:/Program Files/Git/bin/git.exe version
[2018.07.27-17.34.49:806][  0]LogWindows: Warning: CreateProc failed: The system cannot find the file specified. (0x00000002)
[2018.07.27-17.34.49:806][  0]LogWindows: Warning: URL: C:/Program Files (x86)/Git/bin/git.exe version
[2018.07.27-17.34.49:806][  0]LogWindows: Warning: CreateProc failed: The system cannot find the file specified. (0x00000002)
[2018.07.27-17.34.49:806][  0]LogWindows: Warning: URL: C:\Users\Josh\AppData\Local/Programs/Git/cmd/git.exe version
[2018.07.27-17.34.49:806][  0]LogWindows: Warning: CreateProc failed: The system cannot find the file specified. (0x00000002)
[2018.07.27-17.34.49:807][  0]LogWindows: Warning: URL: C:/Program Files (x86)/SmartGit/git/bin/git.exe version
[2018.07.27-17.34.49:807][  0]LogWindows: Warning: CreateProc failed: The system cannot find the file specified. (0x00000002)
[2018.07.27-17.34.49:807][  0]LogWindows: Warning: URL: C:/Program Files (x86)/SmartGit/bin/git.exe version
[2018.07.27-17.34.49:807][  0]LogWindows: Warning: CreateProc failed: The system cannot find the file specified. (0x00000002)
[2018.07.27-17.34.49:807][  0]LogWindows: Warning: URL: C:\Users\Josh\AppData\Local/Atlassian/SourceTree/git_local/bin/git.exe version
[2018.07.27-17.34.49:807][  0]LogWindows: Warning: CreateProc failed: The system cannot find the file specified. (0x00000002)
[2018.07.27-17.34.49:807][  0]LogWindows: Warning: URL: C:/Program Files (x86)/fournova/Tower/vendor/Git/bin/git.exe version
[2018.07.27-17.34.49:821][  0]LogWindows: Warning: CreateProc failed: The system cannot find the file specified. (0x00000002)
[2018.07.27-17.34.49:821][  0]LogWindows: Warning: URL: C:/Program Files/Git/bin/git.exe version
[2018.07.27-17.34.49:821][  0]LogWindows: Warning: CreateProc failed: The system cannot find the file specified. (0x00000002)
[2018.07.27-17.34.49:821][  0]LogWindows: Warning: URL: C:/Program Files (x86)/Git/bin/git.exe version
[2018.07.27-17.34.49:822][  0]LogWindows: Warning: CreateProc failed: The system cannot find the file specified. (0x00000002)
[2018.07.27-17.34.49:822][  0]LogWindows: Warning: URL: C:\Users\Josh\AppData\Local/Programs/Git/cmd/git.exe version
[2018.07.27-17.34.49:822][  0]LogWindows: Warning: CreateProc failed: The system cannot find the file specified. (0x00000002)
[2018.07.27-17.34.49:822][  0]LogWindows: Warning: URL: C:/Program Files (x86)/SmartGit/git/bin/git.exe version
[2018.07.27-17.34.49:822][  0]LogWindows: Warning: CreateProc failed: The system cannot find the file specified. (0x00000002)
[2018.07.27-17.34.49:822][  0]LogWindows: Warning: URL: C:/Program Files (x86)/SmartGit/bin/git.exe version
[2018.07.27-17.34.49:822][  0]LogWindows: Warning: CreateProc failed: The system cannot find the file specified. (0x00000002)
[2018.07.27-17.34.49:822][  0]LogWindows: Warning: URL: C:\Users\Josh\AppData\Local/Atlassian/SourceTree/git_local/bin/git.exe version
[2018.07.27-17.34.49:822][  0]LogWindows: Warning: CreateProc failed: The system cannot find the file specified. (0x00000002)
[2018.07.27-17.34.49:822][  0]LogWindows: Warning: URL: C:/Program Files (x86)/fournova/Tower/vendor/Git/bin/git.exe version
[2018.07.27-17.34.49:836][  0]LogWindows: Warning: CreateProc failed: The system cannot find the file specified. (0x00000002)
[2018.07.27-17.34.49:836][  0]LogWindows: Warning: URL: C:/Program Files/Git/bin/git.exe version
[2018.07.27-17.34.49:837][  0]LogWindows: Warning: CreateProc failed: The system cannot find the file specified. (0x00000002)
[2018.07.27-17.34.49:837][  0]LogWindows: Warning: URL: C:/Program Files (x86)/Git/bin/git.exe version
[2018.07.27-17.34.49:837][  0]LogWindows: Warning: CreateProc failed: The system cannot find the file specified. (0x00000002)
[2018.07.27-17.34.49:837][  0]LogWindows: Warning: URL: C:\Users\Josh\AppData\Local/Programs/Git/cmd/git.exe version
[2018.07.27-17.34.49:837][  0]LogWindows: Warning: CreateProc failed: The system cannot find the file specified. (0x00000002)
[2018.07.27-17.34.49:837][  0]LogWindows: Warning: URL: C:/Program Files (x86)/SmartGit/git/bin/git.exe version
[2018.07.27-17.34.49:837][  0]LogWindows: Warning: CreateProc failed: The system cannot find the file specified. (0x00000002)
[2018.07.27-17.34.49:837][  0]LogWindows: Warning: URL: C:/Program Files (x86)/SmartGit/bin/git.exe version
[2018.07.27-17.34.49:837][  0]LogWindows: Warning: CreateProc failed: The system cannot find the file specified. (0x00000002)
[2018.07.27-17.34.49:837][  0]LogWindows: Warning: URL: C:\Users\Josh\AppData\Local/Atlassian/SourceTree/git_local/bin/git.exe version
[2018.07.27-17.34.49:837][  0]LogWindows: Warning: CreateProc failed: The system cannot find the file specified. (0x00000002)
[2018.07.27-17.34.49:837][  0]LogWindows: Warning: URL: C:/Program Files (x86)/fournova/Tower/vendor/Git/bin/git.exe version
[2018.07.27-17.34.50:219][  0]LogAndroidPermission: UAndroidPermissionCallbackProxy::GetInstance
[2018.07.27-17.34.50:352][  0]LogOcInput: OculusInput pre-init called
[2018.07.27-17.34.50:460][  0]LogEngine: Initializing Engine...
[2018.07.27-17.34.50:462][  0]LogHMD: Failed to initialize OpenVR with code 110
[2018.07.27-17.34.50:464][  0]LogStats: UGameplayTagsManager::ConstructGameplayTagTree: Construct from data asset -  0.000 s
[2018.07.27-17.34.50:464][  0]LogStats: UGameplayTagsManager::ConstructGameplayTagTree: GameplayTagTreeChangedEvent.Broadcast -  0.000 s
[2018.07.27-17.34.50:717][  0]LogAIModule: Creating AISystem for world Untitled
[2018.07.27-17.34.50:728][  0]LogInit: XAudio2 using 'Speakers / Headphones (Realtek Audio)' : 6 channels at 48 kHz using 32 bits per sample (channel mask 0x3f)
[2018.07.27-17.34.51:015][  0]LogInit: FAudioDevice initialized.
[2018.07.27-17.34.51:095][  0]LogDerivedDataCache: Saved boot cache 0.08s 74MB C:/Users/Josh/AppData/Local/UnrealEngine/4.19/DerivedDataCache/Boot.ddc.
[2018.07.27-17.34.51:110][  0]LogInit: Texture streaming: Enabled
[2018.07.27-17.34.51:122][  0]LogEngineSessionManager: EngineSessionManager initialized
[2018.07.27-17.34.51:133][  0]LogInit: Transaction tracking system initialized
[2018.07.27-17.34.51:150][  0]BlueprintLog: New page: Editor Load
[2018.07.27-17.34.51:207][  0]LocalizationService: Localization service is disabled
[2018.07.27-17.34.51:329][  0]LogConsoleResponse: Display: 
[2018.07.27-17.34.51:501][  0]LogCook: Display: Max memory allowance for cook 16384mb min free memory 0mb
[2018.07.27-17.34.51:501][  0]LogCook: Display: Mobile HDR setting 1
[2018.07.27-17.34.51:501][  0]LogGameplayTags: Display: UGameplayTagsManager::DoneAddingNativeTags. DelegateIsBound: 0
[2018.07.27-17.34.51:501][  0]LogStats: UGameplayTagsManager::ConstructGameplayTagTree: Construct from data asset -  0.000 s
[2018.07.27-17.34.51:501][  0]LogStats: UGameplayTagsManager::ConstructGameplayTagTree: GameplayTagTreeChangedEvent.Broadcast -  0.000 s
[2018.07.27-17.34.51:759][  0]LogFileCache: Scanning file cache for directory 'D:/SchoolProjects/VDDUNRL_TEAM2/VDDUNRL_DJMM/Content/' took 0.01s
[2018.07.27-17.34.51:759][  0]LogWindows: Warning: CreateProc failed: The system cannot find the file specified. (0x00000002)
[2018.07.27-17.34.51:759][  0]LogWindows: Warning: URL: C:/Program Files/Git/bin/git.exe version
[2018.07.27-17.34.51:759][  0]LogWindows: Warning: CreateProc failed: The system cannot find the file specified. (0x00000002)
[2018.07.27-17.34.51:759][  0]LogWindows: Warning: URL: C:/Program Files (x86)/Git/bin/git.exe version
[2018.07.27-17.34.51:759][  0]LogWindows: Warning: CreateProc failed: The system cannot find the file specified. (0x00000002)
[2018.07.27-17.34.51:759][  0]LogWindows: Warning: URL: C:\Users\Josh\AppData\Local/Programs/Git/cmd/git.exe version
[2018.07.27-17.34.51:759][  0]LogWindows: Warning: CreateProc failed: The system cannot find the file specified. (0x00000002)
[2018.07.27-17.34.51:759][  0]LogWindows: Warning: URL: C:/Program Files (x86)/SmartGit/git/bin/git.exe version
[2018.07.27-17.34.51:760][  0]LogWindows: Warning: CreateProc failed: The system cannot find the file specified. (0x00000002)
[2018.07.27-17.34.51:760][  0]LogWindows: Warning: URL: C:/Program Files (x86)/SmartGit/bin/git.exe version
[2018.07.27-17.34.51:760][  0]LogWindows: Warning: CreateProc failed: The system cannot find the file specified. (0x00000002)
[2018.07.27-17.34.51:760][  0]LogWindows: Warning: URL: C:\Users\Josh\AppData\Local/Atlassian/SourceTree/git_local/bin/git.exe version
[2018.07.27-17.34.51:760][  0]LogWindows: Warning: CreateProc failed: The system cannot find the file specified. (0x00000002)
[2018.07.27-17.34.51:760][  0]LogWindows: Warning: URL: C:/Program Files (x86)/fournova/Tower/vendor/Git/bin/git.exe version
[2018.07.27-17.34.51:760][  0]Cmd: MAP LOAD FILE="../../../../../SchoolProjects/VDDUNRL_TEAM2/VDDUNRL_DJMM/Content/2DSideScrollerBP/Maps/2DSideScrollerExampleMap.umap" TEMPLATE=0 SHOWPROGRESS=1 FEATURELEVEL=3
[2018.07.27-17.34.51:760][  0]LogEditorServer: Warning: Can't find file '../../../../../SchoolProjects/VDDUNRL_TEAM2/VDDUNRL_DJMM/Content/2DSideScrollerBP/Maps/2DSideScrollerExampleMap.umap'
[2018.07.27-17.34.51:760][  0]Cmd: MAP CHECKDEP NOCLEARLOG
[2018.07.27-17.34.51:797][  0]MapCheck: Map check complete: 0 Error(s), 0 Warning(s), took 36.74ms to complete.
[2018.07.27-17.34.51:797][  0]LogFileHelpers: Loading map '2DSideScrollerExampleMap' took 0.037
[2018.07.27-17.34.51:936][  0]LogCollectionManager: Loaded 0 collections in 0.000845 seconds
[2018.07.27-17.34.51:977][  0]LogFileCache: Scanning file cache for directory 'D:/SchoolProjects/VDDUNRL_TEAM2/VDDUNRL_DJMM/Saved/Collections/' took 0.01s
[2018.07.27-17.34.51:977][  0]LogFileCache: Scanning file cache for directory 'D:/SchoolProjects/VDDUNRL_TEAM2/VDDUNRL_DJMM/Content/Developers/Josh/Collections/' took 0.01s
[2018.07.27-17.34.51:977][  0]LogFileCache: Scanning file cache for directory 'D:/SchoolProjects/VDDUNRL_TEAM2/VDDUNRL_DJMM/Content/Collections/' took 0.01s
[2018.07.27-17.34.51:977][  0]LogCollectionManager: Rebuilt the GUID cache for 0 collections in 0.000001 seconds
[2018.07.27-17.34.51:986][  0]LogContentBrowser: Native class hierarchy populated in 0.0088 seconds. Added 2452 classes and 558 folders.
[2018.07.27-17.34.51:991][  0]LogContentBrowser: Native class hierarchy updated for 'WidgetCarousel' in 0.0002 seconds. Added 0 classes and 0 folders.
[2018.07.27-17.34.52:024][  0]LogContentBrowser: Native class hierarchy updated for 'AddContentDialog' in 0.0002 seconds. Added 0 classes and 0 folders.
[2018.07.27-17.34.52:028][  0]LogContentBrowser: Native class hierarchy updated for 'SceneOutliner' in 0.0002 seconds. Added 1 classes and 2 folders.
[2018.07.27-17.34.52:124][  0]LogContentBrowser: Native class hierarchy updated for 'HierarchicalLODOutliner' in 0.0002 seconds. Added 0 classes and 0 folders.
[2018.07.27-17.34.52:124][  0]LogLoad: (Engine Initialization) Total time: 9.81 seconds
[2018.07.27-17.34.52:124][  0]LogLoad: (Engine Initialization) Total Blueprint compile time: 0.00 seconds
[2018.07.27-17.34.52:489][  0]LogContentStreaming: Texture pool size now 1000 MB
[2018.07.27-17.34.52:491][  0]LogSlate: Took 0.000148 seconds to synchronously load lazily loaded font '../../../Engine/Content/Slate/Fonts/Roboto-Regular.ttf' (155K)
[2018.07.27-17.34.52:493][  0]LogSlate: Took 0.000275 seconds to synchronously load lazily loaded font '../../../Engine/Content/Slate/Fonts/Roboto-Bold.ttf' (160K)
[2018.07.27-17.34.52:498][  0]LogSlate: Took 0.000150 seconds to synchronously load lazily loaded font '../../../Engine/Content/Editor/Slate/Fonts/FontAwesome.ttf' (139K)
[2018.07.27-17.34.52:797][  1]LogRenderer: Reallocating scene render targets to support 768x428 Format 10 NumSamples 1 (Frame:1).
[2018.07.27-17.34.52:797][  1]LogFileCache: Retrieving MD5 hashes for directory 'D:/SchoolProjects/VDDUNRL_TEAM2/VDDUNRL_DJMM/Content/' took 0.32s
[2018.07.27-17.34.53:469][  3]LogSlate: Took 0.000358 seconds to synchronously load lazily loaded font '../../../Engine/Content/Slate/Fonts/Roboto-Light.ttf' (167K)
[2018.07.27-17.34.54:850][  7]LogRenderer: Reallocating scene render targets to support 1236x732 Format 10 NumSamples 1 (Frame:2).
[2018.07.27-17.34.58:745][ 98]LogSlate: FSceneViewport::OnFocusLost() reason 0
[2018.07.27-17.34.59:119][119]LogCollectionManager: Rebuilt the object cache for 0 collections in 0.000000 seconds (found 0 objects)
[2018.07.27-17.35.00:019][155]LogSlate: FSceneViewport::OnFocusLost() reason 0
[2018.07.27-17.35.00:893][182]LogUObjectGlobals: Created PersistentFrame Addr=0x00000296a6456fc0, Size=288, Default__2DSideScrollerCharacter_C Function /Game/2DSideScrollerBP/Blueprints/2DSideScrollerCharacter.2DSideScrollerCharacter_C:ExecuteUbergraph_2DSideScrollerCharacter
[2018.07.27-17.35.00:899][182]LogUObjectGlobals: Destroyed PersistentFrame Addr=0x00000296a6456fc0, Size=288
[2018.07.27-17.35.00:899][182]LogUObjectGlobals: Created PersistentFrame Addr=0x00000296a6456fc0, Size=288, Default__2DSideScrollerCharacter_C Function /Engine/Transient.REINST_2DSideScrollerCharacter_C_3:ExecuteUbergraph_2DSideScrollerCharacter
[2018.07.27-17.35.00:905][182]LogUObjectGlobals: Created PersistentFrame Addr=0x00000296a64560c0, Size=288, Default__2DSideScrollerCharacter_C Function /Game/2DSideScrollerBP/Blueprints/2DSideScrollerCharacter.2DSideScrollerCharacter_C:ExecuteUbergraph_2DSideScrollerCharacter
[2018.07.27-17.35.00:914][182]LogUObjectGlobals: Created PersistentFrame Addr=0x00000296a63faf60, Size=12, Default__2DSideScrollerGameMode_C Function /Game/2DSideScrollerBP/Blueprints/2DSideScrollerGameMode.2DSideScrollerGameMode_C:ExecuteUbergraph_2DSideScrollerGameMode
[2018.07.27-17.35.00:915][182]LogUObjectGlobals: Created PersistentFrame Addr=0x00000296a63faf50, Size=16, Default__GameHUD_C Function /Game/2DSideScrollerBP/Blueprints/GameHUD.GameHUD_C:ExecuteUbergraph_GameHUD
[2018.07.27-17.35.00:916][182]LogUObjectGlobals: Created PersistentFrame Addr=0x00000296a6386dc0, Size=64, Default__UI_InGame_C Function /Game/2DSideScrollerBP/Blueprints/UI_InGame.UI_InGame_C:ExecuteUbergraph_UI_InGame
[2018.07.27-17.35.00:931][182]LogUObjectGlobals: Destroyed PersistentFrame Addr=0x00000296a63faf50, Size=16
[2018.07.27-17.35.00:931][182]LogUObjectGlobals: Created PersistentFrame Addr=0x00000296a63faf50, Size=16, Default__GameHUD_C Function /Engine/Transient.REINST_GameHUD_C_5:ExecuteUbergraph_GameHUD
[2018.07.27-17.35.00:932][182]LogUObjectGlobals: Destroyed PersistentFrame Addr=0x00000296a63faf60, Size=12
[2018.07.27-17.35.00:932][182]LogUObjectGlobals: Created PersistentFrame Addr=0x00000296a63faf60, Size=12, Default__2DSideScrollerGameMode_C Function /Engine/Transient.REINST_2DSideScrollerGameMode_C_6:ExecuteUbergraph_2DSideScrollerGameMode
[2018.07.27-17.35.00:932][182]LogUObjectGlobals: Destroyed PersistentFrame Addr=0x00000296a6386dc0, Size=64
[2018.07.27-17.35.00:932][182]LogUObjectGlobals: Created PersistentFrame Addr=0x00000296a63d7240, Size=64, Default__UI_InGame_C Function /Engine/Transient.REINST_UI_InGame_C_0:ExecuteUbergraph_UI_InGame
[2018.07.27-17.35.00:937][182]LogUObjectGlobals: Created PersistentFrame Addr=0x00000296a63f8e90, Size=16, Default__GameHUD_C Function /Game/2DSideScrollerBP/Blueprints/GameHUD.GameHUD_C:ExecuteUbergraph_GameHUD
[2018.07.27-17.35.00:938][182]LogUObjectGlobals: Created PersistentFrame Addr=0x00000296a63fb610, Size=12, Default__2DSideScrollerGameMode_C Function /Game/2DSideScrollerBP/Blueprints/2DSideScrollerGameMode.2DSideScrollerGameMode_C:ExecuteUbergraph_2DSideScrollerGameMode
[2018.07.27-17.35.00:939][182]LogUObjectGlobals: Created PersistentFrame Addr=0x00000296807ddc00, Size=64, Default__UI_InGame_C Function /Game/2DSideScrollerBP/Blueprints/UI_InGame.UI_InGame_C:ExecuteUbergraph_UI_InGame
[2018.07.27-17.35.00:951][182]LogUObjectGlobals: Created PersistentFrame Addr=0x00000296a637f640, Size=164, Default__BP_Platform_Move_Diagonal_C Function /Game/2DSideScrollerBP/Blueprints/BP_Platform_Move_Diagonal.BP_Platform_Move_Diagonal_C:ExecuteUbergraph_BP_Platform_Move_Diagonal
[2018.07.27-17.35.00:953][182]LogUObjectGlobals: Destroyed PersistentFrame Addr=0x00000296a637f640, Size=164
[2018.07.27-17.35.00:953][182]LogUObjectGlobals: Created PersistentFrame Addr=0x00000296a637f640, Size=164, Default__BP_Platform_Move_Diagonal_C Function /Engine/Transient.REINST_BP_Platform_Move_Diagonal_C_11:ExecuteUbergraph_BP_Platform_Move_Diagonal
[2018.07.27-17.35.00:955][182]LogUObjectGlobals: Created PersistentFrame Addr=0x00000296a637e2c0, Size=164, Default__BP_Platform_Move_Diagonal_C Function /Game/2DSideScrollerBP/Blueprints/BP_Platform_Move_Diagonal.BP_Platform_Move_Diagonal_C:ExecuteUbergraph_BP_Platform_Move_Diagonal
[2018.07.27-17.35.00:958][182]LogUObjectGlobals: Created PersistentFrame Addr=0x00000296a637e740, Size=164, Default__BP_Platform_Move_Horizontal_C Function /Game/2DSideScrollerBP/Blueprints/BP_Platform_Move_Horizontal.BP_Platform_Move_Horizontal_C:ExecuteUbergraph_BP_Platform_Move_Horizontal
[2018.07.27-17.35.00:961][182]LogUObjectGlobals: Destroyed PersistentFrame Addr=0x00000296a637e740, Size=164
[2018.07.27-17.35.00:961][182]LogUObjectGlobals: Created PersistentFrame Addr=0x00000296a637e740, Size=164, Default__BP_Platform_Move_Horizontal_C Function /Engine/Transient.REINST_BP_Platform_Move_Horizontal_C_13:ExecuteUbergraph_BP_Platform_Move_Horizontal
[2018.07.27-17.35.00:962][182]LogUObjectGlobals: Created PersistentFrame Addr=0x00000296a637ca00, Size=164, Default__BP_Platform_Move_Horizontal_C Function /Game/2DSideScrollerBP/Blueprints/BP_Platform_Move_Horizontal.BP_Platform_Move_Horizontal_C:ExecuteUbergraph_BP_Platform_Move_Horizontal
[2018.07.27-17.35.00:965][182]LogUObjectGlobals: Created PersistentFrame Addr=0x00000296a637c7c0, Size=164, Default__BP_Platform_Move_Vertical_C Function /Game/2DSideScrollerBP/Blueprints/BP_Platform_Move_Vertical.BP_Platform_Move_Vertical_C:ExecuteUbergraph_BP_Platform_Move_Vertical
[2018.07.27-17.35.00:967][182]LogUObjectGlobals: Destroyed PersistentFrame Addr=0x00000296a637c7c0, Size=164
[2018.07.27-17.35.00:968][182]LogUObjectGlobals: Created PersistentFrame Addr=0x00000296a637c7c0, Size=164, Default__BP_Platform_Move_Vertical_C Function /Engine/Transient.REINST_BP_Platform_Move_Vertical_C_15:ExecuteUbergraph_BP_Platform_Move_Vertical
[2018.07.27-17.35.00:969][182]LogUObjectGlobals: Created PersistentFrame Addr=0x0000029699684400, Size=164, Default__BP_Platform_Move_Vertical_C Function /Game/2DSideScrollerBP/Blueprints/BP_Platform_Move_Vertical.BP_Platform_Move_Vertical_C:ExecuteUbergraph_BP_Platform_Move_Vertical
[2018.07.27-17.35.00:972][182]LogUObjectGlobals: Created PersistentFrame Addr=0x0000029699687280, Size=164, Default__BP_Platform_Rotate_C Function /Game/2DSideScrollerBP/Blueprints/BP_Platform_Rotate.BP_Platform_Rotate_C:ExecuteUbergraph_BP_Platform_Rotate
[2018.07.27-17.35.00:974][182]LogUObjectGlobals: Destroyed PersistentFrame Addr=0x0000029699687280, Size=164
[2018.07.27-17.35.00:974][182]LogUObjectGlobals: Created PersistentFrame Addr=0x0000029699687280, Size=164, Default__BP_Platform_Rotate_C Function /Engine/Transient.REINST_BP_Platform_Rotate_C_17:ExecuteUbergraph_BP_Platform_Rotate
[2018.07.27-17.35.00:975][182]LogUObjectGlobals: Created PersistentFrame Addr=0x00000296996850c0, Size=164, Default__BP_Platform_Rotate_C Function /Game/2DSideScrollerBP/Blueprints/BP_Platform_Rotate.BP_Platform_Rotate_C:ExecuteUbergraph_BP_Platform_Rotate
[2018.07.27-17.35.00:984][182]LogUObjectGlobals: Created PersistentFrame Addr=0x0000029680766b00, Size=32, Default__BP_Teleporter_Particle_C Function /Game/2DSideScrollerBP/Blueprints/BP_Teleporter_Particle.BP_Teleporter_Particle_C:ExecuteUbergraph_BP_Teleporter_Particle
[2018.07.27-17.35.00:986][182]LogUObjectGlobals: Destroyed PersistentFrame Addr=0x0000029680766b00, Size=32
[2018.07.27-17.35.00:986][182]LogUObjectGlobals: Created PersistentFrame Addr=0x0000029680766b00, Size=32, Default__BP_Teleporter_Particle_C Function /Engine/Transient.REINST_BP_Teleporter_Particle_C_19:ExecuteUbergraph_BP_Teleporter_Particle
[2018.07.27-17.35.00:987][182]LogUObjectGlobals: Created PersistentFrame Addr=0x0000029680766700, Size=32, Default__BP_Teleporter_Particle_C Function /Game/2DSideScrollerBP/Blueprints/BP_Teleporter_Particle.BP_Teleporter_Particle_C:ExecuteUbergraph_BP_Teleporter_Particle
[2018.07.27-17.35.00:995][182]LogUObjectGlobals: Created PersistentFrame Addr=0x00000296806fbe08, Size=56, Default__Collectible_C Function /Game/2DSideScrollerBP/Blueprints/Collectible.Collectible_C:ExecuteUbergraph_Collectible
[2018.07.27-17.35.00:998][182]LogUObjectGlobals: Destroyed PersistentFrame Addr=0x00000296806fbe08, Size=56
[2018.07.27-17.35.00:998][182]LogUObjectGlobals: Created PersistentFrame Addr=0x00000296806fbe08, Size=56, Default__Collectible_C Function /Engine/Transient.REINST_Collectible_C_21:ExecuteUbergraph_Collectible
[2018.07.27-17.35.01:000][182]LogUObjectGlobals: Created PersistentFrame Addr=0x00000296806fb970, Size=56, Default__Collectible_C Function /Game/2DSideScrollerBP/Blueprints/Collectible.Collectible_C:ExecuteUbergraph_Collectible
[2018.07.27-17.35.01:012][182]LogUObjectGlobals: Created PersistentFrame Addr=0x00000296813e7060, Size=136, Default__Level_00_C Function /Game/2DSideScrollerBP/Maps/Level_00.Level_00_C:ExecuteUbergraph_Level_00
[2018.07.27-17.35.01:016][182]LogUObjectGlobals: Destroyed PersistentFrame Addr=0x00000296813e7060, Size=136
[2018.07.27-17.35.01:017][182]LogUObjectGlobals: Created PersistentFrame Addr=0x00000296813b7a60, Size=136, Default__Level_00_C Function /Engine/Transient.REINST_Level_00_C_23:ExecuteUbergraph_Level_00
[2018.07.27-17.35.01:020][182]LogUObjectGlobals: Created PersistentFrame Addr=0x00000296813b5120, Size=136, Default__Level_00_C Function /Game/2DSideScrollerBP/Maps/Level_00.Level_00_C:ExecuteUbergraph_Level_00
[2018.07.27-17.35.01:130][182]LogMaterial: Missing cached shader map for material Teleporter_Particle, compiling. 
[2018.07.27-17.35.01:185][182]LogShaderCompilers: Display: Shaders left to compile 60
[2018.07.27-17.35.01:185][182]LogShaderCompilers: Display: Shaders left to compile 50
[2018.07.27-17.35.01:185][182]LogShaderCompilers: Display: Shaders left to compile 40
[2018.07.27-17.35.01:185][182]LogShaderCompilers: Display: Shaders left to compile 30
[2018.07.27-17.35.01:185][182]LogAIModule: Creating AISystem for world Level_00
[2018.07.27-17.35.01:305][182]LogUObjectGlobals: Destroyed PersistentFrame Addr=0x00000296a63faf60, Size=12
[2018.07.27-17.35.01:305][182]LogUObjectGlobals: Destroyed PersistentFrame Addr=0x00000296a63faf50, Size=16
[2018.07.27-17.35.01:305][182]LogUObjectGlobals: Destroyed PersistentFrame Addr=0x00000296a63d7240, Size=64
[2018.07.27-17.35.01:305][182]LogUObjectGlobals: Destroyed PersistentFrame Addr=0x00000296a637f640, Size=164
[2018.07.27-17.35.01:305][182]LogUObjectGlobals: Destroyed PersistentFrame Addr=0x00000296a637e740, Size=164
[2018.07.27-17.35.01:305][182]LogUObjectGlobals: Destroyed PersistentFrame Addr=0x00000296a637c7c0, Size=164
[2018.07.27-17.35.01:305][182]LogUObjectGlobals: Destroyed PersistentFrame Addr=0x0000029699687280, Size=164
[2018.07.27-17.35.01:305][182]LogUObjectGlobals: Destroyed PersistentFrame Addr=0x0000029680766b00, Size=32
[2018.07.27-17.35.01:305][182]LogUObjectGlobals: Destroyed PersistentFrame Addr=0x00000296806fbe08, Size=56
[2018.07.27-17.35.01:305][182]LogUObjectGlobals: Destroyed PersistentFrame Addr=0x00000296813b7a60, Size=136
[2018.07.27-17.35.01:333][182]LogUObjectGlobals: Destroyed PersistentFrame Addr=0x00000296a6456fc0, Size=288
[2018.07.27-17.35.01:336][182]Cmd: MAP LOAD FILE="../../../../../SchoolProjects/VDDUNRL_TEAM2/VDDUNRL_DJMM/Content/2DSideScrollerBP/Maps/Level_00.umap" TEMPLATE=0 SHOWPROGRESS=1 FEATURELEVEL=3
[2018.07.27-17.35.01:336][182]LightingResults: New page: Lighting Build
[2018.07.27-17.35.01:339][182]LogContentBrowser: Native class hierarchy updated for 'StatsViewer' in 0.0002 seconds. Added 5 classes and 0 folders.
[2018.07.27-17.35.01:340][182]LoadErrors: New page: Loading map: Level_00.umap
[2018.07.27-17.35.01:340][182]MapCheck: New page: Map Check
[2018.07.27-17.35.01:340][182]LightingResults: New page: Lighting Build
[2018.07.27-17.35.01:440][182]LogEditorServer: Finished looking for orphan Actors (0.000 secs)
[2018.07.27-17.35.01:487][182]Cmd: MAP CHECKDEP NOCLEARLOG
[2018.07.27-17.35.01:538][182]MapCheck: Map check complete: 0 Error(s), 0 Warning(s), took 50.127ms to complete.
[2018.07.27-17.35.01:538][182]LogFileHelpers: Loading map 'Level_00' took 0.202
[2018.07.27-17.35.03:893][245]LogShaderCompilers: Display: Shaders left to compile 20
[2018.07.27-17.35.04:254][256]LogShaderCompilers: Display: Shaders left to compile 10
[2018.07.27-17.35.04:501][261]LogAssetRegistry: Asset discovery search completed in 17.6367 seconds
[2018.07.27-17.35.04:504][261]LogCollectionManager: Fixed up redirectors for 0 collections in 0.000005 seconds (updated 0 objects)
[2018.07.27-17.35.35:575][253]LogSlate: FSceneViewport::OnFocusLost() reason 0
[2018.07.27-17.35.53:035][689]LogSlate: Took 0.000263 seconds to synchronously load lazily loaded font '../../../Engine/Content/Slate/Fonts/Roboto-BoldCondensed.ttf' (158K)
[2018.07.27-17.35.53:141][689]LogSlate: Took 0.000206 seconds to synchronously load lazily loaded font '../../../Engine/Content/Slate/Fonts/Roboto-Light.ttf' (167K)
[2018.07.27-17.35.55:781][758]LogRenderer: Reallocating scene render targets to support 2036x1240 Format 10 NumSamples 1 (Frame:70).
[2018.07.27-17.35.57:602][797]LogContentBrowser: Native class hierarchy updated for 'TextureEditor' in 0.0002 seconds. Added 1 classes and 2 folders.
[2018.07.27-17.36.34:523][255]LogSlate: FSceneViewport::OnFocusLost() reason 0
[2018.07.27-17.36.42:280][464]LogSlate: FSceneViewport::OnFocusLost() reason 0
[2018.07.27-17.37.00:802][968]LogSlate: FSceneViewport::OnFocusLost() reason 0
[2018.07.27-17.37.02:072][996]LogEditorFactories: Performing atomic reimport of [C:/Users/Josh/Pictures/platform.png]
[2018.07.27-17.37.02:072][996]LogFactory: FactoryCreateFile: Texture2D with ReimportTextureFactory (0 0 C:/Users/Josh/Pictures/platform.png)
[2018.07.27-17.37.02:114][996]LogTexture: Display: Building textures: 2DBackgroundBlockAtlas (BGRA8, 576X300)
[2018.07.27-17.37.02:128][996]LogEditorFactories: -- imported successfully
[2018.07.27-17.37.37:975][126]LogSlate: FSceneViewport::OnFocusLost() reason 0
[2018.07.27-17.37.51:993][536]LogSlate: Window 'Ledge' being destroyed
[2018.07.27-17.37.52:076][536]LogSlate: Window 'Ledge' being destroyed
[2018.07.27-17.37.54:078][549]LogSlate: Window 'Save Content' being destroyed
[2018.07.27-17.37.54:231][549]LogSlate: Window 'VDDUNRL_DJMM - Unreal Editor' being destroyed
[2018.07.27-17.37.54:231][549]LogWindowsTextInputMethodSystem: Display: IME system now deactivated.
[2018.07.27-17.37.54:443][550]Cmd: QUIT_EDITOR
[2018.07.27-17.37.54:506][550]LogSlate: Slate User Destroyed.  User Index 0, Is Virtual User: 0
[2018.07.27-17.37.54:507][550]LogExit: Preparing to exit.
[2018.07.27-17.37.54:630][550]LogDirectoryWatcher: A directory notification for 'D:/SchoolProjects/VDDUNRL_TEAM2/VDDUNRL_DJMM/Content/' was aborted.
[2018.07.27-17.37.54:647][550]LogExit: Editor shut down
[2018.07.27-17.37.54:649][550]LogExit: Transaction tracking system shut down
[2018.07.27-17.37.54:650][550]LogUObjectGlobals: Destroyed PersistentFrame Addr=0x00000296a64560c0, Size=288
[2018.07.27-17.37.54:650][550]LogUObjectGlobals: Destroyed PersistentFrame Addr=0x00000296a63f8e90, Size=16
[2018.07.27-17.37.54:650][550]LogUObjectGlobals: Destroyed PersistentFrame Addr=0x00000296a63fb610, Size=12
[2018.07.27-17.37.54:650][550]LogUObjectGlobals: Destroyed PersistentFrame Addr=0x00000296807ddc00, Size=64
[2018.07.27-17.37.54:650][550]LogUObjectGlobals: Destroyed PersistentFrame Addr=0x00000296a637e2c0, Size=164
[2018.07.27-17.37.54:650][550]LogUObjectGlobals: Destroyed PersistentFrame Addr=0x00000296a637ca00, Size=164
[2018.07.27-17.37.54:650][550]LogUObjectGlobals: Destroyed PersistentFrame Addr=0x0000029699684400, Size=164
[2018.07.27-17.37.54:650][550]LogUObjectGlobals: Destroyed PersistentFrame Addr=0x00000296996850c0, Size=164
[2018.07.27-17.37.54:650][550]LogUObjectGlobals: Destroyed PersistentFrame Addr=0x0000029680766700, Size=32
[2018.07.27-17.37.54:650][550]LogUObjectGlobals: Destroyed PersistentFrame Addr=0x00000296806fb970, Size=56
[2018.07.27-17.37.54:651][550]LogUObjectGlobals: Destroyed PersistentFrame Addr=0x00000296813b5120, Size=136
[2018.07.27-17.37.54:718][550]LogDirectoryWatcher: A directory notification for '../../../Engine/Content/' was aborted.
[2018.07.27-17.37.54:718][550]LogDirectoryWatcher: A directory notification for '../../../../../SchoolProjects/VDDUNRL_TEAM2/VDDUNRL_DJMM/Content/' was aborted.
[2018.07.27-17.37.54:718][550]LogDirectoryWatcher: A directory notification for '../../Plugins/2D/Paper2D/Content/' was aborted.
[2018.07.27-17.37.54:718][550]LogDirectoryWatcher: A directory notification for '../../Plugins/Enterprise/DatasmithContent/Content/' was aborted.
[2018.07.27-17.37.54:718][550]LogDirectoryWatcher: A directory notification for '../../Plugins/Media/MediaCompositing/Content/' was aborted.
[2018.07.27-17.37.54:719][550]LogDirectoryWatcher: A directory notification for '../../Plugins/Runtime/AppleARKit/Content/' was aborted.
[2018.07.27-17.37.54:719][550]LogDirectoryWatcher: A directory notification for '../../Plugins/Runtime/Oculus/OculusVR/Content/' was aborted.
[2018.07.27-17.37.54:719][550]LogDirectoryWatcher: A directory notification for '../../Plugins/Runtime/Steam/SteamVR/Content/' was aborted.
[2018.07.27-17.37.54:775][550]LogExit: Object subsystem successfully closed.
[2018.07.27-17.37.54:822][550]LogShaderCompilers: Display: Shaders left to compile 0
[2018.07.27-17.37.54:825][550]LogD3D11RHI: Shutdown
[2018.07.27-17.37.54:825][550]LogD3D11RHI: CleanupD3DDevice
[2018.07.27-17.37.54:827][550]LogD3D11RHI: ~FD3D11DynamicRHI
[2018.07.27-17.37.54:839][550]LogModuleManager: Shutting down and abandoning module TextureEditor (576)
[2018.07.27-17.37.54:839][550]LogModuleManager: Shutting down and abandoning module StatsViewer (574)
[2018.07.27-17.37.54:839][550]LogModuleManager: Shutting down and abandoning module HierarchicalLODOutliner (572)
[2018.07.27-17.37.54:839][550]LogModuleManager: Shutting down and abandoning module SceneOutliner (570)
[2018.07.27-17.37.54:839][550]LogModuleManager: Shutting down and abandoning module AddContentDialog (568)
[2018.07.27-17.37.54:839][550]LogDirectoryWatcher: A directory notification for 'D:/Epic Games/UE_4.19/FeaturePacks/' was aborted.
[2018.07.27-17.37.54:840][550]LogModuleManager: Shutting down and abandoning module WidgetCarousel (567)
[2018.07.27-17.37.54:840][550]LogModuleManager: Shutting down and abandoning module EditorWidgets (564)
[2018.07.27-17.37.54:840][550]LogModuleManager: Shutting down and abandoning module CollectionManager (562)
[2018.07.27-17.37.54:840][550]LogDirectoryWatcher: A directory notification for 'D:/SchoolProjects/VDDUNRL_TEAM2/VDDUNRL_DJMM/Content/Collections/' was aborted.
[2018.07.27-17.37.54:840][550]LogDirectoryWatcher: A directory notification for 'D:/SchoolProjects/VDDUNRL_TEAM2/VDDUNRL_DJMM/Content/Developers/Josh/Collections/' was aborted.
[2018.07.27-17.37.54:840][550]LogDirectoryWatcher: A directory notification for 'D:/SchoolProjects/VDDUNRL_TEAM2/VDDUNRL_DJMM/Saved/Collections/' was aborted.
[2018.07.27-17.37.54:840][550]LogModuleManager: Shutting down and abandoning module FoliageEdit (560)
[2018.07.27-17.37.54:840][550]LogModuleManager: Shutting down and abandoning module LandscapeEditor (558)
[2018.07.27-17.37.54:840][550]LogModuleManager: Shutting down and abandoning module MeshPaintMode (556)
[2018.07.27-17.37.54:840][550]LogModuleManager: Shutting down and abandoning module SceneDepthPickerMode (554)
[2018.07.27-17.37.54:840][550]LogModuleManager: Shutting down and abandoning module ActorPickerMode (552)
[2018.07.27-17.37.54:840][550]LogModuleManager: Shutting down and abandoning module GeometryMode (550)
[2018.07.27-17.37.54:840][550]LogModuleManager: Shutting down and abandoning module TextureAlignMode (548)
[2018.07.27-17.37.54:840][550]LogModuleManager: Shutting down and abandoning module BspMode (546)
[2018.07.27-17.37.54:840][550]LogModuleManager: Shutting down and abandoning module PIEPreviewDeviceProfileSelector (544)
[2018.07.27-17.37.54:840][550]LogModuleManager: Shutting down and abandoning module HardwareSurvey (542)
[2018.07.27-17.37.54:840][550]LogModuleManager: Shutting down and abandoning module SequenceRecorderSections (540)
[2018.07.27-17.37.54:840][550]LogModuleManager: Shutting down and abandoning module AutomationWorker (538)
[2018.07.27-17.37.54:840][550]LogModuleManager: Shutting down and abandoning module AudioCaptureEditor (536)
[2018.07.27-17.37.54:840][550]LogModuleManager: Shutting down and abandoning module SequenceRecorder (535)
[2018.07.27-17.37.54:840][550]LogModuleManager: Shutting down and abandoning module MatineeToLevelSequence (532)
[2018.07.27-17.37.54:840][550]LogModuleManager: Shutting down and abandoning module LevelSequenceEditor (530)
[2018.07.27-17.37.54:841][550]LogModuleManager: Shutting down and abandoning module PlacementMode (529)
[2018.07.27-17.37.54:841][550]LogModuleManager: Shutting down and abandoning module MaterialEditor (528)
[2018.07.27-17.37.54:841][550]LogModuleManager: Shutting down and abandoning module WmfMediaFactory (524)
[2018.07.27-17.37.54:841][550]LogModuleManager: Shutting down and abandoning module WmfMediaEditor (522)
[2018.07.27-17.37.54:841][550]LogModuleManager: Shutting down and abandoning module MediaPlayerEditor (520)
[2018.07.27-17.37.54:841][550]LogModuleManager: Shutting down and abandoning module OpenExrWrapper (518)
[2018.07.27-17.37.54:841][550]LogModuleManager: Shutting down and abandoning module ImgMediaFactory (516)
[2018.07.27-17.37.54:841][550]LogModuleManager: Shutting down and abandoning module ImgMediaEditor (514)
[2018.07.27-17.37.54:841][550]LogModuleManager: Shutting down and abandoning module AvfMediaFactory (512)
[2018.07.27-17.37.54:841][550]LogModuleManager: Shutting down and abandoning module AvfMediaEditor (510)
[2018.07.27-17.37.54:841][550]LogModuleManager: Shutting down and abandoning module AndroidMediaFactory (508)
[2018.07.27-17.37.54:841][550]LogModuleManager: Shutting down and abandoning module AndroidMediaEditor (506)
[2018.07.27-17.37.54:841][550]LogModuleManager: Shutting down and abandoning module CharacterAI (504)
[2018.07.27-17.37.54:841][550]LogModuleManager: Shutting down and abandoning module SmartSnapping (502)
[2018.07.27-17.37.54:841][550]LogModuleManager: Shutting down and abandoning module SessionServices (500)
[2018.07.27-17.37.54:841][550]LogModuleManager: Shutting down and abandoning module ViewportSnapping (498)
[2018.07.27-17.37.54:841][550]LogModuleManager: Shutting down and abandoning module ViewportInteraction (496)
[2018.07.27-17.37.54:841][550]LogModuleManager: Shutting down and abandoning module ClothPainter (494)
[2018.07.27-17.37.54:841][550]LogModuleManager: Shutting down and abandoning module SkeletalMeshEditor (493)
[2018.07.27-17.37.54:841][550]LogModuleManager: Shutting down and abandoning module LogVisualizer (490)
[2018.07.27-17.37.54:841][550]LogModuleManager: Shutting down and abandoning module IntroTutorials (488)
[2018.07.27-17.37.54:841][550]LogModuleManager: Shutting down and abandoning module GameProjectGeneration (487)
[2018.07.27-17.37.54:841][550]LogModuleManager: Shutting down and abandoning module IOSPlatformEditor (484)
[2018.07.27-17.37.54:841][550]LogModuleManager: Shutting down and abandoning module HTML5PlatformEditor (482)
[2018.07.27-17.37.54:841][550]LogModuleManager: Shutting down and abandoning module AndroidPlatformEditor (480)
[2018.07.27-17.37.54:841][550]LogModuleManager: Shutting down and abandoning module AndroidDeviceDetection (479)
[2018.07.27-17.37.55:350][550]LogModuleManager: Shutting down and abandoning module WindowsPlatformEditor (476)
[2018.07.27-17.37.55:350][550]LogModuleManager: Shutting down and abandoning module IOSRuntimeSettings (474)
[2018.07.27-17.37.55:350][550]LogModuleManager: Shutting down and abandoning module AndroidRuntimeSettings (472)
[2018.07.27-17.37.55:350][550]LogModuleManager: Shutting down and abandoning module InputBindingEditor (470)
[2018.07.27-17.37.55:350][550]LogModuleManager: Shutting down and abandoning module MergeActors (468)
[2018.07.27-17.37.55:350][550]LogModuleManager: Shutting down and abandoning module LocalizationDashboard (466)
[2018.07.27-17.37.55:350][550]LogModuleManager: Shutting down and abandoning module LocalizationService (465)
[2018.07.27-17.37.55:350][550]LogModuleManager: Shutting down and abandoning module HardwareTargeting (462)
[2018.07.27-17.37.55:350][550]LogModuleManager: Shutting down and abandoning module DeviceProfileEditor (460)
[2018.07.27-17.37.55:350][550]LogModuleManager: Shutting down and abandoning module UndoHistory (458)
[2018.07.27-17.37.55:350][550]LogModuleManager: Shutting down and abandoning module XmlParser (456)
[2018.07.27-17.37.55:350][550]LogModuleManager: Shutting down and abandoning module Blutility (454)
[2018.07.27-17.37.55:350][550]LogModuleManager: Shutting down and abandoning module ProjectSettingsViewer (452)
[2018.07.27-17.37.55:350][550]LogModuleManager: Shutting down and abandoning module ProjectTargetPlatformEditor (451)
[2018.07.27-17.37.55:351][550]LogModuleManager: Shutting down and abandoning module EditorSettingsViewer (448)
[2018.07.27-17.37.55:351][550]LogModuleManager: Shutting down and abandoning module SettingsEditor (446)
[2018.07.27-17.37.55:351][550]LogModuleManager: Shutting down and abandoning module ProjectLauncher (444)
[2018.07.27-17.37.55:351][550]LogModuleManager: Shutting down and abandoning module SessionFrontend (442)
[2018.07.27-17.37.55:351][550]LogModuleManager: Shutting down and abandoning module ProfilerClient (440)
[2018.07.27-17.37.55:351][550]LogModuleManager: Shutting down and abandoning module DeviceManager (438)
[2018.07.27-17.37.55:351][550]LogModuleManager: Shutting down and abandoning module TargetDeviceServices (437)
[2018.07.27-17.37.55:406][550]LogModuleManager: Shutting down and abandoning module AutomationController (434)
[2018.07.27-17.37.55:406][550]LogModuleManager: Shutting down and abandoning module AutomationWindow (432)
[2018.07.27-17.37.55:406][550]LogModuleManager: Shutting down and abandoning module Layers (430)
[2018.07.27-17.37.55:406][550]LogModuleManager: Shutting down and abandoning module ComponentVisualizers (428)
[2018.07.27-17.37.55:406][550]LogModuleManager: Shutting down and abandoning module DetailCustomizations (426)
[2018.07.27-17.37.55:406][550]LogModuleManager: Shutting down and abandoning module PackagesDialog (424)
[2018.07.27-17.37.55:406][550]LogModuleManager: Shutting down and abandoning module Persona (422)
[2018.07.27-17.37.55:406][550]LogModuleManager: Shutting down and abandoning module AdvancedPreviewScene (421)
[2018.07.27-17.37.55:406][550]LogModuleManager: Shutting down and abandoning module AnimGraph (419)
[2018.07.27-17.37.55:406][550]LogModuleManager: Shutting down and abandoning module Kismet (416)
[2018.07.27-17.37.55:406][550]LogModuleManager: Shutting down and abandoning module GraphEditor (414)
[2018.07.27-17.37.55:406][550]LogModuleManager: Shutting down and abandoning module ClassViewer (412)
[2018.07.27-17.37.55:407][550]LogModuleManager: Shutting down and abandoning module Toolbox (410)
[2018.07.27-17.37.55:407][550]LogModuleManager: Shutting down and abandoning module ModuleUI (408)
[2018.07.27-17.37.55:407][550]LogModuleManager: Shutting down and abandoning module MovieSceneTools (406)
[2018.07.27-17.37.55:407][550]LogModuleManager: Shutting down and abandoning module OutputLog (404)
[2018.07.27-17.37.55:407][550]LogModuleManager: Shutting down and abandoning module GammaUI (402)
[2018.07.27-17.37.55:407][550]LogModuleManager: Shutting down and abandoning module Documentation (400)
[2018.07.27-17.37.55:407][550]LogModuleManager: Shutting down and abandoning module MovieSceneTracks (398)
[2018.07.27-17.37.55:407][550]LogModuleManager: Shutting down and abandoning module MovieScene (396)
[2018.07.27-17.37.55:407][550]LogModuleManager: Shutting down and abandoning module StreamingPauseRendering (394)
[2018.07.27-17.37.55:407][550]LogModuleManager: Shutting down and abandoning module LauncherPlatform (392)
[2018.07.27-17.37.55:407][550]LogModuleManager: Shutting down and abandoning module AnalyticsET (390)
[2018.07.27-17.37.55:407][550]LogModuleManager: Shutting down and abandoning module PortalServices (388)
[2018.07.27-17.37.55:407][550]LogModuleManager: Shutting down and abandoning module PortalRpc (386)
[2018.07.27-17.37.55:407][550]LogModuleManager: Shutting down and abandoning module MessagingRpc (384)
[2018.07.27-17.37.55:407][550]LogModuleManager: Shutting down and abandoning module AIModule (382)
[2018.07.27-17.37.55:407][550]LogModuleManager: Shutting down and abandoning module GameplayDebugger (381)
[2018.07.27-17.37.55:407][550]LogModuleManager: Shutting down and abandoning module AITestSuite (379)
[2018.07.27-17.37.55:407][550]LogModuleManager: Shutting down and abandoning module DesktopPlatform (376)
[2018.07.27-17.37.55:407][550]LogModuleManager: Shutting down and abandoning module ProfilerService (374)
[2018.07.27-17.37.55:479][550]LogModuleManager: Shutting down and abandoning module TaskGraph (372)
[2018.07.27-17.37.55:479][550]LogModuleManager: Shutting down and abandoning module SteamVRController (370)
[2018.07.27-17.37.55:479][550]LogModuleManager: Shutting down and abandoning module ProceduralMeshComponentEditor (368)
[2018.07.27-17.37.55:479][550]LogModuleManager: Shutting down and abandoning module ProceduralMeshComponent (366)
[2018.07.27-17.37.55:479][550]LogModuleManager: Shutting down and abandoning module OculusInput (364)
[2018.07.27-17.37.55:479][550]LogModuleManager: Shutting down and abandoning module MobilePatchingUtils (362)
[2018.07.27-17.37.55:479][550]LogModuleManager: Shutting down and abandoning module CustomMeshComponent (360)
[2018.07.27-17.37.55:479][550]LogModuleManager: Shutting down and abandoning module CableComponent (358)
[2018.07.27-17.37.55:479][550]LogModuleManager: Shutting down and abandoning module AudioCapture (356)
[2018.07.27-17.37.55:479][550]LogModuleManager: Shutting down and abandoning module ArchVisCharacter (354)
[2018.07.27-17.37.55:479][550]LogModuleManager: Shutting down and abandoning module AndroidPermission (352)
[2018.07.27-17.37.55:479][550]LogModuleManager: Shutting down and abandoning module NUTUnrealEngine4 (348)
[2018.07.27-17.37.55:479][550]LogModuleManager: Shutting down and abandoning module NetcodeUnitTest (346)
[2018.07.27-17.37.55:479][550]LogModuleManager: Shutting down and abandoning module MediaCompositingEditor (344)
[2018.07.27-17.37.55:480][550]LogModuleManager: Shutting down and abandoning module MediaCompositing (342)
[2018.07.27-17.37.55:480][550]LogModuleManager: Shutting down and abandoning module LinearTimecode (340)
[2018.07.27-17.37.55:480][550]LogModuleManager: Shutting down and abandoning module ImgMedia (338)
[2018.07.27-17.37.55:483][550]LogModuleManager: Shutting down and abandoning module HTML5Networking (336)
[2018.07.27-17.37.55:483][550]LogModuleManager: Shutting down and abandoning module AlembicImporter (334)
[2018.07.27-17.37.55:483][550]LogModuleManager: Shutting down and abandoning module AlembicLibrary (333)
[2018.07.27-17.37.55:483][550]LogModuleManager: Shutting down and abandoning module GeometryCache (332)
[2018.07.27-17.37.55:483][550]LogModuleManager: Shutting down and abandoning module GeometryCacheEd (331)
[2018.07.27-17.37.55:483][550]LogModuleManager: Shutting down and abandoning module DatasmithContent (326)
[2018.07.27-17.37.55:483][550]LogModuleManager: Shutting down and abandoning module SpeedTreeImporter (324)
[2018.07.27-17.37.55:483][550]LogModuleManager: Shutting down and abandoning module PluginBrowser (322)
[2018.07.27-17.37.55:484][550]LogModuleManager: Shutting down and abandoning module MobileLauncherProfileWizard (320)
[2018.07.27-17.37.55:484][550]LogModuleManager: Shutting down and abandoning module CryptoKeysOpenSSL (318)
[2018.07.27-17.37.55:484][550]LogModuleManager: Shutting down and abandoning module CryptoKeys (316)
[2018.07.27-17.37.55:484][550]LogModuleManager: Shutting down and abandoning module VisualStudioSourceCodeAccess (314)
[2018.07.27-17.37.55:484][550]LogModuleManager: Shutting down and abandoning module VisualStudioCodeSourceCodeAccess (312)
[2018.07.27-17.37.55:484][550]LogModuleManager: Shutting down and abandoning module UObjectPlugin (310)
[2018.07.27-17.37.55:484][550]LogModuleManager: Shutting down and abandoning module SubversionSourceControl (308)
[2018.07.27-17.37.55:484][550]LogModuleManager: Shutting down and abandoning module PerforceSourceControl (306)
[2018.07.27-17.37.55:484][550]LogModuleManager: Shutting down and abandoning module GitSourceControl (304)
[2018.07.27-17.37.55:484][550]LogModuleManager: Shutting down and abandoning module SourceControl (303)
[2018.07.27-17.37.55:484][550]LogModuleManager: Shutting down and abandoning module CLionSourceCodeAccess (300)
[2018.07.27-17.37.55:484][550]LogModuleManager: Shutting down and abandoning module LightPropagationVolumeEditor (298)
[2018.07.27-17.37.55:484][550]LogModuleManager: Shutting down and abandoning module PaperTiledImporter (296)
[2018.07.27-17.37.55:484][550]LogModuleManager: Shutting down and abandoning module PaperSpriteSheetImporter (294)
[2018.07.27-17.37.55:484][550]LogModuleManager: Shutting down and abandoning module Paper2DEditor (292)
[2018.07.27-17.37.55:484][550]LogModuleManager: Shutting down and abandoning module MeshPaint (291)
[2018.07.27-17.37.55:484][550]LogModuleManager: Shutting down and abandoning module RuntimePhysXCooking (288)
[2018.07.27-17.37.55:484][550]LogModuleManager: Shutting down and abandoning module PhysXVehiclesEditor (286)
[2018.07.27-17.37.55:484][550]LogModuleManager: Shutting down and abandoning module PhysXVehicles (284)
[2018.07.27-17.37.55:484][550]LogModuleManager: Shutting down and abandoning module OculusEditor (282)
[2018.07.27-17.37.55:484][550]LogModuleManager: Shutting down and abandoning module LocationServicesBPLibrary (280)
[2018.07.27-17.37.55:484][550]LogModuleManager: Shutting down and abandoning module ImmediatePhysicsEditor (278)
[2018.07.27-17.37.55:484][550]LogModuleManager: Shutting down and abandoning module ImmediatePhysics (276)
[2018.07.27-17.37.55:484][550]LogModuleManager: Shutting down and abandoning module ActorSequence (274)
[2018.07.27-17.37.55:484][550]LogModuleManager: Shutting down and abandoning module UdpMessaging (272)
[2018.07.27-17.37.55:585][550]LogModuleManager: Shutting down and abandoning module TcpMessaging (270)
[2018.07.27-17.37.55:686][550]LogModuleManager: Shutting down and abandoning module GameplayTagsEditor (268)
[2018.07.27-17.37.55:686][550]LogModuleManager: Shutting down and abandoning module FacialAnimationEditor (266)
[2018.07.27-17.37.55:686][550]LogModuleManager: Shutting down and abandoning module FacialAnimation (264)
[2018.07.27-17.37.55:686][550]LogModuleManager: Shutting down and abandoning module DataValidation (262)
[2018.07.27-17.37.55:686][550]LogModuleManager: Shutting down and abandoning module AssetManagerEditor (260)
[2018.07.27-17.37.55:686][550]LogModuleManager: Shutting down and abandoning module LevelEditor (259)
[2018.07.27-17.37.55:687][550]LogModuleManager: Shutting down and abandoning module PixelInspectorModule (258)
[2018.07.27-17.37.55:687][550]LogModuleManager: Shutting down and abandoning module CommonMenuExtensions (256)
[2018.07.27-17.37.55:687][550]LogModuleManager: Shutting down and abandoning module MainFrame (254)
[2018.07.27-17.37.55:687][550]LogModuleManager: Shutting down and abandoning module HotReload (253)
[2018.07.27-17.37.55:688][550]LogModuleManager: Shutting down and abandoning module ContentBrowser (249)
[2018.07.27-17.37.55:689][550]LogModuleManager: Shutting down and abandoning module TreeMap (247)
[2018.07.27-17.37.55:689][550]LogModuleManager: Shutting down and abandoning module LightPropagationVolumeRuntime (244)
[2018.07.27-17.37.55:689][550]LogModuleManager: Shutting down and abandoning module LiveLinkEditor (242)
[2018.07.27-17.37.55:689][550]LogModuleManager: Shutting down and abandoning module LiveLink (240)
[2018.07.27-17.37.56:313][550]LogModuleManager: Shutting down and abandoning module Paper2D (238)
[2018.07.27-17.37.56:314][550]LogModuleManager: Shutting down and abandoning module WindowsMoviePlayer (236)
[2018.07.27-17.37.56:314][550]LogModuleManager: Shutting down and abandoning module WmfMedia (234)
[2018.07.27-17.37.56:319][550]LogModuleManager: Shutting down and abandoning module Media (233)
[2018.07.27-17.37.56:326][550]LogModuleManager: Shutting down and abandoning module PacketHandler (230)
[2018.07.27-17.37.56:326][550]LogModuleManager: Shutting down and abandoning module ClothingSystemEditor (228)
[2018.07.27-17.37.56:327][550]LogModuleManager: Shutting down and abandoning module ClothingSystemRuntime (226)
[2018.07.27-17.37.56:327][550]LogModuleManager: Shutting down and abandoning module MediaAssets (224)
[2018.07.27-17.37.56:327][550]LogModuleManager: Shutting down and abandoning module Overlay (222)
[2018.07.27-17.37.56:327][550]LogModuleManager: Shutting down and abandoning module OverlayEditor (221)
[2018.07.27-17.37.56:327][550]LogModuleManager: Shutting down and abandoning module VREditor (218)
[2018.07.27-17.37.56:327][550]LogModuleManager: Shutting down and abandoning module StringTableEditor (216)
[2018.07.27-17.37.56:327][550]LogModuleManager: Shutting down and abandoning module GameplayTasksEditor (214)
[2018.07.27-17.37.56:327][550]LogModuleManager: Shutting down and abandoning module BehaviorTreeEditor (212)
[2018.07.27-17.37.56:327][550]LogModuleManager: Shutting down and abandoning module FunctionalTesting (210)
[2018.07.27-17.37.56:327][550]LogModuleManager: Shutting down and abandoning module CollisionAnalyzer (208)
[2018.07.27-17.37.56:327][550]LogModuleManager: Shutting down and abandoning module WorkspaceMenuStructure (207)
[2018.07.27-17.37.56:327][550]LogModuleManager: Shutting down and abandoning module UMG (204)
[2018.07.27-17.37.56:327][550]LogModuleManager: Shutting down and abandoning module UMGEditor (203)
[2018.07.27-17.37.56:327][550]LogModuleManager: Shutting down and abandoning module Sequencer (202)
[2018.07.27-17.37.56:327][550]LogModuleManager: Shutting down and abandoning module MessageLog (199)
[2018.07.27-17.37.56:327][550]LogModuleManager: Shutting down and abandoning module SlateReflector (194)
[2018.07.27-17.37.56:327][550]LogModuleManager: Shutting down and abandoning module Slate (192)
[2018.07.27-17.37.56:327][550]LogModuleManager: Shutting down and abandoning module EditorStyle (190)
[2018.07.27-17.37.56:330][550]LogModuleManager: Shutting down and abandoning module MRMesh (188)
[2018.07.27-17.37.56:330][550]LogModuleManager: Shutting down and abandoning module SourceCodeAccess (186)
[2018.07.27-17.37.56:330][550]LogModuleManager: Shutting down and abandoning module HeadMountedDisplay (184)
[2018.07.27-17.37.56:330][550]LogModuleManager: Shutting down and abandoning module XAudio2 (182)
[2018.07.27-17.37.56:330][550]LogModuleManager: Shutting down and abandoning module Networking (180)
[2018.07.27-17.37.56:330][550]LogModuleManager: Shutting down and abandoning module Core (178)
[2018.07.27-17.37.56:330][550]LogModuleManager: Shutting down and abandoning module LevelSequence (176)
[2018.07.27-17.37.56:330][550]LogModuleManager: Shutting down and abandoning module KismetCompiler (174)
[2018.07.27-17.37.56:330][550]LogModuleManager: Shutting down and abandoning module MeshUtilities (172)
[2018.07.27-17.37.56:330][550]LogModuleManager: Shutting down and abandoning module MeshMergeUtilities (171)
[2018.07.27-17.37.56:330][550]LogModuleManager: Shutting down and abandoning module MeshReductionInterface (170)
[2018.07.27-17.37.56:330][550]LogModuleManager: Shutting down and abandoning module SimplygonSwarm (169)
[2018.07.27-17.37.56:330][550]LogModuleManager: Shutting down and abandoning module SimplygonMeshReduction (167)
[2018.07.27-17.37.56:330][550]LogModuleManager: Shutting down and abandoning module QuadricMeshReduction (165)
[2018.07.27-17.37.56:330][550]LogModuleManager: Shutting down and abandoning module MaterialBaking (161)
[2018.07.27-17.37.56:330][550]LogModuleManager: Shutting down and abandoning module DirectoryWatcher (157)
[2018.07.27-17.37.56:331][550]LogModuleManager: Shutting down and abandoning module DerivedDataCache (154)
[2018.07.27-17.37.56:374][550]LogDerivedDataCache: Shutdown
[2018.07.27-17.37.56:375][550]LogModuleManager: Shutting down and abandoning module XGEController (152)
[2018.07.27-17.37.56:375][550]LogModuleManager: Shutting down and abandoning module TargetPlatform (150)
[2018.07.27-17.37.56:375][550]LogModuleManager: Shutting down and abandoning module VulkanShaderFormat (149)
[2018.07.27-17.37.56:375][550]LogModuleManager: Shutting down and abandoning module ShaderFormatVectorVM (147)
[2018.07.27-17.37.56:375][550]LogModuleManager: Shutting down and abandoning module ShaderFormatOpenGL (145)
[2018.07.27-17.37.56:375][550]LogModuleManager: Shutting down and abandoning module ShaderFormatD3D (143)
[2018.07.27-17.37.56:375][550]LogModuleManager: Shutting down and abandoning module MetalShaderFormat (141)
[2018.07.27-17.37.56:375][550]LogModuleManager: Shutting down and abandoning module TextureFormatUncompressed (139)
[2018.07.27-17.37.56:375][550]LogModuleManager: Shutting down and abandoning module TextureFormatPVR (137)
[2018.07.27-17.37.56:375][550]LogModuleManager: Shutting down and abandoning module TextureFormatDXT (135)
[2018.07.27-17.37.56:375][550]LogModuleManager: Shutting down and abandoning module TextureFormatIntelISPCTexComp (133)
[2018.07.27-17.37.56:375][550]LogModuleManager: Shutting down and abandoning module TextureFormatASTC (131)
[2018.07.27-17.37.56:375][550]LogModuleManager: Shutting down and abandoning module ImageWrapper (130)
[2018.07.27-17.37.56:375][550]LogModuleManager: Shutting down and abandoning module TextureFormatAndroid (127)
[2018.07.27-17.37.56:375][550]LogModuleManager: Shutting down and abandoning module AudioFormatOpus (125)
[2018.07.27-17.37.56:375][550]LogModuleManager: Shutting down and abandoning module AudioFormatOgg (123)
[2018.07.27-17.37.56:375][550]LogModuleManager: Shutting down and abandoning module AudioFormatADPCM (121)
[2018.07.27-17.37.56:375][550]LogModuleManager: Shutting down and abandoning module LinuxTargetPlatform (119)
[2018.07.27-17.37.56:375][550]LogModuleManager: Shutting down and abandoning module LinuxServerTargetPlatform (117)
[2018.07.27-17.37.56:375][550]LogModuleManager: Shutting down and abandoning module LinuxNoEditorTargetPlatform (115)
[2018.07.27-17.37.56:375][550]LogModuleManager: Shutting down and abandoning module LinuxClientTargetPlatform (113)
[2018.07.27-17.37.56:375][550]LogModuleManager: Shutting down and abandoning module TVOSTargetPlatform (111)
[2018.07.27-17.37.56:375][550]LogModuleManager: Shutting down and abandoning module Messaging (109)
[2018.07.27-17.37.56:375][550]LogModuleManager: Shutting down and abandoning module IOSTargetPlatform (107)
[2018.07.27-17.37.56:375][550]LogModuleManager: Shutting down and abandoning module HTML5TargetPlatform (105)
[2018.07.27-17.37.56:375][550]LogModuleManager: Shutting down and abandoning module AndroidTargetPlatform (103)
[2018.07.27-17.37.56:375][550]LogModuleManager: Shutting down and abandoning module Android_PVRTCTargetPlatform (101)
[2018.07.27-17.37.56:375][550]LogModuleManager: Shutting down and abandoning module Android_MultiTargetPlatform (99)
[2018.07.27-17.37.56:375][550]LogModuleManager: Shutting down and abandoning module Android_ETC2TargetPlatform (97)
[2018.07.27-17.37.56:375][550]LogModuleManager: Shutting down and abandoning module Android_ETC1TargetPlatform (95)
[2018.07.27-17.37.56:375][550]LogModuleManager: Shutting down and abandoning module Android_ETC1aTargetPlatform (93)
[2018.07.27-17.37.56:375][550]LogModuleManager: Shutting down and abandoning module Android_DXTTargetPlatform (91)
[2018.07.27-17.37.56:376][550]LogModuleManager: Shutting down and abandoning module Android_ATCTargetPlatform (89)
[2018.07.27-17.37.56:376][550]LogModuleManager: Shutting down and abandoning module Android_ASTCTargetPlatform (87)
[2018.07.27-17.37.56:376][550]LogModuleManager: Shutting down and abandoning module WindowsTargetPlatform (85)
[2018.07.27-17.37.56:376][550]LogModuleManager: Shutting down and abandoning module WindowsServerTargetPlatform (83)
[2018.07.27-17.37.56:376][550]LogModuleManager: Shutting down and abandoning module WindowsNoEditorTargetPlatform (81)
[2018.07.27-17.37.56:376][550]LogModuleManager: Shutting down and abandoning module WindowsClientTargetPlatform (79)
[2018.07.27-17.37.56:376][550]LogModuleManager: Shutting down and abandoning module MacTargetPlatform (77)
[2018.07.27-17.37.56:376][550]LogModuleManager: Shutting down and abandoning module MacServerTargetPlatform (75)
[2018.07.27-17.37.56:376][550]LogModuleManager: Shutting down and abandoning module MacNoEditorTargetPlatform (73)
[2018.07.27-17.37.56:376][550]LogModuleManager: Shutting down and abandoning module MacClientTargetPlatform (71)
[2018.07.27-17.37.56:376][550]LogModuleManager: Shutting down and abandoning module AllDesktopTargetPlatform (69)
[2018.07.27-17.37.56:376][550]LogModuleManager: Shutting down and abandoning module InputCore (66)
[2018.07.27-17.37.56:376][550]LogModuleManager: Shutting down and abandoning module Settings (64)
[2018.07.27-17.37.56:376][550]LogModuleManager: Shutting down and abandoning module PhysXCooking (62)
[2018.07.27-17.37.56:376][550]LogModuleManager: Shutting down and abandoning module SteamVR (60)
[2018.07.27-17.37.56:376][550]LogModuleManager: Shutting down and abandoning module OculusHMD (58)
[2018.07.27-17.37.56:376][550]LogModuleManager: Shutting down and abandoning module ExampleDeviceProfileSelector (56)
[2018.07.27-17.37.56:376][550]LogModuleManager: Shutting down and abandoning module AppleARKit (54)
[2018.07.27-17.37.56:376][550]LogModuleManager: Shutting down and abandoning module AugmentedReality (51)
[2018.07.27-17.37.56:376][550]LogModuleManager: Shutting down and abandoning module OnlineBlueprintSupport (48)
[2018.07.27-17.37.56:376][550]LogModuleManager: Shutting down and abandoning module OnlineSubsystem (44)
[2018.07.27-17.37.56:376][550]LogModuleManager: Shutting down and abandoning module XMPP (43)
[2018.07.27-17.37.56:376][550]LogModuleManager: Shutting down and abandoning module HTTP (41)
[2018.07.27-17.37.56:376][550]LogHttp: Display: Http module shutting down, but needs to wait on 1 outstanding Http requests:
[2018.07.27-17.37.56:376][550]LogHttp: Display: 	verb=[POST] url=[https://datarouter.ol.epicgames.com/datarouter/api/v1/public/data?SessionID=%7BBD565B7E-4881-60F3-3E91-538A88AA259A%7D&AppID=UEEditor.Rocket.Release&AppVersion=4.19.2-4033788%2B%2B%2BUE4%2BRelease-4.19&UserID=ba79a8de4dbbce18967c89baeb8f0762%7C7624fa5da86c4e9795c7a199063cb3d0%7Cc9bb19f9-c1e0-46b7-bdb2-8fa3e75bbd60&AppEnvironment=datacollector-binary&UploadType=eteventstream] status=Processing
[2018.07.27-17.37.56:399][550]LogModuleManager: Shutting down and abandoning module SSL (40)
[2018.07.27-17.37.56:401][550]LogModuleManager: Shutting down and abandoning module AnimationModifiers (36)
[2018.07.27-17.37.56:401][550]LogModuleManager: Shutting down and abandoning module PropertyEditor (35)
[2018.07.27-17.37.56:401][550]LogModuleManager: Shutting down and abandoning module AudioEditor (32)
[2018.07.27-17.37.56:401][550]LogModuleManager: Shutting down and abandoning module TextureCompressor (30)
[2018.07.27-17.37.56:401][550]LogModuleManager: Shutting down and abandoning module ShaderCore (28)
[2018.07.27-17.37.56:401][550]LogModuleManager: Shutting down and abandoning module Landscape (26)
[2018.07.27-17.37.56:401][550]LogModuleManager: Shutting down and abandoning module SlateRHIRenderer (24)
[2018.07.27-17.37.56:402][550]LogModuleManager: Shutting down and abandoning module OpenGLDrv (22)
[2018.07.27-17.37.56:402][550]LogModuleManager: Shutting down and abandoning module D3D11RHI (20)
[2018.07.27-17.37.56:402][550]LogModuleManager: Shutting down and abandoning module AnimGraphRuntime (18)
[2018.07.27-17.37.56:402][550]LogModuleManager: Shutting down and abandoning module Renderer (16)
[2018.07.27-17.37.56:402][550]LogModuleManager: Shutting down and abandoning module Engine (14)
[2018.07.27-17.37.56:402][550]LogModuleManager: Shutting down and abandoning module CoreUObject (12)
[2018.07.27-17.37.56:402][550]LogModuleManager: Shutting down and abandoning module NetworkFile (10)
[2018.07.27-17.37.56:402][550]LogModuleManager: Shutting down and abandoning module CookedIterativeFile (8)
[2018.07.27-17.37.56:402][550]LogModuleManager: Shutting down and abandoning module StreamingFile (6)
[2018.07.27-17.37.56:403][550]LogModuleManager: Shutting down and abandoning module SandboxFile (4)
[2018.07.27-17.37.56:403][550]LogModuleManager: Shutting down and abandoning module PakFile (2)
[2018.07.27-17.37.56:413][550]LogExit: Exiting.
[2018.07.27-17.37.56:456][550]Log file closed, 07/27/18 13:37:56
