Log file open, 08/02/18 15:52:38
LogWindows: Failed to load 'aqProf.dll' (GetLastError=126)
LogWindows: File 'aqProf.dll' does not exist
LogWindows: Failed to load 'VtuneApi.dll' (GetLastError=126)
LogWindows: File 'VtuneApi.dll' does not exist
LogWindows: Failed to load 'VtuneApi32e.dll' (GetLastError=126)
LogWindows: File 'VtuneApi32e.dll' does not exist
LogInit: Display: Running engine for game: VDDUNRL_DJMM
LogPlatformFile: Not using cached read wrapper
LogInit: Display: RandInit(1453468055) SRandInit(1453468055).
LogInit: Read version file with build ID '3944462'
LogInit: Overriding engine version to CL 4033788, compatible CL 3944462
LogInit: Registered custom module enumerator with build ID '3944462'
LogTaskGraph: Started task graph with 5 named threads and 23 total threads with 3 sets of task threads.
LogStats: Stats thread started at 0.282982
LogD3D11RHI: Aftermath initialized
LogICUInternationalization: Display: ICU TimeZone Detection - Raw Offset: -5:00, Platform Override: ''
LogModuleManager: Display: Found up-to-date module file ../../../Engine/Plugins/2D/Paper2D/Binaries/Win64/UE4Editor-Paper2D.dll (API version 3944462).
LogModuleManager: Display: Found up-to-date module file ../../../Engine/Plugins/2D/Paper2D/Binaries/Win64/UE4Editor-Paper2DEditor.dll (API version 3944462).
LogModuleManager: Display: Found up-to-date module file ../../../Engine/Plugins/2D/Paper2D/Binaries/Win64/UE4Editor-PaperSpriteSheetImporter.dll (API version 3944462).
LogModuleManager: Display: Found up-to-date module file ../../../Engine/Plugins/2D/Paper2D/Binaries/Win64/UE4Editor-PaperTiledImporter.dll (API version 3944462).
LogModuleManager: Display: Found up-to-date module file ../../../Engine/Plugins/2D/Paper2D/Binaries/Win64/UE4Editor-SmartSnapping.dll (API version 3944462).
LogModuleManager: Display: Found up-to-date module file ../../../Engine/Plugins/Blendables/LightPropagationVolume/Binaries/Win64/UE4Editor-LightPropagationVolumeRuntime.dll (API version 3944462).
LogModuleManager: Display: Found up-to-date module file ../../../Engine/Plugins/Blendables/LightPropagationVolume/Binaries/Win64/UE4Editor-LightPropagationVolumeEditor.dll (API version 3944462).
LogModuleManager: Display: Found up-to-date module file ../../../Engine/Plugins/Developer/CLionSourceCodeAccess/Binaries/Win64/UE4Editor-CLionSourceCodeAccess.dll (API version 3944462).
LogModuleManager: Display: Found up-to-date module file ../../../Engine/Plugins/Developer/GitSourceControl/Binaries/Win64/UE4Editor-GitSourceControl.dll (API version 3944462).
LogModuleManager: Display: Found up-to-date module file ../../../Engine/Plugins/Developer/PerforceSourceControl/Binaries/Win64/UE4Editor-PerforceSourceControl.dll (API version 3944462).
LogModuleManager: Display: Found up-to-date module file ../../../Engine/Plugins/Developer/SubversionSourceControl/Binaries/Win64/UE4Editor-SubversionSourceControl.dll (API version 3944462).
LogModuleManager: Display: Found up-to-date module file ../../../Engine/Plugins/Developer/UObjectPlugin/Binaries/Win64/UE4Editor-UObjectPlugin.dll (API version 3944462).
LogModuleManager: Display: Found up-to-date module file ../../../Engine/Plugins/Developer/VisualStudioCodeSourceCodeAccess/Binaries/Win64/UE4Editor-VisualStudioCodeSourceCodeAccess.dll (API version 3944462).
LogModuleManager: Display: Found up-to-date module file ../../../Engine/Plugins/Developer/VisualStudioSourceCodeAccess/Binaries/Win64/UE4Editor-VisualStudioSourceCodeAccess.dll (API version 3944462).
LogModuleManager: Display: Found up-to-date module file ../../../Engine/Plugins/Editor/AssetManagerEditor/Binaries/Win64/UE4Editor-AssetManagerEditor.dll (API version 3944462).
LogModuleManager: Display: Found up-to-date module file ../../../Engine/Plugins/Editor/CryptoKeys/Binaries/Win64/UE4Editor-CryptoKeys.dll (API version 3944462).
LogModuleManager: Display: Found up-to-date module file ../../../Engine/Plugins/Editor/CryptoKeys/Binaries/Win64/UE4Editor-CryptoKeysOpenSSL.dll (API version 3944462).
LogModuleManager: Display: Found up-to-date module file ../../../Engine/Plugins/Editor/DataValidation/Binaries/Win64/UE4Editor-DataValidation.dll (API version 3944462).
LogModuleManager: Display: Found up-to-date module file ../../../Engine/Plugins/Editor/FacialAnimation/Binaries/Win64/UE4Editor-FacialAnimation.dll (API version 3944462).
LogModuleManager: Display: Found up-to-date module file ../../../Engine/Plugins/Editor/FacialAnimation/Binaries/Win64/UE4Editor-FacialAnimationEditor.dll (API version 3944462).
LogModuleManager: Display: Found up-to-date module file ../../../Engine/Plugins/Editor/GameplayTagsEditor/Binaries/Win64/UE4Editor-GameplayTagsEditor.dll (API version 3944462).
LogModuleManager: Display: Found up-to-date module file ../../../Engine/Plugins/Editor/MobileLauncherProfileWizard/Binaries/Win64/UE4Editor-MobileLauncherProfileWizard.dll (API version 3944462).
LogModuleManager: Display: Found up-to-date module file ../../../Engine/Plugins/Editor/PluginBrowser/Binaries/Win64/UE4Editor-PluginBrowser.dll (API version 3944462).
LogModuleManager: Display: Found up-to-date module file ../../../Engine/Plugins/Editor/SpeedTreeImporter/Binaries/Win64/UE4Editor-SpeedTreeImporter.dll (API version 3944462).
LogModuleManager: Display: Found up-to-date module file ../../../Engine/Plugins/Enterprise/DatasmithContent/Binaries/Win64/UE4Editor-DatasmithContent.dll (API version 3944462).
LogModuleManager: Display: Found up-to-date module file ../../../Engine/Plugins/Experimental/AlembicImporter/Binaries/Win64/UE4Editor-AlembicImporter.dll (API version 3944462).
LogModuleManager: Display: Found up-to-date module file ../../../Engine/Plugins/Experimental/AlembicImporter/Binaries/Win64/UE4Editor-AlembicLibrary.dll (API version 3944462).
LogModuleManager: Display: Found up-to-date module file ../../../Engine/Plugins/Experimental/CharacterAI/Binaries/Win64/UE4Editor-CharacterAI.dll (API version 3944462).
LogModuleManager: Display: Found up-to-date module file ../../../Engine/Plugins/Experimental/HTML5Networking/Binaries/Win64/UE4Editor-HTML5Networking.dll (API version 3944462).
LogModuleManager: Display: Found up-to-date module file ../../../Engine/Plugins/Media/AndroidMedia/Binaries/Win64/UE4Editor-AndroidMediaEditor.dll (API version 3944462).
LogModuleManager: Display: Found up-to-date module file ../../../Engine/Plugins/Media/AndroidMedia/Binaries/Win64/UE4Editor-AndroidMediaFactory.dll (API version 3944462).
LogModuleManager: Display: Found up-to-date module file ../../../Engine/Plugins/Media/AvfMedia/Binaries/Win64/UE4Editor-AvfMediaEditor.dll (API version 3944462).
LogModuleManager: Display: Found up-to-date module file ../../../Engine/Plugins/Media/AvfMedia/Binaries/Win64/UE4Editor-AvfMediaFactory.dll (API version 3944462).
LogModuleManager: Display: Found up-to-date module file ../../../Engine/Plugins/Media/AvfMedia/Binaries/Win64/UE4Editor-AvfMediaFactory.dll (API version 3944462).
LogModuleManager: Display: Found up-to-date module file ../../../Engine/Plugins/Media/ImgMedia/Binaries/Win64/UE4Editor-ImgMedia.dll (API version 3944462).
LogModuleManager: Display: Found up-to-date module file ../../../Engine/Plugins/Media/ImgMedia/Binaries/Win64/UE4Editor-ImgMediaEditor.dll (API version 3944462).
LogModuleManager: Display: Found up-to-date module file ../../../Engine/Plugins/Media/ImgMedia/Binaries/Win64/UE4Editor-ImgMediaFactory.dll (API version 3944462).
LogModuleManager: Display: Found up-to-date module file ../../../Engine/Plugins/Media/ImgMedia/Binaries/Win64/UE4Editor-ImgMediaFactory.dll (API version 3944462).
LogModuleManager: Display: Found up-to-date module file ../../../Engine/Plugins/Media/ImgMedia/Binaries/Win64/UE4Editor-OpenExrWrapper.dll (API version 3944462).
LogModuleManager: Display: Found up-to-date module file ../../../Engine/Plugins/Media/LinearTimecode/Binaries/Win64/UE4Editor-LinearTimecode.dll (API version 3944462).
LogModuleManager: Display: Found up-to-date module file ../../../Engine/Plugins/Media/MediaCompositing/Binaries/Win64/UE4Editor-MediaCompositing.dll (API version 3944462).
LogModuleManager: Display: Found up-to-date module file ../../../Engine/Plugins/Media/MediaCompositing/Binaries/Win64/UE4Editor-MediaCompositingEditor.dll (API version 3944462).
LogModuleManager: Display: Found up-to-date module file ../../../Engine/Plugins/Media/MediaPlayerEditor/Binaries/Win64/UE4Editor-MediaPlayerEditor.dll (API version 3944462).
LogModuleManager: Display: Found up-to-date module file ../../../Engine/Plugins/Media/WmfMedia/Binaries/Win64/UE4Editor-WmfMedia.dll (API version 3944462).
LogModuleManager: Display: Found up-to-date module file ../../../Engine/Plugins/Media/WmfMedia/Binaries/Win64/UE4Editor-WmfMediaEditor.dll (API version 3944462).
LogModuleManager: Display: Found up-to-date module file ../../../Engine/Plugins/Media/WmfMedia/Binaries/Win64/UE4Editor-WmfMediaFactory.dll (API version 3944462).
LogModuleManager: Display: Found up-to-date module file ../../../Engine/Plugins/Media/WmfMedia/Binaries/Win64/UE4Editor-WmfMediaFactory.dll (API version 3944462).
LogModuleManager: Display: Found up-to-date module file ../../../Engine/Plugins/Messaging/TcpMessaging/Binaries/Win64/UE4Editor-TcpMessaging.dll (API version 3944462).
LogModuleManager: Display: Found up-to-date module file ../../../Engine/Plugins/Messaging/UdpMessaging/Binaries/Win64/UE4Editor-UdpMessaging.dll (API version 3944462).
LogModuleManager: Display: Found up-to-date module file ../../../Engine/Plugins/MovieScene/ActorSequence/Binaries/Win64/UE4Editor-ActorSequence.dll (API version 3944462).
LogModuleManager: Display: Found up-to-date module file ../../../Engine/Plugins/MovieScene/LevelSequenceEditor/Binaries/Win64/UE4Editor-LevelSequenceEditor.dll (API version 3944462).
LogModuleManager: Display: Found up-to-date module file ../../../Engine/Plugins/MovieScene/MatineeToLevelSequence/Binaries/Win64/UE4Editor-MatineeToLevelSequence.dll (API version 3944462).
LogModuleManager: Display: Found up-to-date module file ../../../Engine/Plugins/NetcodeUnitTest/NetcodeUnitTest/Binaries/Win64/UE4Editor-NetcodeUnitTest.dll (API version 3944462).
LogModuleManager: Display: Found up-to-date module file ../../../Engine/Plugins/NetcodeUnitTest/NUTUnrealEngine4/Binaries/Win64/UE4Editor-NUTUnrealEngine4.dll (API version 3944462).
LogModuleManager: Display: Found up-to-date module file ../../../Engine/Plugins/Online/OnlineSubsystem/Binaries/Win64/UE4Editor-OnlineSubsystem.dll (API version 3944462).
LogModuleManager: Display: Found up-to-date module file ../../../Engine/Plugins/Runtime/AndroidPermission/Binaries/Win64/UE4Editor-AndroidPermission.dll (API version 3944462).
LogModuleManager: Display: Found up-to-date module file ../../../Engine/Plugins/Online/OnlineSubsystemNull/Binaries/Win64/UE4Editor-OnlineSubsystemNull.dll (API version 3944462).
LogModuleManager: Display: Found up-to-date module file ../../../Engine/Plugins/Online/OnlineSubsystemUtils/Binaries/Win64/UE4Editor-OnlineSubsystemUtils.dll (API version 3944462).
LogModuleManager: Display: Found up-to-date module file ../../../Engine/Plugins/Online/OnlineSubsystemUtils/Binaries/Win64/UE4Editor-OnlineBlueprintSupport.dll (API version 3944462).
LogModuleManager: Display: Found up-to-date module file ../../../Engine/Plugins/Runtime/AndroidDeviceProfileSelector/Binaries/Win64/UE4Editor-AndroidDeviceProfileSelector.dll (API version 3944462).
LogModuleManager: Display: Found up-to-date module file ../../../Engine/Plugins/Runtime/AppleARKit/Binaries/Win64/UE4Editor-AppleARKit.dll (API version 3944462).
LogModuleManager: Display: Found up-to-date module file ../../../Engine/Plugins/Runtime/ProceduralMeshComponent/Binaries/Win64/UE4Editor-ProceduralMeshComponent.dll (API version 3944462).
LogModuleManager: Display: Found up-to-date module file ../../../Engine/Plugins/Runtime/ProceduralMeshComponent/Binaries/Win64/UE4Editor-ProceduralMeshComponentEditor.dll (API version 3944462).
LogModuleManager: Display: Found up-to-date module file ../../../Engine/Plugins/Animation/LiveLink/Binaries/Win64/UE4Editor-LiveLink.dll (API version 3944462).
LogModuleManager: Display: Found up-to-date module file ../../../Engine/Plugins/Animation/LiveLink/Binaries/Win64/UE4Editor-LiveLinkEditor.dll (API version 3944462).
LogModuleManager: Display: Found up-to-date module file ../../../Engine/Plugins/Runtime/ArchVisCharacter/Binaries/Win64/UE4Editor-ArchVisCharacter.dll (API version 3944462).
LogModuleManager: Display: Found up-to-date module file ../../../Engine/Plugins/Runtime/AudioCapture/Binaries/Win64/UE4Editor-AudioCapture.dll (API version 3944462).
LogModuleManager: Display: Found up-to-date module file ../../../Engine/Plugins/Runtime/AudioCapture/Binaries/Win64/UE4Editor-AudioCaptureEditor.dll (API version 3944462).
LogModuleManager: Display: Found up-to-date module file ../../../Engine/Plugins/Runtime/CableComponent/Binaries/Win64/UE4Editor-CableComponent.dll (API version 3944462).
LogModuleManager: Display: Found up-to-date module file ../../../Engine/Plugins/Runtime/CustomMeshComponent/Binaries/Win64/UE4Editor-CustomMeshComponent.dll (API version 3944462).
LogModuleManager: Display: Found up-to-date module file ../../../Engine/Plugins/Runtime/ExampleDeviceProfileSelector/Binaries/Win64/UE4Editor-ExampleDeviceProfileSelector.dll (API version 3944462).
LogModuleManager: Display: Found up-to-date module file ../../../Engine/Plugins/Runtime/ImmediatePhysics/Binaries/Win64/UE4Editor-ImmediatePhysics.dll (API version 3944462).
LogModuleManager: Display: Found up-to-date module file ../../../Engine/Plugins/Runtime/ImmediatePhysics/Binaries/Win64/UE4Editor-ImmediatePhysicsEditor.dll (API version 3944462).
LogModuleManager: Display: Found up-to-date module file ../../../Engine/Plugins/Runtime/LocationServicesBPLibrary/Binaries/Win64/UE4Editor-LocationServicesBPLibrary.dll (API version 3944462).
LogModuleManager: Display: Found up-to-date module file ../../../Engine/Plugins/Runtime/MobilePatchingUtils/Binaries/Win64/UE4Editor-MobilePatchingUtils.dll (API version 3944462).
LogModuleManager: Display: Found up-to-date module file ../../../Engine/Plugins/Runtime/Oculus/OculusVR/Binaries/Win64/UE4Editor-OculusHMD.dll (API version 3944462).
LogModuleManager: Display: Found up-to-date module file ../../../Engine/Plugins/Runtime/Oculus/OculusVR/Binaries/Win64/UE4Editor-OculusInput.dll (API version 3944462).
LogModuleManager: Display: Found up-to-date module file ../../../Engine/Plugins/Runtime/Oculus/OculusVR/Binaries/Win64/UE4Editor-OculusEditor.dll (API version 3944462).
LogModuleManager: Display: Found up-to-date module file ../../../Engine/Plugins/Runtime/PhysXVehicles/Binaries/Win64/UE4Editor-PhysXVehicles.dll (API version 3944462).
LogModuleManager: Display: Found up-to-date module file ../../../Engine/Plugins/Runtime/PhysXVehicles/Binaries/Win64/UE4Editor-PhysXVehiclesEditor.dll (API version 3944462).
LogModuleManager: Display: Found up-to-date module file ../../../Engine/Plugins/Runtime/RuntimePhysXCooking/Binaries/Win64/UE4Editor-RuntimePhysXCooking.dll (API version 3944462).
LogModuleManager: Display: Found up-to-date module file ../../../Engine/Plugins/Runtime/Steam/SteamVR/Binaries/Win64/UE4Editor-SteamVR.dll (API version 3944462).
LogModuleManager: Display: Found up-to-date module file ../../../Engine/Plugins/Runtime/Steam/SteamVR/Binaries/Win64/UE4Editor-SteamVRController.dll (API version 3944462).
LogModuleManager: Display: Found up-to-date module file ../../../Engine/Plugins/Runtime/WindowsMoviePlayer/Binaries/Win64/UE4Editor-WindowsMoviePlayer.dll (API version 3944462).
LogPluginManager: Mounting plugin Paper2D
LogPluginManager: Mounting plugin LiveLink
LogPluginManager: Mounting plugin LightPropagationVolume
LogPluginManager: Mounting plugin CLionSourceCodeAccess
LogPluginManager: Mounting plugin CodeLiteSourceCodeAccess
LogPluginManager: Mounting plugin GitSourceControl
LogPluginManager: Mounting plugin KDevelopSourceCodeAccess
LogPluginManager: Mounting plugin NullSourceCodeAccess
LogPluginManager: Mounting plugin PerforceSourceControl
LogPluginManager: Mounting plugin SubversionSourceControl
LogPluginManager: Mounting plugin UObjectPlugin
LogPluginManager: Mounting plugin VisualStudioCodeSourceCodeAccess
LogPluginManager: Mounting plugin VisualStudioSourceCodeAccess
LogPluginManager: Mounting plugin XCodeSourceCodeAccess
LogPluginManager: Mounting plugin AssetManagerEditor
LogPluginManager: Mounting plugin CryptoKeys
LogPluginManager: Mounting plugin DataValidation
LogPluginManager: Mounting plugin FacialAnimation
LogPluginManager: Mounting plugin GameplayTagsEditor
LogPluginManager: Mounting plugin MobileLauncherProfileWizard
LogPluginManager: Mounting plugin PluginBrowser
LogPluginManager: Mounting plugin SpeedTreeImporter
LogPluginManager: Mounting plugin DatasmithContent
LogPluginManager: Mounting plugin AlembicImporter
LogPluginManager: Mounting plugin CharacterAI
LogPluginManager: Mounting plugin HTML5Networking
LogPluginManager: Mounting plugin AndroidMedia
LogPluginManager: Mounting plugin AvfMedia
LogPluginManager: Mounting plugin ImgMedia
LogPluginManager: Mounting plugin LinearTimecode
LogPluginManager: Mounting plugin MediaCompositing
LogPluginManager: Mounting plugin MediaPlayerEditor
LogPluginManager: Mounting plugin WmfMedia
LogPluginManager: Mounting plugin TcpMessaging
LogPluginManager: Mounting plugin UdpMessaging
LogPluginManager: Mounting plugin ActorSequence
LogPluginManager: Mounting plugin LevelSequenceEditor
LogPluginManager: Mounting plugin MatineeToLevelSequence
LogPluginManager: Mounting plugin NetcodeUnitTest
LogPluginManager: Mounting plugin NUTUnrealEngine4
LogPluginManager: Mounting plugin OnlineSubsystemGooglePlay
LogPluginManager: Mounting plugin OnlineSubsystemIOS
LogPluginManager: Mounting plugin OnlineSubsystem
LogPluginManager: Mounting plugin OnlineSubsystemNull
LogPluginManager: Mounting plugin OnlineSubsystemUtils
LogPluginManager: Mounting plugin AndroidDeviceProfileSelector
LogPluginManager: Mounting plugin AndroidMoviePlayer
LogPluginManager: Mounting plugin AndroidPermission
LogPluginManager: Mounting plugin AppleARKit
LogPluginManager: Mounting plugin AppleMoviePlayer
LogPluginManager: Mounting plugin ArchVisCharacter
LogPluginManager: Mounting plugin AudioCapture
LogPluginManager: Mounting plugin CableComponent
LogPluginManager: Mounting plugin CustomMeshComponent
LogPluginManager: Mounting plugin ExampleDeviceProfileSelector
LogPluginManager: Mounting plugin GoogleCloudMessaging
LogPluginManager: Mounting plugin ImmediatePhysics
LogPluginManager: Mounting plugin IOSDeviceProfileSelector
LogPluginManager: Mounting plugin LinuxDeviceProfileSelector
LogPluginManager: Mounting plugin LocationServicesBPLibrary
LogPluginManager: Mounting plugin MobilePatchingUtils
LogPluginManager: Mounting plugin OculusVR
LogPluginManager: Plugin shader directory ../../../Engine/Plugins/Runtime/Oculus/OculusVR/Shaders found
LogPluginManager: Mapping shader source directory ../../../Engine/Plugins/Runtime/Oculus/OculusVR/Shaders to virtual directory /Plugin/OculusVR
LogPluginManager: Mounting plugin PhysXVehicles
LogPluginManager: Mounting plugin ProceduralMeshComponent
LogPluginManager: Mounting plugin RuntimePhysXCooking
LogPluginManager: Mounting plugin SteamVR
LogPluginManager: Mounting plugin WindowsMoviePlayer
LogStreaming: Display: Took  0.722s to configure plugins.
LogInit: Using libcurl 7.47.1
LogInit:  - built for x86_64-pc-win32
LogInit:  - supports SSL with OpenSSL/1.0.2g
LogInit:  - supports HTTP deflate (compression) using libz 1.2.8
LogInit:  - other features:
LogInit:      CURL_VERSION_SSL
LogInit:      CURL_VERSION_LIBZ
LogInit:      CURL_VERSION_IPV6
LogInit:      CURL_VERSION_ASYNCHDNS
LogInit:      CURL_VERSION_LARGEFILE
LogInit:      CURL_VERSION_IDN
LogInit:  CurlRequestOptions (configurable via config and command line):
LogInit:  - bVerifyPeer = false  - Libcurl will NOT verify peer certificate
LogInit:  - bUseHttpProxy = false  - Libcurl will NOT use HTTP proxy
LogInit:  - bDontReuseConnections = false  - Libcurl will reuse connections
LogInit:  - CertBundlePath = nullptr  - Libcurl will use whatever was configured at build time.
LogInit:  - MaxHostConnections = 16  - Libcurl will limit the number of connections to a host
LogInit:  - LocalHostAddr = Default
LogInit: WinSock: version 1.1 (2.2), MaxSocks=32767, MaxUdp=65467
LogInit: WinSock: I am DESKTOP-HOHFF1J (10.4.107.27:0)
LogInit: Build: ++UE4+Release-4.19-CL-4033788
LogInit: Engine Version: 4.19.2-4033788+++UE4+Release-4.19
LogInit: Compatible Engine Version: 4.19.0-3944462+++UE4+Release-4.19
LogInit: Net CL: 3944462
LogDevObjectVersion: Number of dev versions registered: 18
LogDevObjectVersion:   Dev-Blueprints (B0D832E4-1F89-4F0D-ACCF-7EB736FD4AA2): 10
LogDevObjectVersion:   Dev-Build (E1C64328-A22C-4D53-A36C-8E866417BD8C): 0
LogDevObjectVersion:   Dev-Core (375EC13C-06E4-48FB-B500-84F0262A717E): 2
LogDevObjectVersion:   Dev-Editor (E4B068ED-F494-42E9-A231-DA0B2E46BB41): 23
LogDevObjectVersion:   Dev-Framework (CFFC743F-43B0-4480-9391-14DF171D2073): 33
LogDevObjectVersion:   Dev-Mobile (B02B49B5-BB20-44E9-A304-32B752E40360): 2
LogDevObjectVersion:   Dev-Networking (A4E4105C-59A1-49B5-A7C5-40C4547EDFEE): 0
LogDevObjectVersion:   Dev-Online (39C831C9-5AE6-47DC-9A44-9C173E1C8E7C): 0
LogDevObjectVersion:   Dev-Physics (78F01B33-EBEA-4F98-B9B4-84EACCB95AA2): 0
LogDevObjectVersion:   Dev-Platform (6631380F-2D4D-43E0-8009-CF276956A95A): 0
LogDevObjectVersion:   Dev-Rendering (12F88B9F-8875-4AFC-A67C-D90C383ABD29): 25
LogDevObjectVersion:   Dev-Sequencer (7B5AE74C-D270-4C10-A958-57980B212A5A): 6
LogDevObjectVersion:   Dev-VR (D7296918-1DD6-4BDD-9DE2-64A83CC13884): 1
LogDevObjectVersion:   Dev-LoadTimes (C2A15278-BFE7-4AFE-6C17-90FF531DF755): 1
LogDevObjectVersion:   Private-Geometry (6EACA3D4-40EC-4CC1-B786-8BED09428FC5): 2
LogDevObjectVersion:   Dev-AnimPhys (29E575DD-E0A3-4627-9D10-D276232CDCEA): 16
LogDevObjectVersion:   Dev-ReflectionCapture (6B266CEC-1EC7-4B8F-A30B-E4D90942FC07): 1
LogDevObjectVersion:   Dev-Automation (0DF73D61-A23F-47EA-B727-89E90C41499A): 1
LogInit: Compiled (64-bit): Apr 27 2018 02:06:57
LogInit: Compiled with Visual C++: 19.00.24215.01
LogInit: Build Configuration: Development
LogInit: Branch Name: ++UE4+Release-4.19
LogInit: Command Line:  
LogInit: Base Directory: D:/Programs/Epic Games/UE_4.19/Engine/Binaries/Win64/
LogInit: Installed Engine Build: 1
LogStreaming: Display: Took  0.002s to delete old logs.
LogInit: Presizing for max 8388607 objects, including 0 objects not considered by GC, pre-allocating 0 bytes for permanent pool.
LogInit: Object subsystem initialized
[2018.08.02-19.52.39:026][  0]LogInit: Selected Device Profile: [Windows]
[2018.08.02-19.52.39:026][  0]LogInit: Applying CVar settings loaded from the selected device profile: [Windows]
[2018.08.02-19.52.39:038][  0]LogInit: Computer: DESKTOP-HOHFF1J
[2018.08.02-19.52.39:038][  0]LogInit: User: Luke
[2018.08.02-19.52.39:038][  0]LogInit: CPU Page size=4096, Cores=4
[2018.08.02-19.52.39:038][  0]LogInit: High frequency timer resolution =2.742191 MHz
[2018.08.02-19.52.39:038][  0]LogMemory: Memory total: Physical=15.9GB (16GB approx)
[2018.08.02-19.52.39:038][  0]LogMemory: Platform Memory Stats for Windows
[2018.08.02-19.52.39:038][  0]LogMemory: Process Physical Memory: 275.45 MB used, 275.45 MB peak
[2018.08.02-19.52.39:038][  0]LogMemory: Process Virtual Memory: 272.87 MB used, 272.87 MB peak
[2018.08.02-19.52.39:038][  0]LogMemory: Physical Memory: 5412.27 MB used,  10844.76 MB free, 16257.03 MB total
[2018.08.02-19.52.39:038][  0]LogMemory: Virtual Memory: 4802.19 MB used,  10844.76 MB free, 134217728.00 MB total
[2018.08.02-19.52.39:271][  0]LogInit: Using OS detected language (en-US).
[2018.08.02-19.52.39:271][  0]LogInit: Using OS detected locale (en-US).
[2018.08.02-19.52.39:273][  0]LogTextLocalizationManager: No specific localization for 'en-US' exists, so the 'en' localization will be used.
[2018.08.02-19.52.39:783][  0]LogStreaming: Display: Took  0.511s to EndInitTextLocalization.
[2018.08.02-19.52.39:783][  0]LogInit: Setting process to per monitor DPI aware
[2018.08.02-19.52.39:818][  0]LogSlate: New Slate User Created.  User Index 0, Is Virtual User: 0
[2018.08.02-19.52.39:818][  0]LogSlate: Slate User Registered.  User Index 0, Is Virtual User: 0
[2018.08.02-19.52.40:015][  0]LogD3D11RHI: D3D11 adapters:
[2018.08.02-19.52.40:069][  0]LogD3D11RHI:    0. 'NVIDIA GeForce GTX 1070' (Feature Level 11_0)
[2018.08.02-19.52.40:069][  0]LogD3D11RHI:       8081/0/8128 MB DedicatedVideo/DedicatedSystem/SharedSystem, Outputs:1, VendorId:0x10de
[2018.08.02-19.52.40:077][  0]LogD3D11RHI:    1. 'Intel(R) HD Graphics 630' (Feature Level 11_0)
[2018.08.02-19.52.40:077][  0]LogD3D11RHI:       128/0/8128 MB DedicatedVideo/DedicatedSystem/SharedSystem, Outputs:0, VendorId:0x8086
[2018.08.02-19.52.40:079][  0]LogD3D11RHI:    2. 'Microsoft Basic Render Driver' (Feature Level 11_0)
[2018.08.02-19.52.40:079][  0]LogD3D11RHI:       0/0/8128 MB DedicatedVideo/DedicatedSystem/SharedSystem, Outputs:0, VendorId:0x1414
[2018.08.02-19.52.40:079][  0]LogD3D11RHI: Chosen D3D11 Adapter: 0
[2018.08.02-19.52.40:086][  0]LogD3D11RHI: Creating new Direct3DDevice
[2018.08.02-19.52.40:086][  0]LogD3D11RHI:     GPU DeviceId: 0x1be1 (for the marketing name, search the web for "GPU Device Id")
[2018.08.02-19.52.40:086][  0]LogWindows: EnumDisplayDevices:
[2018.08.02-19.52.40:086][  0]LogWindows:    0. 'NVIDIA GeForce GTX 1070' (P:1 D:1)
[2018.08.02-19.52.40:086][  0]LogWindows:    1. 'NVIDIA GeForce GTX 1070' (P:0 D:0)
[2018.08.02-19.52.40:086][  0]LogWindows:    2. 'NVIDIA GeForce GTX 1070' (P:0 D:0)
[2018.08.02-19.52.40:087][  0]LogWindows:    3. 'NVIDIA GeForce GTX 1070' (P:0 D:0)
[2018.08.02-19.52.40:087][  0]LogWindows:    4. 'Intel(R) HD Graphics 630' (P:0 D:0)
[2018.08.02-19.52.40:087][  0]LogWindows:    5. 'Intel(R) HD Graphics 630' (P:0 D:0)
[2018.08.02-19.52.40:087][  0]LogWindows:    6. 'Intel(R) HD Graphics 630' (P:0 D:0)
[2018.08.02-19.52.40:087][  0]LogWindows: DebugString: GetVideoDriverDetailsInvalid PrimaryIsNotTheChoosenAdapter GetVideoDriverDetailsInvalid PrimaryIsNotTheChoosenAdapter GetVideoDriverDetailsInvalid PrimaryIsNotTheChoosenAdapter GetVideoDriverDetailsInvalid PrimaryIsNotTheChoosenAdapter GetVideoDriverDetailsInvalid PrimaryIsNotTheChoosenAdapter GetVideoDriverDetailsInvalid PrimaryIsNotTheChoosenAdapter GetVideoDriverDetailsInvalid PrimaryIsNotTheChoosenAdapter FoundDriverCount:0 
[2018.08.02-19.52.40:087][  0]LogD3D11RHI:     Adapter Name: NVIDIA GeForce GTX 1070
[2018.08.02-19.52.40:087][  0]LogD3D11RHI:   Driver Version: Unknown (internal:Unknown, unified:Unknown)
[2018.08.02-19.52.40:087][  0]LogD3D11RHI:      Driver Date: Unknown
[2018.08.02-19.52.40:087][  0]LogRHI: Texture pool is 5656 MB (70% of 8081 MB)
[2018.08.02-19.52.40:126][  0]LogD3D11RHI: [Aftermath] Aftermath enabled and primed
[2018.08.02-19.52.40:127][  0]LogD3D11RHI: [Aftermath] Aftermath enabled and primed
[2018.08.02-19.52.40:127][  0]LogD3D11RHI: Async texture creation enabled
[2018.08.02-19.52.40:144][  0]LogD3D11RHI: GPU Timing Frequency: 1000.000000 (Debug: 2 2)
[2018.08.02-19.52.40:189][  0]LogShaderCompilers: Guid format shader working directory is -12 characters bigger than the processId version (C:/Users/Luke/Documents/GitHub/VDDUNRL_TEAM2/VDDUNRL_DJMM/Intermediate/Shaders/WorkingDirectory/8524/).
[2018.08.02-19.52.40:189][  0]LogShaderCompilers: Cleaned the shader compiler working directory 'C:/Users/Luke/AppData/Local/Temp/UnrealShaderWorkingDir/83EE328B439C40CC63BCF485A4737568/'.
[2018.08.02-19.52.40:390][  0]LogTemp: Display: Loaded TP AllDesktopTargetPlatform
[2018.08.02-19.52.40:412][  0]LogTemp: Display: Loaded TP MacClientTargetPlatform
[2018.08.02-19.52.40:431][  0]LogTemp: Display: Loaded TP MacNoEditorTargetPlatform
[2018.08.02-19.52.40:445][  0]LogTemp: Display: Loaded TP MacServerTargetPlatform
[2018.08.02-19.52.40:460][  0]LogTemp: Display: Loaded TP MacTargetPlatform
[2018.08.02-19.52.40:474][  0]LogTemp: Display: Loaded TP WindowsClientTargetPlatform
[2018.08.02-19.52.40:493][  0]LogTemp: Display: Loaded TP WindowsNoEditorTargetPlatform
[2018.08.02-19.52.40:505][  0]LogTemp: Display: Loaded TP WindowsServerTargetPlatform
[2018.08.02-19.52.40:511][  0]LogTemp: Display: Loaded TP WindowsTargetPlatform
[2018.08.02-19.52.40:524][  0]LogTemp: Display: Loaded TP Android_ASTCTargetPlatform
[2018.08.02-19.52.40:536][  0]LogTemp: Display: Loaded TP Android_ATCTargetPlatform
[2018.08.02-19.52.40:551][  0]LogTemp: Display: Loaded TP Android_DXTTargetPlatform
[2018.08.02-19.52.40:563][  0]LogTemp: Display: Loaded TP Android_ETC1aTargetPlatform
[2018.08.02-19.52.40:576][  0]LogTemp: Display: Loaded TP Android_ETC1TargetPlatform
[2018.08.02-19.52.40:589][  0]LogTemp: Display: Loaded TP Android_ETC2TargetPlatform
[2018.08.02-19.52.40:620][  0]LogTemp: Display: Loaded TP Android_MultiTargetPlatform
[2018.08.02-19.52.40:620][  0]LogTemp: Display: Loaded TP Android_PVRTCTargetPlatform
[2018.08.02-19.52.40:632][  0]LogTemp: Display: Loaded TP AndroidTargetPlatform
[2018.08.02-19.52.40:633][  0]LogTemp: Display: Loaded TP HTML5TargetPlatform
[2018.08.02-19.52.40:669][  0]LogTemp: Display: Loaded TP IOSTargetPlatform
[2018.08.02-19.52.40:681][  0]LogTemp: Display: Loaded TP TVOSTargetPlatform
[2018.08.02-19.52.40:693][  0]LogTemp: Display: Loaded TP LinuxClientTargetPlatform
[2018.08.02-19.52.40:706][  0]LogTemp: Display: Loaded TP LinuxNoEditorTargetPlatform
[2018.08.02-19.52.40:719][  0]LogTemp: Display: Loaded TP LinuxServerTargetPlatform
[2018.08.02-19.52.40:732][  0]LogTemp: Display: Loaded TP LinuxTargetPlatform
[2018.08.02-19.52.40:732][  0]LogTargetPlatformManager: Display: Building Assets For Windows
[2018.08.02-19.52.40:823][  0]LogXGEController: Cleaning working directory: C:/Users/Luke/AppData/Local/Temp/UnrealXGEWorkingDir/
[2018.08.02-19.52.40:823][  0]LogXGEController: Cannot use XGE Controller as Incredibuild is not installed on this machine.
[2018.08.02-19.52.40:823][  0]LogShaderCompilers: Cannot use XGE Shader Compiler as Incredibuild is not installed on this machine.
[2018.08.02-19.52.40:823][  0]LogShaderCompilers: Display: Using Local Shader Compiler.
[2018.08.02-19.52.41:520][  0]LogDerivedDataCache: Display: Max Cache Size: 512 MB
[2018.08.02-19.52.41:597][  0]LogDerivedDataCache: Loaded boot cache 0.08s 74MB C:/Users/Luke/AppData/Local/UnrealEngine/4.19/DerivedDataCache/Boot.ddc.
[2018.08.02-19.52.41:597][  0]LogDerivedDataCache: Display: Loaded Boot cache: C:/Users/Luke/AppData/Local/UnrealEngine/4.19/DerivedDataCache/Boot.ddc
[2018.08.02-19.52.41:597][  0]LogDerivedDataCache: FDerivedDataBackendGraph:  Pak pak cache file C:/Users/Luke/Documents/GitHub/VDDUNRL_TEAM2/VDDUNRL_DJMM/DerivedDataCache/DDC.ddp not found, will not use a pak cache.
[2018.08.02-19.52.41:597][  0]LogDerivedDataCache: Unable to find inner node Pak for hierarchical cache Hierarchy.
[2018.08.02-19.52.41:597][  0]LogDerivedDataCache: FDerivedDataBackendGraph:  CompressedPak pak cache file C:/Users/Luke/Documents/GitHub/VDDUNRL_TEAM2/VDDUNRL_DJMM/DerivedDataCache/Compressed.ddp not found, will not use a pak cache.
[2018.08.02-19.52.41:597][  0]LogDerivedDataCache: Unable to find inner node CompressedPak for hierarchical cache Hierarchy.
[2018.08.02-19.52.41:615][  0]LogDerivedDataCache: Display: Pak cache opened for reading ../../../Engine/DerivedDataCache/Compressed.ddp.
[2018.08.02-19.52.41:628][  0]LogDerivedDataCache: Using Local data cache path C:/Users/Luke/AppData/Local/UnrealEngine/Common/DerivedDataCache: Writable
[2018.08.02-19.52.41:628][  0]LogDerivedDataCache: Shared data cache path not found in *engine.ini, will not use an Shared cache.
[2018.08.02-19.52.41:628][  0]LogDerivedDataCache: Unable to find inner node Shared for hierarchical cache Hierarchy.
[2018.08.02-19.52.41:641][  0]LogMaterial: Verifying Global Shaders for PCD3D_SM5
[2018.08.02-19.52.41:641][  0]LogSlate: Using Freetype 2.6.0
[2018.08.02-19.52.41:642][  0]LogSlate: SlateFontCache - WITH_FREETYPE: 1, WITH_HARFBUZZ: 1
[2018.08.02-19.52.41:642][  0]LogSlate: SlateFontCache - WITH_FREETYPE: 1, WITH_HARFBUZZ: 1
[2018.08.02-19.52.41:755][  0]LogAssetRegistry: FAssetRegistry took 0.0265 seconds to start up
[2018.08.02-19.52.42:071][  0]LogInit: Selected Device Profile: [Windows]
[2018.08.02-19.52.42:217][  0]LogSimplygon: Simplygon DLL not present - disabling.
[2018.08.02-19.52.42:219][  0]LogMeshReduction: Using SimplygonSwarm for distributed automatic mesh merging
[2018.08.02-19.52.42:219][  0]LogMeshReduction: Using QuadricMeshReduction for automatic static mesh reduction
[2018.08.02-19.52.42:219][  0]LogMeshReduction: No automatic skeletal mesh reduction module available
[2018.08.02-19.52.42:219][  0]LogMeshReduction: No automatic mesh merging module available
[2018.08.02-19.52.42:219][  0]LogMeshMerging: No automatic mesh merging module available
[2018.08.02-19.52.42:249][  0]LogNetVersion: VDDUNRL_DJMM , NetCL: 3944462, EngineNetVer: 2, GameNetVer: 0 (Checksum: 2093243182)
[2018.08.02-19.52.42:734][  0]LogPackageLocalizationCache: Processed 9 localized package path(s) for 2 prioritized culture(s) in 0.079493 seconds
[2018.08.02-19.52.42:739][  0]LogUObjectArray: 36728 objects as part of root set at end of initial load.
[2018.08.02-19.52.42:739][  0]LogUObjectAllocator: 7314312 out of 0 bytes used by permanent object pool.
[2018.08.02-19.52.42:739][  0]LogUObjectArray: CloseDisregardForGC: 0/0 objects in disregard for GC pool
[2018.08.02-19.52.44:287][  0]LogTcpMessaging: Initializing TcpMessaging bridge
[2018.08.02-19.52.44:311][  0]LogUdpMessaging: Initializing bridge on interface 0.0.0.0:0 to multicast group 230.0.0.1:6666.
[2018.08.02-19.52.44:619][  0]SourceControl: Source control is disabled
[2018.08.02-19.52.44:620][  0]LogWindows: Warning: CreateProc failed: The system cannot find the file specified. (0x00000002)
[2018.08.02-19.52.44:620][  0]LogWindows: Warning: URL: C:/Program Files/Git/bin/git.exe version
[2018.08.02-19.52.44:620][  0]LogWindows: Warning: CreateProc failed: The system cannot find the file specified. (0x00000002)
[2018.08.02-19.52.44:620][  0]LogWindows: Warning: URL: C:/Program Files (x86)/Git/bin/git.exe version
[2018.08.02-19.52.44:620][  0]LogWindows: Warning: CreateProc failed: The system cannot find the file specified. (0x00000002)
[2018.08.02-19.52.44:620][  0]LogWindows: Warning: URL: C:\Users\Luke\AppData\Local/Programs/Git/cmd/git.exe version
[2018.08.02-19.52.44:620][  0]LogWindows: Warning: CreateProc failed: The system cannot find the file specified. (0x00000002)
[2018.08.02-19.52.44:620][  0]LogWindows: Warning: URL: C:/Program Files (x86)/SmartGit/git/bin/git.exe version
[2018.08.02-19.52.44:620][  0]LogWindows: Warning: CreateProc failed: The system cannot find the file specified. (0x00000002)
[2018.08.02-19.52.44:620][  0]LogWindows: Warning: URL: C:/Program Files (x86)/SmartGit/bin/git.exe version
[2018.08.02-19.52.44:620][  0]LogWindows: Warning: CreateProc failed: The system cannot find the file specified. (0x00000002)
[2018.08.02-19.52.44:620][  0]LogWindows: Warning: URL: C:\Users\Luke\AppData\Local/Atlassian/SourceTree/git_local/bin/git.exe version
[2018.08.02-19.52.44:621][  0]LogWindows: Warning: CreateProc failed: The system cannot find the file specified. (0x00000002)
[2018.08.02-19.52.44:621][  0]LogWindows: Warning: URL: C:/Program Files (x86)/fournova/Tower/vendor/Git/bin/git.exe version
[2018.08.02-19.52.44:632][  0]LogWindows: Warning: CreateProc failed: The system cannot find the file specified. (0x00000002)
[2018.08.02-19.52.44:632][  0]LogWindows: Warning: URL: C:/Program Files/Git/bin/git.exe version
[2018.08.02-19.52.44:632][  0]LogWindows: Warning: CreateProc failed: The system cannot find the file specified. (0x00000002)
[2018.08.02-19.52.44:632][  0]LogWindows: Warning: URL: C:/Program Files (x86)/Git/bin/git.exe version
[2018.08.02-19.52.44:632][  0]LogWindows: Warning: CreateProc failed: The system cannot find the file specified. (0x00000002)
[2018.08.02-19.52.44:632][  0]LogWindows: Warning: URL: C:\Users\Luke\AppData\Local/Programs/Git/cmd/git.exe version
[2018.08.02-19.52.44:632][  0]LogWindows: Warning: CreateProc failed: The system cannot find the file specified. (0x00000002)
[2018.08.02-19.52.44:632][  0]LogWindows: Warning: URL: C:/Program Files (x86)/SmartGit/git/bin/git.exe version
[2018.08.02-19.52.44:633][  0]LogWindows: Warning: CreateProc failed: The system cannot find the file specified. (0x00000002)
[2018.08.02-19.52.44:633][  0]LogWindows: Warning: URL: C:/Program Files (x86)/SmartGit/bin/git.exe version
[2018.08.02-19.52.44:633][  0]LogWindows: Warning: CreateProc failed: The system cannot find the file specified. (0x00000002)
[2018.08.02-19.52.44:633][  0]LogWindows: Warning: URL: C:\Users\Luke\AppData\Local/Atlassian/SourceTree/git_local/bin/git.exe version
[2018.08.02-19.52.44:633][  0]LogWindows: Warning: CreateProc failed: The system cannot find the file specified. (0x00000002)
[2018.08.02-19.52.44:633][  0]LogWindows: Warning: URL: C:/Program Files (x86)/fournova/Tower/vendor/Git/bin/git.exe version
[2018.08.02-19.52.44:646][  0]LogWindows: Warning: CreateProc failed: The system cannot find the file specified. (0x00000002)
[2018.08.02-19.52.44:646][  0]LogWindows: Warning: URL: C:/Program Files/Git/bin/git.exe version
[2018.08.02-19.52.44:646][  0]LogWindows: Warning: CreateProc failed: The system cannot find the file specified. (0x00000002)
[2018.08.02-19.52.44:646][  0]LogWindows: Warning: URL: C:/Program Files (x86)/Git/bin/git.exe version
[2018.08.02-19.52.44:646][  0]LogWindows: Warning: CreateProc failed: The system cannot find the file specified. (0x00000002)
[2018.08.02-19.52.44:646][  0]LogWindows: Warning: URL: C:\Users\Luke\AppData\Local/Programs/Git/cmd/git.exe version
[2018.08.02-19.52.44:646][  0]LogWindows: Warning: CreateProc failed: The system cannot find the file specified. (0x00000002)
[2018.08.02-19.52.44:646][  0]LogWindows: Warning: URL: C:/Program Files (x86)/SmartGit/git/bin/git.exe version
[2018.08.02-19.52.44:646][  0]LogWindows: Warning: CreateProc failed: The system cannot find the file specified. (0x00000002)
[2018.08.02-19.52.44:646][  0]LogWindows: Warning: URL: C:/Program Files (x86)/SmartGit/bin/git.exe version
[2018.08.02-19.52.44:646][  0]LogWindows: Warning: CreateProc failed: The system cannot find the file specified. (0x00000002)
[2018.08.02-19.52.44:646][  0]LogWindows: Warning: URL: C:\Users\Luke\AppData\Local/Atlassian/SourceTree/git_local/bin/git.exe version
[2018.08.02-19.52.44:647][  0]LogWindows: Warning: CreateProc failed: The system cannot find the file specified. (0x00000002)
[2018.08.02-19.52.44:647][  0]LogWindows: Warning: URL: C:/Program Files (x86)/fournova/Tower/vendor/Git/bin/git.exe version
[2018.08.02-19.52.45:128][  0]LogAndroidPermission: UAndroidPermissionCallbackProxy::GetInstance
[2018.08.02-19.52.45:257][  0]LogOcInput: OculusInput pre-init called
[2018.08.02-19.52.45:349][  0]LogEngine: Initializing Engine...
[2018.08.02-19.52.45:350][  0]LogHMD: Failed to initialize OpenVR with code 110
[2018.08.02-19.52.45:352][  0]LogStats: UGameplayTagsManager::ConstructGameplayTagTree: Construct from data asset -  0.000 s
[2018.08.02-19.52.45:352][  0]LogStats: UGameplayTagsManager::ConstructGameplayTagTree: GameplayTagTreeChangedEvent.Broadcast -  0.000 s
[2018.08.02-19.52.45:585][  0]LogAIModule: Creating AISystem for world Untitled
[2018.08.02-19.52.45:595][  0]LogInit: XAudio2 using 'Speakers / Headphones (Realtek Audio)' : 6 channels at 48 kHz using 32 bits per sample (channel mask 0x3f)
[2018.08.02-19.52.46:058][  0]LogInit: FAudioDevice initialized.
[2018.08.02-19.52.46:143][  0]LogDerivedDataCache: Saved boot cache 0.08s 74MB C:/Users/Luke/AppData/Local/UnrealEngine/4.19/DerivedDataCache/Boot.ddc.
[2018.08.02-19.52.46:161][  0]LogInit: Texture streaming: Enabled
[2018.08.02-19.52.46:173][  0]LogEngineSessionManager: EngineSessionManager initialized
[2018.08.02-19.52.46:184][  0]LogInit: Transaction tracking system initialized
[2018.08.02-19.52.46:201][  0]BlueprintLog: New page: Editor Load
[2018.08.02-19.52.46:267][  0]LocalizationService: Localization service is disabled
[2018.08.02-19.52.46:365][  0]LogConsoleResponse: Display: 
[2018.08.02-19.52.46:513][  0]LogCook: Display: Max memory allowance for cook 16384mb min free memory 0mb
[2018.08.02-19.52.46:513][  0]LogCook: Display: Mobile HDR setting 1
[2018.08.02-19.52.46:513][  0]LogGameplayTags: Display: UGameplayTagsManager::DoneAddingNativeTags. DelegateIsBound: 0
[2018.08.02-19.52.46:513][  0]LogStats: UGameplayTagsManager::ConstructGameplayTagTree: Construct from data asset -  0.000 s
[2018.08.02-19.52.46:513][  0]LogStats: UGameplayTagsManager::ConstructGameplayTagTree: GameplayTagTreeChangedEvent.Broadcast -  0.000 s
[2018.08.02-19.52.46:787][  0]LogFileCache: Scanning file cache for directory 'C:/Users/Luke/Documents/GitHub/VDDUNRL_TEAM2/VDDUNRL_DJMM/Content/' took 0.02s
[2018.08.02-19.52.46:787][  0]LogWindows: Warning: CreateProc failed: The system cannot find the file specified. (0x00000002)
[2018.08.02-19.52.46:787][  0]LogWindows: Warning: URL: C:/Program Files/Git/bin/git.exe version
[2018.08.02-19.52.46:787][  0]LogWindows: Warning: CreateProc failed: The system cannot find the file specified. (0x00000002)
[2018.08.02-19.52.46:787][  0]LogWindows: Warning: URL: C:/Program Files (x86)/Git/bin/git.exe version
[2018.08.02-19.52.46:787][  0]LogWindows: Warning: CreateProc failed: The system cannot find the file specified. (0x00000002)
[2018.08.02-19.52.46:787][  0]LogWindows: Warning: URL: C:\Users\Luke\AppData\Local/Programs/Git/cmd/git.exe version
[2018.08.02-19.52.46:787][  0]LogWindows: Warning: CreateProc failed: The system cannot find the file specified. (0x00000002)
[2018.08.02-19.52.46:787][  0]LogWindows: Warning: URL: C:/Program Files (x86)/SmartGit/git/bin/git.exe version
[2018.08.02-19.52.46:787][  0]LogWindows: Warning: CreateProc failed: The system cannot find the file specified. (0x00000002)
[2018.08.02-19.52.46:787][  0]LogWindows: Warning: URL: C:/Program Files (x86)/SmartGit/bin/git.exe version
[2018.08.02-19.52.46:787][  0]LogWindows: Warning: CreateProc failed: The system cannot find the file specified. (0x00000002)
[2018.08.02-19.52.46:787][  0]LogWindows: Warning: URL: C:\Users\Luke\AppData\Local/Atlassian/SourceTree/git_local/bin/git.exe version
[2018.08.02-19.52.46:788][  0]LogWindows: Warning: CreateProc failed: The system cannot find the file specified. (0x00000002)
[2018.08.02-19.52.46:788][  0]LogWindows: Warning: URL: C:/Program Files (x86)/fournova/Tower/vendor/Git/bin/git.exe version
[2018.08.02-19.52.46:788][  0]Cmd: MAP LOAD FILE="C:/Users/Luke/Documents/GitHub/VDDUNRL_TEAM2/VDDUNRL_DJMM/Content/2DSideScrollerBP/Maps/2DSideScrollerExampleMap.umap" TEMPLATE=0 SHOWPROGRESS=1 FEATURELEVEL=3
[2018.08.02-19.52.46:788][  0]LogEditorServer: Warning: Can't find file 'C:/Users/Luke/Documents/GitHub/VDDUNRL_TEAM2/VDDUNRL_DJMM/Content/2DSideScrollerBP/Maps/2DSideScrollerExampleMap.umap'
[2018.08.02-19.52.46:788][  0]Cmd: MAP CHECKDEP NOCLEARLOG
[2018.08.02-19.52.46:822][  0]MapCheck: Map check complete: 0 Error(s), 0 Warning(s), took 33.44ms to complete.
[2018.08.02-19.52.46:822][  0]LogFileHelpers: Loading map '2DSideScrollerExampleMap' took 0.034
[2018.08.02-19.52.47:021][  0]LogCollectionManager: Loaded 0 collections in 0.000846 seconds
[2018.08.02-19.52.47:072][  0]LogFileCache: Scanning file cache for directory 'C:/Users/Luke/Documents/GitHub/VDDUNRL_TEAM2/VDDUNRL_DJMM/Saved/Collections/' took 0.01s
[2018.08.02-19.52.47:072][  0]LogFileCache: Scanning file cache for directory 'C:/Users/Luke/Documents/GitHub/VDDUNRL_TEAM2/VDDUNRL_DJMM/Content/Developers/Luke/Collections/' took 0.01s
[2018.08.02-19.52.47:072][  0]LogFileCache: Scanning file cache for directory 'C:/Users/Luke/Documents/GitHub/VDDUNRL_TEAM2/VDDUNRL_DJMM/Content/Collections/' took 0.01s
[2018.08.02-19.52.47:072][  0]LogCollectionManager: Rebuilt the GUID cache for 0 collections in 0.000000 seconds
[2018.08.02-19.52.47:096][  0]LogContentBrowser: Native class hierarchy populated in 0.0239 seconds. Added 2452 classes and 558 folders.
[2018.08.02-19.52.47:107][  0]LogContentBrowser: Native class hierarchy updated for 'WidgetCarousel' in 0.0005 seconds. Added 0 classes and 0 folders.
[2018.08.02-19.52.47:151][  0]LogContentBrowser: Native class hierarchy updated for 'AddContentDialog' in 0.0003 seconds. Added 0 classes and 0 folders.
[2018.08.02-19.52.47:155][  0]LogContentBrowser: Native class hierarchy updated for 'SceneOutliner' in 0.0003 seconds. Added 1 classes and 2 folders.
[2018.08.02-19.52.47:220][  0]LogSlate: Took 0.000305 seconds to synchronously load lazily loaded font '../../../Engine/Content/Slate/Fonts/Roboto-Regular.ttf' (155K)
[2018.08.02-19.52.47:222][  0]LogSlate: Took 0.000242 seconds to synchronously load lazily loaded font '../../../Engine/Content/Slate/Fonts/Roboto-Bold.ttf' (160K)
[2018.08.02-19.52.47:228][  0]LogSlate: Took 0.000155 seconds to synchronously load lazily loaded font '../../../Engine/Content/Editor/Slate/Fonts/FontAwesome.ttf' (139K)
[2018.08.02-19.52.47:329][  0]LogRenderer: Reallocating scene render targets to support 1252x692 Format 10 NumSamples 1 (Frame:1).
[2018.08.02-19.52.47:442][  0]LogContentBrowser: Native class hierarchy updated for 'HierarchicalLODOutliner' in 0.0002 seconds. Added 0 classes and 0 folders.
[2018.08.02-19.52.47:442][  0]LogLoad: (Engine Initialization) Total time: 10.34 seconds
[2018.08.02-19.52.47:442][  0]LogLoad: (Engine Initialization) Total Blueprint compile time: 0.00 seconds
[2018.08.02-19.52.47:817][  0]LogContentStreaming: Texture pool size now 1000 MB
[2018.08.02-19.52.48:119][  1]LogFileCache: Retrieving MD5 hashes for directory 'C:/Users/Luke/Documents/GitHub/VDDUNRL_TEAM2/VDDUNRL_DJMM/Content/' took 0.33s
[2018.08.02-19.52.48:130][  1]LogAssetRegistry: Asset discovery search completed in 6.3976 seconds
[2018.08.02-19.52.48:132][  1]LogCollectionManager: Rebuilt the object cache for 0 collections in 0.000000 seconds (found 0 objects)
[2018.08.02-19.52.48:132][  1]LogCollectionManager: Fixed up redirectors for 0 collections in 0.000062 seconds (updated 0 objects)
[2018.08.02-19.52.48:576][  3]LogUObjectGlobals: Created PersistentFrame Addr=0x00000269f1f57990, Size=16, Default__FrogJumpTest_C Function /Game/2DSideScrollerBP/Blueprints/FrogJumpTest.FrogJumpTest_C:ExecuteUbergraph_FrogJumpTest
[2018.08.02-19.52.48:585][  3]LogUObjectGlobals: Destroyed PersistentFrame Addr=0x00000269f1f57990, Size=16
[2018.08.02-19.52.48:585][  3]LogUObjectGlobals: Created PersistentFrame Addr=0x00000269f1f57990, Size=16, Default__FrogJumpTest_C Function /Engine/Transient.REINST_FrogJumpTest_C_1:ExecuteUbergraph_FrogJumpTest
[2018.08.02-19.52.48:592][  3]LogUObjectGlobals: Created PersistentFrame Addr=0x00000269f1f57940, Size=16, Default__FrogJumpTest_C Function /Game/2DSideScrollerBP/Blueprints/FrogJumpTest.FrogJumpTest_C:ExecuteUbergraph_FrogJumpTest
[2018.08.02-19.52.48:640][  3]LogSlate: Took 0.000519 seconds to synchronously load lazily loaded font '../../../Engine/Content/Slate/Fonts/Roboto-Light.ttf' (167K)
[2018.08.02-19.52.49:075][  3]LogContentBrowser: Native class hierarchy updated for 'BlueprintGraph' in 0.0010 seconds. Added 116 classes and 0 folders.
[2018.08.02-19.52.49:439][  3]LogUObjectGlobals: Created PersistentFrame Addr=0x00000269905cac10, Size=4, Default__SKEL_PROTO_BP_AnimBlueprint_0_C Function /Engine/Transient.SKEL_PROTO_BP_AnimBlueprint_0_C:ExecuteUbergraph_PROTO_BP_AnimBlueprint_0
[2018.08.02-19.52.49:440][  3]LogUObjectGlobals: Created PersistentFrame Addr=0x00000269905cac08, Size=4, Default__PROTO_BP_AnimBlueprint_0_C Function /Engine/Transient.PROTO_BP_AnimBlueprint_0_C:ExecuteUbergraph_PROTO_BP_AnimBlueprint_0
[2018.08.02-19.52.49:902][  3]LogUObjectGlobals: Created PersistentFrame Addr=0x00000269841c07c0, Size=312, Default__DroneMovingTest_C Function /Game/2DSideScrollerBP/Blueprints/DroneMovingTest.DroneMovingTest_C:ExecuteUbergraph_DroneMovingTest
[2018.08.02-19.52.49:906][  3]LogUObjectGlobals: Destroyed PersistentFrame Addr=0x00000269841c07c0, Size=312
[2018.08.02-19.52.49:906][  3]LogUObjectGlobals: Created PersistentFrame Addr=0x00000269841c07c0, Size=312, Default__DroneMovingTest_C Function /Engine/Transient.REINST_DroneMovingTest_C_17:ExecuteUbergraph_DroneMovingTest
[2018.08.02-19.52.49:909][  3]LogUObjectGlobals: Created PersistentFrame Addr=0x00000269841c11c0, Size=312, Default__DroneMovingTest_C Function /Game/2DSideScrollerBP/Blueprints/DroneMovingTest.DroneMovingTest_C:ExecuteUbergraph_DroneMovingTest
[2018.08.02-19.52.50:308][  3]LogSlate: Took 0.000168 seconds to synchronously load lazily loaded font '../../../Engine/Content/Slate/Fonts/Roboto-BoldCondensed.ttf' (158K)
[2018.08.02-19.52.50:651][  4]LogSlate: Took 0.000547 seconds to synchronously load lazily loaded font '../../../Engine/Content/Slate/Fonts/Roboto-Italic.ttf' (157K)
[2018.08.02-19.52.51:971][  8]LogSlate: FSceneViewport::OnFocusLost() reason 0
[2018.08.02-19.54.10:941][627]LogSavePackage: Save=23.77ms
[2018.08.02-19.54.10:941][627]LogSavePackage: Moving 'C:/Users/Luke/Documents/GitHub/VDDUNRL_TEAM2/VDDUNRL_DJMM/Saved/DroneMovingTest40EAAE024EB5B52DFF98198235AC3805.tmp' to 'C:/Users/Luke/Documents/GitHub/VDDUNRL_TEAM2/VDDUNRL_DJMM/Content/2DSideScrollerBP/Blueprints/DroneMovingTest.uasset'
[2018.08.02-19.54.10:943][627]LogSavePackage: Display: Finished SavePackage C:/Users/Luke/Documents/GitHub/VDDUNRL_TEAM2/VDDUNRL_DJMM/Content/2DSideScrollerBP/Blueprints/DroneMovingTest.uasset
[2018.08.02-19.54.14:597][846]LogSlate: FSceneViewport::OnFocusLost() reason 0
[2018.08.02-19.54.54:758][244]LogSlate: FSceneViewport::OnFocusLost() reason 0
[2018.08.02-19.55.43:671][128]LogUObjectGlobals: Created PersistentFrame Addr=0x0000026986d6eac0, Size=288, Default__2DSideScrollerCharacter_C Function /Game/2DSideScrollerBP/Blueprints/2DSideScrollerCharacter.2DSideScrollerCharacter_C:ExecuteUbergraph_2DSideScrollerCharacter
[2018.08.02-19.55.43:677][128]LogUObjectGlobals: Destroyed PersistentFrame Addr=0x0000026986d6eac0, Size=288
[2018.08.02-19.55.43:677][128]LogUObjectGlobals: Created PersistentFrame Addr=0x0000026986d6eac0, Size=288, Default__2DSideScrollerCharacter_C Function /Engine/Transient.REINST_2DSideScrollerCharacter_C_19:ExecuteUbergraph_2DSideScrollerCharacter
[2018.08.02-19.55.43:682][128]LogUObjectGlobals: Created PersistentFrame Addr=0x0000026986d6ed40, Size=288, Default__2DSideScrollerCharacter_C Function /Game/2DSideScrollerBP/Blueprints/2DSideScrollerCharacter.2DSideScrollerCharacter_C:ExecuteUbergraph_2DSideScrollerCharacter
[2018.08.02-19.55.43:690][128]LogUObjectGlobals: Created PersistentFrame Addr=0x0000026998a9b5a0, Size=12, Default__2DSideScrollerGameMode_C Function /Game/2DSideScrollerBP/Blueprints/2DSideScrollerGameMode.2DSideScrollerGameMode_C:ExecuteUbergraph_2DSideScrollerGameMode
[2018.08.02-19.55.43:691][128]LogUObjectGlobals: Created PersistentFrame Addr=0x0000026998a9bda0, Size=16, Default__GameHUD_C Function /Game/2DSideScrollerBP/Blueprints/GameHUD.GameHUD_C:ExecuteUbergraph_GameHUD
[2018.08.02-19.55.43:692][128]LogUObjectGlobals: Created PersistentFrame Addr=0x000002699fd1b2c0, Size=64, Default__UI_InGame_C Function /Game/2DSideScrollerBP/Blueprints/UI_InGame.UI_InGame_C:ExecuteUbergraph_UI_InGame
[2018.08.02-19.55.43:706][128]LogUObjectGlobals: Destroyed PersistentFrame Addr=0x0000026998a9bda0, Size=16
[2018.08.02-19.55.43:706][128]LogUObjectGlobals: Created PersistentFrame Addr=0x0000026998a9bda0, Size=16, Default__GameHUD_C Function /Engine/Transient.REINST_GameHUD_C_21:ExecuteUbergraph_GameHUD
[2018.08.02-19.55.43:706][128]LogUObjectGlobals: Destroyed PersistentFrame Addr=0x0000026998a9b5a0, Size=12
[2018.08.02-19.55.43:706][128]LogUObjectGlobals: Created PersistentFrame Addr=0x0000026998a9b5a0, Size=12, Default__2DSideScrollerGameMode_C Function /Engine/Transient.REINST_2DSideScrollerGameMode_C_22:ExecuteUbergraph_2DSideScrollerGameMode
[2018.08.02-19.55.43:706][128]LogUObjectGlobals: Destroyed PersistentFrame Addr=0x000002699fd1b2c0, Size=64
[2018.08.02-19.55.43:706][128]LogUObjectGlobals: Created PersistentFrame Addr=0x000002699fd4dd40, Size=64, Default__UI_InGame_C Function /Engine/Transient.REINST_UI_InGame_C_0:ExecuteUbergraph_UI_InGame
[2018.08.02-19.55.43:711][128]LogUObjectGlobals: Created PersistentFrame Addr=0x0000026986c07290, Size=16, Default__GameHUD_C Function /Game/2DSideScrollerBP/Blueprints/GameHUD.GameHUD_C:ExecuteUbergraph_GameHUD
[2018.08.02-19.55.43:712][128]LogUObjectGlobals: Created PersistentFrame Addr=0x0000026986c07150, Size=12, Default__2DSideScrollerGameMode_C Function /Game/2DSideScrollerBP/Blueprints/2DSideScrollerGameMode.2DSideScrollerGameMode_C:ExecuteUbergraph_2DSideScrollerGameMode
[2018.08.02-19.55.43:713][128]LogUObjectGlobals: Created PersistentFrame Addr=0x0000026986d34e80, Size=64, Default__UI_InGame_C Function /Game/2DSideScrollerBP/Blueprints/UI_InGame.UI_InGame_C:ExecuteUbergraph_UI_InGame
[2018.08.02-19.55.43:731][128]LogUObjectGlobals: Created PersistentFrame Addr=0x00000269a053a380, Size=360, Default__BP_Platform_Point_C Function /Game/2DSideScrollerBP/Blueprints/BP_Platform_Point.BP_Platform_Point_C:ExecuteUbergraph_BP_Platform_Point
[2018.08.02-19.55.43:734][128]LogUObjectGlobals: Destroyed PersistentFrame Addr=0x00000269a053a380, Size=360
[2018.08.02-19.55.43:734][128]LogUObjectGlobals: Created PersistentFrame Addr=0x000002699fd48700, Size=360, Default__BP_Platform_Point_C Function /Engine/Transient.REINST_BP_Platform_Point_C_31:ExecuteUbergraph_BP_Platform_Point
[2018.08.02-19.55.43:736][128]LogUObjectGlobals: Created PersistentFrame Addr=0x00000269a08c4580, Size=360, Default__BP_Platform_Point_C Function /Game/2DSideScrollerBP/Blueprints/BP_Platform_Point.BP_Platform_Point_C:ExecuteUbergraph_BP_Platform_Point
[2018.08.02-19.55.43:740][128]LogUObjectGlobals: Created PersistentFrame Addr=0x000002698488eb00, Size=164, Default__BP_Platform_Rotate_C Function /Game/2DSideScrollerBP/Blueprints/BP_Platform_Rotate.BP_Platform_Rotate_C:ExecuteUbergraph_BP_Platform_Rotate
[2018.08.02-19.55.43:741][128]LogUObjectGlobals: Destroyed PersistentFrame Addr=0x000002698488eb00, Size=164
[2018.08.02-19.55.43:741][128]LogUObjectGlobals: Created PersistentFrame Addr=0x000002698488eb00, Size=164, Default__BP_Platform_Rotate_C Function /Engine/Transient.REINST_BP_Platform_Rotate_C_33:ExecuteUbergraph_BP_Platform_Rotate
[2018.08.02-19.55.43:742][128]LogUObjectGlobals: Created PersistentFrame Addr=0x000002698488cc40, Size=164, Default__BP_Platform_Rotate_C Function /Game/2DSideScrollerBP/Blueprints/BP_Platform_Rotate.BP_Platform_Rotate_C:ExecuteUbergraph_BP_Platform_Rotate
[2018.08.02-19.55.43:752][128]LogUObjectGlobals: Created PersistentFrame Addr=0x00000269a08e9f00, Size=32, Default__BP_Teleporter_Particle_C Function /Game/2DSideScrollerBP/Blueprints/BP_Teleporter_Particle.BP_Teleporter_Particle_C:ExecuteUbergraph_BP_Teleporter_Particle
[2018.08.02-19.55.43:754][128]LogUObjectGlobals: Destroyed PersistentFrame Addr=0x00000269a08e9f00, Size=32
[2018.08.02-19.55.43:754][128]LogUObjectGlobals: Created PersistentFrame Addr=0x00000269a08e9f00, Size=32, Default__BP_Teleporter_Particle_C Function /Engine/Transient.REINST_BP_Teleporter_Particle_C_35:ExecuteUbergraph_BP_Teleporter_Particle
[2018.08.02-19.55.43:754][128]LogUObjectGlobals: Created PersistentFrame Addr=0x00000269ce177f20, Size=32, Default__BP_Teleporter_Particle_C Function /Game/2DSideScrollerBP/Blueprints/BP_Teleporter_Particle.BP_Teleporter_Particle_C:ExecuteUbergraph_BP_Teleporter_Particle
[2018.08.02-19.55.43:762][128]LogUObjectGlobals: Created PersistentFrame Addr=0x0000026992e50560, Size=56, Default__Collectible_C Function /Game/2DSideScrollerBP/Blueprints/Collectible.Collectible_C:ExecuteUbergraph_Collectible
[2018.08.02-19.55.43:764][128]LogUObjectGlobals: Destroyed PersistentFrame Addr=0x0000026992e50560, Size=56
[2018.08.02-19.55.43:764][128]LogUObjectGlobals: Created PersistentFrame Addr=0x0000026992e50560, Size=56, Default__Collectible_C Function /Engine/Transient.REINST_Collectible_C_37:ExecuteUbergraph_Collectible
[2018.08.02-19.55.43:765][128]LogUObjectGlobals: Created PersistentFrame Addr=0x0000026992e531c8, Size=56, Default__Collectible_C Function /Game/2DSideScrollerBP/Blueprints/Collectible.Collectible_C:ExecuteUbergraph_Collectible
[2018.08.02-19.55.43:779][128]LogUObjectGlobals: Created PersistentFrame Addr=0x0000026998e0b9c0, Size=136, Default__Level_00_C Function /Game/2DSideScrollerBP/Maps/Level_00.Level_00_C:ExecuteUbergraph_Level_00
[2018.08.02-19.55.43:784][128]LogUObjectGlobals: Destroyed PersistentFrame Addr=0x0000026998e0b9c0, Size=136
[2018.08.02-19.55.43:784][128]LogUObjectGlobals: Created PersistentFrame Addr=0x0000026998e08d60, Size=136, Default__Level_00_C Function /Engine/Transient.REINST_Level_00_C_39:ExecuteUbergraph_Level_00
[2018.08.02-19.55.43:787][128]LogUObjectGlobals: Created PersistentFrame Addr=0x00000269a39a6520, Size=136, Default__Level_00_C Function /Game/2DSideScrollerBP/Maps/Level_00.Level_00_C:ExecuteUbergraph_Level_00
[2018.08.02-19.55.43:882][128]LogAIModule: Creating AISystem for world Level_00
[2018.08.02-19.55.43:936][128]LogUObjectGlobals: Destroyed PersistentFrame Addr=0x00000269f1f57990, Size=16
[2018.08.02-19.55.43:937][128]LogUObjectGlobals: Destroyed PersistentFrame Addr=0x00000269841c07c0, Size=312
[2018.08.02-19.55.43:937][128]LogUObjectGlobals: Destroyed PersistentFrame Addr=0x0000026986d6eac0, Size=288
[2018.08.02-19.55.43:937][128]LogUObjectGlobals: Destroyed PersistentFrame Addr=0x0000026998a9b5a0, Size=12
[2018.08.02-19.55.43:937][128]LogUObjectGlobals: Destroyed PersistentFrame Addr=0x0000026998a9bda0, Size=16
[2018.08.02-19.55.43:937][128]LogUObjectGlobals: Destroyed PersistentFrame Addr=0x000002699fd4dd40, Size=64
[2018.08.02-19.55.43:937][128]LogUObjectGlobals: Destroyed PersistentFrame Addr=0x000002699fd48700, Size=360
[2018.08.02-19.55.43:937][128]LogUObjectGlobals: Destroyed PersistentFrame Addr=0x000002698488eb00, Size=164
[2018.08.02-19.55.43:937][128]LogUObjectGlobals: Destroyed PersistentFrame Addr=0x00000269a08e9f00, Size=32
[2018.08.02-19.55.43:937][128]LogUObjectGlobals: Destroyed PersistentFrame Addr=0x0000026992e50560, Size=56
[2018.08.02-19.55.43:937][128]LogUObjectGlobals: Destroyed PersistentFrame Addr=0x0000026998e08d60, Size=136
[2018.08.02-19.55.46:531][128]LogSlate: Window 'Save Content' being destroyed
[2018.08.02-19.55.46:600][128]LogSavePackage: Save=19.58ms
[2018.08.02-19.55.46:600][128]LogSavePackage: Moving 'C:/Users/Luke/Documents/GitHub/VDDUNRL_TEAM2/VDDUNRL_DJMM/Saved/FrogJumpTest06F470C7454107F32E0D93BD9F1D4584.tmp' to 'C:/Users/Luke/Documents/GitHub/VDDUNRL_TEAM2/VDDUNRL_DJMM/Content/2DSideScrollerBP/Blueprints/FrogJumpTest.uasset'
[2018.08.02-19.55.46:602][128]LogSavePackage: Display: Finished SavePackage C:/Users/Luke/Documents/GitHub/VDDUNRL_TEAM2/VDDUNRL_DJMM/Content/2DSideScrollerBP/Blueprints/FrogJumpTest.uasset
[2018.08.02-19.55.46:603][128]Cmd: MAP LOAD FILE="C:/Users/Luke/Documents/GitHub/VDDUNRL_TEAM2/VDDUNRL_DJMM/Content/2DSideScrollerBP/Maps/Level_00.umap" TEMPLATE=0 SHOWPROGRESS=1 FEATURELEVEL=3
[2018.08.02-19.55.46:603][128]LightingResults: New page: Lighting Build
[2018.08.02-19.55.46:605][128]LogContentBrowser: Native class hierarchy updated for 'StatsViewer' in 0.0002 seconds. Added 5 classes and 0 folders.
[2018.08.02-19.55.46:606][128]LoadErrors: New page: Loading map: Level_00.umap
[2018.08.02-19.55.46:606][128]MapCheck: New page: Map Check
[2018.08.02-19.55.46:606][128]LightingResults: New page: Lighting Build
[2018.08.02-19.55.46:708][128]LogEditorServer: Finished looking for orphan Actors (0.000 secs)
[2018.08.02-19.55.46:762][128]Cmd: MAP CHECKDEP NOCLEARLOG
[2018.08.02-19.55.46:810][128]MapCheck: Map check complete: 0 Error(s), 0 Warning(s), took 47.715ms to complete.
[2018.08.02-19.55.46:810][128]LogFileHelpers: Loading map 'Level_00' took 0.207
[2018.08.02-19.56.02:481][394]LogEditorViewport: Clicking on Actor (context menu): PaperSpriteActor (Background_Sprite)
[2018.08.02-19.56.02:534][394]LogSlate: FSceneViewport::OnFocusLost() reason 2
[2018.08.02-19.56.59:256][221]LogEditorViewport: Clicking on Actor (LMB): PaperSpriteActor (LeftEdge)
[2018.08.02-19.57.00:658][302]LogEditorViewport: Clicking on Actor (LMB): Collectible_C (Collectible)
[2018.08.02-19.57.02:149][389]LogEditorViewport: Clicking on Actor (LMB): DroneMovingTest_C (DroneMovingTest)
[2018.08.02-19.57.08:939][794]LogSlate: FSceneViewport::OnFocusLost() reason 0
[2018.08.02-19.57.08:989][797]LogTemp: Repeating last play command: Selected Viewport
[2018.08.02-19.57.09:020][797]LogBlueprintUserMessages: Early PlayInEditor Detection: Level '/Game/2DSideScrollerBP/Maps/Level_00.Level_00:PersistentLevel' has LevelScriptBlueprint '/Game/2DSideScrollerBP/Maps/Level_00.Level_00:PersistentLevel.Level_00' with GeneratedClass '/Game/2DSideScrollerBP/Maps/Level_00.Level_00_C' with ClassGeneratedBy '/Game/2DSideScrollerBP/Maps/Level_00.Level_00:PersistentLevel.Level_00'
[2018.08.02-19.57.09:020][797]LogPlayLevel: PlayLevel: No blueprints needed recompiling
[2018.08.02-19.57.09:021][797]PIE: New page: PIE session: Level_00 (Aug 2, 2018, 11:57:09 AM)
[2018.08.02-19.57.09:021][797]LogPlayLevel: Creating play world package: /Game/2DSideScrollerBP/Maps/UEDPIE_0_Level_00
[2018.08.02-19.57.09:027][797]LogPlayLevel: PIE: StaticDuplicateObject took: (0.006528s)
[2018.08.02-19.57.09:028][797]LogAIModule: Creating AISystem for world Level_00
[2018.08.02-19.57.09:028][797]LogPlayLevel: PIE: World Init took: (0.000770s)
[2018.08.02-19.57.09:028][797]LogPlayLevel: PIE: Created PIE world by copying editor world from /Game/2DSideScrollerBP/Maps/Level_00.Level_00 to /Game/2DSideScrollerBP/Maps/UEDPIE_0_Level_00.Level_00 (0.007447s)
[2018.08.02-19.57.09:051][797]LogInit: XAudio2 using 'Speakers / Headphones (Realtek Audio)' : 6 channels at 48 kHz using 32 bits per sample (channel mask 0x3f)
[2018.08.02-19.57.09:111][797]LogInit: FAudioDevice initialized.
[2018.08.02-19.57.09:155][797]LogLoad: Game class is '2DSideScrollerGameMode_C'
[2018.08.02-19.57.09:158][797]LogWorld: Bringing World /Game/2DSideScrollerBP/Maps/UEDPIE_0_Level_00.Level_00 up for play (max tick rate 60) at 2018.08.02-15.57.09
[2018.08.02-19.57.09:159][797]LogWorld: Bringing up level for play took: 0.002127
[2018.08.02-19.57.09:161][797]LogContentBrowser: Native class hierarchy updated for 'MovieSceneCapture' in 0.0002 seconds. Added 11 classes and 0 folders.
[2018.08.02-19.57.09:162][797]PIE: Play in editor start time for /Game/2DSideScrollerBP/Maps/UEDPIE_0_Level_00 1.15
[2018.08.02-19.57.09:162][797]LogBlueprintUserMessages: Late PlayInEditor Detection: Level '/Game/2DSideScrollerBP/Maps/Level_00.Level_00:PersistentLevel' has LevelScriptBlueprint '/Game/2DSideScrollerBP/Maps/Level_00.Level_00:PersistentLevel.Level_00' with GeneratedClass '/Game/2DSideScrollerBP/Maps/Level_00.Level_00_C' with ClassGeneratedBy '/Game/2DSideScrollerBP/Maps/Level_00.Level_00:PersistentLevel.Level_00'
[2018.08.02-19.57.19:289][402]LogBlueprintUserMessages: Early EndPlayMap Detection: Level '/Game/2DSideScrollerBP/Maps/Level_00.Level_00:PersistentLevel' has LevelScriptBlueprint '/Game/2DSideScrollerBP/Maps/Level_00.Level_00:PersistentLevel.Level_00' with GeneratedClass '/Game/2DSideScrollerBP/Maps/Level_00.Level_00_C' with ClassGeneratedBy '/Game/2DSideScrollerBP/Maps/Level_00.Level_00:PersistentLevel.Level_00'
[2018.08.02-19.57.19:338][402]LogBlueprintUserMessages: Late EndPlayMap Detection: Level '/Game/2DSideScrollerBP/Maps/Level_00.Level_00:PersistentLevel' has LevelScriptBlueprint '/Game/2DSideScrollerBP/Maps/Level_00.Level_00:PersistentLevel.Level_00' with GeneratedClass '/Game/2DSideScrollerBP/Maps/Level_00.Level_00_C' with ClassGeneratedBy '/Game/2DSideScrollerBP/Maps/Level_00.Level_00:PersistentLevel.Level_00'
[2018.08.02-19.57.20:882][490]LogEditorViewport: Clicking on Actor (context menu): PaperSpriteActor (Background_Sprite)
[2018.08.02-19.57.20:934][490]LogSlate: FSceneViewport::OnFocusLost() reason 2
[2018.08.02-19.57.20:942][490]LogEditorViewport: Clicking on Actor (context menu): PaperSpriteActor (Background_Sprite)
[2018.08.02-19.57.20:972][490]LogSlate: FSceneViewport::OnFocusLost() reason 2
[2018.08.02-19.57.23:265][626]LogSlate: FSceneViewport::OnFocusLost() reason 0
[2018.08.02-19.58.07:598][259]LogUObjectGlobals: Created PersistentFrame Addr=0x0000026a0ef7a1b8, Size=4, Default__SKEL_DroneMovingTest_C Function /Game/2DSideScrollerBP/Blueprints/DroneMovingTest.SKEL_DroneMovingTest_C:ExecuteUbergraph_DroneMovingTest
[2018.08.02-20.01.47:226][682]BlueprintLog: New page: Compile DroneMovingTest
[2018.08.02-20.01.47:230][682]LogUObjectGlobals: Destroyed PersistentFrame Addr=0x0000026a0ef7a1b8, Size=4
[2018.08.02-20.01.47:230][682]LogUObjectGlobals: Created PersistentFrame Addr=0x0000026995be0290, Size=4, Default__SKEL_DroneMovingTest_C Function /Engine/Transient.REINST_SKEL_DroneMovingTest_C_43:ExecuteUbergraph_DroneMovingTest
[2018.08.02-20.01.47:234][682]LogUObjectGlobals: Destroyed PersistentFrame Addr=0x00000269841c11c0, Size=312
[2018.08.02-20.01.47:234][682]LogUObjectGlobals: Created PersistentFrame Addr=0x0000026a0e74fc40, Size=312, Default__DroneMovingTest_C Function /Engine/Transient.REINST_DroneMovingTest_C_45:ExecuteUbergraph_DroneMovingTest
[2018.08.02-20.01.47:236][682]LogUObjectGlobals: Created PersistentFrame Addr=0x00000269864f8c90, Size=16, Default__DroneMovingTest_C Function /Game/2DSideScrollerBP/Blueprints/DroneMovingTest.DroneMovingTest_C:ExecuteUbergraph_DroneMovingTest
[2018.08.02-20.01.47:471][682]LogUObjectGlobals: Destroyed PersistentFrame Addr=0x0000026995be0290, Size=4
[2018.08.02-20.01.47:701][690]LogSavePackage: Save=18.78ms
[2018.08.02-20.01.47:701][690]LogSavePackage: Moving 'C:/Users/Luke/Documents/GitHub/VDDUNRL_TEAM2/VDDUNRL_DJMM/Saved/DroneMovingTestA416A041457B5792178A7C905E1F087F.tmp' to 'C:/Users/Luke/Documents/GitHub/VDDUNRL_TEAM2/VDDUNRL_DJMM/Content/2DSideScrollerBP/Blueprints/DroneMovingTest.uasset'
[2018.08.02-20.01.47:704][690]LogSavePackage: Display: Finished SavePackage C:/Users/Luke/Documents/GitHub/VDDUNRL_TEAM2/VDDUNRL_DJMM/Content/2DSideScrollerBP/Blueprints/DroneMovingTest.uasset
[2018.08.02-20.01.48:701][749]LogSlate: FSceneViewport::OnFocusLost() reason 2
[2018.08.02-20.01.52:506][973]LogSlate: FSceneViewport::OnFocusLost() reason 0
