Log file open, 07/24/18 12:40:52
LogWindows: Failed to load 'aqProf.dll' (GetLastError=126)
LogWindows: File 'aqProf.dll' does not exist
LogWindows: Failed to load 'VtuneApi.dll' (GetLastError=126)
LogWindows: File 'VtuneApi.dll' does not exist
LogWindows: Failed to load 'VtuneApi32e.dll' (GetLastError=126)
LogWindows: File 'VtuneApi32e.dll' does not exist
LogInit: Display: Running engine for game: VDDUNRL_DJMM
LogPlatformFile: Not using cached read wrapper
LogInit: Display: RandInit(-1131877215) SRandInit(-1131877215).
LogInit: Read version file with build ID '3944462'
LogInit: Overriding engine version to CL 4033788, compatible CL 3944462
LogInit: Registered custom module enumerator with build ID '3944462'
LogTaskGraph: Started task graph with 5 named threads and 23 total threads with 3 sets of task threads.
LogStats: Stats thread started at 0.281237
LogD3D11RHI: Aftermath initialized
LogICUInternationalization: Display: ICU TimeZone Detection - Raw Offset: -5:00, Platform Override: ''
LogModuleManager: Display: Found up-to-date module file ../../../Engine/Plugins/2D/Paper2D/Binaries/Win64/UE4Editor-Paper2D.dll (API version 3944462).
LogModuleManager: Display: Found up-to-date module file ../../../Engine/Plugins/2D/Paper2D/Binaries/Win64/UE4Editor-Paper2DEditor.dll (API version 3944462).
LogModuleManager: Display: Found up-to-date module file ../../../Engine/Plugins/2D/Paper2D/Binaries/Win64/UE4Editor-PaperSpriteSheetImporter.dll (API version 3944462).
LogModuleManager: Display: Found up-to-date module file ../../../Engine/Plugins/2D/Paper2D/Binaries/Win64/UE4Editor-PaperTiledImporter.dll (API version 3944462).
LogModuleManager: Display: Found up-to-date module file ../../../Engine/Plugins/2D/Paper2D/Binaries/Win64/UE4Editor-SmartSnapping.dll (API version 3944462).
LogModuleManager: Display: Found up-to-date module file ../../../Engine/Plugins/Blendables/LightPropagationVolume/Binaries/Win64/UE4Editor-LightPropagationVolumeRuntime.dll (API version 3944462).
LogModuleManager: Display: Found up-to-date module file ../../../Engine/Plugins/Blendables/LightPropagationVolume/Binaries/Win64/UE4Editor-LightPropagationVolumeEditor.dll (API version 3944462).
LogModuleManager: Display: Found up-to-date module file ../../../Engine/Plugins/Developer/CLionSourceCodeAccess/Binaries/Win64/UE4Editor-CLionSourceCodeAccess.dll (API version 3944462).
LogModuleManager: Display: Found up-to-date module file ../../../Engine/Plugins/Developer/GitSourceControl/Binaries/Win64/UE4Editor-GitSourceControl.dll (API version 3944462).
LogModuleManager: Display: Found up-to-date module file ../../../Engine/Plugins/Developer/PerforceSourceControl/Binaries/Win64/UE4Editor-PerforceSourceControl.dll (API version 3944462).
LogModuleManager: Display: Found up-to-date module file ../../../Engine/Plugins/Developer/SubversionSourceControl/Binaries/Win64/UE4Editor-SubversionSourceControl.dll (API version 3944462).
LogModuleManager: Display: Found up-to-date module file ../../../Engine/Plugins/Developer/UObjectPlugin/Binaries/Win64/UE4Editor-UObjectPlugin.dll (API version 3944462).
LogModuleManager: Display: Found up-to-date module file ../../../Engine/Plugins/Developer/VisualStudioCodeSourceCodeAccess/Binaries/Win64/UE4Editor-VisualStudioCodeSourceCodeAccess.dll (API version 3944462).
LogModuleManager: Display: Found up-to-date module file ../../../Engine/Plugins/Developer/VisualStudioSourceCodeAccess/Binaries/Win64/UE4Editor-VisualStudioSourceCodeAccess.dll (API version 3944462).
LogModuleManager: Display: Found up-to-date module file ../../../Engine/Plugins/Editor/AssetManagerEditor/Binaries/Win64/UE4Editor-AssetManagerEditor.dll (API version 3944462).
LogModuleManager: Display: Found up-to-date module file ../../../Engine/Plugins/Editor/CryptoKeys/Binaries/Win64/UE4Editor-CryptoKeys.dll (API version 3944462).
LogModuleManager: Display: Found up-to-date module file ../../../Engine/Plugins/Editor/CryptoKeys/Binaries/Win64/UE4Editor-CryptoKeysOpenSSL.dll (API version 3944462).
LogModuleManager: Display: Found up-to-date module file ../../../Engine/Plugins/Editor/DataValidation/Binaries/Win64/UE4Editor-DataValidation.dll (API version 3944462).
LogModuleManager: Display: Found up-to-date module file ../../../Engine/Plugins/Editor/FacialAnimation/Binaries/Win64/UE4Editor-FacialAnimation.dll (API version 3944462).
LogModuleManager: Display: Found up-to-date module file ../../../Engine/Plugins/Editor/FacialAnimation/Binaries/Win64/UE4Editor-FacialAnimationEditor.dll (API version 3944462).
LogModuleManager: Display: Found up-to-date module file ../../../Engine/Plugins/Editor/GameplayTagsEditor/Binaries/Win64/UE4Editor-GameplayTagsEditor.dll (API version 3944462).
LogModuleManager: Display: Found up-to-date module file ../../../Engine/Plugins/Editor/MobileLauncherProfileWizard/Binaries/Win64/UE4Editor-MobileLauncherProfileWizard.dll (API version 3944462).
LogModuleManager: Display: Found up-to-date module file ../../../Engine/Plugins/Editor/PluginBrowser/Binaries/Win64/UE4Editor-PluginBrowser.dll (API version 3944462).
LogModuleManager: Display: Found up-to-date module file ../../../Engine/Plugins/Editor/SpeedTreeImporter/Binaries/Win64/UE4Editor-SpeedTreeImporter.dll (API version 3944462).
LogModuleManager: Display: Found up-to-date module file ../../../Engine/Plugins/Enterprise/DatasmithContent/Binaries/Win64/UE4Editor-DatasmithContent.dll (API version 3944462).
LogModuleManager: Display: Found up-to-date module file ../../../Engine/Plugins/Experimental/AlembicImporter/Binaries/Win64/UE4Editor-AlembicImporter.dll (API version 3944462).
LogModuleManager: Display: Found up-to-date module file ../../../Engine/Plugins/Experimental/AlembicImporter/Binaries/Win64/UE4Editor-AlembicLibrary.dll (API version 3944462).
LogModuleManager: Display: Found up-to-date module file ../../../Engine/Plugins/Experimental/CharacterAI/Binaries/Win64/UE4Editor-CharacterAI.dll (API version 3944462).
LogModuleManager: Display: Found up-to-date module file ../../../Engine/Plugins/Experimental/HTML5Networking/Binaries/Win64/UE4Editor-HTML5Networking.dll (API version 3944462).
LogModuleManager: Display: Found up-to-date module file ../../../Engine/Plugins/Media/AndroidMedia/Binaries/Win64/UE4Editor-AndroidMediaEditor.dll (API version 3944462).
LogModuleManager: Display: Found up-to-date module file ../../../Engine/Plugins/Media/AndroidMedia/Binaries/Win64/UE4Editor-AndroidMediaFactory.dll (API version 3944462).
LogModuleManager: Display: Found up-to-date module file ../../../Engine/Plugins/Media/AvfMedia/Binaries/Win64/UE4Editor-AvfMediaEditor.dll (API version 3944462).
LogModuleManager: Display: Found up-to-date module file ../../../Engine/Plugins/Media/AvfMedia/Binaries/Win64/UE4Editor-AvfMediaFactory.dll (API version 3944462).
LogModuleManager: Display: Found up-to-date module file ../../../Engine/Plugins/Media/AvfMedia/Binaries/Win64/UE4Editor-AvfMediaFactory.dll (API version 3944462).
LogModuleManager: Display: Found up-to-date module file ../../../Engine/Plugins/Media/ImgMedia/Binaries/Win64/UE4Editor-ImgMedia.dll (API version 3944462).
LogModuleManager: Display: Found up-to-date module file ../../../Engine/Plugins/Media/ImgMedia/Binaries/Win64/UE4Editor-ImgMediaEditor.dll (API version 3944462).
LogModuleManager: Display: Found up-to-date module file ../../../Engine/Plugins/Media/ImgMedia/Binaries/Win64/UE4Editor-ImgMediaFactory.dll (API version 3944462).
LogModuleManager: Display: Found up-to-date module file ../../../Engine/Plugins/Media/ImgMedia/Binaries/Win64/UE4Editor-ImgMediaFactory.dll (API version 3944462).
LogModuleManager: Display: Found up-to-date module file ../../../Engine/Plugins/Media/ImgMedia/Binaries/Win64/UE4Editor-OpenExrWrapper.dll (API version 3944462).
LogModuleManager: Display: Found up-to-date module file ../../../Engine/Plugins/Media/LinearTimecode/Binaries/Win64/UE4Editor-LinearTimecode.dll (API version 3944462).
LogModuleManager: Display: Found up-to-date module file ../../../Engine/Plugins/Media/MediaCompositing/Binaries/Win64/UE4Editor-MediaCompositing.dll (API version 3944462).
LogModuleManager: Display: Found up-to-date module file ../../../Engine/Plugins/Media/MediaCompositing/Binaries/Win64/UE4Editor-MediaCompositingEditor.dll (API version 3944462).
LogModuleManager: Display: Found up-to-date module file ../../../Engine/Plugins/Media/MediaPlayerEditor/Binaries/Win64/UE4Editor-MediaPlayerEditor.dll (API version 3944462).
LogModuleManager: Display: Found up-to-date module file ../../../Engine/Plugins/Media/WmfMedia/Binaries/Win64/UE4Editor-WmfMedia.dll (API version 3944462).
LogModuleManager: Display: Found up-to-date module file ../../../Engine/Plugins/Media/WmfMedia/Binaries/Win64/UE4Editor-WmfMediaEditor.dll (API version 3944462).
LogModuleManager: Display: Found up-to-date module file ../../../Engine/Plugins/Media/WmfMedia/Binaries/Win64/UE4Editor-WmfMediaFactory.dll (API version 3944462).
LogModuleManager: Display: Found up-to-date module file ../../../Engine/Plugins/Media/WmfMedia/Binaries/Win64/UE4Editor-WmfMediaFactory.dll (API version 3944462).
LogModuleManager: Display: Found up-to-date module file ../../../Engine/Plugins/Messaging/TcpMessaging/Binaries/Win64/UE4Editor-TcpMessaging.dll (API version 3944462).
LogModuleManager: Display: Found up-to-date module file ../../../Engine/Plugins/Messaging/UdpMessaging/Binaries/Win64/UE4Editor-UdpMessaging.dll (API version 3944462).
LogModuleManager: Display: Found up-to-date module file ../../../Engine/Plugins/MovieScene/ActorSequence/Binaries/Win64/UE4Editor-ActorSequence.dll (API version 3944462).
LogModuleManager: Display: Found up-to-date module file ../../../Engine/Plugins/MovieScene/LevelSequenceEditor/Binaries/Win64/UE4Editor-LevelSequenceEditor.dll (API version 3944462).
LogModuleManager: Display: Found up-to-date module file ../../../Engine/Plugins/MovieScene/MatineeToLevelSequence/Binaries/Win64/UE4Editor-MatineeToLevelSequence.dll (API version 3944462).
LogModuleManager: Display: Found up-to-date module file ../../../Engine/Plugins/NetcodeUnitTest/NetcodeUnitTest/Binaries/Win64/UE4Editor-NetcodeUnitTest.dll (API version 3944462).
LogModuleManager: Display: Found up-to-date module file ../../../Engine/Plugins/NetcodeUnitTest/NUTUnrealEngine4/Binaries/Win64/UE4Editor-NUTUnrealEngine4.dll (API version 3944462).
LogModuleManager: Display: Found up-to-date module file ../../../Engine/Plugins/Online/OnlineSubsystem/Binaries/Win64/UE4Editor-OnlineSubsystem.dll (API version 3944462).
LogModuleManager: Display: Found up-to-date module file ../../../Engine/Plugins/Runtime/AndroidPermission/Binaries/Win64/UE4Editor-AndroidPermission.dll (API version 3944462).
LogModuleManager: Display: Found up-to-date module file ../../../Engine/Plugins/Online/OnlineSubsystemNull/Binaries/Win64/UE4Editor-OnlineSubsystemNull.dll (API version 3944462).
LogModuleManager: Display: Found up-to-date module file ../../../Engine/Plugins/Online/OnlineSubsystemUtils/Binaries/Win64/UE4Editor-OnlineSubsystemUtils.dll (API version 3944462).
LogModuleManager: Display: Found up-to-date module file ../../../Engine/Plugins/Online/OnlineSubsystemUtils/Binaries/Win64/UE4Editor-OnlineBlueprintSupport.dll (API version 3944462).
LogModuleManager: Display: Found up-to-date module file ../../../Engine/Plugins/Runtime/AndroidDeviceProfileSelector/Binaries/Win64/UE4Editor-AndroidDeviceProfileSelector.dll (API version 3944462).
LogModuleManager: Display: Found up-to-date module file ../../../Engine/Plugins/Runtime/AppleARKit/Binaries/Win64/UE4Editor-AppleARKit.dll (API version 3944462).
LogModuleManager: Display: Found up-to-date module file ../../../Engine/Plugins/Runtime/ProceduralMeshComponent/Binaries/Win64/UE4Editor-ProceduralMeshComponent.dll (API version 3944462).
LogModuleManager: Display: Found up-to-date module file ../../../Engine/Plugins/Runtime/ProceduralMeshComponent/Binaries/Win64/UE4Editor-ProceduralMeshComponentEditor.dll (API version 3944462).
LogModuleManager: Display: Found up-to-date module file ../../../Engine/Plugins/Animation/LiveLink/Binaries/Win64/UE4Editor-LiveLink.dll (API version 3944462).
LogModuleManager: Display: Found up-to-date module file ../../../Engine/Plugins/Animation/LiveLink/Binaries/Win64/UE4Editor-LiveLinkEditor.dll (API version 3944462).
LogModuleManager: Display: Found up-to-date module file ../../../Engine/Plugins/Runtime/ArchVisCharacter/Binaries/Win64/UE4Editor-ArchVisCharacter.dll (API version 3944462).
LogModuleManager: Display: Found up-to-date module file ../../../Engine/Plugins/Runtime/AudioCapture/Binaries/Win64/UE4Editor-AudioCapture.dll (API version 3944462).
LogModuleManager: Display: Found up-to-date module file ../../../Engine/Plugins/Runtime/AudioCapture/Binaries/Win64/UE4Editor-AudioCaptureEditor.dll (API version 3944462).
LogModuleManager: Display: Found up-to-date module file ../../../Engine/Plugins/Runtime/CableComponent/Binaries/Win64/UE4Editor-CableComponent.dll (API version 3944462).
LogModuleManager: Display: Found up-to-date module file ../../../Engine/Plugins/Runtime/CustomMeshComponent/Binaries/Win64/UE4Editor-CustomMeshComponent.dll (API version 3944462).
LogModuleManager: Display: Found up-to-date module file ../../../Engine/Plugins/Runtime/ExampleDeviceProfileSelector/Binaries/Win64/UE4Editor-ExampleDeviceProfileSelector.dll (API version 3944462).
LogModuleManager: Display: Found up-to-date module file ../../../Engine/Plugins/Runtime/ImmediatePhysics/Binaries/Win64/UE4Editor-ImmediatePhysics.dll (API version 3944462).
LogModuleManager: Display: Found up-to-date module file ../../../Engine/Plugins/Runtime/ImmediatePhysics/Binaries/Win64/UE4Editor-ImmediatePhysicsEditor.dll (API version 3944462).
LogModuleManager: Display: Found up-to-date module file ../../../Engine/Plugins/Runtime/LocationServicesBPLibrary/Binaries/Win64/UE4Editor-LocationServicesBPLibrary.dll (API version 3944462).
LogModuleManager: Display: Found up-to-date module file ../../../Engine/Plugins/Runtime/MobilePatchingUtils/Binaries/Win64/UE4Editor-MobilePatchingUtils.dll (API version 3944462).
LogModuleManager: Display: Found up-to-date module file ../../../Engine/Plugins/Runtime/Oculus/OculusVR/Binaries/Win64/UE4Editor-OculusHMD.dll (API version 3944462).
LogModuleManager: Display: Found up-to-date module file ../../../Engine/Plugins/Runtime/Oculus/OculusVR/Binaries/Win64/UE4Editor-OculusInput.dll (API version 3944462).
LogModuleManager: Display: Found up-to-date module file ../../../Engine/Plugins/Runtime/Oculus/OculusVR/Binaries/Win64/UE4Editor-OculusEditor.dll (API version 3944462).
LogModuleManager: Display: Found up-to-date module file ../../../Engine/Plugins/Runtime/PhysXVehicles/Binaries/Win64/UE4Editor-PhysXVehicles.dll (API version 3944462).
LogModuleManager: Display: Found up-to-date module file ../../../Engine/Plugins/Runtime/PhysXVehicles/Binaries/Win64/UE4Editor-PhysXVehiclesEditor.dll (API version 3944462).
LogModuleManager: Display: Found up-to-date module file ../../../Engine/Plugins/Runtime/RuntimePhysXCooking/Binaries/Win64/UE4Editor-RuntimePhysXCooking.dll (API version 3944462).
LogModuleManager: Display: Found up-to-date module file ../../../Engine/Plugins/Runtime/Steam/SteamVR/Binaries/Win64/UE4Editor-SteamVR.dll (API version 3944462).
LogModuleManager: Display: Found up-to-date module file ../../../Engine/Plugins/Runtime/Steam/SteamVR/Binaries/Win64/UE4Editor-SteamVRController.dll (API version 3944462).
LogModuleManager: Display: Found up-to-date module file ../../../Engine/Plugins/Runtime/WindowsMoviePlayer/Binaries/Win64/UE4Editor-WindowsMoviePlayer.dll (API version 3944462).
LogPluginManager: Mounting plugin Paper2D
LogPluginManager: Mounting plugin LiveLink
LogPluginManager: Mounting plugin LightPropagationVolume
LogPluginManager: Mounting plugin CLionSourceCodeAccess
LogPluginManager: Mounting plugin CodeLiteSourceCodeAccess
LogPluginManager: Mounting plugin GitSourceControl
LogPluginManager: Mounting plugin KDevelopSourceCodeAccess
LogPluginManager: Mounting plugin NullSourceCodeAccess
LogPluginManager: Mounting plugin PerforceSourceControl
LogPluginManager: Mounting plugin SubversionSourceControl
LogPluginManager: Mounting plugin UObjectPlugin
LogPluginManager: Mounting plugin VisualStudioCodeSourceCodeAccess
LogPluginManager: Mounting plugin VisualStudioSourceCodeAccess
LogPluginManager: Mounting plugin XCodeSourceCodeAccess
LogPluginManager: Mounting plugin AssetManagerEditor
LogPluginManager: Mounting plugin CryptoKeys
LogPluginManager: Mounting plugin DataValidation
LogPluginManager: Mounting plugin FacialAnimation
LogPluginManager: Mounting plugin GameplayTagsEditor
LogPluginManager: Mounting plugin MobileLauncherProfileWizard
LogPluginManager: Mounting plugin PluginBrowser
LogPluginManager: Mounting plugin SpeedTreeImporter
LogPluginManager: Mounting plugin DatasmithContent
LogPluginManager: Mounting plugin AlembicImporter
LogPluginManager: Mounting plugin CharacterAI
LogPluginManager: Mounting plugin HTML5Networking
LogPluginManager: Mounting plugin AndroidMedia
LogPluginManager: Mounting plugin AvfMedia
LogPluginManager: Mounting plugin ImgMedia
LogPluginManager: Mounting plugin LinearTimecode
LogPluginManager: Mounting plugin MediaCompositing
LogPluginManager: Mounting plugin MediaPlayerEditor
LogPluginManager: Mounting plugin WmfMedia
LogPluginManager: Mounting plugin TcpMessaging
LogPluginManager: Mounting plugin UdpMessaging
LogPluginManager: Mounting plugin ActorSequence
LogPluginManager: Mounting plugin LevelSequenceEditor
LogPluginManager: Mounting plugin MatineeToLevelSequence
LogPluginManager: Mounting plugin NetcodeUnitTest
LogPluginManager: Mounting plugin NUTUnrealEngine4
LogPluginManager: Mounting plugin OnlineSubsystemGooglePlay
LogPluginManager: Mounting plugin OnlineSubsystemIOS
LogPluginManager: Mounting plugin OnlineSubsystem
LogPluginManager: Mounting plugin OnlineSubsystemNull
LogPluginManager: Mounting plugin OnlineSubsystemUtils
LogPluginManager: Mounting plugin AndroidDeviceProfileSelector
LogPluginManager: Mounting plugin AndroidMoviePlayer
LogPluginManager: Mounting plugin AndroidPermission
LogPluginManager: Mounting plugin AppleARKit
LogPluginManager: Mounting plugin AppleMoviePlayer
LogPluginManager: Mounting plugin ArchVisCharacter
LogPluginManager: Mounting plugin AudioCapture
LogPluginManager: Mounting plugin CableComponent
LogPluginManager: Mounting plugin CustomMeshComponent
LogPluginManager: Mounting plugin ExampleDeviceProfileSelector
LogPluginManager: Mounting plugin GoogleCloudMessaging
LogPluginManager: Mounting plugin ImmediatePhysics
LogPluginManager: Mounting plugin IOSDeviceProfileSelector
LogPluginManager: Mounting plugin LinuxDeviceProfileSelector
LogPluginManager: Mounting plugin LocationServicesBPLibrary
LogPluginManager: Mounting plugin MobilePatchingUtils
LogPluginManager: Mounting plugin OculusVR
LogPluginManager: Plugin shader directory ../../../Engine/Plugins/Runtime/Oculus/OculusVR/Shaders found
LogPluginManager: Mapping shader source directory ../../../Engine/Plugins/Runtime/Oculus/OculusVR/Shaders to virtual directory /Plugin/OculusVR
LogPluginManager: Mounting plugin PhysXVehicles
LogPluginManager: Mounting plugin ProceduralMeshComponent
LogPluginManager: Mounting plugin RuntimePhysXCooking
LogPluginManager: Mounting plugin SteamVR
LogPluginManager: Mounting plugin WindowsMoviePlayer
LogStreaming: Display: Took  0.742s to configure plugins.
LogInit: Using libcurl 7.47.1
LogInit:  - built for x86_64-pc-win32
LogInit:  - supports SSL with OpenSSL/1.0.2g
LogInit:  - supports HTTP deflate (compression) using libz 1.2.8
LogInit:  - other features:
LogInit:      CURL_VERSION_SSL
LogInit:      CURL_VERSION_LIBZ
LogInit:      CURL_VERSION_IPV6
LogInit:      CURL_VERSION_ASYNCHDNS
LogInit:      CURL_VERSION_LARGEFILE
LogInit:      CURL_VERSION_IDN
LogInit:  CurlRequestOptions (configurable via config and command line):
LogInit:  - bVerifyPeer = false  - Libcurl will NOT verify peer certificate
LogInit:  - bUseHttpProxy = false  - Libcurl will NOT use HTTP proxy
LogInit:  - bDontReuseConnections = false  - Libcurl will reuse connections
LogInit:  - CertBundlePath = nullptr  - Libcurl will use whatever was configured at build time.
LogInit:  - MaxHostConnections = 16  - Libcurl will limit the number of connections to a host
LogInit:  - LocalHostAddr = Default
LogInit: WinSock: version 1.1 (2.2), MaxSocks=32767, MaxUdp=65467
LogInit: WinSock: I am DESKTOP-71H849T (10.4.107.21:0)
LogInit: Build: ++UE4+Release-4.19-CL-4033788
LogInit: Engine Version: 4.19.2-4033788+++UE4+Release-4.19
LogInit: Compatible Engine Version: 4.19.0-3944462+++UE4+Release-4.19
LogInit: Net CL: 3944462
LogDevObjectVersion: Number of dev versions registered: 18
LogDevObjectVersion:   Dev-Blueprints (B0D832E4-1F89-4F0D-ACCF-7EB736FD4AA2): 10
LogDevObjectVersion:   Dev-Build (E1C64328-A22C-4D53-A36C-8E866417BD8C): 0
LogDevObjectVersion:   Dev-Core (375EC13C-06E4-48FB-B500-84F0262A717E): 2
LogDevObjectVersion:   Dev-Editor (E4B068ED-F494-42E9-A231-DA0B2E46BB41): 23
LogDevObjectVersion:   Dev-Framework (CFFC743F-43B0-4480-9391-14DF171D2073): 33
LogDevObjectVersion:   Dev-Mobile (B02B49B5-BB20-44E9-A304-32B752E40360): 2
LogDevObjectVersion:   Dev-Networking (A4E4105C-59A1-49B5-A7C5-40C4547EDFEE): 0
LogDevObjectVersion:   Dev-Online (39C831C9-5AE6-47DC-9A44-9C173E1C8E7C): 0
LogDevObjectVersion:   Dev-Physics (78F01B33-EBEA-4F98-B9B4-84EACCB95AA2): 0
LogDevObjectVersion:   Dev-Platform (6631380F-2D4D-43E0-8009-CF276956A95A): 0
LogDevObjectVersion:   Dev-Rendering (12F88B9F-8875-4AFC-A67C-D90C383ABD29): 25
LogDevObjectVersion:   Dev-Sequencer (7B5AE74C-D270-4C10-A958-57980B212A5A): 6
LogDevObjectVersion:   Dev-VR (D7296918-1DD6-4BDD-9DE2-64A83CC13884): 1
LogDevObjectVersion:   Dev-LoadTimes (C2A15278-BFE7-4AFE-6C17-90FF531DF755): 1
LogDevObjectVersion:   Private-Geometry (6EACA3D4-40EC-4CC1-B786-8BED09428FC5): 2
LogDevObjectVersion:   Dev-AnimPhys (29E575DD-E0A3-4627-9D10-D276232CDCEA): 16
LogDevObjectVersion:   Dev-ReflectionCapture (6B266CEC-1EC7-4B8F-A30B-E4D90942FC07): 1
LogDevObjectVersion:   Dev-Automation (0DF73D61-A23F-47EA-B727-89E90C41499A): 1
LogInit: Compiled (64-bit): Apr 27 2018 02:06:57
LogInit: Compiled with Visual C++: 19.00.24215.01
LogInit: Build Configuration: Development
LogInit: Branch Name: ++UE4+Release-4.19
LogInit: Command Line: -EpicPortal 
LogInit: Base Directory: D:/Epic Games/UE_4.19/Engine/Binaries/Win64/
LogInit: Installed Engine Build: 1
LogStreaming: Display: Took  0.000s to delete old logs.
LogInit: Presizing for max 8388607 objects, including 0 objects not considered by GC, pre-allocating 0 bytes for permanent pool.
LogInit: Object subsystem initialized
[2018.07.24-16.40.53:362][  0]LogInit: Selected Device Profile: [Windows]
[2018.07.24-16.40.53:362][  0]LogInit: Applying CVar settings loaded from the selected device profile: [Windows]
[2018.07.24-16.40.53:376][  0]LogInit: Computer: DESKTOP-71H849T
[2018.07.24-16.40.53:376][  0]LogInit: User: Josh
[2018.07.24-16.40.53:376][  0]LogInit: CPU Page size=4096, Cores=4
[2018.07.24-16.40.53:376][  0]LogInit: High frequency timer resolution =2.742187 MHz
[2018.07.24-16.40.53:376][  0]LogMemory: Memory total: Physical=15.9GB (16GB approx)
[2018.07.24-16.40.53:376][  0]LogMemory: Platform Memory Stats for Windows
[2018.07.24-16.40.53:376][  0]LogMemory: Process Physical Memory: 274.01 MB used, 274.01 MB peak
[2018.07.24-16.40.53:376][  0]LogMemory: Process Virtual Memory: 264.70 MB used, 264.70 MB peak
[2018.07.24-16.40.53:376][  0]LogMemory: Physical Memory: 6994.20 MB used,  9262.82 MB free, 16257.03 MB total
[2018.07.24-16.40.53:376][  0]LogMemory: Virtual Memory: 4794.11 MB used,  9262.82 MB free, 134217728.00 MB total
[2018.07.24-16.40.53:660][  0]LogInit: Using OS detected language (en-US).
[2018.07.24-16.40.53:660][  0]LogInit: Using OS detected locale (en-US).
[2018.07.24-16.40.53:663][  0]LogTextLocalizationManager: No specific localization for 'en-US' exists, so the 'en' localization will be used.
[2018.07.24-16.40.54:130][  0]LogStreaming: Display: Took  0.471s to EndInitTextLocalization.
[2018.07.24-16.40.54:130][  0]LogInit: Setting process to per monitor DPI aware
[2018.07.24-16.40.54:167][  0]LogSlate: New Slate User Created.  User Index 0, Is Virtual User: 0
[2018.07.24-16.40.54:167][  0]LogSlate: Slate User Registered.  User Index 0, Is Virtual User: 0
[2018.07.24-16.40.54:367][  0]LogD3D11RHI: D3D11 adapters:
[2018.07.24-16.40.54:436][  0]LogD3D11RHI:    0. 'NVIDIA GeForce GTX 1070' (Feature Level 11_0)
[2018.07.24-16.40.54:436][  0]LogD3D11RHI:       8081/0/8128 MB DedicatedVideo/DedicatedSystem/SharedSystem, Outputs:1, VendorId:0x10de
[2018.07.24-16.40.54:958][  0]LogD3D11RHI:    1. 'Intel(R) HD Graphics 630' (Feature Level 11_0)
[2018.07.24-16.40.54:958][  0]LogD3D11RHI:       128/0/8128 MB DedicatedVideo/DedicatedSystem/SharedSystem, Outputs:0, VendorId:0x8086
[2018.07.24-16.40.54:961][  0]LogD3D11RHI:    2. 'Microsoft Basic Render Driver' (Feature Level 11_0)
[2018.07.24-16.40.54:961][  0]LogD3D11RHI:       0/0/8128 MB DedicatedVideo/DedicatedSystem/SharedSystem, Outputs:0, VendorId:0x1414
[2018.07.24-16.40.54:961][  0]LogD3D11RHI: Chosen D3D11 Adapter: 0
[2018.07.24-16.40.54:969][  0]LogD3D11RHI: Creating new Direct3DDevice
[2018.07.24-16.40.54:969][  0]LogD3D11RHI:     GPU DeviceId: 0x1be1 (for the marketing name, search the web for "GPU Device Id")
[2018.07.24-16.40.54:969][  0]LogWindows: EnumDisplayDevices:
[2018.07.24-16.40.54:969][  0]LogWindows:    0. 'NVIDIA GeForce GTX 1070' (P:1 D:1)
[2018.07.24-16.40.54:969][  0]LogWindows:    1. 'NVIDIA GeForce GTX 1070' (P:0 D:0)
[2018.07.24-16.40.54:969][  0]LogWindows:    2. 'NVIDIA GeForce GTX 1070' (P:0 D:0)
[2018.07.24-16.40.54:970][  0]LogWindows:    3. 'NVIDIA GeForce GTX 1070' (P:0 D:0)
[2018.07.24-16.40.54:970][  0]LogWindows:    4. 'Intel(R) HD Graphics 630' (P:0 D:0)
[2018.07.24-16.40.54:970][  0]LogWindows:    5. 'Intel(R) HD Graphics 630' (P:0 D:0)
[2018.07.24-16.40.54:970][  0]LogWindows:    6. 'Intel(R) HD Graphics 630' (P:0 D:0)
[2018.07.24-16.40.54:970][  0]LogWindows: DebugString: GetVideoDriverDetailsInvalid PrimaryIsNotTheChoosenAdapter GetVideoDriverDetailsInvalid PrimaryIsNotTheChoosenAdapter GetVideoDriverDetailsInvalid PrimaryIsNotTheChoosenAdapter GetVideoDriverDetailsInvalid PrimaryIsNotTheChoosenAdapter GetVideoDriverDetailsInvalid PrimaryIsNotTheChoosenAdapter GetVideoDriverDetailsInvalid PrimaryIsNotTheChoosenAdapter GetVideoDriverDetailsInvalid PrimaryIsNotTheChoosenAdapter FoundDriverCount:0 
[2018.07.24-16.40.54:970][  0]LogD3D11RHI:     Adapter Name: NVIDIA GeForce GTX 1070
[2018.07.24-16.40.54:970][  0]LogD3D11RHI:   Driver Version: Unknown (internal:Unknown, unified:Unknown)
[2018.07.24-16.40.54:970][  0]LogD3D11RHI:      Driver Date: Unknown
[2018.07.24-16.40.54:970][  0]LogRHI: Texture pool is 5656 MB (70% of 8081 MB)
[2018.07.24-16.40.55:018][  0]LogD3D11RHI: [Aftermath] Aftermath enabled and primed
[2018.07.24-16.40.55:019][  0]LogD3D11RHI: [Aftermath] Aftermath enabled and primed
[2018.07.24-16.40.55:019][  0]LogD3D11RHI: Async texture creation enabled
[2018.07.24-16.40.55:049][  0]LogD3D11RHI: GPU Timing Frequency: 1000.000000 (Debug: 2 2)
[2018.07.24-16.40.55:097][  0]LogShaderCompilers: Guid format shader working directory is -12 characters bigger than the processId version (../../../../../SchoolProjects/VDDUNRL_TEAM2/VDDUNRL_DJMM/Intermediate/Shaders/WorkingDirectory/10364/).
[2018.07.24-16.40.55:097][  0]LogShaderCompilers: Cleaned the shader compiler working directory 'C:/Users/Josh/AppData/Local/Temp/UnrealShaderWorkingDir/8FA9247D4C01113E8D5978BA0434297C/'.
[2018.07.24-16.40.58:050][  0]LogTemp: Display: Loaded TP AllDesktopTargetPlatform
[2018.07.24-16.40.58:067][  0]LogTemp: Display: Loaded TP MacClientTargetPlatform
[2018.07.24-16.40.58:083][  0]LogTemp: Display: Loaded TP MacNoEditorTargetPlatform
[2018.07.24-16.40.58:095][  0]LogTemp: Display: Loaded TP MacServerTargetPlatform
[2018.07.24-16.40.58:109][  0]LogTemp: Display: Loaded TP MacTargetPlatform
[2018.07.24-16.40.58:125][  0]LogTemp: Display: Loaded TP WindowsClientTargetPlatform
[2018.07.24-16.40.58:142][  0]LogTemp: Display: Loaded TP WindowsNoEditorTargetPlatform
[2018.07.24-16.40.58:155][  0]LogTemp: Display: Loaded TP WindowsServerTargetPlatform
[2018.07.24-16.40.58:160][  0]LogTemp: Display: Loaded TP WindowsTargetPlatform
[2018.07.24-16.40.58:171][  0]LogTemp: Display: Loaded TP Android_ASTCTargetPlatform
[2018.07.24-16.40.58:184][  0]LogTemp: Display: Loaded TP Android_ATCTargetPlatform
[2018.07.24-16.40.58:197][  0]LogTemp: Display: Loaded TP Android_DXTTargetPlatform
[2018.07.24-16.40.58:209][  0]LogTemp: Display: Loaded TP Android_ETC1aTargetPlatform
[2018.07.24-16.40.58:220][  0]LogTemp: Display: Loaded TP Android_ETC1TargetPlatform
[2018.07.24-16.40.58:235][  0]LogTemp: Display: Loaded TP Android_ETC2TargetPlatform
[2018.07.24-16.40.58:265][  0]LogTemp: Display: Loaded TP Android_MultiTargetPlatform
[2018.07.24-16.40.58:265][  0]LogTemp: Display: Loaded TP Android_PVRTCTargetPlatform
[2018.07.24-16.40.58:277][  0]LogTemp: Display: Loaded TP AndroidTargetPlatform
[2018.07.24-16.40.58:278][  0]LogTemp: Display: Loaded TP HTML5TargetPlatform
[2018.07.24-16.40.58:319][  0]LogTemp: Display: Loaded TP IOSTargetPlatform
[2018.07.24-16.40.58:331][  0]LogTemp: Display: Loaded TP TVOSTargetPlatform
[2018.07.24-16.40.58:344][  0]LogTemp: Display: Loaded TP LinuxClientTargetPlatform
[2018.07.24-16.40.58:357][  0]LogTemp: Display: Loaded TP LinuxNoEditorTargetPlatform
[2018.07.24-16.40.58:369][  0]LogTemp: Display: Loaded TP LinuxServerTargetPlatform
[2018.07.24-16.40.58:382][  0]LogTemp: Display: Loaded TP LinuxTargetPlatform
[2018.07.24-16.40.58:382][  0]LogTargetPlatformManager: Display: Building Assets For Windows
[2018.07.24-16.40.58:470][  0]LogXGEController: Cannot use XGE Controller as Incredibuild is not installed on this machine.
[2018.07.24-16.40.58:470][  0]LogShaderCompilers: Cannot use XGE Shader Compiler as Incredibuild is not installed on this machine.
[2018.07.24-16.40.58:470][  0]LogShaderCompilers: Display: Using Local Shader Compiler.
[2018.07.24-16.40.59:291][  0]LogDerivedDataCache: Display: Max Cache Size: 512 MB
[2018.07.24-16.40.59:363][  0]LogDerivedDataCache: Loaded boot cache 0.07s 74MB C:/Users/Josh/AppData/Local/UnrealEngine/4.19/DerivedDataCache/Boot.ddc.
[2018.07.24-16.40.59:363][  0]LogDerivedDataCache: Display: Loaded Boot cache: C:/Users/Josh/AppData/Local/UnrealEngine/4.19/DerivedDataCache/Boot.ddc
[2018.07.24-16.40.59:363][  0]LogDerivedDataCache: FDerivedDataBackendGraph:  Pak pak cache file ../../../../../SchoolProjects/VDDUNRL_TEAM2/VDDUNRL_DJMM/DerivedDataCache/DDC.ddp not found, will not use a pak cache.
[2018.07.24-16.40.59:363][  0]LogDerivedDataCache: Unable to find inner node Pak for hierarchical cache Hierarchy.
[2018.07.24-16.40.59:363][  0]LogDerivedDataCache: FDerivedDataBackendGraph:  CompressedPak pak cache file ../../../../../SchoolProjects/VDDUNRL_TEAM2/VDDUNRL_DJMM/DerivedDataCache/Compressed.ddp not found, will not use a pak cache.
[2018.07.24-16.40.59:363][  0]LogDerivedDataCache: Unable to find inner node CompressedPak for hierarchical cache Hierarchy.
[2018.07.24-16.40.59:382][  0]LogDerivedDataCache: Display: Pak cache opened for reading ../../../Engine/DerivedDataCache/Compressed.ddp.
[2018.07.24-16.40.59:395][  0]LogDerivedDataCache: Using Local data cache path C:/Users/Josh/AppData/Local/UnrealEngine/Common/DerivedDataCache: Writable
[2018.07.24-16.40.59:395][  0]LogDerivedDataCache: Shared data cache path not found in *engine.ini, will not use an Shared cache.
[2018.07.24-16.40.59:395][  0]LogDerivedDataCache: Unable to find inner node Shared for hierarchical cache Hierarchy.
[2018.07.24-16.40.59:407][  0]LogMaterial: Verifying Global Shaders for PCD3D_SM5
[2018.07.24-16.40.59:407][  0]LogSlate: Using Freetype 2.6.0
[2018.07.24-16.40.59:408][  0]LogSlate: SlateFontCache - WITH_FREETYPE: 1, WITH_HARFBUZZ: 1
[2018.07.24-16.40.59:408][  0]LogSlate: SlateFontCache - WITH_FREETYPE: 1, WITH_HARFBUZZ: 1
[2018.07.24-16.40.59:516][  0]LogAssetRegistry: FAssetRegistry took 0.0287 seconds to start up
[2018.07.24-16.40.59:889][  0]LogInit: Selected Device Profile: [Windows]
[2018.07.24-16.41.00:051][  0]LogSimplygon: Simplygon DLL not present - disabling.
[2018.07.24-16.41.00:053][  0]LogMeshReduction: Using SimplygonSwarm for distributed automatic mesh merging
[2018.07.24-16.41.00:053][  0]LogMeshReduction: Using QuadricMeshReduction for automatic static mesh reduction
[2018.07.24-16.41.00:054][  0]LogMeshReduction: No automatic skeletal mesh reduction module available
[2018.07.24-16.41.00:054][  0]LogMeshReduction: No automatic mesh merging module available
[2018.07.24-16.41.00:054][  0]LogMeshMerging: No automatic mesh merging module available
[2018.07.24-16.41.00:080][  0]LogNetVersion: VDDUNRL_DJMM , NetCL: 3944462, EngineNetVer: 2, GameNetVer: 0 (Checksum: 2093243182)
[2018.07.24-16.41.00:554][  0]LogPackageLocalizationCache: Processed 9 localized package path(s) for 2 prioritized culture(s) in 0.070267 seconds
[2018.07.24-16.41.00:560][  0]LogUObjectArray: 36728 objects as part of root set at end of initial load.
[2018.07.24-16.41.00:560][  0]LogUObjectAllocator: 7314312 out of 0 bytes used by permanent object pool.
[2018.07.24-16.41.00:560][  0]LogUObjectArray: CloseDisregardForGC: 0/0 objects in disregard for GC pool
[2018.07.24-16.41.02:314][  0]LogTcpMessaging: Initializing TcpMessaging bridge
[2018.07.24-16.41.02:337][  0]LogUdpMessaging: Initializing bridge on interface 0.0.0.0:0 to multicast group 230.0.0.1:6666.
[2018.07.24-16.41.02:337][  0]FUdpSocketBuilder: Failed to subscribe UdpMessageMulticastSocket to multicast group 230.0.0.1
[2018.07.24-16.41.02:337][  0]FUdpSocketBuilder: Failed to create and initialize socket UdpMessageMulticastSocket (last error: 0)
[2018.07.24-16.41.02:337][  0]LogUdpMessaging: Warning: StartTransport failed to create multicast socket on 0.0.0.0:0, joined to 230.0.0.1:6666 with TTL 1
[2018.07.24-16.41.02:620][  0]SourceControl: Source control is disabled
[2018.07.24-16.41.02:620][  0]LogWindows: Warning: CreateProc failed: The system cannot find the file specified. (0x00000002)
[2018.07.24-16.41.02:620][  0]LogWindows: Warning: URL: C:/Program Files/Git/bin/git.exe version
[2018.07.24-16.41.02:621][  0]LogWindows: Warning: CreateProc failed: The system cannot find the file specified. (0x00000002)
[2018.07.24-16.41.02:621][  0]LogWindows: Warning: URL: C:/Program Files (x86)/Git/bin/git.exe version
[2018.07.24-16.41.02:621][  0]LogWindows: Warning: CreateProc failed: The system cannot find the file specified. (0x00000002)
[2018.07.24-16.41.02:621][  0]LogWindows: Warning: URL: C:\Users\Josh\AppData\Local/Programs/Git/cmd/git.exe version
[2018.07.24-16.41.02:621][  0]LogWindows: Warning: CreateProc failed: The system cannot find the file specified. (0x00000002)
[2018.07.24-16.41.02:621][  0]LogWindows: Warning: URL: C:/Program Files (x86)/SmartGit/git/bin/git.exe version
[2018.07.24-16.41.02:621][  0]LogWindows: Warning: CreateProc failed: The system cannot find the file specified. (0x00000002)
[2018.07.24-16.41.02:621][  0]LogWindows: Warning: URL: C:/Program Files (x86)/SmartGit/bin/git.exe version
[2018.07.24-16.41.02:621][  0]LogWindows: Warning: CreateProc failed: The system cannot find the file specified. (0x00000002)
[2018.07.24-16.41.02:621][  0]LogWindows: Warning: URL: C:\Users\Josh\AppData\Local/Atlassian/SourceTree/git_local/bin/git.exe version
[2018.07.24-16.41.02:622][  0]LogWindows: Warning: CreateProc failed: The system cannot find the file specified. (0x00000002)
[2018.07.24-16.41.02:622][  0]LogWindows: Warning: URL: C:/Program Files (x86)/fournova/Tower/vendor/Git/bin/git.exe version
[2018.07.24-16.41.02:638][  0]LogWindows: Warning: CreateProc failed: The system cannot find the file specified. (0x00000002)
[2018.07.24-16.41.02:638][  0]LogWindows: Warning: URL: C:/Program Files/Git/bin/git.exe version
[2018.07.24-16.41.02:638][  0]LogWindows: Warning: CreateProc failed: The system cannot find the file specified. (0x00000002)
[2018.07.24-16.41.02:638][  0]LogWindows: Warning: URL: C:/Program Files (x86)/Git/bin/git.exe version
[2018.07.24-16.41.02:638][  0]LogWindows: Warning: CreateProc failed: The system cannot find the file specified. (0x00000002)
[2018.07.24-16.41.02:638][  0]LogWindows: Warning: URL: C:\Users\Josh\AppData\Local/Programs/Git/cmd/git.exe version
[2018.07.24-16.41.02:638][  0]LogWindows: Warning: CreateProc failed: The system cannot find the file specified. (0x00000002)
[2018.07.24-16.41.02:638][  0]LogWindows: Warning: URL: C:/Program Files (x86)/SmartGit/git/bin/git.exe version
[2018.07.24-16.41.02:639][  0]LogWindows: Warning: CreateProc failed: The system cannot find the file specified. (0x00000002)
[2018.07.24-16.41.02:639][  0]LogWindows: Warning: URL: C:/Program Files (x86)/SmartGit/bin/git.exe version
[2018.07.24-16.41.02:639][  0]LogWindows: Warning: CreateProc failed: The system cannot find the file specified. (0x00000002)
[2018.07.24-16.41.02:639][  0]LogWindows: Warning: URL: C:\Users\Josh\AppData\Local/Atlassian/SourceTree/git_local/bin/git.exe version
[2018.07.24-16.41.02:639][  0]LogWindows: Warning: CreateProc failed: The system cannot find the file specified. (0x00000002)
[2018.07.24-16.41.02:639][  0]LogWindows: Warning: URL: C:/Program Files (x86)/fournova/Tower/vendor/Git/bin/git.exe version
[2018.07.24-16.41.02:651][  0]LogWindows: Warning: CreateProc failed: The system cannot find the file specified. (0x00000002)
[2018.07.24-16.41.02:651][  0]LogWindows: Warning: URL: C:/Program Files/Git/bin/git.exe version
[2018.07.24-16.41.02:651][  0]LogWindows: Warning: CreateProc failed: The system cannot find the file specified. (0x00000002)
[2018.07.24-16.41.02:651][  0]LogWindows: Warning: URL: C:/Program Files (x86)/Git/bin/git.exe version
[2018.07.24-16.41.02:651][  0]LogWindows: Warning: CreateProc failed: The system cannot find the file specified. (0x00000002)
[2018.07.24-16.41.02:651][  0]LogWindows: Warning: URL: C:\Users\Josh\AppData\Local/Programs/Git/cmd/git.exe version
[2018.07.24-16.41.02:652][  0]LogWindows: Warning: CreateProc failed: The system cannot find the file specified. (0x00000002)
[2018.07.24-16.41.02:652][  0]LogWindows: Warning: URL: C:/Program Files (x86)/SmartGit/git/bin/git.exe version
[2018.07.24-16.41.02:652][  0]LogWindows: Warning: CreateProc failed: The system cannot find the file specified. (0x00000002)
[2018.07.24-16.41.02:652][  0]LogWindows: Warning: URL: C:/Program Files (x86)/SmartGit/bin/git.exe version
[2018.07.24-16.41.02:652][  0]LogWindows: Warning: CreateProc failed: The system cannot find the file specified. (0x00000002)
[2018.07.24-16.41.02:652][  0]LogWindows: Warning: URL: C:\Users\Josh\AppData\Local/Atlassian/SourceTree/git_local/bin/git.exe version
[2018.07.24-16.41.02:652][  0]LogWindows: Warning: CreateProc failed: The system cannot find the file specified. (0x00000002)
[2018.07.24-16.41.02:652][  0]LogWindows: Warning: URL: C:/Program Files (x86)/fournova/Tower/vendor/Git/bin/git.exe version
[2018.07.24-16.41.03:041][  0]LogAndroidPermission: UAndroidPermissionCallbackProxy::GetInstance
[2018.07.24-16.41.03:184][  0]LogOcInput: OculusInput pre-init called
[2018.07.24-16.41.03:318][  0]LogEngine: Initializing Engine...
[2018.07.24-16.41.03:319][  0]LogHMD: Failed to initialize OpenVR with code 110
[2018.07.24-16.41.03:323][  0]LogStats: UGameplayTagsManager::ConstructGameplayTagTree: Construct from data asset -  0.000 s
[2018.07.24-16.41.03:323][  0]LogStats: UGameplayTagsManager::ConstructGameplayTagTree: GameplayTagTreeChangedEvent.Broadcast -  0.000 s
[2018.07.24-16.41.03:576][  0]LogAIModule: Creating AISystem for world Untitled
[2018.07.24-16.41.03:585][  0]LogInit: XAudio2 using 'Speakers / Headphones (Realtek Audio)' : 6 channels at 48 kHz using 32 bits per sample (channel mask 0x3f)
[2018.07.24-16.41.03:846][  0]LogInit: FAudioDevice initialized.
[2018.07.24-16.41.03:925][  0]LogDerivedDataCache: Saved boot cache 0.08s 74MB C:/Users/Josh/AppData/Local/UnrealEngine/4.19/DerivedDataCache/Boot.ddc.
[2018.07.24-16.41.03:941][  0]LogInit: Texture streaming: Enabled
[2018.07.24-16.41.03:956][  0]LogEngineSessionManager: EngineSessionManager initialized
[2018.07.24-16.41.03:971][  0]LogInit: Transaction tracking system initialized
[2018.07.24-16.41.04:012][  0]BlueprintLog: New page: Editor Load
[2018.07.24-16.41.04:091][  0]LocalizationService: Localization service is disabled
[2018.07.24-16.41.04:232][  0]LogConsoleResponse: Display: 
[2018.07.24-16.41.04:395][  0]LogCook: Display: Max memory allowance for cook 16384mb min free memory 0mb
[2018.07.24-16.41.04:395][  0]LogCook: Display: Mobile HDR setting 1
[2018.07.24-16.41.04:395][  0]LogGameplayTags: Display: UGameplayTagsManager::DoneAddingNativeTags. DelegateIsBound: 0
[2018.07.24-16.41.04:395][  0]LogStats: UGameplayTagsManager::ConstructGameplayTagTree: Construct from data asset -  0.000 s
[2018.07.24-16.41.04:395][  0]LogStats: UGameplayTagsManager::ConstructGameplayTagTree: GameplayTagTreeChangedEvent.Broadcast -  0.000 s
[2018.07.24-16.41.04:604][  0]LogFileCache: Scanning file cache for directory 'D:/SchoolProjects/VDDUNRL_TEAM2/VDDUNRL_DJMM/Content/' took 0.01s
[2018.07.24-16.41.04:683][  0]LogWindows: Warning: CreateProc failed: The system cannot find the file specified. (0x00000002)
[2018.07.24-16.41.04:683][  0]LogWindows: Warning: URL: C:/Program Files/Git/bin/git.exe version
[2018.07.24-16.41.04:683][  0]LogWindows: Warning: CreateProc failed: The system cannot find the file specified. (0x00000002)
[2018.07.24-16.41.04:683][  0]LogWindows: Warning: URL: C:/Program Files (x86)/Git/bin/git.exe version
[2018.07.24-16.41.04:683][  0]LogWindows: Warning: CreateProc failed: The system cannot find the file specified. (0x00000002)
[2018.07.24-16.41.04:683][  0]LogWindows: Warning: URL: C:\Users\Josh\AppData\Local/Programs/Git/cmd/git.exe version
[2018.07.24-16.41.04:683][  0]LogWindows: Warning: CreateProc failed: The system cannot find the file specified. (0x00000002)
[2018.07.24-16.41.04:683][  0]LogWindows: Warning: URL: C:/Program Files (x86)/SmartGit/git/bin/git.exe version
[2018.07.24-16.41.04:683][  0]LogWindows: Warning: CreateProc failed: The system cannot find the file specified. (0x00000002)
[2018.07.24-16.41.04:683][  0]LogWindows: Warning: URL: C:/Program Files (x86)/SmartGit/bin/git.exe version
[2018.07.24-16.41.04:684][  0]LogWindows: Warning: CreateProc failed: The system cannot find the file specified. (0x00000002)
[2018.07.24-16.41.04:684][  0]LogWindows: Warning: URL: C:\Users\Josh\AppData\Local/Atlassian/SourceTree/git_local/bin/git.exe version
[2018.07.24-16.41.04:684][  0]LogWindows: Warning: CreateProc failed: The system cannot find the file specified. (0x00000002)
[2018.07.24-16.41.04:684][  0]LogWindows: Warning: URL: C:/Program Files (x86)/fournova/Tower/vendor/Git/bin/git.exe version
[2018.07.24-16.41.04:684][  0]Cmd: MAP LOAD FILE="../../../../../SchoolProjects/VDDUNRL_TEAM2/VDDUNRL_DJMM/Content/2DSideScrollerBP/Maps/2DSideScrollerExampleMap.umap" TEMPLATE=0 SHOWPROGRESS=1 FEATURELEVEL=3
[2018.07.24-16.41.04:684][  0]LightingResults: New page: Lighting Build
[2018.07.24-16.41.04:687][  0]MapCheck: New page: Map Check
[2018.07.24-16.41.04:687][  0]LightingResults: New page: Lighting Build
[2018.07.24-16.41.04:754][  0]LogUObjectGlobals: Created PersistentFrame Addr=0x000001a6b2094a40, Size=288, Default__2DSideScrollerCharacter_C Function /Game/2DSideScrollerBP/Blueprints/2DSideScrollerCharacter.2DSideScrollerCharacter_C:ExecuteUbergraph_2DSideScrollerCharacter
[2018.07.24-16.41.04:764][  0]LogUObjectGlobals: Destroyed PersistentFrame Addr=0x000001a6b2094a40, Size=288
[2018.07.24-16.41.04:764][  0]LogUObjectGlobals: Created PersistentFrame Addr=0x000001a6b2094a40, Size=288, Default__2DSideScrollerCharacter_C Function /Engine/Transient.REINST_2DSideScrollerCharacter_C_3:ExecuteUbergraph_2DSideScrollerCharacter
[2018.07.24-16.41.04:771][  0]LogUObjectGlobals: Created PersistentFrame Addr=0x000001a69dfc39c0, Size=288, Default__2DSideScrollerCharacter_C Function /Game/2DSideScrollerBP/Blueprints/2DSideScrollerCharacter.2DSideScrollerCharacter_C:ExecuteUbergraph_2DSideScrollerCharacter
[2018.07.24-16.41.04:777][  0]LogLinker: Warning: Can't find file '/Game/2DSideScrollerBP/Blueprints/Ledge_15_Blueprint'
[2018.07.24-16.41.04:777][  0]LogLinker: Warning: Can't find file for asset '/Game/2DSideScrollerBP/Blueprints/Ledge_15_Blueprint' while loading ../../../../../SchoolProjects/VDDUNRL_TEAM2/VDDUNRL_DJMM/Content/2DSideScrollerBP/Maps/2DSideScrollerExampleMap.umap.
[2018.07.24-16.41.04:777][  0]LoadErrors: Error: /Game/2DSideScrollerBP/Maps/2DSideScrollerExampleMap : Can't find file for asset. /Game/2DSideScrollerBP/Blueprints/Ledge_15_Blueprint
[2018.07.24-16.41.04:779][  0]LogLinker: Warning: Can't find file '/Game/2DSideScrollerBP/Blueprints/Ledge_15_Blueprint'
[2018.07.24-16.41.04:779][  0]LogLinker: Warning: Can't find file for asset '/Game/2DSideScrollerBP/Blueprints/Ledge_15_Blueprint' while loading ../../../../../SchoolProjects/VDDUNRL_TEAM2/VDDUNRL_DJMM/Content/2DSideScrollerBP/Maps/2DSideScrollerExampleMap.umap.
[2018.07.24-16.41.04:779][  0]LoadErrors: Error: /Game/2DSideScrollerBP/Maps/2DSideScrollerExampleMap : Can't find file for asset. /Game/2DSideScrollerBP/Blueprints/Ledge_15_Blueprint
[2018.07.24-16.41.04:785][  0]LogLinker: Warning: Can't find file '/Game/2DSideScrollerBP/Blueprints/Ledge_15_Blueprint'
[2018.07.24-16.41.04:785][  0]LogLinker: Warning: Can't find file for asset '/Game/2DSideScrollerBP/Blueprints/Ledge_15_Blueprint' while loading ../../../../../SchoolProjects/VDDUNRL_TEAM2/VDDUNRL_DJMM/Content/2DSideScrollerBP/Maps/2DSideScrollerExampleMap.umap.
[2018.07.24-16.41.04:785][  0]LoadErrors: Error: /Game/2DSideScrollerBP/Maps/2DSideScrollerExampleMap : Can't find file for asset. /Game/2DSideScrollerBP/Blueprints/Ledge_15_Blueprint
[2018.07.24-16.41.04:786][  0]LogLinker: Warning: Can't find file '/Game/2DSideScrollerBP/Blueprints/Ledge_15_Blueprint'
[2018.07.24-16.41.04:786][  0]LogLinker: Warning: Can't find file for asset '/Game/2DSideScrollerBP/Blueprints/Ledge_15_Blueprint' while loading ../../../../../SchoolProjects/VDDUNRL_TEAM2/VDDUNRL_DJMM/Content/2DSideScrollerBP/Maps/2DSideScrollerExampleMap.umap.
[2018.07.24-16.41.04:786][  0]LoadErrors: Error: /Game/2DSideScrollerBP/Maps/2DSideScrollerExampleMap : Can't find file for asset. /Game/2DSideScrollerBP/Blueprints/Ledge_15_Blueprint
[2018.07.24-16.41.04:787][  0]LogLinker: Warning: Can't find file '/Game/2DSideScrollerBP/Blueprints/Ledge_15_Blueprint'
[2018.07.24-16.41.04:787][  0]LogLinker: Warning: Can't find file for asset '/Game/2DSideScrollerBP/Blueprints/Ledge_15_Blueprint' while loading NULL.
[2018.07.24-16.41.04:787][  0]LogLinker: Warning: Can't find file '/Game/2DSideScrollerBP/Blueprints/Ledge_15_Blueprint'
[2018.07.24-16.41.04:787][  0]LogLinker: Warning: Can't find file for asset '/Game/2DSideScrollerBP/Blueprints/Ledge_15_Blueprint' while loading NULL.
[2018.07.24-16.41.04:787][  0]LogLinker: Warning: Can't find file '/Game/2DSideScrollerBP/Blueprints/Ledge_15_Blueprint'
[2018.07.24-16.41.04:787][  0]LogLinker: Warning: Can't find file for asset '/Game/2DSideScrollerBP/Blueprints/Ledge_15_Blueprint' while loading NULL.
[2018.07.24-16.41.04:787][  0]LogLinker: Warning: Can't find file '/Game/2DSideScrollerBP/Blueprints/Ledge_15_Blueprint'
[2018.07.24-16.41.04:787][  0]LogLinker: Warning: Can't find file for asset '/Game/2DSideScrollerBP/Blueprints/Ledge_15_Blueprint' while loading NULL.
[2018.07.24-16.41.04:789][  0]LogLinker: Warning: Can't find file '/Game/2DSideScrollerBP/Blueprints/Ledge_15_Blueprint'
[2018.07.24-16.41.04:789][  0]LogLinker: Warning: Can't find file for asset '/Game/2DSideScrollerBP/Blueprints/Ledge_15_Blueprint' while loading NULL.
[2018.07.24-16.41.04:789][  0]LogLinker: Warning: Can't find file '/Game/2DSideScrollerBP/Blueprints/Ledge_15_Blueprint'
[2018.07.24-16.41.04:789][  0]LogLinker: Warning: Can't find file for asset '/Game/2DSideScrollerBP/Blueprints/Ledge_15_Blueprint' while loading NULL.
[2018.07.24-16.41.04:857][  0]LogAIModule: Creating AISystem for world 2DSideScrollerExampleMap
[2018.07.24-16.41.04:861][  0]LogEditorServer: Finished looking for orphan Actors (0.000 secs)
[2018.07.24-16.41.04:874][  0]LogUObjectGlobals: Destroyed PersistentFrame Addr=0x000001a6b2094a40, Size=288
[2018.07.24-16.41.04:875][  0]Cmd: MAP CHECKDEP NOCLEARLOG
[2018.07.24-16.41.04:916][  0]MapCheck: Map check complete: 0 Error(s), 0 Warning(s), took 41.514ms to complete.
[2018.07.24-16.41.04:916][  0]LogFileHelpers: Loading map '2DSideScrollerExampleMap' took 0.233
[2018.07.24-16.41.05:065][  0]LogCollectionManager: Loaded 0 collections in 0.001423 seconds
[2018.07.24-16.41.05:108][  0]LogFileCache: Scanning file cache for directory 'D:/SchoolProjects/VDDUNRL_TEAM2/VDDUNRL_DJMM/Saved/Collections/' took 0.01s
[2018.07.24-16.41.05:108][  0]LogFileCache: Scanning file cache for directory 'D:/SchoolProjects/VDDUNRL_TEAM2/VDDUNRL_DJMM/Content/Developers/Josh/Collections/' took 0.01s
[2018.07.24-16.41.05:108][  0]LogFileCache: Scanning file cache for directory 'D:/SchoolProjects/VDDUNRL_TEAM2/VDDUNRL_DJMM/Content/Collections/' took 0.01s
[2018.07.24-16.41.05:108][  0]LogCollectionManager: Rebuilt the GUID cache for 0 collections in 0.000000 seconds
[2018.07.24-16.41.05:119][  0]LogContentBrowser: Native class hierarchy populated in 0.0111 seconds. Added 2452 classes and 558 folders.
[2018.07.24-16.41.05:127][  0]LogContentBrowser: Native class hierarchy updated for 'WidgetCarousel' in 0.0003 seconds. Added 0 classes and 0 folders.
[2018.07.24-16.41.05:166][  0]LogContentBrowser: Native class hierarchy updated for 'AddContentDialog' in 0.0002 seconds. Added 0 classes and 0 folders.
[2018.07.24-16.41.05:169][  0]LogContentBrowser: Native class hierarchy updated for 'SceneOutliner' in 0.0002 seconds. Added 1 classes and 2 folders.
[2018.07.24-16.41.05:235][  0]LogSlate: Took 0.000247 seconds to synchronously load lazily loaded font '../../../Engine/Content/Slate/Fonts/Roboto-Regular.ttf' (155K)
[2018.07.24-16.41.05:238][  0]LogSlate: Took 0.000258 seconds to synchronously load lazily loaded font '../../../Engine/Content/Slate/Fonts/Roboto-Bold.ttf' (160K)
[2018.07.24-16.41.05:245][  0]LogSlate: Took 0.000198 seconds to synchronously load lazily loaded font '../../../Engine/Content/Editor/Slate/Fonts/FontAwesome.ttf' (139K)
[2018.07.24-16.41.05:356][  0]LogRenderer: Reallocating scene render targets to support 1236x732 Format 10 NumSamples 1 (Frame:1).
[2018.07.24-16.41.05:502][  0]LogContentBrowser: Native class hierarchy updated for 'HierarchicalLODOutliner' in 0.0003 seconds. Added 0 classes and 0 folders.
[2018.07.24-16.41.05:502][  0]LogLoad: (Engine Initialization) Total time: 14.11 seconds
[2018.07.24-16.41.05:502][  0]LogLoad: (Engine Initialization) Total Blueprint compile time: 0.00 seconds
[2018.07.24-16.41.05:520][  0]LogWindowsTextInputMethodSystem: Display: IME system now deactivated.
[2018.07.24-16.41.05:521][  0]LoadErrors: Warning: CreateExport: Failed to load Outer for resource 'RenderComponent': Ledge_15_Blueprint_C /Game/2DSideScrollerBP/Maps/2DSideScrollerExampleMap.2DSideScrollerExampleMap:PersistentLevel.Ledge_15_Blueprint
[2018.07.24-16.41.05:540][  0]LogContentStreaming: Texture pool size now 1000 MB
[2018.07.24-16.41.05:544][  0]LogSlate: FSceneViewport::OnFocusLost() reason 2
[2018.07.24-16.41.05:629][  1]LogAssetRegistry: Asset discovery search completed in 6.1349 seconds
[2018.07.24-16.41.05:630][  1]LogCollectionManager: Rebuilt the object cache for 0 collections in 0.000000 seconds (found 0 objects)
[2018.07.24-16.41.05:630][  1]LogCollectionManager: Fixed up redirectors for 0 collections in 0.000061 seconds (updated 0 objects)
[2018.07.24-16.41.09:193][214]LogSlate: Window 'Message Log' being destroyed
[2018.07.24-16.41.09:217][214]LogSlate: Window 'Message Log' being destroyed
[2018.07.24-16.41.25:902][ 20]LogSlate: FSceneViewport::OnFocusLost() reason 0
[2018.07.24-16.41.37:045][334]LogSlate: Took 0.024505 seconds to synchronously load lazily loaded font '../../../Engine/Content/Slate/Fonts/Roboto-Light.ttf' (167K)
[2018.07.24-16.41.38:478][334]LogSlate: Window 'Pick Parent Class' being destroyed
[2018.07.24-16.41.50:057][773]LogContentBrowser: Native class hierarchy updated for 'BlueprintGraph' in 0.0006 seconds. Added 116 classes and 0 folders.
[2018.07.24-16.41.50:565][773]LogUObjectGlobals: Created PersistentFrame Addr=0x000001a6dae29858, Size=4, Default__SKEL_PROTO_BP_AnimBlueprint_0_C Function /Engine/Transient.SKEL_PROTO_BP_AnimBlueprint_0_C:ExecuteUbergraph_PROTO_BP_AnimBlueprint_0
[2018.07.24-16.41.50:566][773]LogUObjectGlobals: Created PersistentFrame Addr=0x000001a6dae29850, Size=4, Default__PROTO_BP_AnimBlueprint_0_C Function /Engine/Transient.PROTO_BP_AnimBlueprint_0_C:ExecuteUbergraph_PROTO_BP_AnimBlueprint_0
[2018.07.24-16.41.54:286][806]LogRenderer: Reallocating scene render targets to support 1424x976 Format 10 NumSamples 1 (Frame:34).
[2018.07.24-16.41.56:281][867]LogSlate: Took 0.027245 seconds to synchronously load lazily loaded font '../../../Engine/Content/Slate/Fonts/Roboto-Italic.ttf' (157K)
[2018.07.24-16.42.27:019][801]BlueprintLog: New page: Compile BP_Platform
[2018.07.24-16.42.29:433][841]LogSavePackage: Save=82.94ms
[2018.07.24-16.42.29:433][841]LogSavePackage: Moving '../../../../../SchoolProjects/VDDUNRL_TEAM2/VDDUNRL_DJMM/Saved/BP_PlatformBB82E09B47988E03C08410AC9E246BD8.tmp' to '../../../../../SchoolProjects/VDDUNRL_TEAM2/VDDUNRL_DJMM/Content/2DSideScrollerBP/Blueprints/BP_Platform.uasset'
[2018.07.24-16.42.29:480][841]LogSavePackage: Display: Finished SavePackage ../../../../../SchoolProjects/VDDUNRL_TEAM2/VDDUNRL_DJMM/Content/2DSideScrollerBP/Blueprints/BP_Platform.uasset
[2018.07.24-16.42.40:708][323]LogSlate: FSceneViewport::OnFocusLost() reason 0
[2018.07.24-16.42.41:008][329]LogSavePackage: Save=130.84ms
[2018.07.24-16.42.41:008][329]LogSavePackage: Moving '../../../../../SchoolProjects/VDDUNRL_TEAM2/VDDUNRL_DJMM/Saved/2DSideScrollerExampleMap1A2E74034CE17E273C602683D5917F54.tmp' to '../../../../../SchoolProjects/VDDUNRL_TEAM2/VDDUNRL_DJMM/Content/2DSideScrollerBP/Maps/2DSideScrollerExampleMap.umap'
[2018.07.24-16.42.41:010][329]LogSavePackage: Display: Finished SavePackage ../../../../../SchoolProjects/VDDUNRL_TEAM2/VDDUNRL_DJMM/Content/2DSideScrollerBP/Maps/2DSideScrollerExampleMap.umap
[2018.07.24-16.42.41:070][329]LogSavePackage: Save=4.13ms
[2018.07.24-16.42.41:070][329]LogSavePackage: Moving '../../../../../SchoolProjects/VDDUNRL_TEAM2/VDDUNRL_DJMM/Saved/2DSideScrollerExampleMap_BuiltDa01754EF8435EC5B769577FA635BEA50F.tmp' to '../../../../../SchoolProjects/VDDUNRL_TEAM2/VDDUNRL_DJMM/Content/2DSideScrollerBP/Maps/2DSideScrollerExampleMap_BuiltData.uasset'
[2018.07.24-16.42.41:070][329]LogSavePackage: Display: Finished SavePackage ../../../../../SchoolProjects/VDDUNRL_TEAM2/VDDUNRL_DJMM/Content/2DSideScrollerBP/Maps/2DSideScrollerExampleMap_BuiltData.uasset
[2018.07.24-16.43.06:876][253]LogMetaData: Removing '/Game/2DSideScrollerBP/Blueprints/BP_Platform_Rotate.BP_Platform_Rotate:UserConstructionScript.K2Node_FunctionEntry_0' ref from Metadata '/Game/2DSideScrollerBP/Blueprints/BP_Platform.PackageMetaData'
[2018.07.24-16.43.06:876][253]LogMetaData: Removing '/Game/2DSideScrollerBP/Blueprints/BP_Platform_Rotate.SKEL_BP_Platform_Rotate_C' ref from Metadata '/Game/2DSideScrollerBP/Blueprints/BP_Platform.PackageMetaData'
[2018.07.24-16.43.06:876][253]LogMetaData: Removing '/Game/2DSideScrollerBP/Blueprints/BP_Platform_Rotate.BP_Platform_Rotate_C' ref from Metadata '/Game/2DSideScrollerBP/Blueprints/BP_Platform.PackageMetaData'
[2018.07.24-16.43.06:876][253]LogMetaData: Removing '/Game/2DSideScrollerBP/Blueprints/BP_Platform_Rotate.BP_Platform_Rotate:EventGraph.K2Node_Event_0' ref from Metadata '/Game/2DSideScrollerBP/Blueprints/BP_Platform.PackageMetaData'
[2018.07.24-16.43.06:876][253]LogMetaData: Removing '/Game/2DSideScrollerBP/Blueprints/BP_Platform_Rotate.BP_Platform_Rotate:EventGraph.K2Node_Event_1' ref from Metadata '/Game/2DSideScrollerBP/Blueprints/BP_Platform.PackageMetaData'
[2018.07.24-16.43.06:876][253]LogMetaData: Removing '/Game/2DSideScrollerBP/Blueprints/BP_Platform_Rotate.BP_Platform_Rotate:EventGraph.K2Node_Event_2' ref from Metadata '/Game/2DSideScrollerBP/Blueprints/BP_Platform.PackageMetaData'
[2018.07.24-16.43.07:083][253]LogSavePackage: Save=21.79ms
[2018.07.24-16.43.07:084][253]LogSavePackage: Moving '../../../../../SchoolProjects/VDDUNRL_TEAM2/VDDUNRL_DJMM/Saved/BP_Platform_Rotate53978A0941CEEC9063DB99B1BC06AC15.tmp' to '../../../../../SchoolProjects/VDDUNRL_TEAM2/VDDUNRL_DJMM/Content/2DSideScrollerBP/Blueprints/BP_Platform_Rotate.uasset'
[2018.07.24-16.43.07:087][253]LogSavePackage: Display: Finished SavePackage ../../../../../SchoolProjects/VDDUNRL_TEAM2/VDDUNRL_DJMM/Content/2DSideScrollerBP/Blueprints/BP_Platform_Rotate.uasset
[2018.07.24-16.43.07:228][253]LogSavePackage: Save=14.76ms
[2018.07.24-16.43.07:228][253]LogSavePackage: Moving '../../../../../SchoolProjects/VDDUNRL_TEAM2/VDDUNRL_DJMM/Saved/BP_Platform2C4AAE194F9D3B22F85897A1A470F356.tmp' to '../../../../../SchoolProjects/VDDUNRL_TEAM2/VDDUNRL_DJMM/Content/2DSideScrollerBP/Blueprints/BP_Platform.uasset'
[2018.07.24-16.43.07:235][253]LogSavePackage: Display: Finished SavePackage ../../../../../SchoolProjects/VDDUNRL_TEAM2/VDDUNRL_DJMM/Content/2DSideScrollerBP/Blueprints/BP_Platform.uasset
[2018.07.24-16.43.11:349][330]LogSlate: Window 'Pick Parent Class' being destroyed
[2018.07.24-16.43.30:996][976]LogSavePackage: Save=49.76ms
[2018.07.24-16.43.30:996][976]LogSavePackage: Moving '../../../../../SchoolProjects/VDDUNRL_TEAM2/VDDUNRL_DJMM/Saved/2DSideScrollerCharacter190C331D409BF59203147C8D5A8FC316.tmp' to '../../../../../SchoolProjects/VDDUNRL_TEAM2/VDDUNRL_DJMM/Content/2DSideScrollerBP/Blueprints/2DSideScrollerCharacter.uasset'
[2018.07.24-16.43.30:997][976]LogSavePackage: Display: Finished SavePackage ../../../../../SchoolProjects/VDDUNRL_TEAM2/VDDUNRL_DJMM/Content/2DSideScrollerBP/Blueprints/2DSideScrollerCharacter.uasset
[2018.07.24-16.43.31:137][976]LogSavePackage: Save=26.90ms
[2018.07.24-16.43.31:137][976]LogSavePackage: Moving '../../../../../SchoolProjects/VDDUNRL_TEAM2/VDDUNRL_DJMM/Saved/2DSideScrollerGameMode5A778B14463274057FFF2C93C38F382F.tmp' to '../../../../../SchoolProjects/VDDUNRL_TEAM2/VDDUNRL_DJMM/Content/2DSideScrollerBP/Blueprints/2DSideScrollerGameMode.uasset'
[2018.07.24-16.43.31:139][976]LogSavePackage: Display: Finished SavePackage ../../../../../SchoolProjects/VDDUNRL_TEAM2/VDDUNRL_DJMM/Content/2DSideScrollerBP/Blueprints/2DSideScrollerGameMode.uasset
[2018.07.24-16.43.31:269][976]LogSavePackage: Save=32.68ms
[2018.07.24-16.43.31:269][976]LogSavePackage: Moving '../../../../../SchoolProjects/VDDUNRL_TEAM2/VDDUNRL_DJMM/Saved/BP_Platform_Move16127ED04916ECE3BD19E382C54A9A95.tmp' to '../../../../../SchoolProjects/VDDUNRL_TEAM2/VDDUNRL_DJMM/Content/2DSideScrollerBP/Blueprints/BP_Platform_Move.uasset'
[2018.07.24-16.43.31:274][976]LogSavePackage: Display: Finished SavePackage ../../../../../SchoolProjects/VDDUNRL_TEAM2/VDDUNRL_DJMM/Content/2DSideScrollerBP/Blueprints/BP_Platform_Move.uasset
[2018.07.24-16.43.31:418][976]LogSavePackage: Save=33.39ms
[2018.07.24-16.43.31:418][976]LogSavePackage: Moving '../../../../../SchoolProjects/VDDUNRL_TEAM2/VDDUNRL_DJMM/Saved/BP_Platform_RotateBE54DEF74D481052E8EFBBB16CB8209B.tmp' to '../../../../../SchoolProjects/VDDUNRL_TEAM2/VDDUNRL_DJMM/Content/2DSideScrollerBP/Blueprints/BP_Platform_Rotate.uasset'
[2018.07.24-16.43.31:420][976]LogSavePackage: Display: Finished SavePackage ../../../../../SchoolProjects/VDDUNRL_TEAM2/VDDUNRL_DJMM/Content/2DSideScrollerBP/Blueprints/BP_Platform_Rotate.uasset
[2018.07.24-16.43.36:898][176]LogEditorViewport: Clicking on Actor (LMB): BP_Platform_Rotate_C (BP_Platform)
[2018.07.24-16.43.39:612][287]LogSlate: FSceneViewport::OnFocusLost() reason 0
[2018.07.24-16.43.51:155][835]LogSlate: Window 'BP_Platform_Rotate' being destroyed
[2018.07.24-16.43.51:179][835]LogSlate: Window 'BP_Platform_Rotate' being destroyed
[2018.07.24-16.43.53:637][866]LogSlate: Window 'Save Content' being destroyed
[2018.07.24-16.43.54:015][866]LogSavePackage: Save=109.37ms
[2018.07.24-16.43.54:015][866]LogSavePackage: Moving '../../../../../SchoolProjects/VDDUNRL_TEAM2/VDDUNRL_DJMM/Saved/2DSideScrollerExampleMap425E99034F5C21B6FD39EEA2ECA639C1.tmp' to '../../../../../SchoolProjects/VDDUNRL_TEAM2/VDDUNRL_DJMM/Content/2DSideScrollerBP/Maps/2DSideScrollerExampleMap.umap'
[2018.07.24-16.43.54:017][866]LogSavePackage: Display: Finished SavePackage ../../../../../SchoolProjects/VDDUNRL_TEAM2/VDDUNRL_DJMM/Content/2DSideScrollerBP/Maps/2DSideScrollerExampleMap.umap
[2018.07.24-16.43.54:045][866]LogFileHelpers: Saving map '2DSideScrollerExampleMap' took 0.220
[2018.07.24-16.43.54:158][866]LogSlate: Window 'VDDUNRL_DJMM - Unreal Editor' being destroyed
[2018.07.24-16.43.54:160][866]LogWindowsTextInputMethodSystem: Display: IME system now deactivated.
[2018.07.24-16.43.54:369][867]Cmd: QUIT_EDITOR
[2018.07.24-16.43.54:429][867]LogSlate: Slate User Destroyed.  User Index 0, Is Virtual User: 0
[2018.07.24-16.43.54:429][867]LogExit: Preparing to exit.
[2018.07.24-16.43.55:446][867]LogDirectoryWatcher: A directory notification for 'D:/SchoolProjects/VDDUNRL_TEAM2/VDDUNRL_DJMM/Content/' was aborted.
[2018.07.24-16.43.55:475][867]LogExit: Editor shut down
[2018.07.24-16.43.55:478][867]LogExit: Transaction tracking system shut down
[2018.07.24-16.43.55:480][867]LogUObjectGlobals: Destroyed PersistentFrame Addr=0x000001a69dfc39c0, Size=288
[2018.07.24-16.43.55:485][867]LogUObjectGlobals: Destroyed PersistentFrame Addr=0x000001a6dae29858, Size=4
[2018.07.24-16.43.55:485][867]LogUObjectGlobals: Destroyed PersistentFrame Addr=0x000001a6dae29850, Size=4
[2018.07.24-16.43.55:588][867]LogDirectoryWatcher: A directory notification for '../../../Engine/Content/' was aborted.
[2018.07.24-16.43.55:588][867]LogDirectoryWatcher: A directory notification for '../../../../../SchoolProjects/VDDUNRL_TEAM2/VDDUNRL_DJMM/Content/' was aborted.
[2018.07.24-16.43.55:588][867]LogDirectoryWatcher: A directory notification for '../../Plugins/2D/Paper2D/Content/' was aborted.
[2018.07.24-16.43.55:588][867]LogDirectoryWatcher: A directory notification for '../../Plugins/Enterprise/DatasmithContent/Content/' was aborted.
[2018.07.24-16.43.55:588][867]LogDirectoryWatcher: A directory notification for '../../Plugins/Media/MediaCompositing/Content/' was aborted.
[2018.07.24-16.43.55:589][867]LogDirectoryWatcher: A directory notification for '../../Plugins/Runtime/AppleARKit/Content/' was aborted.
[2018.07.24-16.43.55:589][867]LogDirectoryWatcher: A directory notification for '../../Plugins/Runtime/Oculus/OculusVR/Content/' was aborted.
[2018.07.24-16.43.55:589][867]LogDirectoryWatcher: A directory notification for '../../Plugins/Runtime/Steam/SteamVR/Content/' was aborted.
[2018.07.24-16.43.55:689][867]LogExit: Object subsystem successfully closed.
[2018.07.24-16.43.55:713][867]LogShaderCompilers: Display: Shaders left to compile 0
[2018.07.24-16.43.55:716][867]LogD3D11RHI: Shutdown
[2018.07.24-16.43.55:716][867]LogD3D11RHI: CleanupD3DDevice
[2018.07.24-16.43.55:718][867]LogD3D11RHI: ~FD3D11DynamicRHI
[2018.07.24-16.43.55:728][867]LogModuleManager: Shutting down and abandoning module BlueprintGraph (576)
[2018.07.24-16.43.55:728][867]LogModuleManager: Shutting down and abandoning module HierarchicalLODOutliner (574)
[2018.07.24-16.43.55:728][867]LogModuleManager: Shutting down and abandoning module SceneOutliner (572)
[2018.07.24-16.43.55:728][867]LogModuleManager: Shutting down and abandoning module AddContentDialog (570)
[2018.07.24-16.43.55:728][867]LogDirectoryWatcher: A directory notification for 'D:/Epic Games/UE_4.19/FeaturePacks/' was aborted.
[2018.07.24-16.43.55:728][867]LogModuleManager: Shutting down and abandoning module WidgetCarousel (569)
[2018.07.24-16.43.55:728][867]LogModuleManager: Shutting down and abandoning module EditorWidgets (566)
[2018.07.24-16.43.55:728][867]LogModuleManager: Shutting down and abandoning module CollectionManager (564)
[2018.07.24-16.43.55:729][867]LogDirectoryWatcher: A directory notification for 'D:/SchoolProjects/VDDUNRL_TEAM2/VDDUNRL_DJMM/Content/Collections/' was aborted.
[2018.07.24-16.43.55:729][867]LogDirectoryWatcher: A directory notification for 'D:/SchoolProjects/VDDUNRL_TEAM2/VDDUNRL_DJMM/Content/Developers/Josh/Collections/' was aborted.
[2018.07.24-16.43.55:729][867]LogDirectoryWatcher: A directory notification for 'D:/SchoolProjects/VDDUNRL_TEAM2/VDDUNRL_DJMM/Saved/Collections/' was aborted.
[2018.07.24-16.43.55:729][867]LogModuleManager: Shutting down and abandoning module StatsViewer (562)
[2018.07.24-16.43.55:729][867]LogModuleManager: Shutting down and abandoning module FoliageEdit (560)
[2018.07.24-16.43.55:729][867]LogModuleManager: Shutting down and abandoning module LandscapeEditor (558)
[2018.07.24-16.43.55:729][867]LogModuleManager: Shutting down and abandoning module MeshPaintMode (556)
[2018.07.24-16.43.55:729][867]LogModuleManager: Shutting down and abandoning module SceneDepthPickerMode (554)
[2018.07.24-16.43.55:729][867]LogModuleManager: Shutting down and abandoning module ActorPickerMode (552)
[2018.07.24-16.43.55:729][867]LogModuleManager: Shutting down and abandoning module GeometryMode (550)
[2018.07.24-16.43.55:729][867]LogModuleManager: Shutting down and abandoning module TextureAlignMode (548)
[2018.07.24-16.43.55:729][867]LogModuleManager: Shutting down and abandoning module BspMode (546)
[2018.07.24-16.43.55:729][867]LogModuleManager: Shutting down and abandoning module PIEPreviewDeviceProfileSelector (544)
[2018.07.24-16.43.55:729][867]LogModuleManager: Shutting down and abandoning module HardwareSurvey (542)
[2018.07.24-16.43.55:729][867]LogModuleManager: Shutting down and abandoning module SequenceRecorderSections (540)
[2018.07.24-16.43.55:729][867]LogModuleManager: Shutting down and abandoning module AutomationWorker (538)
[2018.07.24-16.43.55:729][867]LogModuleManager: Shutting down and abandoning module AudioCaptureEditor (536)
[2018.07.24-16.43.55:729][867]LogModuleManager: Shutting down and abandoning module SequenceRecorder (535)
[2018.07.24-16.43.55:729][867]LogModuleManager: Shutting down and abandoning module MatineeToLevelSequence (532)
[2018.07.24-16.43.55:729][867]LogModuleManager: Shutting down and abandoning module LevelSequenceEditor (530)
[2018.07.24-16.43.55:729][867]LogModuleManager: Shutting down and abandoning module PlacementMode (529)
[2018.07.24-16.43.55:729][867]LogModuleManager: Shutting down and abandoning module MaterialEditor (528)
[2018.07.24-16.43.55:729][867]LogModuleManager: Shutting down and abandoning module WmfMediaFactory (524)
[2018.07.24-16.43.55:729][867]LogModuleManager: Shutting down and abandoning module WmfMediaEditor (522)
[2018.07.24-16.43.55:729][867]LogModuleManager: Shutting down and abandoning module MediaPlayerEditor (520)
[2018.07.24-16.43.55:729][867]LogModuleManager: Shutting down and abandoning module OpenExrWrapper (518)
[2018.07.24-16.43.55:729][867]LogModuleManager: Shutting down and abandoning module ImgMediaFactory (516)
[2018.07.24-16.43.55:729][867]LogModuleManager: Shutting down and abandoning module ImgMediaEditor (514)
[2018.07.24-16.43.55:729][867]LogModuleManager: Shutting down and abandoning module AvfMediaFactory (512)
[2018.07.24-16.43.55:729][867]LogModuleManager: Shutting down and abandoning module AvfMediaEditor (510)
[2018.07.24-16.43.55:730][867]LogModuleManager: Shutting down and abandoning module AndroidMediaFactory (508)
[2018.07.24-16.43.55:730][867]LogModuleManager: Shutting down and abandoning module AndroidMediaEditor (506)
[2018.07.24-16.43.55:730][867]LogModuleManager: Shutting down and abandoning module CharacterAI (504)
[2018.07.24-16.43.55:730][867]LogModuleManager: Shutting down and abandoning module SmartSnapping (502)
[2018.07.24-16.43.55:730][867]LogModuleManager: Shutting down and abandoning module SessionServices (500)
[2018.07.24-16.43.55:730][867]LogModuleManager: Shutting down and abandoning module ViewportSnapping (498)
[2018.07.24-16.43.55:730][867]LogModuleManager: Shutting down and abandoning module ViewportInteraction (496)
[2018.07.24-16.43.55:730][867]LogModuleManager: Shutting down and abandoning module ClothPainter (494)
[2018.07.24-16.43.55:730][867]LogModuleManager: Shutting down and abandoning module SkeletalMeshEditor (493)
[2018.07.24-16.43.55:730][867]LogModuleManager: Shutting down and abandoning module LogVisualizer (490)
[2018.07.24-16.43.55:730][867]LogModuleManager: Shutting down and abandoning module IntroTutorials (488)
[2018.07.24-16.43.55:730][867]LogModuleManager: Shutting down and abandoning module GameProjectGeneration (487)
[2018.07.24-16.43.55:730][867]LogModuleManager: Shutting down and abandoning module IOSPlatformEditor (484)
[2018.07.24-16.43.55:730][867]LogModuleManager: Shutting down and abandoning module HTML5PlatformEditor (482)
[2018.07.24-16.43.55:730][867]LogModuleManager: Shutting down and abandoning module AndroidPlatformEditor (480)
[2018.07.24-16.43.55:730][867]LogModuleManager: Shutting down and abandoning module AndroidDeviceDetection (479)
[2018.07.24-16.43.56:234][867]LogModuleManager: Shutting down and abandoning module WindowsPlatformEditor (476)
[2018.07.24-16.43.56:234][867]LogModuleManager: Shutting down and abandoning module IOSRuntimeSettings (474)
[2018.07.24-16.43.56:234][867]LogModuleManager: Shutting down and abandoning module AndroidRuntimeSettings (472)
[2018.07.24-16.43.56:234][867]LogModuleManager: Shutting down and abandoning module InputBindingEditor (470)
[2018.07.24-16.43.56:234][867]LogModuleManager: Shutting down and abandoning module MergeActors (468)
[2018.07.24-16.43.56:234][867]LogModuleManager: Shutting down and abandoning module LocalizationDashboard (466)
[2018.07.24-16.43.56:234][867]LogModuleManager: Shutting down and abandoning module LocalizationService (465)
[2018.07.24-16.43.56:234][867]LogModuleManager: Shutting down and abandoning module HardwareTargeting (462)
[2018.07.24-16.43.56:234][867]LogModuleManager: Shutting down and abandoning module DeviceProfileEditor (460)
[2018.07.24-16.43.56:234][867]LogModuleManager: Shutting down and abandoning module UndoHistory (458)
[2018.07.24-16.43.56:234][867]LogModuleManager: Shutting down and abandoning module XmlParser (456)
[2018.07.24-16.43.56:234][867]LogModuleManager: Shutting down and abandoning module Blutility (454)
[2018.07.24-16.43.56:234][867]LogModuleManager: Shutting down and abandoning module ProjectSettingsViewer (452)
[2018.07.24-16.43.56:234][867]LogModuleManager: Shutting down and abandoning module ProjectTargetPlatformEditor (451)
[2018.07.24-16.43.56:235][867]LogModuleManager: Shutting down and abandoning module EditorSettingsViewer (448)
[2018.07.24-16.43.56:235][867]LogModuleManager: Shutting down and abandoning module SettingsEditor (446)
[2018.07.24-16.43.56:235][867]LogModuleManager: Shutting down and abandoning module ProjectLauncher (444)
[2018.07.24-16.43.56:235][867]LogModuleManager: Shutting down and abandoning module SessionFrontend (442)
[2018.07.24-16.43.56:235][867]LogModuleManager: Shutting down and abandoning module ProfilerClient (440)
[2018.07.24-16.43.56:235][867]LogModuleManager: Shutting down and abandoning module DeviceManager (438)
[2018.07.24-16.43.56:235][867]LogModuleManager: Shutting down and abandoning module TargetDeviceServices (437)
[2018.07.24-16.43.56:289][867]LogModuleManager: Shutting down and abandoning module AutomationController (434)
[2018.07.24-16.43.56:289][867]LogModuleManager: Shutting down and abandoning module AutomationWindow (432)
[2018.07.24-16.43.56:289][867]LogModuleManager: Shutting down and abandoning module Layers (430)
[2018.07.24-16.43.56:289][867]LogModuleManager: Shutting down and abandoning module ComponentVisualizers (428)
[2018.07.24-16.43.56:289][867]LogModuleManager: Shutting down and abandoning module DetailCustomizations (426)
[2018.07.24-16.43.56:289][867]LogModuleManager: Shutting down and abandoning module PackagesDialog (424)
[2018.07.24-16.43.56:289][867]LogModuleManager: Shutting down and abandoning module Persona (422)
[2018.07.24-16.43.56:289][867]LogModuleManager: Shutting down and abandoning module AdvancedPreviewScene (421)
[2018.07.24-16.43.56:289][867]LogModuleManager: Shutting down and abandoning module AnimGraph (419)
[2018.07.24-16.43.56:289][867]LogModuleManager: Shutting down and abandoning module Kismet (416)
[2018.07.24-16.43.56:293][867]LogModuleManager: Shutting down and abandoning module GraphEditor (414)
[2018.07.24-16.43.56:293][867]LogModuleManager: Shutting down and abandoning module ClassViewer (412)
[2018.07.24-16.43.56:294][867]LogModuleManager: Shutting down and abandoning module Toolbox (410)
[2018.07.24-16.43.56:294][867]LogModuleManager: Shutting down and abandoning module ModuleUI (408)
[2018.07.24-16.43.56:294][867]LogModuleManager: Shutting down and abandoning module MovieSceneTools (406)
[2018.07.24-16.43.56:294][867]LogModuleManager: Shutting down and abandoning module OutputLog (404)
[2018.07.24-16.43.56:294][867]LogModuleManager: Shutting down and abandoning module GammaUI (402)
[2018.07.24-16.43.56:294][867]LogModuleManager: Shutting down and abandoning module Documentation (400)
[2018.07.24-16.43.56:294][867]LogModuleManager: Shutting down and abandoning module MovieSceneTracks (398)
[2018.07.24-16.43.56:294][867]LogModuleManager: Shutting down and abandoning module MovieScene (396)
[2018.07.24-16.43.56:294][867]LogModuleManager: Shutting down and abandoning module StreamingPauseRendering (394)
[2018.07.24-16.43.56:294][867]LogModuleManager: Shutting down and abandoning module LauncherPlatform (392)
[2018.07.24-16.43.56:294][867]LogModuleManager: Shutting down and abandoning module AnalyticsET (390)
[2018.07.24-16.43.56:294][867]LogModuleManager: Shutting down and abandoning module PortalServices (388)
[2018.07.24-16.43.56:294][867]LogModuleManager: Shutting down and abandoning module PortalRpc (386)
[2018.07.24-16.43.56:294][867]LogModuleManager: Shutting down and abandoning module MessagingRpc (384)
[2018.07.24-16.43.56:294][867]LogModuleManager: Shutting down and abandoning module AIModule (382)
[2018.07.24-16.43.56:294][867]LogModuleManager: Shutting down and abandoning module GameplayDebugger (381)
[2018.07.24-16.43.56:294][867]LogModuleManager: Shutting down and abandoning module AITestSuite (379)
[2018.07.24-16.43.56:294][867]LogModuleManager: Shutting down and abandoning module DesktopPlatform (376)
[2018.07.24-16.43.56:294][867]LogModuleManager: Shutting down and abandoning module ProfilerService (374)
[2018.07.24-16.43.56:304][867]LogModuleManager: Shutting down and abandoning module TaskGraph (372)
[2018.07.24-16.43.56:304][867]LogModuleManager: Shutting down and abandoning module SteamVRController (370)
[2018.07.24-16.43.56:304][867]LogModuleManager: Shutting down and abandoning module ProceduralMeshComponentEditor (368)
[2018.07.24-16.43.56:304][867]LogModuleManager: Shutting down and abandoning module ProceduralMeshComponent (366)
[2018.07.24-16.43.56:304][867]LogModuleManager: Shutting down and abandoning module OculusInput (364)
[2018.07.24-16.43.56:304][867]LogModuleManager: Shutting down and abandoning module MobilePatchingUtils (362)
[2018.07.24-16.43.56:304][867]LogModuleManager: Shutting down and abandoning module CustomMeshComponent (360)
[2018.07.24-16.43.56:304][867]LogModuleManager: Shutting down and abandoning module CableComponent (358)
[2018.07.24-16.43.56:304][867]LogModuleManager: Shutting down and abandoning module AudioCapture (356)
[2018.07.24-16.43.56:304][867]LogModuleManager: Shutting down and abandoning module ArchVisCharacter (354)
[2018.07.24-16.43.56:304][867]LogModuleManager: Shutting down and abandoning module AndroidPermission (352)
[2018.07.24-16.43.56:304][867]LogModuleManager: Shutting down and abandoning module NUTUnrealEngine4 (348)
[2018.07.24-16.43.56:304][867]LogModuleManager: Shutting down and abandoning module NetcodeUnitTest (346)
[2018.07.24-16.43.56:304][867]LogModuleManager: Shutting down and abandoning module MediaCompositingEditor (344)
[2018.07.24-16.43.56:304][867]LogModuleManager: Shutting down and abandoning module MediaCompositing (342)
[2018.07.24-16.43.56:304][867]LogModuleManager: Shutting down and abandoning module LinearTimecode (340)
[2018.07.24-16.43.56:304][867]LogModuleManager: Shutting down and abandoning module ImgMedia (338)
[2018.07.24-16.43.56:308][867]LogModuleManager: Shutting down and abandoning module HTML5Networking (336)
[2018.07.24-16.43.56:308][867]LogModuleManager: Shutting down and abandoning module AlembicImporter (334)
[2018.07.24-16.43.56:308][867]LogModuleManager: Shutting down and abandoning module AlembicLibrary (333)
[2018.07.24-16.43.56:308][867]LogModuleManager: Shutting down and abandoning module GeometryCache (332)
[2018.07.24-16.43.56:308][867]LogModuleManager: Shutting down and abandoning module GeometryCacheEd (331)
[2018.07.24-16.43.56:308][867]LogModuleManager: Shutting down and abandoning module DatasmithContent (326)
[2018.07.24-16.43.56:308][867]LogModuleManager: Shutting down and abandoning module SpeedTreeImporter (324)
[2018.07.24-16.43.56:308][867]LogModuleManager: Shutting down and abandoning module PluginBrowser (322)
[2018.07.24-16.43.56:308][867]LogModuleManager: Shutting down and abandoning module MobileLauncherProfileWizard (320)
[2018.07.24-16.43.56:308][867]LogModuleManager: Shutting down and abandoning module CryptoKeysOpenSSL (318)
[2018.07.24-16.43.56:308][867]LogModuleManager: Shutting down and abandoning module CryptoKeys (316)
[2018.07.24-16.43.56:308][867]LogModuleManager: Shutting down and abandoning module VisualStudioSourceCodeAccess (314)
[2018.07.24-16.43.56:308][867]LogModuleManager: Shutting down and abandoning module VisualStudioCodeSourceCodeAccess (312)
[2018.07.24-16.43.56:308][867]LogModuleManager: Shutting down and abandoning module UObjectPlugin (310)
[2018.07.24-16.43.56:308][867]LogModuleManager: Shutting down and abandoning module SubversionSourceControl (308)
[2018.07.24-16.43.56:308][867]LogModuleManager: Shutting down and abandoning module PerforceSourceControl (306)
[2018.07.24-16.43.56:308][867]LogModuleManager: Shutting down and abandoning module GitSourceControl (304)
[2018.07.24-16.43.56:308][867]LogModuleManager: Shutting down and abandoning module SourceControl (303)
[2018.07.24-16.43.56:308][867]LogModuleManager: Shutting down and abandoning module CLionSourceCodeAccess (300)
[2018.07.24-16.43.56:308][867]LogModuleManager: Shutting down and abandoning module LightPropagationVolumeEditor (298)
[2018.07.24-16.43.56:308][867]LogModuleManager: Shutting down and abandoning module PaperTiledImporter (296)
[2018.07.24-16.43.56:308][867]LogModuleManager: Shutting down and abandoning module PaperSpriteSheetImporter (294)
[2018.07.24-16.43.56:308][867]LogModuleManager: Shutting down and abandoning module Paper2DEditor (292)
[2018.07.24-16.43.56:308][867]LogModuleManager: Shutting down and abandoning module MeshPaint (291)
[2018.07.24-16.43.56:308][867]LogModuleManager: Shutting down and abandoning module RuntimePhysXCooking (288)
[2018.07.24-16.43.56:308][867]LogModuleManager: Shutting down and abandoning module PhysXVehiclesEditor (286)
[2018.07.24-16.43.56:308][867]LogModuleManager: Shutting down and abandoning module PhysXVehicles (284)
[2018.07.24-16.43.56:308][867]LogModuleManager: Shutting down and abandoning module OculusEditor (282)
[2018.07.24-16.43.56:308][867]LogModuleManager: Shutting down and abandoning module LocationServicesBPLibrary (280)
[2018.07.24-16.43.56:308][867]LogModuleManager: Shutting down and abandoning module ImmediatePhysicsEditor (278)
[2018.07.24-16.43.56:308][867]LogModuleManager: Shutting down and abandoning module ImmediatePhysics (276)
[2018.07.24-16.43.56:308][867]LogModuleManager: Shutting down and abandoning module ActorSequence (274)
[2018.07.24-16.43.56:309][867]LogModuleManager: Shutting down and abandoning module UdpMessaging (272)
[2018.07.24-16.43.56:410][867]LogModuleManager: Shutting down and abandoning module TcpMessaging (270)
[2018.07.24-16.43.56:511][867]LogModuleManager: Shutting down and abandoning module GameplayTagsEditor (268)
[2018.07.24-16.43.56:511][867]LogModuleManager: Shutting down and abandoning module FacialAnimationEditor (266)
[2018.07.24-16.43.56:511][867]LogModuleManager: Shutting down and abandoning module FacialAnimation (264)
[2018.07.24-16.43.56:511][867]LogModuleManager: Shutting down and abandoning module DataValidation (262)
[2018.07.24-16.43.56:511][867]LogModuleManager: Shutting down and abandoning module AssetManagerEditor (260)
[2018.07.24-16.43.56:511][867]LogModuleManager: Shutting down and abandoning module LevelEditor (259)
[2018.07.24-16.43.56:512][867]LogModuleManager: Shutting down and abandoning module PixelInspectorModule (258)
[2018.07.24-16.43.56:512][867]LogModuleManager: Shutting down and abandoning module CommonMenuExtensions (256)
[2018.07.24-16.43.56:512][867]LogModuleManager: Shutting down and abandoning module MainFrame (254)
[2018.07.24-16.43.56:512][867]LogModuleManager: Shutting down and abandoning module HotReload (253)
[2018.07.24-16.43.56:512][867]LogModuleManager: Shutting down and abandoning module ContentBrowser (249)
[2018.07.24-16.43.56:513][867]LogModuleManager: Shutting down and abandoning module TreeMap (247)
[2018.07.24-16.43.56:513][867]LogModuleManager: Shutting down and abandoning module LightPropagationVolumeRuntime (244)
[2018.07.24-16.43.56:514][867]LogModuleManager: Shutting down and abandoning module LiveLinkEditor (242)
[2018.07.24-16.43.56:514][867]LogModuleManager: Shutting down and abandoning module LiveLink (240)
