Log file open, 07/27/18 13:46:20
LogWindows: Failed to load 'aqProf.dll' (GetLastError=126)
LogWindows: File 'aqProf.dll' does not exist
LogWindows: Failed to load 'VtuneApi.dll' (GetLastError=126)
LogWindows: File 'VtuneApi.dll' does not exist
LogWindows: Failed to load 'VtuneApi32e.dll' (GetLastError=126)
LogWindows: File 'VtuneApi32e.dll' does not exist
LogInit: Display: Running engine for game: VDDUNRL_DJMM
LogPlatformFile: Not using cached read wrapper
LogInit: Display: RandInit(-1463936094) SRandInit(-1463936094).
LogInit: Read version file with build ID '3944462'
LogInit: Overriding engine version to CL 4033788, compatible CL 3944462
LogInit: Registered custom module enumerator with build ID '3944462'
LogTaskGraph: Started task graph with 5 named threads and 23 total threads with 3 sets of task threads.
LogStats: Stats thread started at 0.275998
LogD3D11RHI: Aftermath initialized
LogICUInternationalization: Display: ICU TimeZone Detection - Raw Offset: -5:00, Platform Override: ''
LogModuleManager: Display: Found up-to-date module file ../../../Engine/Plugins/2D/Paper2D/Binaries/Win64/UE4Editor-Paper2D.dll (API version 3944462).
LogModuleManager: Display: Found up-to-date module file ../../../Engine/Plugins/2D/Paper2D/Binaries/Win64/UE4Editor-Paper2DEditor.dll (API version 3944462).
LogModuleManager: Display: Found up-to-date module file ../../../Engine/Plugins/2D/Paper2D/Binaries/Win64/UE4Editor-PaperSpriteSheetImporter.dll (API version 3944462).
LogModuleManager: Display: Found up-to-date module file ../../../Engine/Plugins/2D/Paper2D/Binaries/Win64/UE4Editor-PaperTiledImporter.dll (API version 3944462).
LogModuleManager: Display: Found up-to-date module file ../../../Engine/Plugins/2D/Paper2D/Binaries/Win64/UE4Editor-SmartSnapping.dll (API version 3944462).
LogModuleManager: Display: Found up-to-date module file ../../../Engine/Plugins/Blendables/LightPropagationVolume/Binaries/Win64/UE4Editor-LightPropagationVolumeRuntime.dll (API version 3944462).
LogModuleManager: Display: Found up-to-date module file ../../../Engine/Plugins/Blendables/LightPropagationVolume/Binaries/Win64/UE4Editor-LightPropagationVolumeEditor.dll (API version 3944462).
LogModuleManager: Display: Found up-to-date module file ../../../Engine/Plugins/Developer/CLionSourceCodeAccess/Binaries/Win64/UE4Editor-CLionSourceCodeAccess.dll (API version 3944462).
LogModuleManager: Display: Found up-to-date module file ../../../Engine/Plugins/Developer/GitSourceControl/Binaries/Win64/UE4Editor-GitSourceControl.dll (API version 3944462).
LogModuleManager: Display: Found up-to-date module file ../../../Engine/Plugins/Developer/PerforceSourceControl/Binaries/Win64/UE4Editor-PerforceSourceControl.dll (API version 3944462).
LogModuleManager: Display: Found up-to-date module file ../../../Engine/Plugins/Developer/SubversionSourceControl/Binaries/Win64/UE4Editor-SubversionSourceControl.dll (API version 3944462).
LogModuleManager: Display: Found up-to-date module file ../../../Engine/Plugins/Developer/UObjectPlugin/Binaries/Win64/UE4Editor-UObjectPlugin.dll (API version 3944462).
LogModuleManager: Display: Found up-to-date module file ../../../Engine/Plugins/Developer/VisualStudioCodeSourceCodeAccess/Binaries/Win64/UE4Editor-VisualStudioCodeSourceCodeAccess.dll (API version 3944462).
LogModuleManager: Display: Found up-to-date module file ../../../Engine/Plugins/Developer/VisualStudioSourceCodeAccess/Binaries/Win64/UE4Editor-VisualStudioSourceCodeAccess.dll (API version 3944462).
LogModuleManager: Display: Found up-to-date module file ../../../Engine/Plugins/Editor/AssetManagerEditor/Binaries/Win64/UE4Editor-AssetManagerEditor.dll (API version 3944462).
LogModuleManager: Display: Found up-to-date module file ../../../Engine/Plugins/Editor/CryptoKeys/Binaries/Win64/UE4Editor-CryptoKeys.dll (API version 3944462).
LogModuleManager: Display: Found up-to-date module file ../../../Engine/Plugins/Editor/CryptoKeys/Binaries/Win64/UE4Editor-CryptoKeysOpenSSL.dll (API version 3944462).
LogModuleManager: Display: Found up-to-date module file ../../../Engine/Plugins/Editor/DataValidation/Binaries/Win64/UE4Editor-DataValidation.dll (API version 3944462).
LogModuleManager: Display: Found up-to-date module file ../../../Engine/Plugins/Editor/FacialAnimation/Binaries/Win64/UE4Editor-FacialAnimation.dll (API version 3944462).
LogModuleManager: Display: Found up-to-date module file ../../../Engine/Plugins/Editor/FacialAnimation/Binaries/Win64/UE4Editor-FacialAnimationEditor.dll (API version 3944462).
LogModuleManager: Display: Found up-to-date module file ../../../Engine/Plugins/Editor/GameplayTagsEditor/Binaries/Win64/UE4Editor-GameplayTagsEditor.dll (API version 3944462).
LogModuleManager: Display: Found up-to-date module file ../../../Engine/Plugins/Editor/MobileLauncherProfileWizard/Binaries/Win64/UE4Editor-MobileLauncherProfileWizard.dll (API version 3944462).
LogModuleManager: Display: Found up-to-date module file ../../../Engine/Plugins/Editor/PluginBrowser/Binaries/Win64/UE4Editor-PluginBrowser.dll (API version 3944462).
LogModuleManager: Display: Found up-to-date module file ../../../Engine/Plugins/Editor/SpeedTreeImporter/Binaries/Win64/UE4Editor-SpeedTreeImporter.dll (API version 3944462).
LogModuleManager: Display: Found up-to-date module file ../../../Engine/Plugins/Enterprise/DatasmithContent/Binaries/Win64/UE4Editor-DatasmithContent.dll (API version 3944462).
LogModuleManager: Display: Found up-to-date module file ../../../Engine/Plugins/Experimental/AlembicImporter/Binaries/Win64/UE4Editor-AlembicImporter.dll (API version 3944462).
LogModuleManager: Display: Found up-to-date module file ../../../Engine/Plugins/Experimental/AlembicImporter/Binaries/Win64/UE4Editor-AlembicLibrary.dll (API version 3944462).
LogModuleManager: Display: Found up-to-date module file ../../../Engine/Plugins/Experimental/CharacterAI/Binaries/Win64/UE4Editor-CharacterAI.dll (API version 3944462).
LogModuleManager: Display: Found up-to-date module file ../../../Engine/Plugins/Experimental/HTML5Networking/Binaries/Win64/UE4Editor-HTML5Networking.dll (API version 3944462).
LogModuleManager: Display: Found up-to-date module file ../../../Engine/Plugins/Media/AndroidMedia/Binaries/Win64/UE4Editor-AndroidMediaEditor.dll (API version 3944462).
LogModuleManager: Display: Found up-to-date module file ../../../Engine/Plugins/Media/AndroidMedia/Binaries/Win64/UE4Editor-AndroidMediaFactory.dll (API version 3944462).
LogModuleManager: Display: Found up-to-date module file ../../../Engine/Plugins/Media/AvfMedia/Binaries/Win64/UE4Editor-AvfMediaEditor.dll (API version 3944462).
LogModuleManager: Display: Found up-to-date module file ../../../Engine/Plugins/Media/AvfMedia/Binaries/Win64/UE4Editor-AvfMediaFactory.dll (API version 3944462).
LogModuleManager: Display: Found up-to-date module file ../../../Engine/Plugins/Media/AvfMedia/Binaries/Win64/UE4Editor-AvfMediaFactory.dll (API version 3944462).
LogModuleManager: Display: Found up-to-date module file ../../../Engine/Plugins/Media/ImgMedia/Binaries/Win64/UE4Editor-ImgMedia.dll (API version 3944462).
LogModuleManager: Display: Found up-to-date module file ../../../Engine/Plugins/Media/ImgMedia/Binaries/Win64/UE4Editor-ImgMediaEditor.dll (API version 3944462).
LogModuleManager: Display: Found up-to-date module file ../../../Engine/Plugins/Media/ImgMedia/Binaries/Win64/UE4Editor-ImgMediaFactory.dll (API version 3944462).
LogModuleManager: Display: Found up-to-date module file ../../../Engine/Plugins/Media/ImgMedia/Binaries/Win64/UE4Editor-ImgMediaFactory.dll (API version 3944462).
LogModuleManager: Display: Found up-to-date module file ../../../Engine/Plugins/Media/ImgMedia/Binaries/Win64/UE4Editor-OpenExrWrapper.dll (API version 3944462).
LogModuleManager: Display: Found up-to-date module file ../../../Engine/Plugins/Media/LinearTimecode/Binaries/Win64/UE4Editor-LinearTimecode.dll (API version 3944462).
LogModuleManager: Display: Found up-to-date module file ../../../Engine/Plugins/Media/MediaCompositing/Binaries/Win64/UE4Editor-MediaCompositing.dll (API version 3944462).
LogModuleManager: Display: Found up-to-date module file ../../../Engine/Plugins/Media/MediaCompositing/Binaries/Win64/UE4Editor-MediaCompositingEditor.dll (API version 3944462).
LogModuleManager: Display: Found up-to-date module file ../../../Engine/Plugins/Media/MediaPlayerEditor/Binaries/Win64/UE4Editor-MediaPlayerEditor.dll (API version 3944462).
LogModuleManager: Display: Found up-to-date module file ../../../Engine/Plugins/Media/WmfMedia/Binaries/Win64/UE4Editor-WmfMedia.dll (API version 3944462).
LogModuleManager: Display: Found up-to-date module file ../../../Engine/Plugins/Media/WmfMedia/Binaries/Win64/UE4Editor-WmfMediaEditor.dll (API version 3944462).
LogModuleManager: Display: Found up-to-date module file ../../../Engine/Plugins/Media/WmfMedia/Binaries/Win64/UE4Editor-WmfMediaFactory.dll (API version 3944462).
LogModuleManager: Display: Found up-to-date module file ../../../Engine/Plugins/Media/WmfMedia/Binaries/Win64/UE4Editor-WmfMediaFactory.dll (API version 3944462).
LogModuleManager: Display: Found up-to-date module file ../../../Engine/Plugins/Messaging/TcpMessaging/Binaries/Win64/UE4Editor-TcpMessaging.dll (API version 3944462).
LogModuleManager: Display: Found up-to-date module file ../../../Engine/Plugins/Messaging/UdpMessaging/Binaries/Win64/UE4Editor-UdpMessaging.dll (API version 3944462).
LogModuleManager: Display: Found up-to-date module file ../../../Engine/Plugins/MovieScene/ActorSequence/Binaries/Win64/UE4Editor-ActorSequence.dll (API version 3944462).
LogModuleManager: Display: Found up-to-date module file ../../../Engine/Plugins/MovieScene/LevelSequenceEditor/Binaries/Win64/UE4Editor-LevelSequenceEditor.dll (API version 3944462).
LogModuleManager: Display: Found up-to-date module file ../../../Engine/Plugins/MovieScene/MatineeToLevelSequence/Binaries/Win64/UE4Editor-MatineeToLevelSequence.dll (API version 3944462).
LogModuleManager: Display: Found up-to-date module file ../../../Engine/Plugins/NetcodeUnitTest/NetcodeUnitTest/Binaries/Win64/UE4Editor-NetcodeUnitTest.dll (API version 3944462).
LogModuleManager: Display: Found up-to-date module file ../../../Engine/Plugins/NetcodeUnitTest/NUTUnrealEngine4/Binaries/Win64/UE4Editor-NUTUnrealEngine4.dll (API version 3944462).
LogModuleManager: Display: Found up-to-date module file ../../../Engine/Plugins/Online/OnlineSubsystem/Binaries/Win64/UE4Editor-OnlineSubsystem.dll (API version 3944462).
LogModuleManager: Display: Found up-to-date module file ../../../Engine/Plugins/Runtime/AndroidPermission/Binaries/Win64/UE4Editor-AndroidPermission.dll (API version 3944462).
LogModuleManager: Display: Found up-to-date module file ../../../Engine/Plugins/Online/OnlineSubsystemNull/Binaries/Win64/UE4Editor-OnlineSubsystemNull.dll (API version 3944462).
LogModuleManager: Display: Found up-to-date module file ../../../Engine/Plugins/Online/OnlineSubsystemUtils/Binaries/Win64/UE4Editor-OnlineSubsystemUtils.dll (API version 3944462).
LogModuleManager: Display: Found up-to-date module file ../../../Engine/Plugins/Online/OnlineSubsystemUtils/Binaries/Win64/UE4Editor-OnlineBlueprintSupport.dll (API version 3944462).
LogModuleManager: Display: Found up-to-date module file ../../../Engine/Plugins/Runtime/AndroidDeviceProfileSelector/Binaries/Win64/UE4Editor-AndroidDeviceProfileSelector.dll (API version 3944462).
LogModuleManager: Display: Found up-to-date module file ../../../Engine/Plugins/Runtime/AppleARKit/Binaries/Win64/UE4Editor-AppleARKit.dll (API version 3944462).
LogModuleManager: Display: Found up-to-date module file ../../../Engine/Plugins/Runtime/ProceduralMeshComponent/Binaries/Win64/UE4Editor-ProceduralMeshComponent.dll (API version 3944462).
LogModuleManager: Display: Found up-to-date module file ../../../Engine/Plugins/Runtime/ProceduralMeshComponent/Binaries/Win64/UE4Editor-ProceduralMeshComponentEditor.dll (API version 3944462).
LogModuleManager: Display: Found up-to-date module file ../../../Engine/Plugins/Animation/LiveLink/Binaries/Win64/UE4Editor-LiveLink.dll (API version 3944462).
LogModuleManager: Display: Found up-to-date module file ../../../Engine/Plugins/Animation/LiveLink/Binaries/Win64/UE4Editor-LiveLinkEditor.dll (API version 3944462).
LogModuleManager: Display: Found up-to-date module file ../../../Engine/Plugins/Runtime/ArchVisCharacter/Binaries/Win64/UE4Editor-ArchVisCharacter.dll (API version 3944462).
LogModuleManager: Display: Found up-to-date module file ../../../Engine/Plugins/Runtime/AudioCapture/Binaries/Win64/UE4Editor-AudioCapture.dll (API version 3944462).
LogModuleManager: Display: Found up-to-date module file ../../../Engine/Plugins/Runtime/AudioCapture/Binaries/Win64/UE4Editor-AudioCaptureEditor.dll (API version 3944462).
LogModuleManager: Display: Found up-to-date module file ../../../Engine/Plugins/Runtime/CableComponent/Binaries/Win64/UE4Editor-CableComponent.dll (API version 3944462).
LogModuleManager: Display: Found up-to-date module file ../../../Engine/Plugins/Runtime/CustomMeshComponent/Binaries/Win64/UE4Editor-CustomMeshComponent.dll (API version 3944462).
LogModuleManager: Display: Found up-to-date module file ../../../Engine/Plugins/Runtime/ExampleDeviceProfileSelector/Binaries/Win64/UE4Editor-ExampleDeviceProfileSelector.dll (API version 3944462).
LogModuleManager: Display: Found up-to-date module file ../../../Engine/Plugins/Runtime/ImmediatePhysics/Binaries/Win64/UE4Editor-ImmediatePhysics.dll (API version 3944462).
LogModuleManager: Display: Found up-to-date module file ../../../Engine/Plugins/Runtime/ImmediatePhysics/Binaries/Win64/UE4Editor-ImmediatePhysicsEditor.dll (API version 3944462).
LogModuleManager: Display: Found up-to-date module file ../../../Engine/Plugins/Runtime/LocationServicesBPLibrary/Binaries/Win64/UE4Editor-LocationServicesBPLibrary.dll (API version 3944462).
LogModuleManager: Display: Found up-to-date module file ../../../Engine/Plugins/Runtime/MobilePatchingUtils/Binaries/Win64/UE4Editor-MobilePatchingUtils.dll (API version 3944462).
LogModuleManager: Display: Found up-to-date module file ../../../Engine/Plugins/Runtime/Oculus/OculusVR/Binaries/Win64/UE4Editor-OculusHMD.dll (API version 3944462).
LogModuleManager: Display: Found up-to-date module file ../../../Engine/Plugins/Runtime/Oculus/OculusVR/Binaries/Win64/UE4Editor-OculusInput.dll (API version 3944462).
LogModuleManager: Display: Found up-to-date module file ../../../Engine/Plugins/Runtime/Oculus/OculusVR/Binaries/Win64/UE4Editor-OculusEditor.dll (API version 3944462).
LogModuleManager: Display: Found up-to-date module file ../../../Engine/Plugins/Runtime/PhysXVehicles/Binaries/Win64/UE4Editor-PhysXVehicles.dll (API version 3944462).
LogModuleManager: Display: Found up-to-date module file ../../../Engine/Plugins/Runtime/PhysXVehicles/Binaries/Win64/UE4Editor-PhysXVehiclesEditor.dll (API version 3944462).
LogModuleManager: Display: Found up-to-date module file ../../../Engine/Plugins/Runtime/RuntimePhysXCooking/Binaries/Win64/UE4Editor-RuntimePhysXCooking.dll (API version 3944462).
LogModuleManager: Display: Found up-to-date module file ../../../Engine/Plugins/Runtime/Steam/SteamVR/Binaries/Win64/UE4Editor-SteamVR.dll (API version 3944462).
LogModuleManager: Display: Found up-to-date module file ../../../Engine/Plugins/Runtime/Steam/SteamVR/Binaries/Win64/UE4Editor-SteamVRController.dll (API version 3944462).
LogModuleManager: Display: Found up-to-date module file ../../../Engine/Plugins/Runtime/WindowsMoviePlayer/Binaries/Win64/UE4Editor-WindowsMoviePlayer.dll (API version 3944462).
LogPluginManager: Mounting plugin Paper2D
LogPluginManager: Mounting plugin LiveLink
LogPluginManager: Mounting plugin LightPropagationVolume
LogPluginManager: Mounting plugin CLionSourceCodeAccess
LogPluginManager: Mounting plugin CodeLiteSourceCodeAccess
LogPluginManager: Mounting plugin GitSourceControl
LogPluginManager: Mounting plugin KDevelopSourceCodeAccess
LogPluginManager: Mounting plugin NullSourceCodeAccess
LogPluginManager: Mounting plugin PerforceSourceControl
LogPluginManager: Mounting plugin SubversionSourceControl
LogPluginManager: Mounting plugin UObjectPlugin
LogPluginManager: Mounting plugin VisualStudioCodeSourceCodeAccess
LogPluginManager: Mounting plugin VisualStudioSourceCodeAccess
LogPluginManager: Mounting plugin XCodeSourceCodeAccess
LogPluginManager: Mounting plugin AssetManagerEditor
LogPluginManager: Mounting plugin CryptoKeys
LogPluginManager: Mounting plugin DataValidation
LogPluginManager: Mounting plugin FacialAnimation
LogPluginManager: Mounting plugin GameplayTagsEditor
LogPluginManager: Mounting plugin MobileLauncherProfileWizard
LogPluginManager: Mounting plugin PluginBrowser
LogPluginManager: Mounting plugin SpeedTreeImporter
LogPluginManager: Mounting plugin DatasmithContent
LogPluginManager: Mounting plugin AlembicImporter
LogPluginManager: Mounting plugin CharacterAI
LogPluginManager: Mounting plugin HTML5Networking
LogPluginManager: Mounting plugin AndroidMedia
LogPluginManager: Mounting plugin AvfMedia
LogPluginManager: Mounting plugin ImgMedia
LogPluginManager: Mounting plugin LinearTimecode
LogPluginManager: Mounting plugin MediaCompositing
LogPluginManager: Mounting plugin MediaPlayerEditor
LogPluginManager: Mounting plugin WmfMedia
LogPluginManager: Mounting plugin TcpMessaging
LogPluginManager: Mounting plugin UdpMessaging
LogPluginManager: Mounting plugin ActorSequence
LogPluginManager: Mounting plugin LevelSequenceEditor
LogPluginManager: Mounting plugin MatineeToLevelSequence
LogPluginManager: Mounting plugin NetcodeUnitTest
LogPluginManager: Mounting plugin NUTUnrealEngine4
LogPluginManager: Mounting plugin OnlineSubsystemGooglePlay
LogPluginManager: Mounting plugin OnlineSubsystemIOS
LogPluginManager: Mounting plugin OnlineSubsystem
LogPluginManager: Mounting plugin OnlineSubsystemNull
LogPluginManager: Mounting plugin OnlineSubsystemUtils
LogPluginManager: Mounting plugin AndroidDeviceProfileSelector
LogPluginManager: Mounting plugin AndroidMoviePlayer
LogPluginManager: Mounting plugin AndroidPermission
LogPluginManager: Mounting plugin AppleARKit
LogPluginManager: Mounting plugin AppleMoviePlayer
LogPluginManager: Mounting plugin ArchVisCharacter
LogPluginManager: Mounting plugin AudioCapture
LogPluginManager: Mounting plugin CableComponent
LogPluginManager: Mounting plugin CustomMeshComponent
LogPluginManager: Mounting plugin ExampleDeviceProfileSelector
LogPluginManager: Mounting plugin GoogleCloudMessaging
LogPluginManager: Mounting plugin ImmediatePhysics
LogPluginManager: Mounting plugin IOSDeviceProfileSelector
LogPluginManager: Mounting plugin LinuxDeviceProfileSelector
LogPluginManager: Mounting plugin LocationServicesBPLibrary
LogPluginManager: Mounting plugin MobilePatchingUtils
LogPluginManager: Mounting plugin OculusVR
LogPluginManager: Plugin shader directory ../../../Engine/Plugins/Runtime/Oculus/OculusVR/Shaders found
LogPluginManager: Mapping shader source directory ../../../Engine/Plugins/Runtime/Oculus/OculusVR/Shaders to virtual directory /Plugin/OculusVR
LogPluginManager: Mounting plugin PhysXVehicles
LogPluginManager: Mounting plugin ProceduralMeshComponent
LogPluginManager: Mounting plugin RuntimePhysXCooking
LogPluginManager: Mounting plugin SteamVR
LogPluginManager: Mounting plugin WindowsMoviePlayer
LogStreaming: Display: Took  0.702s to configure plugins.
LogInit: Using libcurl 7.47.1
LogInit:  - built for x86_64-pc-win32
LogInit:  - supports SSL with OpenSSL/1.0.2g
LogInit:  - supports HTTP deflate (compression) using libz 1.2.8
LogInit:  - other features:
LogInit:      CURL_VERSION_SSL
LogInit:      CURL_VERSION_LIBZ
LogInit:      CURL_VERSION_IPV6
LogInit:      CURL_VERSION_ASYNCHDNS
LogInit:      CURL_VERSION_LARGEFILE
LogInit:      CURL_VERSION_IDN
LogInit:  CurlRequestOptions (configurable via config and command line):
LogInit:  - bVerifyPeer = false  - Libcurl will NOT verify peer certificate
LogInit:  - bUseHttpProxy = false  - Libcurl will NOT use HTTP proxy
LogInit:  - bDontReuseConnections = false  - Libcurl will reuse connections
LogInit:  - CertBundlePath = nullptr  - Libcurl will use whatever was configured at build time.
LogInit:  - MaxHostConnections = 16  - Libcurl will limit the number of connections to a host
LogInit:  - LocalHostAddr = Default
LogInit: WinSock: version 1.1 (2.2), MaxSocks=32767, MaxUdp=65467
LogInit: WinSock: I am DESKTOP-71H849T (10.4.107.21:0)
LogInit: Build: ++UE4+Release-4.19-CL-4033788
LogInit: Engine Version: 4.19.2-4033788+++UE4+Release-4.19
LogInit: Compatible Engine Version: 4.19.0-3944462+++UE4+Release-4.19
LogInit: Net CL: 3944462
LogDevObjectVersion: Number of dev versions registered: 18
LogDevObjectVersion:   Dev-Blueprints (B0D832E4-1F89-4F0D-ACCF-7EB736FD4AA2): 10
LogDevObjectVersion:   Dev-Build (E1C64328-A22C-4D53-A36C-8E866417BD8C): 0
LogDevObjectVersion:   Dev-Core (375EC13C-06E4-48FB-B500-84F0262A717E): 2
LogDevObjectVersion:   Dev-Editor (E4B068ED-F494-42E9-A231-DA0B2E46BB41): 23
LogDevObjectVersion:   Dev-Framework (CFFC743F-43B0-4480-9391-14DF171D2073): 33
LogDevObjectVersion:   Dev-Mobile (B02B49B5-BB20-44E9-A304-32B752E40360): 2
LogDevObjectVersion:   Dev-Networking (A4E4105C-59A1-49B5-A7C5-40C4547EDFEE): 0
LogDevObjectVersion:   Dev-Online (39C831C9-5AE6-47DC-9A44-9C173E1C8E7C): 0
LogDevObjectVersion:   Dev-Physics (78F01B33-EBEA-4F98-B9B4-84EACCB95AA2): 0
LogDevObjectVersion:   Dev-Platform (6631380F-2D4D-43E0-8009-CF276956A95A): 0
LogDevObjectVersion:   Dev-Rendering (12F88B9F-8875-4AFC-A67C-D90C383ABD29): 25
LogDevObjectVersion:   Dev-Sequencer (7B5AE74C-D270-4C10-A958-57980B212A5A): 6
LogDevObjectVersion:   Dev-VR (D7296918-1DD6-4BDD-9DE2-64A83CC13884): 1
LogDevObjectVersion:   Dev-LoadTimes (C2A15278-BFE7-4AFE-6C17-90FF531DF755): 1
LogDevObjectVersion:   Private-Geometry (6EACA3D4-40EC-4CC1-B786-8BED09428FC5): 2
LogDevObjectVersion:   Dev-AnimPhys (29E575DD-E0A3-4627-9D10-D276232CDCEA): 16
LogDevObjectVersion:   Dev-ReflectionCapture (6B266CEC-1EC7-4B8F-A30B-E4D90942FC07): 1
LogDevObjectVersion:   Dev-Automation (0DF73D61-A23F-47EA-B727-89E90C41499A): 1
LogInit: Compiled (64-bit): Apr 27 2018 02:06:57
LogInit: Compiled with Visual C++: 19.00.24215.01
LogInit: Build Configuration: Development
LogInit: Branch Name: ++UE4+Release-4.19
LogInit: Command Line:  
LogInit: Base Directory: D:/Epic Games/UE_4.19/Engine/Binaries/Win64/
LogInit: Installed Engine Build: 1
LogStreaming: Display: Took  0.002s to delete old logs.
LogInit: Presizing for max 8388607 objects, including 0 objects not considered by GC, pre-allocating 0 bytes for permanent pool.
LogInit: Object subsystem initialized
[2018.07.27-17.46.21:724][  0]LogInit: Selected Device Profile: [Windows]
[2018.07.27-17.46.21:724][  0]LogInit: Applying CVar settings loaded from the selected device profile: [Windows]
[2018.07.27-17.46.21:738][  0]LogInit: Computer: DESKTOP-71H849T
[2018.07.27-17.46.21:738][  0]LogInit: User: Josh
[2018.07.27-17.46.21:738][  0]LogInit: CPU Page size=4096, Cores=4
[2018.07.27-17.46.21:738][  0]LogInit: High frequency timer resolution =2.742190 MHz
[2018.07.27-17.46.21:739][  0]LogMemory: Memory total: Physical=15.9GB (16GB approx)
[2018.07.27-17.46.21:739][  0]LogMemory: Platform Memory Stats for Windows
[2018.07.27-17.46.21:739][  0]LogMemory: Process Physical Memory: 274.67 MB used, 274.67 MB peak
[2018.07.27-17.46.21:739][  0]LogMemory: Process Virtual Memory: 264.69 MB used, 264.69 MB peak
[2018.07.27-17.46.21:739][  0]LogMemory: Physical Memory: 8395.97 MB used,  7861.05 MB free, 16257.03 MB total
[2018.07.27-17.46.21:739][  0]LogMemory: Virtual Memory: 4794.19 MB used,  7861.05 MB free, 134217728.00 MB total
[2018.07.27-17.46.21:983][  0]LogInit: Using OS detected language (en-US).
[2018.07.27-17.46.21:983][  0]LogInit: Using OS detected locale (en-US).
[2018.07.27-17.46.22:007][  0]LogTextLocalizationManager: No specific localization for 'en-US' exists, so the 'en' localization will be used.
[2018.07.27-17.46.22:460][  0]LogStreaming: Display: Took  0.477s to EndInitTextLocalization.
[2018.07.27-17.46.22:461][  0]LogInit: Setting process to per monitor DPI aware
[2018.07.27-17.46.22:503][  0]LogSlate: New Slate User Created.  User Index 0, Is Virtual User: 0
[2018.07.27-17.46.22:503][  0]LogSlate: Slate User Registered.  User Index 0, Is Virtual User: 0
[2018.07.27-17.46.22:689][  0]LogD3D11RHI: D3D11 adapters:
[2018.07.27-17.46.22:746][  0]LogD3D11RHI:    0. 'NVIDIA GeForce GTX 1070' (Feature Level 11_0)
[2018.07.27-17.46.22:746][  0]LogD3D11RHI:       8081/0/8128 MB DedicatedVideo/DedicatedSystem/SharedSystem, Outputs:1, VendorId:0x10de
[2018.07.27-17.46.22:769][  0]LogD3D11RHI:    1. 'Intel(R) HD Graphics 630' (Feature Level 11_0)
[2018.07.27-17.46.22:769][  0]LogD3D11RHI:       128/0/8128 MB DedicatedVideo/DedicatedSystem/SharedSystem, Outputs:0, VendorId:0x8086
[2018.07.27-17.46.22:771][  0]LogD3D11RHI:    2. 'Microsoft Basic Render Driver' (Feature Level 11_0)
[2018.07.27-17.46.22:771][  0]LogD3D11RHI:       0/0/8128 MB DedicatedVideo/DedicatedSystem/SharedSystem, Outputs:0, VendorId:0x1414
[2018.07.27-17.46.22:771][  0]LogD3D11RHI: Chosen D3D11 Adapter: 0
[2018.07.27-17.46.22:780][  0]LogD3D11RHI: Creating new Direct3DDevice
[2018.07.27-17.46.22:780][  0]LogD3D11RHI:     GPU DeviceId: 0x1be1 (for the marketing name, search the web for "GPU Device Id")
[2018.07.27-17.46.22:780][  0]LogWindows: EnumDisplayDevices:
[2018.07.27-17.46.22:780][  0]LogWindows:    0. 'NVIDIA GeForce GTX 1070' (P:1 D:1)
[2018.07.27-17.46.22:780][  0]LogWindows:    1. 'NVIDIA GeForce GTX 1070' (P:0 D:0)
[2018.07.27-17.46.22:781][  0]LogWindows:    2. 'NVIDIA GeForce GTX 1070' (P:0 D:0)
[2018.07.27-17.46.22:781][  0]LogWindows:    3. 'NVIDIA GeForce GTX 1070' (P:0 D:0)
[2018.07.27-17.46.22:781][  0]LogWindows:    4. 'Intel(R) HD Graphics 630' (P:0 D:0)
[2018.07.27-17.46.22:781][  0]LogWindows:    5. 'Intel(R) HD Graphics 630' (P:0 D:0)
[2018.07.27-17.46.22:782][  0]LogWindows:    6. 'Intel(R) HD Graphics 630' (P:0 D:0)
[2018.07.27-17.46.22:782][  0]LogWindows: DebugString: GetVideoDriverDetailsInvalid PrimaryIsNotTheChoosenAdapter GetVideoDriverDetailsInvalid PrimaryIsNotTheChoosenAdapter GetVideoDriverDetailsInvalid PrimaryIsNotTheChoosenAdapter GetVideoDriverDetailsInvalid PrimaryIsNotTheChoosenAdapter GetVideoDriverDetailsInvalid PrimaryIsNotTheChoosenAdapter GetVideoDriverDetailsInvalid PrimaryIsNotTheChoosenAdapter GetVideoDriverDetailsInvalid PrimaryIsNotTheChoosenAdapter FoundDriverCount:0 
[2018.07.27-17.46.22:782][  0]LogD3D11RHI:     Adapter Name: NVIDIA GeForce GTX 1070
[2018.07.27-17.46.22:782][  0]LogD3D11RHI:   Driver Version: Unknown (internal:Unknown, unified:Unknown)
[2018.07.27-17.46.22:782][  0]LogD3D11RHI:      Driver Date: Unknown
[2018.07.27-17.46.22:782][  0]LogRHI: Texture pool is 5656 MB (70% of 8081 MB)
[2018.07.27-17.46.22:830][  0]LogD3D11RHI: [Aftermath] Aftermath enabled and primed
[2018.07.27-17.46.22:830][  0]LogD3D11RHI: [Aftermath] Aftermath enabled and primed
[2018.07.27-17.46.22:830][  0]LogD3D11RHI: Async texture creation enabled
[2018.07.27-17.46.22:852][  0]LogD3D11RHI: GPU Timing Frequency: 1000.000000 (Debug: 2 2)
[2018.07.27-17.46.22:899][  0]LogShaderCompilers: Guid format shader working directory is -11 characters bigger than the processId version (../../../../../SchoolProjects/VDDUNRL_TEAM2/VDDUNRL_DJMM/Intermediate/Shaders/WorkingDirectory/1012/).
[2018.07.27-17.46.22:899][  0]LogShaderCompilers: Cleaned the shader compiler working directory 'C:/Users/Josh/AppData/Local/Temp/UnrealShaderWorkingDir/3770974D45F86EC908FB9AAE972CFA5F/'.
[2018.07.27-17.46.23:115][  0]LogTemp: Display: Loaded TP AllDesktopTargetPlatform
[2018.07.27-17.46.23:130][  0]LogTemp: Display: Loaded TP MacClientTargetPlatform
[2018.07.27-17.46.23:144][  0]LogTemp: Display: Loaded TP MacNoEditorTargetPlatform
[2018.07.27-17.46.23:158][  0]LogTemp: Display: Loaded TP MacServerTargetPlatform
[2018.07.27-17.46.23:171][  0]LogTemp: Display: Loaded TP MacTargetPlatform
[2018.07.27-17.46.23:185][  0]LogTemp: Display: Loaded TP WindowsClientTargetPlatform
[2018.07.27-17.46.23:199][  0]LogTemp: Display: Loaded TP WindowsNoEditorTargetPlatform
[2018.07.27-17.46.23:213][  0]LogTemp: Display: Loaded TP WindowsServerTargetPlatform
[2018.07.27-17.46.23:220][  0]LogTemp: Display: Loaded TP WindowsTargetPlatform
[2018.07.27-17.46.23:235][  0]LogTemp: Display: Loaded TP Android_ASTCTargetPlatform
[2018.07.27-17.46.23:251][  0]LogTemp: Display: Loaded TP Android_ATCTargetPlatform
[2018.07.27-17.46.23:264][  0]LogTemp: Display: Loaded TP Android_DXTTargetPlatform
[2018.07.27-17.46.23:278][  0]LogTemp: Display: Loaded TP Android_ETC1aTargetPlatform
[2018.07.27-17.46.23:291][  0]LogTemp: Display: Loaded TP Android_ETC1TargetPlatform
[2018.07.27-17.46.23:303][  0]LogTemp: Display: Loaded TP Android_ETC2TargetPlatform
[2018.07.27-17.46.23:329][  0]LogTemp: Display: Loaded TP Android_MultiTargetPlatform
[2018.07.27-17.46.23:329][  0]LogTemp: Display: Loaded TP Android_PVRTCTargetPlatform
[2018.07.27-17.46.23:340][  0]LogTemp: Display: Loaded TP AndroidTargetPlatform
[2018.07.27-17.46.23:341][  0]LogTemp: Display: Loaded TP HTML5TargetPlatform
[2018.07.27-17.46.23:378][  0]LogTemp: Display: Loaded TP IOSTargetPlatform
[2018.07.27-17.46.23:390][  0]LogTemp: Display: Loaded TP TVOSTargetPlatform
[2018.07.27-17.46.23:403][  0]LogTemp: Display: Loaded TP LinuxClientTargetPlatform
[2018.07.27-17.46.23:416][  0]LogTemp: Display: Loaded TP LinuxNoEditorTargetPlatform
[2018.07.27-17.46.23:430][  0]LogTemp: Display: Loaded TP LinuxServerTargetPlatform
[2018.07.27-17.46.23:444][  0]LogTemp: Display: Loaded TP LinuxTargetPlatform
[2018.07.27-17.46.23:444][  0]LogTargetPlatformManager: Display: Building Assets For Windows
[2018.07.27-17.46.23:526][  0]LogXGEController: Cannot use XGE Controller as Incredibuild is not installed on this machine.
[2018.07.27-17.46.23:526][  0]LogShaderCompilers: Cannot use XGE Shader Compiler as Incredibuild is not installed on this machine.
[2018.07.27-17.46.23:526][  0]LogShaderCompilers: Display: Using Local Shader Compiler.
[2018.07.27-17.46.24:217][  0]LogDerivedDataCache: Display: Max Cache Size: 512 MB
[2018.07.27-17.46.24:288][  0]LogDerivedDataCache: Loaded boot cache 0.07s 74MB C:/Users/Josh/AppData/Local/UnrealEngine/4.19/DerivedDataCache/Boot.ddc.
[2018.07.27-17.46.24:288][  0]LogDerivedDataCache: Display: Loaded Boot cache: C:/Users/Josh/AppData/Local/UnrealEngine/4.19/DerivedDataCache/Boot.ddc
[2018.07.27-17.46.24:288][  0]LogDerivedDataCache: FDerivedDataBackendGraph:  Pak pak cache file ../../../../../SchoolProjects/VDDUNRL_TEAM2/VDDUNRL_DJMM/DerivedDataCache/DDC.ddp not found, will not use a pak cache.
[2018.07.27-17.46.24:288][  0]LogDerivedDataCache: Unable to find inner node Pak for hierarchical cache Hierarchy.
[2018.07.27-17.46.24:288][  0]LogDerivedDataCache: FDerivedDataBackendGraph:  CompressedPak pak cache file ../../../../../SchoolProjects/VDDUNRL_TEAM2/VDDUNRL_DJMM/DerivedDataCache/Compressed.ddp not found, will not use a pak cache.
[2018.07.27-17.46.24:288][  0]LogDerivedDataCache: Unable to find inner node CompressedPak for hierarchical cache Hierarchy.
[2018.07.27-17.46.24:305][  0]LogDerivedDataCache: Display: Pak cache opened for reading ../../../Engine/DerivedDataCache/Compressed.ddp.
[2018.07.27-17.46.24:318][  0]LogDerivedDataCache: Using Local data cache path C:/Users/Josh/AppData/Local/UnrealEngine/Common/DerivedDataCache: Writable
[2018.07.27-17.46.24:318][  0]LogDerivedDataCache: Shared data cache path not found in *engine.ini, will not use an Shared cache.
[2018.07.27-17.46.24:318][  0]LogDerivedDataCache: Unable to find inner node Shared for hierarchical cache Hierarchy.
[2018.07.27-17.46.24:331][  0]LogMaterial: Verifying Global Shaders for PCD3D_SM5
[2018.07.27-17.46.24:331][  0]LogSlate: Using Freetype 2.6.0
[2018.07.27-17.46.24:332][  0]LogSlate: SlateFontCache - WITH_FREETYPE: 1, WITH_HARFBUZZ: 1
[2018.07.27-17.46.24:332][  0]LogSlate: SlateFontCache - WITH_FREETYPE: 1, WITH_HARFBUZZ: 1
[2018.07.27-17.46.24:448][  0]LogAssetRegistry: FAssetRegistry took 0.0270 seconds to start up
[2018.07.27-17.46.24:805][  0]LogInit: Selected Device Profile: [Windows]
[2018.07.27-17.46.24:957][  0]LogSimplygon: Simplygon DLL not present - disabling.
[2018.07.27-17.46.24:959][  0]LogMeshReduction: Using SimplygonSwarm for distributed automatic mesh merging
[2018.07.27-17.46.24:959][  0]LogMeshReduction: Using QuadricMeshReduction for automatic static mesh reduction
[2018.07.27-17.46.24:959][  0]LogMeshReduction: No automatic skeletal mesh reduction module available
[2018.07.27-17.46.24:959][  0]LogMeshReduction: No automatic mesh merging module available
[2018.07.27-17.46.24:959][  0]LogMeshMerging: No automatic mesh merging module available
[2018.07.27-17.46.24:994][  0]LogNetVersion: VDDUNRL_DJMM , NetCL: 3944462, EngineNetVer: 2, GameNetVer: 0 (Checksum: 2093243182)
[2018.07.27-17.46.25:517][  0]LogPackageLocalizationCache: Processed 9 localized package path(s) for 2 prioritized culture(s) in 0.074249 seconds
[2018.07.27-17.46.25:523][  0]LogUObjectArray: 36728 objects as part of root set at end of initial load.
[2018.07.27-17.46.25:523][  0]LogUObjectAllocator: 7314312 out of 0 bytes used by permanent object pool.
[2018.07.27-17.46.25:523][  0]LogUObjectArray: CloseDisregardForGC: 0/0 objects in disregard for GC pool
[2018.07.27-17.46.27:340][  0]LogTcpMessaging: Initializing TcpMessaging bridge
[2018.07.27-17.46.27:367][  0]LogUdpMessaging: Initializing bridge on interface 0.0.0.0:0 to multicast group 230.0.0.1:6666.
[2018.07.27-17.46.27:640][  0]SourceControl: Source control is disabled
[2018.07.27-17.46.27:641][  0]LogWindows: Warning: CreateProc failed: The system cannot find the file specified. (0x00000002)
[2018.07.27-17.46.27:641][  0]LogWindows: Warning: URL: C:/Program Files/Git/bin/git.exe version
[2018.07.27-17.46.27:641][  0]LogWindows: Warning: CreateProc failed: The system cannot find the file specified. (0x00000002)
[2018.07.27-17.46.27:641][  0]LogWindows: Warning: URL: C:/Program Files (x86)/Git/bin/git.exe version
[2018.07.27-17.46.27:641][  0]LogWindows: Warning: CreateProc failed: The system cannot find the file specified. (0x00000002)
[2018.07.27-17.46.27:641][  0]LogWindows: Warning: URL: C:\Users\Josh\AppData\Local/Programs/Git/cmd/git.exe version
[2018.07.27-17.46.27:641][  0]LogWindows: Warning: CreateProc failed: The system cannot find the file specified. (0x00000002)
[2018.07.27-17.46.27:642][  0]LogWindows: Warning: URL: C:/Program Files (x86)/SmartGit/git/bin/git.exe version
[2018.07.27-17.46.27:642][  0]LogWindows: Warning: CreateProc failed: The system cannot find the file specified. (0x00000002)
[2018.07.27-17.46.27:642][  0]LogWindows: Warning: URL: C:/Program Files (x86)/SmartGit/bin/git.exe version
[2018.07.27-17.46.27:642][  0]LogWindows: Warning: CreateProc failed: The system cannot find the file specified. (0x00000002)
[2018.07.27-17.46.27:642][  0]LogWindows: Warning: URL: C:\Users\Josh\AppData\Local/Atlassian/SourceTree/git_local/bin/git.exe version
[2018.07.27-17.46.27:642][  0]LogWindows: Warning: CreateProc failed: The system cannot find the file specified. (0x00000002)
[2018.07.27-17.46.27:642][  0]LogWindows: Warning: URL: C:/Program Files (x86)/fournova/Tower/vendor/Git/bin/git.exe version
[2018.07.27-17.46.27:653][  0]LogWindows: Warning: CreateProc failed: The system cannot find the file specified. (0x00000002)
[2018.07.27-17.46.27:653][  0]LogWindows: Warning: URL: C:/Program Files/Git/bin/git.exe version
[2018.07.27-17.46.27:654][  0]LogWindows: Warning: CreateProc failed: The system cannot find the file specified. (0x00000002)
[2018.07.27-17.46.27:654][  0]LogWindows: Warning: URL: C:/Program Files (x86)/Git/bin/git.exe version
[2018.07.27-17.46.27:654][  0]LogWindows: Warning: CreateProc failed: The system cannot find the file specified. (0x00000002)
[2018.07.27-17.46.27:654][  0]LogWindows: Warning: URL: C:\Users\Josh\AppData\Local/Programs/Git/cmd/git.exe version
[2018.07.27-17.46.27:654][  0]LogWindows: Warning: CreateProc failed: The system cannot find the file specified. (0x00000002)
[2018.07.27-17.46.27:654][  0]LogWindows: Warning: URL: C:/Program Files (x86)/SmartGit/git/bin/git.exe version
[2018.07.27-17.46.27:654][  0]LogWindows: Warning: CreateProc failed: The system cannot find the file specified. (0x00000002)
[2018.07.27-17.46.27:654][  0]LogWindows: Warning: URL: C:/Program Files (x86)/SmartGit/bin/git.exe version
[2018.07.27-17.46.27:654][  0]LogWindows: Warning: CreateProc failed: The system cannot find the file specified. (0x00000002)
[2018.07.27-17.46.27:654][  0]LogWindows: Warning: URL: C:\Users\Josh\AppData\Local/Atlassian/SourceTree/git_local/bin/git.exe version
[2018.07.27-17.46.27:654][  0]LogWindows: Warning: CreateProc failed: The system cannot find the file specified. (0x00000002)
[2018.07.27-17.46.27:654][  0]LogWindows: Warning: URL: C:/Program Files (x86)/fournova/Tower/vendor/Git/bin/git.exe version
[2018.07.27-17.46.27:668][  0]LogWindows: Warning: CreateProc failed: The system cannot find the file specified. (0x00000002)
[2018.07.27-17.46.27:668][  0]LogWindows: Warning: URL: C:/Program Files/Git/bin/git.exe version
[2018.07.27-17.46.27:668][  0]LogWindows: Warning: CreateProc failed: The system cannot find the file specified. (0x00000002)
[2018.07.27-17.46.27:668][  0]LogWindows: Warning: URL: C:/Program Files (x86)/Git/bin/git.exe version
[2018.07.27-17.46.27:668][  0]LogWindows: Warning: CreateProc failed: The system cannot find the file specified. (0x00000002)
[2018.07.27-17.46.27:668][  0]LogWindows: Warning: URL: C:\Users\Josh\AppData\Local/Programs/Git/cmd/git.exe version
[2018.07.27-17.46.27:669][  0]LogWindows: Warning: CreateProc failed: The system cannot find the file specified. (0x00000002)
[2018.07.27-17.46.27:669][  0]LogWindows: Warning: URL: C:/Program Files (x86)/SmartGit/git/bin/git.exe version
[2018.07.27-17.46.27:669][  0]LogWindows: Warning: CreateProc failed: The system cannot find the file specified. (0x00000002)
[2018.07.27-17.46.27:669][  0]LogWindows: Warning: URL: C:/Program Files (x86)/SmartGit/bin/git.exe version
[2018.07.27-17.46.27:669][  0]LogWindows: Warning: CreateProc failed: The system cannot find the file specified. (0x00000002)
[2018.07.27-17.46.27:669][  0]LogWindows: Warning: URL: C:\Users\Josh\AppData\Local/Atlassian/SourceTree/git_local/bin/git.exe version
[2018.07.27-17.46.27:669][  0]LogWindows: Warning: CreateProc failed: The system cannot find the file specified. (0x00000002)
[2018.07.27-17.46.27:669][  0]LogWindows: Warning: URL: C:/Program Files (x86)/fournova/Tower/vendor/Git/bin/git.exe version
[2018.07.27-17.46.28:046][  0]LogAndroidPermission: UAndroidPermissionCallbackProxy::GetInstance
[2018.07.27-17.46.28:174][  0]LogOcInput: OculusInput pre-init called
[2018.07.27-17.46.28:266][  0]LogEngine: Initializing Engine...
[2018.07.27-17.46.28:267][  0]LogHMD: Failed to initialize OpenVR with code 110
[2018.07.27-17.46.28:268][  0]LogStats: UGameplayTagsManager::ConstructGameplayTagTree: Construct from data asset -  0.000 s
[2018.07.27-17.46.28:268][  0]LogStats: UGameplayTagsManager::ConstructGameplayTagTree: GameplayTagTreeChangedEvent.Broadcast -  0.000 s
[2018.07.27-17.46.28:497][  0]LogAIModule: Creating AISystem for world Untitled
[2018.07.27-17.46.28:569][  0]LogInit: XAudio2 using 'Speakers / Headphones (Realtek Audio)' : 6 channels at 48 kHz using 32 bits per sample (channel mask 0x3f)
[2018.07.27-17.46.28:637][  0]LogInit: FAudioDevice initialized.
[2018.07.27-17.46.28:720][  0]LogDerivedDataCache: Saved boot cache 0.08s 74MB C:/Users/Josh/AppData/Local/UnrealEngine/4.19/DerivedDataCache/Boot.ddc.
[2018.07.27-17.46.28:734][  0]LogInit: Texture streaming: Enabled
[2018.07.27-17.46.28:748][  0]LogEngineSessionManager: EngineSessionManager initialized
[2018.07.27-17.46.28:761][  0]LogInit: Transaction tracking system initialized
[2018.07.27-17.46.28:777][  0]BlueprintLog: New page: Editor Load
[2018.07.27-17.46.28:846][  0]LocalizationService: Localization service is disabled
[2018.07.27-17.46.28:957][  0]LogConsoleResponse: Display: 
[2018.07.27-17.46.29:112][  0]LogCook: Display: Max memory allowance for cook 16384mb min free memory 0mb
[2018.07.27-17.46.29:112][  0]LogCook: Display: Mobile HDR setting 1
[2018.07.27-17.46.29:112][  0]LogGameplayTags: Display: UGameplayTagsManager::DoneAddingNativeTags. DelegateIsBound: 0
[2018.07.27-17.46.29:112][  0]LogStats: UGameplayTagsManager::ConstructGameplayTagTree: Construct from data asset -  0.000 s
[2018.07.27-17.46.29:112][  0]LogStats: UGameplayTagsManager::ConstructGameplayTagTree: GameplayTagTreeChangedEvent.Broadcast -  0.000 s
[2018.07.27-17.46.29:374][  0]LogFileCache: Scanning file cache for directory 'D:/SchoolProjects/VDDUNRL_TEAM2/VDDUNRL_DJMM/Content/' took 0.01s
[2018.07.27-17.46.29:380][  0]LogWindows: Warning: CreateProc failed: The system cannot find the file specified. (0x00000002)
[2018.07.27-17.46.29:380][  0]LogWindows: Warning: URL: C:/Program Files/Git/bin/git.exe version
[2018.07.27-17.46.29:380][  0]LogWindows: Warning: CreateProc failed: The system cannot find the file specified. (0x00000002)
[2018.07.27-17.46.29:380][  0]LogWindows: Warning: URL: C:/Program Files (x86)/Git/bin/git.exe version
[2018.07.27-17.46.29:380][  0]LogWindows: Warning: CreateProc failed: The system cannot find the file specified. (0x00000002)
[2018.07.27-17.46.29:380][  0]LogWindows: Warning: URL: C:\Users\Josh\AppData\Local/Programs/Git/cmd/git.exe version
[2018.07.27-17.46.29:380][  0]LogWindows: Warning: CreateProc failed: The system cannot find the file specified. (0x00000002)
[2018.07.27-17.46.29:380][  0]LogWindows: Warning: URL: C:/Program Files (x86)/SmartGit/git/bin/git.exe version
[2018.07.27-17.46.29:380][  0]LogWindows: Warning: CreateProc failed: The system cannot find the file specified. (0x00000002)
[2018.07.27-17.46.29:380][  0]LogWindows: Warning: URL: C:/Program Files (x86)/SmartGit/bin/git.exe version
[2018.07.27-17.46.29:381][  0]LogWindows: Warning: CreateProc failed: The system cannot find the file specified. (0x00000002)
[2018.07.27-17.46.29:381][  0]LogWindows: Warning: URL: C:\Users\Josh\AppData\Local/Atlassian/SourceTree/git_local/bin/git.exe version
[2018.07.27-17.46.29:381][  0]LogWindows: Warning: CreateProc failed: The system cannot find the file specified. (0x00000002)
[2018.07.27-17.46.29:381][  0]LogWindows: Warning: URL: C:/Program Files (x86)/fournova/Tower/vendor/Git/bin/git.exe version
[2018.07.27-17.46.29:381][  0]Cmd: MAP LOAD FILE="../../../../../SchoolProjects/VDDUNRL_TEAM2/VDDUNRL_DJMM/Content/2DSideScrollerBP/Maps/2DSideScrollerExampleMap.umap" TEMPLATE=0 SHOWPROGRESS=1 FEATURELEVEL=3
[2018.07.27-17.46.29:381][  0]LogEditorServer: Warning: Can't find file '../../../../../SchoolProjects/VDDUNRL_TEAM2/VDDUNRL_DJMM/Content/2DSideScrollerBP/Maps/2DSideScrollerExampleMap.umap'
[2018.07.27-17.46.29:381][  0]Cmd: MAP CHECKDEP NOCLEARLOG
[2018.07.27-17.46.29:422][  0]MapCheck: Map check complete: 0 Error(s), 0 Warning(s), took 41.083ms to complete.
[2018.07.27-17.46.29:423][  0]LogFileHelpers: Loading map '2DSideScrollerExampleMap' took 0.041
[2018.07.27-17.46.29:573][  0]LogCollectionManager: Loaded 0 collections in 0.001047 seconds
[2018.07.27-17.46.29:617][  0]LogFileCache: Scanning file cache for directory 'D:/SchoolProjects/VDDUNRL_TEAM2/VDDUNRL_DJMM/Saved/Collections/' took 0.01s
[2018.07.27-17.46.29:617][  0]LogFileCache: Scanning file cache for directory 'D:/SchoolProjects/VDDUNRL_TEAM2/VDDUNRL_DJMM/Content/Developers/Josh/Collections/' took 0.01s
[2018.07.27-17.46.29:617][  0]LogFileCache: Scanning file cache for directory 'D:/SchoolProjects/VDDUNRL_TEAM2/VDDUNRL_DJMM/Content/Collections/' took 0.01s
[2018.07.27-17.46.29:617][  0]LogCollectionManager: Rebuilt the GUID cache for 0 collections in 0.000000 seconds
[2018.07.27-17.46.29:627][  0]LogContentBrowser: Native class hierarchy populated in 0.0100 seconds. Added 2452 classes and 558 folders.
[2018.07.27-17.46.29:632][  0]LogContentBrowser: Native class hierarchy updated for 'WidgetCarousel' in 0.0002 seconds. Added 0 classes and 0 folders.
[2018.07.27-17.46.29:677][  0]LogContentBrowser: Native class hierarchy updated for 'AddContentDialog' in 0.0002 seconds. Added 0 classes and 0 folders.
[2018.07.27-17.46.29:681][  0]LogContentBrowser: Native class hierarchy updated for 'SceneOutliner' in 0.0002 seconds. Added 1 classes and 2 folders.
[2018.07.27-17.46.29:770][  0]LogContentBrowser: Native class hierarchy updated for 'HierarchicalLODOutliner' in 0.0003 seconds. Added 0 classes and 0 folders.
[2018.07.27-17.46.29:770][  0]LogLoad: (Engine Initialization) Total time: 10.06 seconds
[2018.07.27-17.46.29:770][  0]LogLoad: (Engine Initialization) Total Blueprint compile time: 0.00 seconds
[2018.07.27-17.46.29:788][  0]LogWindowsTextInputMethodSystem: Display: IME system now deactivated.
[2018.07.27-17.46.29:819][  0]LogContentStreaming: Texture pool size now 1000 MB
[2018.07.27-17.46.29:821][  0]LogSlate: Took 0.000209 seconds to synchronously load lazily loaded font '../../../Engine/Content/Slate/Fonts/Roboto-Regular.ttf' (155K)
[2018.07.27-17.46.29:823][  0]LogSlate: Took 0.000381 seconds to synchronously load lazily loaded font '../../../Engine/Content/Slate/Fonts/Roboto-Bold.ttf' (160K)
[2018.07.27-17.46.29:828][  0]LogSlate: Took 0.000170 seconds to synchronously load lazily loaded font '../../../Engine/Content/Editor/Slate/Fonts/FontAwesome.ttf' (139K)
[2018.07.27-17.46.29:939][  1]LogFileCache: Retrieving MD5 hashes for directory 'D:/SchoolProjects/VDDUNRL_TEAM2/VDDUNRL_DJMM/Content/' took 0.14s
[2018.07.27-17.46.29:945][  1]LogAssetRegistry: Asset discovery search completed in 5.5206 seconds
[2018.07.27-17.46.29:948][  1]LogCollectionManager: Rebuilt the object cache for 0 collections in 0.000000 seconds (found 0 objects)
[2018.07.27-17.46.29:948][  1]LogCollectionManager: Fixed up redirectors for 0 collections in 0.000062 seconds (updated 0 objects)
[2018.07.27-17.46.29:969][  2]LogRenderer: Reallocating scene render targets to support 768x428 Format 10 NumSamples 1 (Frame:1).
[2018.07.27-17.46.30:819][ 45]LogSlate: Took 0.000172 seconds to synchronously load lazily loaded font '../../../Engine/Content/Slate/Fonts/Roboto-Light.ttf' (167K)
[2018.07.27-17.46.31:803][ 64]LogSlate: FSceneViewport::OnFocusLost() reason 0
[2018.07.27-17.46.31:970][ 65]LogRenderer: Reallocating scene render targets to support 1236x732 Format 10 NumSamples 1 (Frame:66).
[2018.07.27-17.46.44:999][474]LogUObjectGlobals: Created PersistentFrame Addr=0x0000028e4e89e340, Size=288, Default__2DSideScrollerCharacter_C Function /Game/2DSideScrollerBP/Blueprints/2DSideScrollerCharacter.2DSideScrollerCharacter_C:ExecuteUbergraph_2DSideScrollerCharacter
[2018.07.27-17.46.45:008][474]LogUObjectGlobals: Destroyed PersistentFrame Addr=0x0000028e4e89e340, Size=288
[2018.07.27-17.46.45:008][474]LogUObjectGlobals: Created PersistentFrame Addr=0x0000028e4e89e340, Size=288, Default__2DSideScrollerCharacter_C Function /Engine/Transient.REINST_2DSideScrollerCharacter_C_3:ExecuteUbergraph_2DSideScrollerCharacter
[2018.07.27-17.46.45:016][474]LogUObjectGlobals: Created PersistentFrame Addr=0x0000028e09f174c0, Size=288, Default__2DSideScrollerCharacter_C Function /Game/2DSideScrollerBP/Blueprints/2DSideScrollerCharacter.2DSideScrollerCharacter_C:ExecuteUbergraph_2DSideScrollerCharacter
[2018.07.27-17.46.45:023][474]LogUObjectGlobals: Created PersistentFrame Addr=0x0000028e71eeba70, Size=12, Default__2DSideScrollerGameMode_C Function /Game/2DSideScrollerBP/Blueprints/2DSideScrollerGameMode.2DSideScrollerGameMode_C:ExecuteUbergraph_2DSideScrollerGameMode
[2018.07.27-17.46.45:024][474]LogUObjectGlobals: Created PersistentFrame Addr=0x0000028e71eeba80, Size=16, Default__GameHUD_C Function /Game/2DSideScrollerBP/Blueprints/GameHUD.GameHUD_C:ExecuteUbergraph_GameHUD
[2018.07.27-17.46.45:025][474]LogUObjectGlobals: Created PersistentFrame Addr=0x0000028e09b08f40, Size=64, Default__UI_InGame_C Function /Game/2DSideScrollerBP/Blueprints/UI_InGame.UI_InGame_C:ExecuteUbergraph_UI_InGame
[2018.07.27-17.46.45:038][474]LogUObjectGlobals: Destroyed PersistentFrame Addr=0x0000028e71eeba80, Size=16
[2018.07.27-17.46.45:038][474]LogUObjectGlobals: Created PersistentFrame Addr=0x0000028e71eeba80, Size=16, Default__GameHUD_C Function /Engine/Transient.REINST_GameHUD_C_5:ExecuteUbergraph_GameHUD
[2018.07.27-17.46.45:039][474]LogUObjectGlobals: Destroyed PersistentFrame Addr=0x0000028e71eeba70, Size=12
[2018.07.27-17.46.45:039][474]LogUObjectGlobals: Created PersistentFrame Addr=0x0000028e71eeba70, Size=12, Default__2DSideScrollerGameMode_C Function /Engine/Transient.REINST_2DSideScrollerGameMode_C_6:ExecuteUbergraph_2DSideScrollerGameMode
[2018.07.27-17.46.45:039][474]LogUObjectGlobals: Destroyed PersistentFrame Addr=0x0000028e09b08f40, Size=64
[2018.07.27-17.46.45:039][474]LogUObjectGlobals: Created PersistentFrame Addr=0x0000028e68ef23c0, Size=64, Default__UI_InGame_C Function /Engine/Transient.REINST_UI_InGame_C_0:ExecuteUbergraph_UI_InGame
[2018.07.27-17.46.45:045][474]LogUObjectGlobals: Created PersistentFrame Addr=0x0000028e71ee9df0, Size=16, Default__GameHUD_C Function /Game/2DSideScrollerBP/Blueprints/GameHUD.GameHUD_C:ExecuteUbergraph_GameHUD
[2018.07.27-17.46.45:046][474]LogUObjectGlobals: Created PersistentFrame Addr=0x0000028e71eeb6d0, Size=12, Default__2DSideScrollerGameMode_C Function /Game/2DSideScrollerBP/Blueprints/2DSideScrollerGameMode.2DSideScrollerGameMode_C:ExecuteUbergraph_2DSideScrollerGameMode
[2018.07.27-17.46.45:047][474]LogUObjectGlobals: Created PersistentFrame Addr=0x0000028e08848180, Size=64, Default__UI_InGame_C Function /Game/2DSideScrollerBP/Blueprints/UI_InGame.UI_InGame_C:ExecuteUbergraph_UI_InGame
[2018.07.27-17.46.45:058][474]LogUObjectGlobals: Created PersistentFrame Addr=0x0000028e09f32080, Size=164, Default__BP_Platform_Move_Diagonal_C Function /Game/2DSideScrollerBP/Blueprints/BP_Platform_Move_Diagonal.BP_Platform_Move_Diagonal_C:ExecuteUbergraph_BP_Platform_Move_Diagonal
[2018.07.27-17.46.45:067][474]LogUObjectGlobals: Destroyed PersistentFrame Addr=0x0000028e09f32080, Size=164
[2018.07.27-17.46.45:067][474]LogUObjectGlobals: Created PersistentFrame Addr=0x0000028e09f016c0, Size=164, Default__BP_Platform_Move_Diagonal_C Function /Engine/Transient.REINST_BP_Platform_Move_Diagonal_C_11:ExecuteUbergraph_BP_Platform_Move_Diagonal
[2018.07.27-17.46.45:069][474]LogUObjectGlobals: Created PersistentFrame Addr=0x0000028e09f01300, Size=164, Default__BP_Platform_Move_Diagonal_C Function /Game/2DSideScrollerBP/Blueprints/BP_Platform_Move_Diagonal.BP_Platform_Move_Diagonal_C:ExecuteUbergraph_BP_Platform_Move_Diagonal
[2018.07.27-17.46.45:073][474]LogUObjectGlobals: Created PersistentFrame Addr=0x0000028e09f00b80, Size=164, Default__BP_Platform_Move_Horizontal_C Function /Game/2DSideScrollerBP/Blueprints/BP_Platform_Move_Horizontal.BP_Platform_Move_Horizontal_C:ExecuteUbergraph_BP_Platform_Move_Horizontal
[2018.07.27-17.46.45:075][474]LogUObjectGlobals: Destroyed PersistentFrame Addr=0x0000028e09f00b80, Size=164
[2018.07.27-17.46.45:075][474]LogUObjectGlobals: Created PersistentFrame Addr=0x0000028e09f00b80, Size=164, Default__BP_Platform_Move_Horizontal_C Function /Engine/Transient.REINST_BP_Platform_Move_Horizontal_C_13:ExecuteUbergraph_BP_Platform_Move_Horizontal
[2018.07.27-17.46.45:076][474]LogUObjectGlobals: Created PersistentFrame Addr=0x0000028e0882fd00, Size=164, Default__BP_Platform_Move_Horizontal_C Function /Game/2DSideScrollerBP/Blueprints/BP_Platform_Move_Horizontal.BP_Platform_Move_Horizontal_C:ExecuteUbergraph_BP_Platform_Move_Horizontal
[2018.07.27-17.46.45:080][474]LogUObjectGlobals: Created PersistentFrame Addr=0x0000028e0882f940, Size=164, Default__BP_Platform_Move_Vertical_C Function /Game/2DSideScrollerBP/Blueprints/BP_Platform_Move_Vertical.BP_Platform_Move_Vertical_C:ExecuteUbergraph_BP_Platform_Move_Vertical
[2018.07.27-17.46.45:082][474]LogUObjectGlobals: Destroyed PersistentFrame Addr=0x0000028e0882f940, Size=164
[2018.07.27-17.46.45:082][474]LogUObjectGlobals: Created PersistentFrame Addr=0x0000028e0882f940, Size=164, Default__BP_Platform_Move_Vertical_C Function /Engine/Transient.REINST_BP_Platform_Move_Vertical_C_15:ExecuteUbergraph_BP_Platform_Move_Vertical
[2018.07.27-17.46.45:084][474]LogUObjectGlobals: Created PersistentFrame Addr=0x0000028e0882f100, Size=164, Default__BP_Platform_Move_Vertical_C Function /Game/2DSideScrollerBP/Blueprints/BP_Platform_Move_Vertical.BP_Platform_Move_Vertical_C:ExecuteUbergraph_BP_Platform_Move_Vertical
[2018.07.27-17.46.45:087][474]LogUObjectGlobals: Created PersistentFrame Addr=0x0000028e0882ea40, Size=164, Default__BP_Platform_Rotate_C Function /Game/2DSideScrollerBP/Blueprints/BP_Platform_Rotate.BP_Platform_Rotate_C:ExecuteUbergraph_BP_Platform_Rotate
[2018.07.27-17.46.45:088][474]LogUObjectGlobals: Destroyed PersistentFrame Addr=0x0000028e0882ea40, Size=164
[2018.07.27-17.46.45:088][474]LogUObjectGlobals: Created PersistentFrame Addr=0x0000028e0882ea40, Size=164, Default__BP_Platform_Rotate_C Function /Engine/Transient.REINST_BP_Platform_Rotate_C_17:ExecuteUbergraph_BP_Platform_Rotate
[2018.07.27-17.46.45:089][474]LogUObjectGlobals: Created PersistentFrame Addr=0x0000028e0882e500, Size=164, Default__BP_Platform_Rotate_C Function /Game/2DSideScrollerBP/Blueprints/BP_Platform_Rotate.BP_Platform_Rotate_C:ExecuteUbergraph_BP_Platform_Rotate
[2018.07.27-17.46.45:097][474]LogUObjectGlobals: Created PersistentFrame Addr=0x0000028e09e90860, Size=32, Default__BP_Teleporter_Particle_C Function /Game/2DSideScrollerBP/Blueprints/BP_Teleporter_Particle.BP_Teleporter_Particle_C:ExecuteUbergraph_BP_Teleporter_Particle
[2018.07.27-17.46.45:098][474]LogUObjectGlobals: Destroyed PersistentFrame Addr=0x0000028e09e90860, Size=32
[2018.07.27-17.46.45:098][474]LogUObjectGlobals: Created PersistentFrame Addr=0x0000028e09e90860, Size=32, Default__BP_Teleporter_Particle_C Function /Engine/Transient.REINST_BP_Teleporter_Particle_C_19:ExecuteUbergraph_BP_Teleporter_Particle
[2018.07.27-17.46.45:099][474]LogUObjectGlobals: Created PersistentFrame Addr=0x0000028e09e90460, Size=32, Default__BP_Teleporter_Particle_C Function /Game/2DSideScrollerBP/Blueprints/BP_Teleporter_Particle.BP_Teleporter_Particle_C:ExecuteUbergraph_BP_Teleporter_Particle
[2018.07.27-17.46.45:107][474]LogUObjectGlobals: Created PersistentFrame Addr=0x0000028e09a7feb0, Size=56, Default__Collectible_C Function /Game/2DSideScrollerBP/Blueprints/Collectible.Collectible_C:ExecuteUbergraph_Collectible
[2018.07.27-17.46.45:110][474]LogUObjectGlobals: Destroyed PersistentFrame Addr=0x0000028e09a7feb0, Size=56
[2018.07.27-17.46.45:110][474]LogUObjectGlobals: Created PersistentFrame Addr=0x0000028e09a7feb0, Size=56, Default__Collectible_C Function /Engine/Transient.REINST_Collectible_C_21:ExecuteUbergraph_Collectible
[2018.07.27-17.46.45:111][474]LogUObjectGlobals: Created PersistentFrame Addr=0x0000028e09a7fa18, Size=56, Default__Collectible_C Function /Game/2DSideScrollerBP/Blueprints/Collectible.Collectible_C:ExecuteUbergraph_Collectible
[2018.07.27-17.46.45:122][474]LogUObjectGlobals: Created PersistentFrame Addr=0x0000028e087579c0, Size=136, Default__Level_00_C Function /Game/2DSideScrollerBP/Maps/Level_00.Level_00_C:ExecuteUbergraph_Level_00
[2018.07.27-17.46.45:127][474]LogUObjectGlobals: Destroyed PersistentFrame Addr=0x0000028e087579c0, Size=136
[2018.07.27-17.46.45:127][474]LogUObjectGlobals: Created PersistentFrame Addr=0x0000028e08754d60, Size=136, Default__Level_00_C Function /Engine/Transient.REINST_Level_00_C_23:ExecuteUbergraph_Level_00
[2018.07.27-17.46.45:131][474]LogUObjectGlobals: Created PersistentFrame Addr=0x0000028e4e862520, Size=136, Default__Level_00_C Function /Game/2DSideScrollerBP/Maps/Level_00.Level_00_C:ExecuteUbergraph_Level_00
[2018.07.27-17.46.45:271][474]LogAIModule: Creating AISystem for world Level_00
[2018.07.27-17.46.45:480][474]LogUObjectGlobals: Destroyed PersistentFrame Addr=0x0000028e71eeba70, Size=12
[2018.07.27-17.46.45:480][474]LogUObjectGlobals: Destroyed PersistentFrame Addr=0x0000028e71eeba80, Size=16
[2018.07.27-17.46.45:480][474]LogUObjectGlobals: Destroyed PersistentFrame Addr=0x0000028e68ef23c0, Size=64
[2018.07.27-17.46.45:480][474]LogUObjectGlobals: Destroyed PersistentFrame Addr=0x0000028e09f016c0, Size=164
[2018.07.27-17.46.45:481][474]LogUObjectGlobals: Destroyed PersistentFrame Addr=0x0000028e09f00b80, Size=164
[2018.07.27-17.46.45:481][474]LogUObjectGlobals: Destroyed PersistentFrame Addr=0x0000028e0882f940, Size=164
[2018.07.27-17.46.45:481][474]LogUObjectGlobals: Destroyed PersistentFrame Addr=0x0000028e0882ea40, Size=164
[2018.07.27-17.46.45:481][474]LogUObjectGlobals: Destroyed PersistentFrame Addr=0x0000028e09e90860, Size=32
[2018.07.27-17.46.45:481][474]LogUObjectGlobals: Destroyed PersistentFrame Addr=0x0000028e09a7feb0, Size=56
[2018.07.27-17.46.45:481][474]LogUObjectGlobals: Destroyed PersistentFrame Addr=0x0000028e08754d60, Size=136
[2018.07.27-17.46.45:590][474]LogUObjectGlobals: Destroyed PersistentFrame Addr=0x0000028e4e89e340, Size=288
[2018.07.27-17.46.45:593][474]Cmd: MAP LOAD FILE="../../../../../SchoolProjects/VDDUNRL_TEAM2/VDDUNRL_DJMM/Content/2DSideScrollerBP/Maps/Level_00.umap" TEMPLATE=0 SHOWPROGRESS=1 FEATURELEVEL=3
[2018.07.27-17.46.45:594][474]LightingResults: New page: Lighting Build
[2018.07.27-17.46.45:596][474]LogContentBrowser: Native class hierarchy updated for 'StatsViewer' in 0.0002 seconds. Added 5 classes and 0 folders.
[2018.07.27-17.46.45:596][474]LoadErrors: New page: Loading map: Level_00.umap
[2018.07.27-17.46.45:714][474]MapCheck: New page: Map Check
[2018.07.27-17.46.45:714][474]LightingResults: New page: Lighting Build
[2018.07.27-17.46.45:806][474]LogEditorServer: Finished looking for orphan Actors (0.000 secs)
[2018.07.27-17.46.45:921][474]Cmd: MAP CHECKDEP NOCLEARLOG
[2018.07.27-17.46.45:964][474]MapCheck: Map check complete: 0 Error(s), 0 Warning(s), took 43.001ms to complete.
[2018.07.27-17.46.45:964][474]LogFileHelpers: Loading map 'Level_00' took 0.372
[2018.07.27-17.46.55:357][799]LogSlate: FSceneViewport::OnFocusLost() reason 0
[2018.07.27-17.46.55:528][801]LogContentBrowser: Native class hierarchy updated for 'Cascade' in 0.0004 seconds. Added 2 classes and 2 folders.
[2018.07.27-17.46.55:909][801]LogMaterial: Missing cached shader map for material Teleporter_Particle, compiling. 
[2018.07.27-17.46.56:616][801]LogMaterial: Missing cached shader map for material Teleporter_Particle, compiling. 
[2018.07.27-17.46.56:627][801]LogMaterial: Missing cached shader map for material Teleporter_Particle, compiling. 
[2018.07.27-17.46.56:649][801]LogShaderCompilers: Display: Shaders left to compile 16
[2018.07.27-17.46.56:649][801]LogShaderCompilers: Display: Shaders left to compile 15
[2018.07.27-17.46.56:649][801]LogShaderCompilers: Display: Shaders left to compile 14
[2018.07.27-17.46.56:649][801]LogShaderCompilers: Display: Shaders left to compile 13
[2018.07.27-17.46.56:662][801]LogMaterial: Missing cached shader map for material FMatExpressionPreview MaterialExpressionConstant3Vector_1, compiling. 
[2018.07.27-17.46.56:674][801]LogSlate: Took 0.000151 seconds to synchronously load lazily loaded font '../../../Engine/Content/Slate/Fonts/Roboto-BoldCondensed.ttf' (158K)
[2018.07.27-17.46.57:146][805]LogSlate: Took 0.000325 seconds to synchronously load lazily loaded font '../../../Engine/Content/Slate/Fonts/Roboto-Italic.ttf' (157K)
[2018.07.27-17.46.57:237][810]LogShaderCompilers: Display: Shaders left to compile 14
[2018.07.27-17.46.57:305][813]LogShaderCompilers: Display: Shaders left to compile 13
[2018.07.27-17.46.57:308][813]LogShaderCompilers: Display: Shaders left to compile 12
[2018.07.27-17.46.57:313][813]LogShaderCompilers: Display: Shaders left to compile 11
[2018.07.27-17.46.57:439][818]LogShaderCompilers: Display: Shaders left to compile 10
[2018.07.27-17.46.57:509][821]LogShaderCompilers: Display: Shaders left to compile 9
[2018.07.27-17.46.57:509][821]LogShaderCompilers: Display: Shaders left to compile 8
[2018.07.27-17.46.57:761][831]LogShaderCompilers: Display: Shaders left to compile 7
[2018.07.27-17.46.57:761][831]LogShaderCompilers: Display: Shaders left to compile 6
[2018.07.27-17.46.57:939][838]LogShaderCompilers: Display: Shaders left to compile 5
[2018.07.27-17.46.57:994][840]LogShaderCompilers: Display: Shaders left to compile 4
[2018.07.27-17.46.58:013][841]LogShaderCompilers: Display: Shaders left to compile 3
[2018.07.27-17.46.58:241][850]LogShaderCompilers: Display: Shaders left to compile 2
[2018.07.27-17.46.58:276][851]LogShaderCompilers: Display: Shaders left to compile 1
[2018.07.27-17.46.58:552][855]MaterialEditorStats: Base pass shader: 109 instructions
[2018.07.27-17.46.58:552][855]MaterialEditorStats: Base pass shader with Volumetric Lightmap: 183 instructions
[2018.07.27-17.46.58:552][855]MaterialEditorStats: Vertex shader: 34 instructions
[2018.07.27-17.46.58:552][855]MaterialEditorStats: Texture samplers: 2/16
[2018.07.27-17.47.00:089][883]LogSlate: Window 'Teleporter_FX_Up' being destroyed
[2018.07.27-17.47.00:221][883]LogCascade: Quitting Cascade. FXSystem=0x0000028E693D76A0
[2018.07.27-17.47.04:393][973]LogSlate: FSceneViewport::OnFocusLost() reason 0
[2018.07.27-17.47.08:655][111]LogTexture: Display: Building textures: platform (AutoDXT, 576X300)
[2018.07.27-17.47.08:676][111]LogContentBrowser: Native class hierarchy updated for 'TextureEditor' in 0.0002 seconds. Added 1 classes and 2 folders.
[2018.07.27-17.47.17:760][312]LogSlate: Window 'platform' being destroyed
[2018.07.27-17.47.17:848][312]LogSlate: Window 'platform' being destroyed
[2018.07.27-17.47.38:287][885]LogRenderer: Reallocating scene render targets to support 2036x1240 Format 10 NumSamples 1 (Frame:1).
[2018.07.27-17.47.38:287][885]LogSlate: Took 0.000207 seconds to synchronously load lazily loaded font '../../../Engine/Content/Slate/Fonts/Roboto-Light.ttf' (167K)
[2018.07.27-17.47.53:091][308]LogSlate: FSceneViewport::OnFocusLost() reason 0
[2018.07.27-17.47.53:474][310]Cmd: OBJ SAVEPACKAGE PACKAGE="/Game/2DSideScroller/Sprites/Platform" FILE="../../../../../SchoolProjects/VDDUNRL_TEAM2/VDDUNRL_DJMM/Content/2DSideScroller/Sprites/Platform.uasset" SILENT=true
[2018.07.27-17.47.53:486][310]LogSavePackage: Save=9.37ms
[2018.07.27-17.47.53:486][310]LogSavePackage: Moving '../../../../../SchoolProjects/VDDUNRL_TEAM2/VDDUNRL_DJMM/Saved/PlatformD1D886CA4977DDE6E56D559297F0597B.tmp' to '../../../../../SchoolProjects/VDDUNRL_TEAM2/VDDUNRL_DJMM/Content/2DSideScroller/Sprites/Platform.uasset'
[2018.07.27-17.47.53:488][310]LogSavePackage: Display: Finished SavePackage ../../../../../SchoolProjects/VDDUNRL_TEAM2/VDDUNRL_DJMM/Content/2DSideScroller/Sprites/Platform.uasset
[2018.07.27-17.48.04:793][648]LogContentBrowser: Native class hierarchy updated for 'BlueprintGraph' in 0.0016 seconds. Added 116 classes and 0 folders.
[2018.07.27-17.48.05:163][648]LogUObjectGlobals: Created PersistentFrame Addr=0x0000028ea7d81e08, Size=4, Default__SKEL_PROTO_BP_AnimBlueprint_0_C Function /Engine/Transient.SKEL_PROTO_BP_AnimBlueprint_0_C:ExecuteUbergraph_PROTO_BP_AnimBlueprint_0
[2018.07.27-17.48.05:165][648]LogUObjectGlobals: Created PersistentFrame Addr=0x0000028ea7d81e00, Size=4, Default__PROTO_BP_AnimBlueprint_0_C Function /Engine/Transient.PROTO_BP_AnimBlueprint_0_C:ExecuteUbergraph_PROTO_BP_AnimBlueprint_0
[2018.07.27-17.48.12:821][816]LogSlate: FSceneViewport::OnFocusLost() reason 2
[2018.07.27-17.48.25:294][120]LogSlate: FSceneViewport::OnFocusLost() reason 0
[2018.07.27-17.48.25:392][124]AssetReimport: New page: Detailed File System Changes from 1:48:25 PM
[2018.07.27-17.48.25:428][124]AssetReimport: 'D:/SchoolProjects/VDDUNRL_TEAM2/VDDUNRL_DJMM/Content/2DSideScroller/Textures/2D_Background.png' has been created.
[2018.07.27-17.48.25:428][124]AssetReimport: 'D:/SchoolProjects/VDDUNRL_TEAM2/VDDUNRL_DJMM/Content/2DSideScroller/Textures/flare.png' has been created.
[2018.07.27-17.48.28:945][225]LogSlate: Window 'Message Log' being destroyed
[2018.07.27-17.48.28:984][225]LogSlate: Window 'Message Log' being destroyed
[2018.07.27-17.48.30:016][263]AssetReimport: New page: Outstanding source content changes 9:48:30 AM
[2018.07.27-17.48.30:047][263]LogEditorFactories: Performing atomic reimport of [D:/SchoolProjects/VDDUNRL_TEAM2/VDDUNRL_DJMM/Content/2DSideScroller/Textures/2D_Background.png]
[2018.07.27-17.48.30:048][263]LogFactory: FactoryCreateFile: Texture2D with ReimportTextureFactory (0 0 D:/SchoolProjects/VDDUNRL_TEAM2/VDDUNRL_DJMM/Content/2DSideScroller/Textures/2D_Background.png)
[2018.07.27-17.48.30:090][263]LogEditorFactories: -- imported successfully
[2018.07.27-17.48.30:640][264]LogEditorFactories: Performing atomic reimport of [D:/SchoolProjects/VDDUNRL_TEAM2/VDDUNRL_DJMM/Content/2DSideScroller/Textures/flare.png]
[2018.07.27-17.48.30:641][264]LogFactory: FactoryCreateFile: Texture2D with ReimportTextureFactory (0 0 D:/SchoolProjects/VDDUNRL_TEAM2/VDDUNRL_DJMM/Content/2DSideScroller/Textures/flare.png)
[2018.07.27-17.48.31:154][264]LogEditorFactories: -- imported successfully
[2018.07.27-17.48.31:749][265]Cmd: OBJ SAVEPACKAGE PACKAGE="/Game/2DSideScroller/Textures/2D_Background" FILE="../../../../../SchoolProjects/VDDUNRL_TEAM2/VDDUNRL_DJMM/Content/2DSideScroller/Textures/2D_Background.uasset" SILENT=true
[2018.07.27-17.48.31:896][265]LogSavePackage: Save=126.99ms
[2018.07.27-17.48.31:896][265]LogSavePackage: Moving '../../../../../SchoolProjects/VDDUNRL_TEAM2/VDDUNRL_DJMM/Saved/2D_BackgroundC4F66E2A44C976FAB95060A2E256B01E.tmp' to '../../../../../SchoolProjects/VDDUNRL_TEAM2/VDDUNRL_DJMM/Content/2DSideScroller/Textures/2D_Background.uasset'
[2018.07.27-17.48.31:898][265]LogSavePackage: Display: Finished SavePackage ../../../../../SchoolProjects/VDDUNRL_TEAM2/VDDUNRL_DJMM/Content/2DSideScroller/Textures/2D_Background.uasset
[2018.07.27-17.48.32:301][265]Cmd: OBJ SAVEPACKAGE PACKAGE="/Game/2DSideScroller/Textures/flare" FILE="../../../../../SchoolProjects/VDDUNRL_TEAM2/VDDUNRL_DJMM/Content/2DSideScroller/Textures/flare.uasset" SILENT=true
[2018.07.27-17.48.32:525][265]LogSavePackage: Save=202.11ms
[2018.07.27-17.48.32:525][265]LogSavePackage: Moving '../../../../../SchoolProjects/VDDUNRL_TEAM2/VDDUNRL_DJMM/Saved/flare8FB718694C2172DE8BF432B032CCC3E8.tmp' to '../../../../../SchoolProjects/VDDUNRL_TEAM2/VDDUNRL_DJMM/Content/2DSideScroller/Textures/flare.uasset'
[2018.07.27-17.48.32:528][265]LogSavePackage: Display: Finished SavePackage ../../../../../SchoolProjects/VDDUNRL_TEAM2/VDDUNRL_DJMM/Content/2DSideScroller/Textures/flare.uasset
[2018.07.27-17.48.33:706][289]BlueprintLog: New page: Compile BP_Platform_Move_Diagonal
[2018.07.27-17.48.33:715][289]LogUObjectGlobals: Destroyed PersistentFrame Addr=0x0000028e09f01300, Size=164
[2018.07.27-17.48.33:715][289]LogUObjectGlobals: Created PersistentFrame Addr=0x0000028e4e7bb280, Size=164, Default__BP_Platform_Move_Diagonal_C Function /Engine/Transient.REINST_BP_Platform_Move_Diagonal_C_39:ExecuteUbergraph_BP_Platform_Move_Diagonal
[2018.07.27-17.48.33:717][289]LogUObjectGlobals: Created PersistentFrame Addr=0x0000028e4e7babc0, Size=164, Default__BP_Platform_Move_Diagonal_C Function /Game/2DSideScrollerBP/Blueprints/BP_Platform_Move_Diagonal.BP_Platform_Move_Diagonal_C:ExecuteUbergraph_BP_Platform_Move_Diagonal
[2018.07.27-17.48.34:872][304]LogSavePackage: Save=59.04ms
[2018.07.27-17.48.34:872][304]LogSavePackage: Moving '../../../../../SchoolProjects/VDDUNRL_TEAM2/VDDUNRL_DJMM/Saved/BP_Platform_Move_Diagonal665F6534491162A698A2159BA88A5AE5.tmp' to '../../../../../SchoolProjects/VDDUNRL_TEAM2/VDDUNRL_DJMM/Content/2DSideScrollerBP/Blueprints/BP_Platform_Move_Diagonal.uasset'
[2018.07.27-17.48.34:872][304]LogFileManager: Warning: DeleteFile was unable to delete '../../../../../SchoolProjects/VDDUNRL_TEAM2/VDDUNRL_DJMM/Content/2DSideScrollerBP/Blueprints/BP_Platform_Move_Diagonal.uasset', retrying in .5s...
[2018.07.27-17.48.35:372][304]LogFileManager: Error: Error deleting file '../../../../../SchoolProjects/VDDUNRL_TEAM2/VDDUNRL_DJMM/Content/2DSideScrollerBP/Blueprints/BP_Platform_Move_Diagonal.uasset'.
[2018.07.27-17.48.35:372][304]LogSavePackage: Error: Error saving '../../../../../SchoolProjects/VDDUNRL_TEAM2/VDDUNRL_DJMM/Content/2DSideScrollerBP/Blueprints/BP_Platform_Move_Diagonal.uasset'
[2018.07.27-17.48.35:373][304]LogSavePackage: Display: Finished SavePackage ../../../../../SchoolProjects/VDDUNRL_TEAM2/VDDUNRL_DJMM/Content/2DSideScrollerBP/Blueprints/BP_Platform_Move_Diagonal.uasset
[2018.07.27-17.48.35:747][304]AssetReimport: Reimported asset 2D_Background from D:/SchoolProjects/VDDUNRL_TEAM2/VDDUNRL_DJMM/Content/2DSideScroller/Textures/2D_Background.png.
[2018.07.27-17.48.35:747][304]AssetReimport: Reimported asset flare from D:/SchoolProjects/VDDUNRL_TEAM2/VDDUNRL_DJMM/Content/2DSideScroller/Textures/flare.png.
[2018.07.27-17.48.43:464][304]LogSlate: Window 'Message' being destroyed
[2018.07.27-17.48.43:496][304]LogSavePackage: Save=19.36ms
[2018.07.27-17.48.43:496][304]LogSavePackage: Moving '../../../../../SchoolProjects/VDDUNRL_TEAM2/VDDUNRL_DJMM/Saved/BP_Platform_Move_Diagonal634F0E84478B4112C452EFB9217F12FB.tmp' to '../../../../../SchoolProjects/VDDUNRL_TEAM2/VDDUNRL_DJMM/Content/2DSideScrollerBP/Blueprints/BP_Platform_Move_Diagonal.uasset'
[2018.07.27-17.48.43:497][304]LogFileManager: Warning: DeleteFile was unable to delete '../../../../../SchoolProjects/VDDUNRL_TEAM2/VDDUNRL_DJMM/Content/2DSideScrollerBP/Blueprints/BP_Platform_Move_Diagonal.uasset', retrying in .5s...
[2018.07.27-17.48.43:997][304]LogFileManager: Error: Error deleting file '../../../../../SchoolProjects/VDDUNRL_TEAM2/VDDUNRL_DJMM/Content/2DSideScrollerBP/Blueprints/BP_Platform_Move_Diagonal.uasset'.
[2018.07.27-17.48.43:997][304]LogSavePackage: Error: Error saving '../../../../../SchoolProjects/VDDUNRL_TEAM2/VDDUNRL_DJMM/Content/2DSideScrollerBP/Blueprints/BP_Platform_Move_Diagonal.uasset'
[2018.07.27-17.48.43:999][304]LogSavePackage: Display: Finished SavePackage ../../../../../SchoolProjects/VDDUNRL_TEAM2/VDDUNRL_DJMM/Content/2DSideScrollerBP/Blueprints/BP_Platform_Move_Diagonal.uasset
[2018.07.27-17.48.45:115][304]LogSlate: Window 'Message' being destroyed
[2018.07.27-17.48.45:127][304]EditorErrors: New page: Save Output
[2018.07.27-17.48.45:127][304]EditorErrors: Warning: Error saving '../../../../../SchoolProjects/VDDUNRL_TEAM2/VDDUNRL_DJMM/Content/2DSideScrollerBP/Blueprints/BP_Platform_Move_Diagonal.uasset'
[2018.07.27-17.48.45:127][304]EditorErrors: Warning: Error saving '../../../../../SchoolProjects/VDDUNRL_TEAM2/VDDUNRL_DJMM/Content/2DSideScrollerBP/Blueprints/BP_Platform_Move_Diagonal.uasset'
[2018.07.27-17.48.46:769][304]LogSlate: Window 'Packages Failed To Save' being destroyed
[2018.07.27-17.48.49:308][404]LogSlate: Window 'Message Log' being destroyed
[2018.07.27-17.48.49:338][404]LogSlate: Window 'Message Log' being destroyed
[2018.07.27-17.48.51:956][455]LogSavePackage: Save=14.79ms
[2018.07.27-17.48.51:956][455]LogSavePackage: Moving '../../../../../SchoolProjects/VDDUNRL_TEAM2/VDDUNRL_DJMM/Saved/BP_Platform_Move_Diagonal7A3D0CBB452BF173BFF974835F0FCF6A.tmp' to '../../../../../SchoolProjects/VDDUNRL_TEAM2/VDDUNRL_DJMM/Content/2DSideScrollerBP/Blueprints/BP_Platform_Move_Diagonal.uasset'
[2018.07.27-17.48.51:956][455]LogFileManager: Warning: DeleteFile was unable to delete '../../../../../SchoolProjects/VDDUNRL_TEAM2/VDDUNRL_DJMM/Content/2DSideScrollerBP/Blueprints/BP_Platform_Move_Diagonal.uasset', retrying in .5s...
[2018.07.27-17.48.52:456][455]LogFileManager: Error: Error deleting file '../../../../../SchoolProjects/VDDUNRL_TEAM2/VDDUNRL_DJMM/Content/2DSideScrollerBP/Blueprints/BP_Platform_Move_Diagonal.uasset'.
[2018.07.27-17.48.52:456][455]LogSavePackage: Error: Error saving '../../../../../SchoolProjects/VDDUNRL_TEAM2/VDDUNRL_DJMM/Content/2DSideScrollerBP/Blueprints/BP_Platform_Move_Diagonal.uasset'
[2018.07.27-17.48.52:457][455]LogSavePackage: Display: Finished SavePackage ../../../../../SchoolProjects/VDDUNRL_TEAM2/VDDUNRL_DJMM/Content/2DSideScrollerBP/Blueprints/BP_Platform_Move_Diagonal.uasset
[2018.07.27-17.48.59:843][455]LogSlate: Window 'Message' being destroyed
[2018.07.27-17.48.59:923][455]LogSavePackage: Save=17.75ms
[2018.07.27-17.48.59:923][455]LogSavePackage: Moving '../../../../../SchoolProjects/VDDUNRL_TEAM2/VDDUNRL_DJMM/Saved/BP_Platform_Move_Diagonal6EAD3EFF4E6E90921561A4BE3C0F7644.tmp' to '../../../../../SchoolProjects/VDDUNRL_TEAM2/VDDUNRL_DJMM/Content/2DSideScrollerBP/Blueprints/BP_Platform_Move_Diagonal.uasset'
[2018.07.27-17.48.59:923][455]LogFileManager: Warning: DeleteFile was unable to delete '../../../../../SchoolProjects/VDDUNRL_TEAM2/VDDUNRL_DJMM/Content/2DSideScrollerBP/Blueprints/BP_Platform_Move_Diagonal.uasset', retrying in .5s...
[2018.07.27-17.49.00:424][455]LogFileManager: Error: Error deleting file '../../../../../SchoolProjects/VDDUNRL_TEAM2/VDDUNRL_DJMM/Content/2DSideScrollerBP/Blueprints/BP_Platform_Move_Diagonal.uasset'.
[2018.07.27-17.49.00:424][455]LogSavePackage: Error: Error saving '../../../../../SchoolProjects/VDDUNRL_TEAM2/VDDUNRL_DJMM/Content/2DSideScrollerBP/Blueprints/BP_Platform_Move_Diagonal.uasset'
[2018.07.27-17.49.00:425][455]LogSavePackage: Display: Finished SavePackage ../../../../../SchoolProjects/VDDUNRL_TEAM2/VDDUNRL_DJMM/Content/2DSideScrollerBP/Blueprints/BP_Platform_Move_Diagonal.uasset
[2018.07.27-17.49.01:293][455]LogSlate: Window 'Message' being destroyed
[2018.07.27-17.49.01:322][455]LogSavePackage: Save=16.08ms
[2018.07.27-17.49.01:322][455]LogSavePackage: Moving '../../../../../SchoolProjects/VDDUNRL_TEAM2/VDDUNRL_DJMM/Saved/BP_Platform_Move_Diagonal6229D4804A05C3D56FB075BFF1AB0366.tmp' to '../../../../../SchoolProjects/VDDUNRL_TEAM2/VDDUNRL_DJMM/Content/2DSideScrollerBP/Blueprints/BP_Platform_Move_Diagonal.uasset'
[2018.07.27-17.49.01:322][455]LogFileManager: Warning: DeleteFile was unable to delete '../../../../../SchoolProjects/VDDUNRL_TEAM2/VDDUNRL_DJMM/Content/2DSideScrollerBP/Blueprints/BP_Platform_Move_Diagonal.uasset', retrying in .5s...
[2018.07.27-17.49.01:823][455]LogFileManager: Error: Error deleting file '../../../../../SchoolProjects/VDDUNRL_TEAM2/VDDUNRL_DJMM/Content/2DSideScrollerBP/Blueprints/BP_Platform_Move_Diagonal.uasset'.
[2018.07.27-17.49.01:823][455]LogSavePackage: Error: Error saving '../../../../../SchoolProjects/VDDUNRL_TEAM2/VDDUNRL_DJMM/Content/2DSideScrollerBP/Blueprints/BP_Platform_Move_Diagonal.uasset'
[2018.07.27-17.49.01:826][455]LogSavePackage: Display: Finished SavePackage ../../../../../SchoolProjects/VDDUNRL_TEAM2/VDDUNRL_DJMM/Content/2DSideScrollerBP/Blueprints/BP_Platform_Move_Diagonal.uasset
[2018.07.27-17.49.02:420][455]LogSlate: Window 'Message' being destroyed
[2018.07.27-17.49.02:451][455]LogSavePackage: Save=18.77ms
[2018.07.27-17.49.02:452][455]LogSavePackage: Moving '../../../../../SchoolProjects/VDDUNRL_TEAM2/VDDUNRL_DJMM/Saved/BP_Platform_Move_Diagonal6EAA93D2472D572342DAFCA3BF9115CE.tmp' to '../../../../../SchoolProjects/VDDUNRL_TEAM2/VDDUNRL_DJMM/Content/2DSideScrollerBP/Blueprints/BP_Platform_Move_Diagonal.uasset'
[2018.07.27-17.49.02:452][455]LogFileManager: Warning: DeleteFile was unable to delete '../../../../../SchoolProjects/VDDUNRL_TEAM2/VDDUNRL_DJMM/Content/2DSideScrollerBP/Blueprints/BP_Platform_Move_Diagonal.uasset', retrying in .5s...
[2018.07.27-17.49.02:953][455]LogFileManager: Error: Error deleting file '../../../../../SchoolProjects/VDDUNRL_TEAM2/VDDUNRL_DJMM/Content/2DSideScrollerBP/Blueprints/BP_Platform_Move_Diagonal.uasset'.
[2018.07.27-17.49.02:953][455]LogSavePackage: Error: Error saving '../../../../../SchoolProjects/VDDUNRL_TEAM2/VDDUNRL_DJMM/Content/2DSideScrollerBP/Blueprints/BP_Platform_Move_Diagonal.uasset'
[2018.07.27-17.49.02:954][455]LogSavePackage: Display: Finished SavePackage ../../../../../SchoolProjects/VDDUNRL_TEAM2/VDDUNRL_DJMM/Content/2DSideScrollerBP/Blueprints/BP_Platform_Move_Diagonal.uasset
[2018.07.27-17.49.05:808][455]LogSlate: Window 'Message' being destroyed
[2018.07.27-17.49.05:842][455]EditorErrors: New page: Save Output
[2018.07.27-17.49.05:843][455]EditorErrors: Warning: Error saving '../../../../../SchoolProjects/VDDUNRL_TEAM2/VDDUNRL_DJMM/Content/2DSideScrollerBP/Blueprints/BP_Platform_Move_Diagonal.uasset'
[2018.07.27-17.49.05:843][455]EditorErrors: Warning: Error saving '../../../../../SchoolProjects/VDDUNRL_TEAM2/VDDUNRL_DJMM/Content/2DSideScrollerBP/Blueprints/BP_Platform_Move_Diagonal.uasset'
[2018.07.27-17.49.05:843][455]EditorErrors: Warning: Error saving '../../../../../SchoolProjects/VDDUNRL_TEAM2/VDDUNRL_DJMM/Content/2DSideScrollerBP/Blueprints/BP_Platform_Move_Diagonal.uasset'
[2018.07.27-17.49.05:843][455]EditorErrors: Warning: Error saving '../../../../../SchoolProjects/VDDUNRL_TEAM2/VDDUNRL_DJMM/Content/2DSideScrollerBP/Blueprints/BP_Platform_Move_Diagonal.uasset'
[2018.07.27-17.49.09:520][455]LogSlate: Window 'Packages Failed To Save' being destroyed
[2018.07.27-17.49.10:775][504]LogSlate: Window 'Message Log' being destroyed
[2018.07.27-17.49.10:802][504]LogSlate: Window 'Message Log' being destroyed
[2018.07.27-17.49.21:037][804]LogEditorViewport: Clicking on Actor (LMB): BP_Platform_Move_Diagonal_C (BP_Platform_Move_Diagonal2)
[2018.07.27-17.49.22:370][835]LogSlate: FSceneViewport::OnFocusLost() reason 0
[2018.07.27-17.49.24:641][937]LogEditorViewport: Clicking on Actor (LMB): BP_Platform_Move_Horizontal_C (BP_Platform_Move_Horizontal3)
[2018.07.27-17.49.25:898][ 10]LogEditorViewport: Clicking on Actor (LMB): BP_Platform_Move_Horizontal_C (BP_Platform_Move_Horizontal)
[2018.07.27-17.49.26:557][ 47]LogEditorViewport: Clicking on Actor (LMB): BP_Platform_Rotate_C (BP_Platform_Rotate2)
[2018.07.27-17.49.27:658][111]LogEditorViewport: Clicking on Actor (LMB): PaperSpriteActor (Ledge_26)
[2018.07.27-17.49.28:187][137]LogEditorViewport: Clicking on Actor (LMB): PaperSpriteActor (Ledge_17)
[2018.07.27-17.49.29:328][202]LogEditorViewport: Clicking on Actor (LMB): BP_Platform_Rotate_C (BP_Platform_Rotate2)
[2018.07.27-17.49.30:413][264]LogSlate: FSceneViewport::OnFocusLost() reason 0
[2018.07.27-17.49.33:059][420]LogEditorViewport: Clicking on Actor (LMB): PaperSpriteActor (Background_Sprite)
[2018.07.27-17.49.34:574][507]LogEditorViewport: Clicking on Actor (LMB): BP_Platform_Move_Horizontal_C (BP_Platform_Move_Horizontal)
[2018.07.27-17.49.38:485][655]LogSlate: FSceneViewport::OnFocusLost() reason 0
[2018.07.27-17.49.53:803][362]LogEditorViewport: Clicking on Actor (LMB): PaperSpriteActor (Background_Sprite)
[2018.07.27-17.49.54:993][397]LogEditorViewport: Clicking on Actor (LMB): PaperSpriteActor (Ledge_32)
[2018.07.27-17.49.57:169][493]LogSlate: FSceneViewport::OnFocusLost() reason 0
[2018.07.27-17.50.18:242][277]LogEditorViewport: Clicking on Actor (LMB): BP_Platform_Move_Diagonal_C (BP_Platform_Move_Diagonal2)
[2018.07.27-17.50.32:047][759]LogEditorViewport: Clicking on Actor (LMB): BP_Platform_Move_Horizontal_C (BP_Platform_Move_Horizontal3)
[2018.07.27-17.50.33:333][806]LogEditorViewport: Clicking on Actor (LMB): BP_Platform_Move_Diagonal_C (BP_Platform_Move_Diagonal2)
[2018.07.27-17.50.46:831][294]LogSlate: FSceneViewport::OnFocusLost() reason 0
[2018.07.27-17.50.48:644][396]LogUObjectGlobals: Destroyed PersistentFrame Addr=0x0000028e4e7bb280, Size=164
[2018.07.27-17.50.48:670][396]LogUObjectGlobals: Destroyed PersistentFrame Addr=0x0000028e4e862520, Size=136
[2018.07.27-17.50.48:670][396]LogUObjectGlobals: Created PersistentFrame Addr=0x0000028e6b632700, Size=136, Default__Level_00_C Function /Engine/Transient.REINST_Level_00_C_43:ExecuteUbergraph_Level_00
[2018.07.27-17.50.48:673][396]LogUObjectGlobals: Created PersistentFrame Addr=0x0000028ea7993880, Size=136, Default__Level_00_C Function /Game/2DSideScrollerBP/Maps/Level_00.Level_00_C:ExecuteUbergraph_Level_00
[2018.07.27-17.50.48:857][396]LogSavePackage: Save=206.38ms
[2018.07.27-17.50.48:857][396]LogSavePackage: Moving '../../../../../SchoolProjects/VDDUNRL_TEAM2/VDDUNRL_DJMM/Saved/Level_00EB5563314378E3D71F1F6EA09278ED7D.tmp' to '../../../../../SchoolProjects/VDDUNRL_TEAM2/VDDUNRL_DJMM/Content/2DSideScrollerBP/Maps/Level_00.umap'
[2018.07.27-17.50.48:857][396]LogFileManager: Warning: DeleteFile was unable to delete '../../../../../SchoolProjects/VDDUNRL_TEAM2/VDDUNRL_DJMM/Content/2DSideScrollerBP/Maps/Level_00.umap', retrying in .5s...
[2018.07.27-17.50.49:358][396]LogFileManager: Error: Error deleting file '../../../../../SchoolProjects/VDDUNRL_TEAM2/VDDUNRL_DJMM/Content/2DSideScrollerBP/Maps/Level_00.umap'.
[2018.07.27-17.50.49:358][396]LogSavePackage: Error: Error saving '../../../../../SchoolProjects/VDDUNRL_TEAM2/VDDUNRL_DJMM/Content/2DSideScrollerBP/Maps/Level_00.umap'
[2018.07.27-17.50.49:359][396]LogSavePackage: Display: Finished SavePackage ../../../../../SchoolProjects/VDDUNRL_TEAM2/VDDUNRL_DJMM/Content/2DSideScrollerBP/Maps/Level_00.umap
[2018.07.27-17.50.49:370][396]EditorErrors: New page: Save Output
[2018.07.27-17.50.49:370][396]EditorErrors: Warning: Error saving '../../../../../SchoolProjects/VDDUNRL_TEAM2/VDDUNRL_DJMM/Content/2DSideScrollerBP/Maps/Level_00.umap'
[2018.07.27-17.50.55:788][729]LogSlate: Window 'Message Log' being destroyed
[2018.07.27-17.50.55:796][729]LogSlate: Window 'Message Log' being destroyed
[2018.07.27-17.50.58:832][801]LogSavePackage: Save=16.53ms
[2018.07.27-17.50.58:832][801]LogSavePackage: Moving '../../../../../SchoolProjects/VDDUNRL_TEAM2/VDDUNRL_DJMM/Saved/BP_Platform_Move_DiagonalD9D70DD5496A5713B43E0CA4BA6C1849.tmp' to '../../../../../SchoolProjects/VDDUNRL_TEAM2/VDDUNRL_DJMM/Content/2DSideScrollerBP/Blueprints/BP_Platform_Move_Diagonal.uasset'
[2018.07.27-17.50.58:832][801]LogFileManager: Warning: DeleteFile was unable to delete '../../../../../SchoolProjects/VDDUNRL_TEAM2/VDDUNRL_DJMM/Content/2DSideScrollerBP/Blueprints/BP_Platform_Move_Diagonal.uasset', retrying in .5s...
[2018.07.27-17.50.59:333][801]LogFileManager: Error: Error deleting file '../../../../../SchoolProjects/VDDUNRL_TEAM2/VDDUNRL_DJMM/Content/2DSideScrollerBP/Blueprints/BP_Platform_Move_Diagonal.uasset'.
[2018.07.27-17.50.59:333][801]LogSavePackage: Error: Error saving '../../../../../SchoolProjects/VDDUNRL_TEAM2/VDDUNRL_DJMM/Content/2DSideScrollerBP/Blueprints/BP_Platform_Move_Diagonal.uasset'
[2018.07.27-17.50.59:334][801]LogSavePackage: Display: Finished SavePackage ../../../../../SchoolProjects/VDDUNRL_TEAM2/VDDUNRL_DJMM/Content/2DSideScrollerBP/Blueprints/BP_Platform_Move_Diagonal.uasset
[2018.07.27-17.51.01:260][801]LogSlate: Window 'Message' being destroyed
[2018.07.27-17.51.01:290][801]EditorErrors: New page: Save Output
[2018.07.27-17.51.01:290][801]EditorErrors: Warning: Error saving '../../../../../SchoolProjects/VDDUNRL_TEAM2/VDDUNRL_DJMM/Content/2DSideScrollerBP/Blueprints/BP_Platform_Move_Diagonal.uasset'
[2018.07.27-17.51.06:354][956]LogSlate: Window 'Message Log' being destroyed
[2018.07.27-17.51.06:384][956]LogSlate: Window 'Message Log' being destroyed
[2018.07.27-17.51.18:061][147]LogSlate: Window 'BP_Platform_Move_Diagonal*' being destroyed
[2018.07.27-17.51.18:066][147]LogSlate: Window 'BP_Platform_Move_Diagonal*' being destroyed
[2018.07.27-17.51.25:617][333]LogUObjectGlobals: Destroyed PersistentFrame Addr=0x0000028e6b632700, Size=136
[2018.07.27-17.51.25:650][333]LogUObjectGlobals: Destroyed PersistentFrame Addr=0x0000028ea7993880, Size=136
[2018.07.27-17.51.25:650][333]LogUObjectGlobals: Created PersistentFrame Addr=0x0000028e6b631d00, Size=136, Default__Level_00_C Function /Engine/Transient.REINST_Level_00_C_47:ExecuteUbergraph_Level_00
[2018.07.27-17.51.25:655][333]LogUObjectGlobals: Created PersistentFrame Addr=0x0000028e0bc4eac0, Size=136, Default__Level_00_C Function /Game/2DSideScrollerBP/Maps/Level_00.Level_00_C:ExecuteUbergraph_Level_00
[2018.07.27-17.51.25:859][333]LogSavePackage: Save=228.48ms
[2018.07.27-17.51.25:859][333]LogSavePackage: Moving '../../../../../SchoolProjects/VDDUNRL_TEAM2/VDDUNRL_DJMM/Saved/Level_0001D227994D8C5194D1E9E995CF1B011D.tmp' to '../../../../../SchoolProjects/VDDUNRL_TEAM2/VDDUNRL_DJMM/Content/2DSideScrollerBP/Maps/Level_00.umap'
[2018.07.27-17.51.25:861][333]LogSavePackage: Display: Finished SavePackage ../../../../../SchoolProjects/VDDUNRL_TEAM2/VDDUNRL_DJMM/Content/2DSideScrollerBP/Maps/Level_00.umap
[2018.07.27-17.51.31:570][467]LogSavePackage: Save=15.79ms
[2018.07.27-17.51.31:570][467]LogSavePackage: Moving '../../../../../SchoolProjects/VDDUNRL_TEAM2/VDDUNRL_DJMM/Saved/BP_Platform_Move_DiagonalA68142C44BC525A24DAAEF8C4097D1F0.tmp' to '../../../../../SchoolProjects/VDDUNRL_TEAM2/VDDUNRL_DJMM/Content/2DSideScrollerBP/Blueprints/BP_Platform_Move_Diagonal.uasset'
[2018.07.27-17.51.31:572][467]LogSavePackage: Display: Finished SavePackage ../../../../../SchoolProjects/VDDUNRL_TEAM2/VDDUNRL_DJMM/Content/2DSideScrollerBP/Blueprints/BP_Platform_Move_Diagonal.uasset
[2018.07.27-17.51.37:722][607]LogSlate: Window 'BP_Platform_Move_Diagonal' being destroyed
[2018.07.27-17.51.37:744][607]LogSlate: Window 'BP_Platform_Move_Diagonal' being destroyed
[2018.07.27-17.51.46:682][853]LogSlate: FSceneViewport::OnFocusLost() reason 0
[2018.07.27-17.53.01:428][822]LogSlate: FSceneViewport::OnFocusLost() reason 2
